ID	True Class	Pred Class	Confidence	Abs Value
E-BAIR-10	no	no	-0.881	 0.881
E-BAIR-13	no	no	-0.170	 0.170
E-BAIR-7	no	no	-0.911	 0.911
E-CBIL-15	no	no	-0.817	 0.817
E-CBIL-18	no	no	-0.510	 0.510
E-CBIL-19	no	yes	 0.049	 0.049
E-CBIL-24	no	no	-0.442	 0.442
E-CBIL-26	no	no	-0.393	 0.393
E-CBIL-29	no	no	-0.715	 0.715
E-ERAD-111	no	no	-0.472	 0.472
E-ERAD-136	no	no	-0.913	 0.913
E-ERAD-160	no	no	-0.048	 0.048
E-ERAD-165	no	no	-1.763	 1.763
E-ERAD-186	no	no	-0.952	 0.952
E-ERAD-188	no	no	-0.431	 0.431
E-ERAD-201	no	no	-0.823	 0.823
E-ERAD-202	no	no	-0.686	 0.686
E-ERAD-221	no	no	-1.042	 1.042
E-ERAD-230	no	no	-0.152	 0.152
E-ERAD-234	no	no	-1.413	 1.413
E-ERAD-240	no	no	-0.480	 0.480
E-ERAD-245	no	yes	 0.223	 0.223
E-ERAD-279	no	no	-0.578	 0.578
E-ERAD-285	no	no	-0.990	 0.990
E-ERAD-287	no	no	-1.385	 1.385
E-ERAD-289	no	no	-0.835	 0.835
E-ERAD-290	no	no	-0.439	 0.439
E-ERAD-295	no	no	-0.439	 0.439
E-ERAD-304	no	no	-0.240	 0.240
E-ERAD-307	no	no	-0.492	 0.492
E-ERAD-311	no	no	-1.190	 1.190
E-ERAD-321	no	yes	 0.089	 0.089
E-ERAD-325	no	no	-0.405	 0.405
E-ERAD-329	no	no	-1.070	 1.070
E-ERAD-354	no	no	-1.017	 1.017
E-ERAD-357	no	no	-0.285	 0.285
E-ERAD-379	no	yes	 0.038	 0.038
E-ERAD-394	no	no	-0.750	 0.750
E-ERAD-402	no	yes	 0.879	 0.879
E-ERAD-411	no	no	-0.618	 0.618
E-ERAD-412	no	yes	 0.165	 0.165
E-ERAD-429	no	no	-1.468	 1.468
E-ERAD-436	no	no	-0.209	 0.209
E-ERAD-445	no	no	-0.896	 0.896
E-ERAD-447	no	no	-0.450	 0.450
E-ERAD-450	no	no	-1.202	 1.202
E-ERAD-467	no	no	-0.882	 0.882
E-ERAD-610	no	no	-0.752	 0.752
E-ERAD-89	no	no	-0.898	 0.898
E-GEOD-10001	no	yes	 0.066	 0.066
E-GEOD-10002	no	yes	 0.226	 0.226
E-GEOD-10010	no	no	-1.281	 1.281
E-GEOD-10017	no	yes	 0.071	 0.071
E-GEOD-10081	no	yes	 0.728	 0.728
E-GEOD-1011	no	no	-1.126	 1.126
E-GEOD-10214	no	no	-1.447	 1.447
E-GEOD-10343	no	no	-0.950	 0.950
E-GEOD-1049	no	no	-0.078	 0.078
E-GEOD-1052	no	no	-0.078	 0.078
E-GEOD-10525	no	no	-0.867	 0.867
E-GEOD-10528	no	yes	 0.247	 0.247
E-GEOD-10534	no	no	-0.736	 0.736
E-GEOD-10555	no	yes	 0.718	 0.718
E-GEOD-10640	no	no	-0.945	 0.945
E-GEOD-10652	no	no	-0.336	 0.336
E-GEOD-10658	no	yes	 0.248	 0.248
E-GEOD-10659	no	yes	 1.160	 1.160
E-GEOD-10682	no	no	-0.737	 0.737
E-GEOD-10684	no	no	-0.852	 0.852
E-GEOD-10736	no	yes	 0.451	 0.451
E-GEOD-10769	no	no	-0.014	 0.014
E-GEOD-10772	no	no	-0.847	 0.847
E-GEOD-10776	no	yes	 0.042	 0.042
E-GEOD-10796	no	no	-0.263	 0.263
E-GEOD-10865	no	no	-0.358	 0.358
E-GEOD-10912	no	no	-1.913	 1.913
E-GEOD-10915	no	no	-0.320	 0.320
E-GEOD-11018	no	no	-0.273	 0.273
E-GEOD-11065	no	yes	 0.029	 0.029
E-GEOD-11112	no	no	-0.886	 0.886
E-GEOD-11139	no	no	-0.054	 0.054
E-GEOD-11161	no	no	-0.936	 0.936
E-GEOD-11202	no	no	-1.317	 1.317
E-GEOD-11206	no	no	-0.799	 0.799
E-GEOD-11210	no	no	-1.556	 1.556
E-GEOD-11211	no	no	-0.737	 0.737
E-GEOD-11221	no	no	-0.102	 0.102
E-GEOD-11229	no	no	-0.026	 0.026
E-GEOD-11232	no	no	-0.996	 0.996
E-GEOD-11253	no	no	-0.390	 0.390
E-GEOD-11257	no	no	-0.343	 0.343
E-GEOD-11319	no	no	-0.321	 0.321
E-GEOD-11338	no	yes	 0.040	 0.040
E-GEOD-11358	no	yes	 0.057	 0.057
E-GEOD-11400	no	yes	 0.866	 0.866
E-GEOD-11420	no	no	-1.020	 1.020
E-GEOD-1143	no	no	-0.475	 0.475
E-GEOD-11664	no	no	-0.138	 0.138
E-GEOD-11674	no	no	-0.306	 0.306
E-GEOD-11680	no	yes	 0.520	 0.520
E-GEOD-11687	no	yes	 0.142	 0.142
E-GEOD-11726	no	no	-0.057	 0.057
E-GEOD-11777	no	no	-0.129	 0.129
E-GEOD-11789	no	yes	 0.529	 0.529
E-GEOD-11845	no	no	-0.924	 0.924
E-GEOD-11862	no	no	-0.635	 0.635
E-GEOD-11891	no	no	-0.808	 0.808
E-GEOD-11933	no	no	-0.294	 0.294
E-GEOD-11963	no	no	-0.417	 0.417
E-GEOD-11999	no	no	-0.211	 0.211
E-GEOD-12025	no	no	-0.409	 0.409
E-GEOD-12036	no	no	-0.514	 0.514
E-GEOD-12067	no	no	-1.082	 1.082
E-GEOD-12077	no	yes	 0.025	 0.025
E-GEOD-12117	no	yes	 0.579	 0.579
E-GEOD-12275	no	no	-0.311	 0.311
E-GEOD-12284	no	no	-0.524	 0.524
E-GEOD-12333	no	no	-1.410	 1.410
E-GEOD-12387	no	no	-1.642	 1.642
E-GEOD-12409	no	no	-0.832	 0.832
E-GEOD-12420	no	yes	 0.202	 0.202
E-GEOD-12437	no	no	-0.854	 0.854
E-GEOD-12441	no	no	-0.201	 0.201
E-GEOD-12489	no	no	-0.674	 0.674
E-GEOD-12498	no	yes	 0.168	 0.168
E-GEOD-12576	no	no	-0.796	 0.796
E-GEOD-12601	no	no	-0.311	 0.311
E-GEOD-12707	no	yes	 0.573	 0.573
E-GEOD-12723	no	yes	 0.225	 0.225
E-GEOD-12798	no	no	-0.035	 0.035
E-GEOD-12802	no	no	-0.571	 0.571
E-GEOD-1283	no	no	-0.249	 0.249
E-GEOD-12908	no	no	-0.715	 0.715
E-GEOD-12985	no	no	-0.662	 0.662
E-GEOD-12986	no	no	-1.359	 1.359
E-GEOD-13010	no	yes	 0.285	 0.285
E-GEOD-13040	no	yes	 0.068	 0.068
E-GEOD-13064	no	no	-0.089	 0.089
E-GEOD-13074	no	yes	 0.136	 0.136
E-GEOD-13104	no	no	-0.232	 0.232
E-GEOD-13130	no	no	-0.722	 0.722
E-GEOD-13143	no	no	-0.359	 0.359
E-GEOD-13265	no	no	-0.382	 0.382
E-GEOD-13298	no	no	-0.491	 0.491
E-GEOD-13302	no	no	-0.828	 0.828
E-GEOD-13312	no	no	-0.801	 0.801
E-GEOD-13347	no	no	-1.086	 1.086
E-GEOD-13363	no	yes	 0.061	 0.061
E-GEOD-13384	no	no	-1.113	 1.113
E-GEOD-13408	no	no	-0.214	 0.214
E-GEOD-13432	no	no	-0.037	 0.037
E-GEOD-13443	no	no	-0.943	 0.943
E-GEOD-13493	no	no	-1.179	 1.179
E-GEOD-13547	no	no	-0.522	 0.522
E-GEOD-13553	no	no	-1.149	 1.149
E-GEOD-13626	no	no	-0.377	 0.377
E-GEOD-13681	no	no	-0.775	 0.775
E-GEOD-13752	no	yes	 0.196	 0.196
E-GEOD-13867	no	yes	 0.622	 0.622
E-GEOD-13874	no	no	-0.574	 0.574
E-GEOD-13908	no	yes	 0.426	 0.426
E-GEOD-1419	no	no	-0.515	 0.515
E-GEOD-14221	no	yes	 0.002	 0.002
E-GEOD-14249	no	no	-0.803	 0.803
E-GEOD-1435	no	yes	 0.235	 0.235
E-GEOD-1436	no	no	-0.846	 0.846
E-GEOD-1437	no	no	-1.737	 1.737
E-GEOD-14387	no	no	-0.267	 0.267
E-GEOD-14391	no	no	-0.915	 0.915
E-GEOD-14424	no	no	-0.335	 0.335
E-GEOD-14561	no	no	-0.687	 0.687
E-GEOD-14594	no	no	-0.407	 0.407
E-GEOD-14672	no	no	-0.455	 0.455
E-GEOD-14687	no	no	-0.185	 0.185
E-GEOD-14727	no	no	-0.692	 0.692
E-GEOD-14810	no	yes	 0.043	 0.043
E-GEOD-1482	no	yes	 0.419	 0.419
E-GEOD-14833	no	no	-0.845	 0.845
E-GEOD-14920	no	no	-0.927	 0.927
E-GEOD-14984	no	yes	 0.791	 0.791
E-GEOD-15003	no	no	-0.587	 0.587
E-GEOD-1501	no	no	-1.318	 1.318
E-GEOD-15077	no	yes	 0.191	 0.191
E-GEOD-15119	no	no	-0.915	 0.915
E-GEOD-15232	no	no	-0.847	 0.847
E-GEOD-15267	no	no	-2.035	 2.035
E-GEOD-15303	no	no	-0.541	 0.541
E-GEOD-15489	no	yes	 0.069	 0.069
E-GEOD-1555	no	no	-0.982	 0.982
E-GEOD-15574	no	yes	 0.707	 0.707
E-GEOD-1559	no	no	-0.999	 0.999
E-GEOD-15611	no	yes	 0.767	 0.767
E-GEOD-15632	no	no	-0.416	 0.416
E-GEOD-1566	no	yes	 0.103	 0.103
E-GEOD-15715	no	no	-0.302	 0.302
E-GEOD-15729	no	yes	 0.175	 0.175
E-GEOD-15761	no	no	-0.837	 0.837
E-GEOD-15840	no	no	-1.837	 1.837
E-GEOD-15871	no	no	-1.014	 1.014
E-GEOD-1588	no	no	-1.376	 1.376
E-GEOD-15894	no	no	-0.924	 0.924
E-GEOD-15902	no	no	-0.659	 0.659
E-GEOD-15940	no	no	-0.443	 0.443
E-GEOD-15999	no	no	-1.107	 1.107
E-GEOD-1606	no	yes	 0.484	 0.484
E-GEOD-16263	no	no	-0.530	 0.530
E-GEOD-16360	no	yes	 0.082	 0.082
E-GEOD-16529	no	no	-0.546	 0.546
E-GEOD-16660	no	no	-0.270	 0.270
E-GEOD-16691	no	yes	 0.293	 0.293
E-GEOD-1674	no	yes	 0.500	 0.500
E-GEOD-16846	no	no	-1.081	 1.081
E-GEOD-16909	no	no	-0.297	 0.297
E-GEOD-16966	no	no	-0.398	 0.398
E-GEOD-17110	no	no	-1.209	 1.209
E-GEOD-17138	no	no	-1.280	 1.280
E-GEOD-17142	no	no	-0.776	 0.776
E-GEOD-17143	no	no	-1.047	 1.047
E-GEOD-17145	no	no	-1.029	 1.029
E-GEOD-17161	no	yes	 0.558	 0.558
E-GEOD-17331	no	no	-1.045	 1.045
E-GEOD-17345	no	no	-0.383	 0.383
E-GEOD-17355	no	no	-0.530	 0.530
E-GEOD-17363	no	no	-0.322	 0.322
E-GEOD-17366	no	no	-0.221	 0.221
E-GEOD-17373	no	yes	 0.044	 0.044
E-GEOD-17383	no	no	-1.162	 1.162
E-GEOD-17432	no	yes	 0.066	 0.066
E-GEOD-17438	no	yes	 0.281	 0.281
E-GEOD-17509	no	no	-0.448	 0.448
E-GEOD-17511	no	no	-0.543	 0.543
E-GEOD-17550	no	no	-0.455	 0.455
E-GEOD-17553	no	no	-0.238	 0.238
E-GEOD-17592	no	no	-0.819	 0.819
E-GEOD-17603	no	no	-0.313	 0.313
E-GEOD-17613	no	no	-0.814	 0.814
E-GEOD-17696	no	no	-1.816	 1.816
E-GEOD-17702	no	no	-0.250	 0.250
E-GEOD-17783	no	no	-0.235	 0.235
E-GEOD-17795	no	no	-0.210	 0.210
E-GEOD-17810	no	no	-0.110	 0.110
E-GEOD-17825	no	yes	 0.730	 0.730
E-GEOD-17844	no	yes	 0.142	 0.142
E-GEOD-17933	no	no	-1.637	 1.637
E-GEOD-17936	no	yes	 1.036	 1.036
E-GEOD-17994	no	no	-1.086	 1.086
E-GEOD-18119	no	yes	 0.194	 0.194
E-GEOD-18127	no	yes	 0.180	 0.180
E-GEOD-18135	no	yes	 0.068	 0.068
E-GEOD-18218	no	yes	 0.157	 0.157
E-GEOD-18224	no	no	-0.023	 0.023
E-GEOD-18261	no	yes	 0.278	 0.278
E-GEOD-18267	no	yes	 0.401	 0.401
E-GEOD-1829	no	no	-0.545	 0.545
E-GEOD-18293	no	no	-0.947	 0.947
E-GEOD-18295	no	no	-1.645	 1.645
E-GEOD-18322	no	no	-0.686	 0.686
E-GEOD-18330	no	no	-1.151	 1.151
E-GEOD-18344	no	no	-2.048	 2.048
E-GEOD-1835	no	no	-0.192	 0.192
E-GEOD-18443	no	no	-0.446	 0.446
E-GEOD-18519	no	no	-0.158	 0.158
E-GEOD-18551	no	no	-0.103	 0.103
E-GEOD-18587	no	no	-0.452	 0.452
E-GEOD-1873	no	no	-1.090	 1.090
E-GEOD-18785	no	no	-0.637	 0.637
E-GEOD-18789	no	no	-1.416	 1.416
E-GEOD-18800	no	no	-0.229	 0.229
E-GEOD-18937	no	yes	 0.587	 0.587
E-GEOD-18957	no	no	-1.291	 1.291
E-GEOD-18991	no	yes	 0.265	 0.265
E-GEOD-18992	no	yes	 0.265	 0.265
E-GEOD-19004	no	no	-0.108	 0.108
E-GEOD-19073	no	no	-0.434	 0.434
E-GEOD-19104	no	no	-0.107	 0.107
E-GEOD-19110	no	no	-0.096	 0.096
E-GEOD-19184	no	no	-0.644	 0.644
E-GEOD-1920	no	yes	 0.766	 0.766
E-GEOD-19207	no	no	-0.566	 0.566
E-GEOD-19286	no	no	-1.006	 1.006
E-GEOD-19299	no	yes	 0.274	 0.274
E-GEOD-19306	no	no	-0.083	 0.083
E-GEOD-19309	no	yes	 0.772	 0.772
E-GEOD-19372	no	no	-1.116	 1.116
E-GEOD-19474	no	no	-0.618	 0.618
E-GEOD-19517	no	yes	 0.330	 0.330
E-GEOD-19624	no	yes	 0.213	 0.213
E-GEOD-19684	no	no	-1.092	 1.092
E-GEOD-19695	no	no	-0.304	 0.304
E-GEOD-19705	no	no	-0.827	 0.827
E-GEOD-19732	no	no	-1.369	 1.369
E-GEOD-1980	no	no	-0.396	 0.396
E-GEOD-19836	no	no	-1.636	 1.636
E-GEOD-1984	no	no	-1.009	 1.009
E-GEOD-19967	no	no	-0.196	 0.196
E-GEOD-1998	no	no	-0.252	 0.252
E-GEOD-1999	no	no	-1.533	 1.533
E-GEOD-19991	no	no	-0.792	 0.792
E-GEOD-19997	no	no	-0.508	 0.508
E-GEOD-2005	no	no	-0.132	 0.132
E-GEOD-20052	no	no	-0.993	 0.993
E-GEOD-20084	no	yes	 0.051	 0.051
E-GEOD-20152	no	no	-0.705	 0.705
E-GEOD-20157	no	no	-0.499	 0.499
E-GEOD-20270	no	no	-0.404	 0.404
E-GEOD-20280	no	yes	 0.015	 0.015
E-GEOD-20316	no	no	-0.293	 0.293
E-GEOD-20335	no	no	-0.699	 0.699
E-GEOD-2039	no	no	-0.685	 0.685
E-GEOD-20465	no	no	-0.130	 0.130
E-GEOD-20466	no	no	-0.150	 0.150
E-GEOD-20513	no	no	-0.050	 0.050
E-GEOD-20514	no	no	-0.005	 0.005
E-GEOD-20547	no	yes	 0.137	 0.137
E-GEOD-20577	no	no	-0.441	 0.441
E-GEOD-20636	no	yes	 0.147	 0.147
E-GEOD-20646	no	no	-0.103	 0.103
E-GEOD-20687	no	no	-1.403	 1.403
E-GEOD-20693	no	no	-0.572	 0.572
E-GEOD-20740	no	no	-0.031	 0.031
E-GEOD-20841	no	no	-1.160	 1.160
E-GEOD-20846	no	no	-0.117	 0.117
E-GEOD-20878	no	no	-0.765	 0.765
E-GEOD-20969	no	yes	 0.530	 0.530
E-GEOD-20987	no	no	-1.382	 1.382
E-GEOD-21003	no	no	-0.538	 0.538
E-GEOD-21042	no	no	-0.401	 0.401
E-GEOD-21065	no	no	-0.426	 0.426
E-GEOD-21069	no	no	-1.569	 1.569
E-GEOD-21117	no	no	-1.242	 1.242
E-GEOD-21149	no	no	-1.429	 1.429
E-GEOD-21226	no	no	-0.054	 0.054
E-GEOD-21233	no	no	-1.120	 1.120
E-GEOD-21237	no	no	-0.559	 0.559
E-GEOD-21309	no	no	-0.479	 0.479
E-GEOD-21379	no	no	-0.416	 0.416
E-GEOD-21392	no	no	-0.366	 0.366
E-GEOD-21419	no	yes	 0.225	 0.225
E-GEOD-21431	no	yes	 0.105	 0.105
E-GEOD-21447	no	yes	 0.175	 0.175
E-GEOD-21463	no	no	-0.632	 0.632
E-GEOD-21475	no	no	-0.363	 0.363
E-GEOD-21507	no	no	-1.172	 1.172
E-GEOD-21512	no	no	-0.820	 0.820
E-GEOD-2154	no	no	-0.679	 0.679
E-GEOD-21558	no	no	-0.847	 0.847
E-GEOD-21559	no	no	-1.696	 1.696
E-GEOD-21562	no	no	-1.371	 1.371
E-GEOD-21576	no	no	-0.797	 0.797
E-GEOD-21584	no	no	-1.192	 1.192
E-GEOD-21609	no	no	-0.383	 0.383
E-GEOD-21636	no	no	-1.453	 1.453
E-GEOD-21687	no	no	-0.373	 0.373
E-GEOD-21700	no	no	-1.231	 1.231
E-GEOD-21710	no	yes	 0.239	 0.239
E-GEOD-21757	no	no	-1.443	 1.443
E-GEOD-21797	no	yes	 0.060	 0.060
E-GEOD-21902	no	no	-0.885	 0.885
E-GEOD-2192	no	no	-1.106	 1.106
E-GEOD-21949	no	no	-1.323	 1.323
E-GEOD-21975	no	no	-0.015	 0.015
E-GEOD-21993	no	yes	 0.163	 0.163
E-GEOD-22039	no	no	-0.522	 0.522
E-GEOD-2205	no	yes	 0.392	 0.392
E-GEOD-22086	no	no	-0.476	 0.476
E-GEOD-22113	no	no	-0.687	 0.687
E-GEOD-2229	no	no	-0.520	 0.520
E-GEOD-22322	no	yes	 0.186	 0.186
E-GEOD-22351	no	yes	 0.350	 0.350
E-GEOD-22418	no	yes	 0.687	 0.687
E-GEOD-22465	no	no	-1.081	 1.081
E-GEOD-22506	no	yes	 0.177	 0.177
E-GEOD-2252	no	yes	 0.245	 0.245
E-GEOD-22561	no	no	-1.557	 1.557
E-GEOD-22645	no	yes	 0.451	 0.451
E-GEOD-2271	no	yes	 0.193	 0.193
E-GEOD-22760	no	no	-0.491	 0.491
E-GEOD-22813	no	no	-1.068	 1.068
E-GEOD-22871	no	no	-0.562	 0.562
E-GEOD-22927	no	no	-0.468	 0.468
E-GEOD-22946	no	no	-0.688	 0.688
E-GEOD-22996	no	no	-1.410	 1.410
E-GEOD-23006	no	yes	 0.500	 0.500
E-GEOD-23008	no	yes	 0.035	 0.035
E-GEOD-23105	no	no	-0.117	 0.117
E-GEOD-23116	no	no	-0.209	 0.209
E-GEOD-23119	no	no	-0.703	 0.703
E-GEOD-23178	no	no	-0.687	 0.687
E-GEOD-23182	no	no	-0.967	 0.967
E-GEOD-23294	no	no	-0.116	 0.116
E-GEOD-23317	no	no	-0.659	 0.659
E-GEOD-23325	no	no	-0.455	 0.455
E-GEOD-23364	no	yes	 0.063	 0.063
E-GEOD-23398	no	yes	 0.300	 0.300
E-GEOD-23421	no	no	-0.658	 0.658
E-GEOD-23570	no	no	-1.648	 1.648
E-GEOD-23579	no	no	-1.024	 1.024
E-GEOD-2368	no	no	-0.077	 0.077
E-GEOD-23680	no	no	-0.484	 0.484
E-GEOD-23710	no	no	-0.158	 0.158
E-GEOD-23714	no	no	-1.626	 1.626
E-GEOD-23745	no	yes	 0.310	 0.310
E-GEOD-23783	no	no	-0.976	 0.976
E-GEOD-23845	no	yes	 0.953	 0.953
E-GEOD-23914	no	no	-0.831	 0.831
E-GEOD-2392	no	no	-0.421	 0.421
E-GEOD-23938	no	no	-0.380	 0.380
E-GEOD-23969	no	no	-0.293	 0.293
E-GEOD-24086	no	no	-0.183	 0.183
E-GEOD-24088	no	no	-1.312	 1.312
E-GEOD-24127	no	no	-0.112	 0.112
E-GEOD-24142	no	no	-0.233	 0.233
E-GEOD-24190	no	yes	 0.921	 0.921
E-GEOD-24209	no	no	-0.677	 0.677
E-GEOD-24219	no	no	-0.472	 0.472
E-GEOD-24330	no	no	-0.755	 0.755
E-GEOD-24372	no	no	-0.078	 0.078
E-GEOD-24454	no	no	-0.802	 0.802
E-GEOD-2446	no	no	-0.137	 0.137
E-GEOD-24492	no	no	-0.703	 0.703
E-GEOD-24567	no	no	-0.293	 0.293
E-GEOD-24573	no	no	-0.070	 0.070
E-GEOD-24575	no	no	-0.119	 0.119
E-GEOD-24576	no	no	-0.137	 0.137
E-GEOD-24628	no	yes	 0.058	 0.058
E-GEOD-24633	no	yes	 0.947	 0.947
E-GEOD-24691	no	yes	 0.184	 0.184
E-GEOD-24765	no	no	-1.281	 1.281
E-GEOD-24776	no	no	-1.378	 1.378
E-GEOD-24819	no	no	-0.748	 0.748
E-GEOD-24828	no	no	-0.284	 0.284
E-GEOD-24829	no	no	-1.095	 1.095
E-GEOD-24894	no	no	-0.610	 0.610
E-GEOD-24928	no	yes	 0.039	 0.039
E-GEOD-24972	no	no	-0.451	 0.451
E-GEOD-25006	no	yes	 0.047	 0.047
E-GEOD-25013	no	no	-0.440	 0.440
E-GEOD-25029	no	no	-0.345	 0.345
E-GEOD-25072	no	no	-0.109	 0.109
E-GEOD-25074	no	no	-0.908	 0.908
E-GEOD-25100	no	no	-0.476	 0.476
E-GEOD-25182	no	no	-0.421	 0.421
E-GEOD-25222	no	yes	 0.467	 0.467
E-GEOD-25232	no	no	-0.520	 0.520
E-GEOD-25256	no	no	-0.631	 0.631
E-GEOD-25403	no	no	-0.665	 0.665
E-GEOD-25450	no	no	-0.666	 0.666
E-GEOD-25461	no	no	-0.657	 0.657
E-GEOD-25469	no	no	-1.070	 1.070
E-GEOD-25502	no	no	-0.506	 0.506
E-GEOD-25506	no	yes	 0.257	 0.257
E-GEOD-25529	no	no	-0.783	 0.783
E-GEOD-2556	no	yes	 0.275	 0.275
E-GEOD-25574	no	no	-0.080	 0.080
E-GEOD-2558	no	no	-1.750	 1.750
E-GEOD-25583	no	no	-0.582	 0.582
E-GEOD-25610	no	no	-0.311	 0.311
E-GEOD-25675	no	yes	 0.729	 0.729
E-GEOD-25763	no	no	-0.486	 0.486
E-GEOD-25816	no	yes	 0.087	 0.087
E-GEOD-25874	no	yes	 0.220	 0.220
E-GEOD-25896	no	no	-0.745	 0.745
E-GEOD-25897	no	no	-0.700	 0.700
E-GEOD-25908	no	no	-0.951	 0.951
E-GEOD-25937	no	no	-0.085	 0.085
E-GEOD-25972	no	no	-0.981	 0.981
E-GEOD-26009	no	no	-0.240	 0.240
E-GEOD-26025	no	no	-0.658	 0.658
E-GEOD-26029	no	no	-1.002	 1.002
E-GEOD-26064	no	yes	 0.443	 0.443
E-GEOD-26090	no	yes	 0.110	 0.110
E-GEOD-26231	no	no	-1.097	 1.097
E-GEOD-26267	no	yes	 0.366	 0.366
E-GEOD-26390	no	no	-0.725	 0.725
E-GEOD-26430	no	no	-1.191	 1.191
E-GEOD-26473	no	no	-1.675	 1.675
E-GEOD-26490	no	no	-1.698	 1.698
E-GEOD-26502	no	yes	 0.455	 0.455
E-GEOD-26509	no	no	-0.901	 0.901
E-GEOD-26520	no	no	-1.530	 1.530
E-GEOD-26562	no	no	-1.013	 1.013
E-GEOD-26644	no	no	-1.140	 1.140
E-GEOD-26681	no	yes	 0.454	 0.454
E-GEOD-26764	no	no	-0.122	 0.122
E-GEOD-26766	no	no	-0.724	 0.724
E-GEOD-26788	no	yes	 0.479	 0.479
E-GEOD-26830	no	no	-1.337	 1.337
E-GEOD-2684	no	no	-1.107	 1.107
E-GEOD-26850	no	no	-0.260	 0.260
E-GEOD-26900	no	no	-1.534	 1.534
E-GEOD-26913	no	no	-0.632	 0.632
E-GEOD-26986	no	no	-0.978	 0.978
E-GEOD-27017	no	no	-0.849	 0.849
E-GEOD-27037	no	no	-0.564	 0.564
E-GEOD-27049	no	yes	 0.077	 0.077
E-GEOD-27053	no	no	-0.812	 0.812
E-GEOD-27083	no	no	-1.093	 1.093
E-GEOD-272	no	yes	 0.602	 0.602
E-GEOD-27201	no	yes	 0.368	 0.368
E-GEOD-27245	no	no	-1.379	 1.379
E-GEOD-27294	no	yes	 0.042	 0.042
E-GEOD-273	no	yes	 0.092	 0.092
E-GEOD-27302	no	no	-0.834	 0.834
E-GEOD-27351	no	no	-0.297	 0.297
E-GEOD-27359	no	no	-0.298	 0.298
E-GEOD-2736	no	yes	 0.492	 0.492
E-GEOD-27373	no	yes	 0.695	 0.695
E-GEOD-27395	no	yes	 0.029	 0.029
E-GEOD-27402	no	no	-0.543	 0.543
E-GEOD-27429	no	no	-0.133	 0.133
E-GEOD-27516	no	no	-1.084	 1.084
E-GEOD-27577	no	no	-0.496	 0.496
E-GEOD-27592	no	no	-0.171	 0.171
E-GEOD-27672	no	no	-0.623	 0.623
E-GEOD-2773	no	no	-0.122	 0.122
E-GEOD-27811	no	no	-0.297	 0.297
E-GEOD-27904	no	no	-0.349	 0.349
E-GEOD-27920	no	no	-0.624	 0.624
E-GEOD-27933	no	yes	 0.728	 0.728
E-GEOD-27983	no	no	-1.124	 1.124
E-GEOD-28021	no	no	-1.532	 1.532
E-GEOD-28083	no	no	-0.571	 0.571
E-GEOD-2812	no	no	-0.905	 0.905
E-GEOD-28122	no	no	-0.817	 0.817
E-GEOD-28168	no	no	-0.393	 0.393
E-GEOD-28226	no	no	-0.280	 0.280
E-GEOD-28277	no	yes	 0.693	 0.693
E-GEOD-28411	no	no	-0.618	 0.618
E-GEOD-28457	no	no	-1.244	 1.244
E-GEOD-28477	no	no	-0.682	 0.682
E-GEOD-28516	no	no	-0.908	 0.908
E-GEOD-28532	no	yes	 0.013	 0.013
E-GEOD-28575	no	yes	 0.675	 0.675
E-GEOD-28643	no	yes	 0.192	 0.192
E-GEOD-28666	no	yes	 0.189	 0.189
E-GEOD-28670	no	yes	 1.048	 1.048
E-GEOD-28692	no	no	-1.059	 1.059
E-GEOD-28790	no	yes	 0.977	 0.977
E-GEOD-28811	no	no	-0.955	 0.955
E-GEOD-2882	no	yes	 0.087	 0.087
E-GEOD-28834	no	no	-0.380	 0.380
E-GEOD-28895	no	yes	 0.384	 0.384
E-GEOD-28920	no	no	-0.556	 0.556
E-GEOD-28931	no	yes	 0.136	 0.136
E-GEOD-28932	no	no	-0.700	 0.700
E-GEOD-29045	no	no	-0.002	 0.002
E-GEOD-29096	no	no	-0.093	 0.093
E-GEOD-29112	no	no	-1.046	 1.046
E-GEOD-29261	no	no	-0.371	 0.371
E-GEOD-29300	no	no	-0.633	 0.633
E-GEOD-29314	no	yes	 0.221	 0.221
E-GEOD-29317	no	no	-1.166	 1.166
E-GEOD-29318	no	no	-1.182	 1.182
E-GEOD-29502	no	yes	 0.547	 0.547
E-GEOD-29546	no	no	-0.293	 0.293
E-GEOD-29594	no	yes	 0.410	 0.410
E-GEOD-29613	no	no	-0.711	 0.711
E-GEOD-29616	no	no	-1.019	 1.019
E-GEOD-29648	no	no	-0.457	 0.457
E-GEOD-29714	no	yes	 0.523	 0.523
E-GEOD-29724	no	no	-1.286	 1.286
E-GEOD-29769	no	no	-1.643	 1.643
E-GEOD-29798	no	no	-0.700	 0.700
E-GEOD-29878	no	no	-0.587	 0.587
E-GEOD-29928	no	no	-0.694	 0.694
E-GEOD-29929	no	no	-0.404	 0.404
E-GEOD-29983	no	no	-0.820	 0.820
E-GEOD-30080	no	no	-0.010	 0.010
E-GEOD-30140	no	yes	 0.433	 0.433
E-GEOD-30187	no	no	-0.350	 0.350
E-GEOD-30190	no	yes	 0.199	 0.199
E-GEOD-30192	no	no	-1.192	 1.192
E-GEOD-30286	no	yes	 0.300	 0.300
E-GEOD-30356	no	no	-0.185	 0.185
E-GEOD-30482	no	no	-0.895	 0.895
E-GEOD-30485	no	no	-1.302	 1.302
E-GEOD-30495	no	no	-0.546	 0.546
E-GEOD-30562	no	no	-0.447	 0.447
E-GEOD-30578	no	yes	 0.406	 0.406
E-GEOD-30628	no	yes	 0.275	 0.275
E-GEOD-3065	no	no	-0.906	 0.906
E-GEOD-30651	no	no	-0.860	 0.860
E-GEOD-3067	no	no	-0.645	 0.645
E-GEOD-30688	no	no	-0.690	 0.690
E-GEOD-30748	no	no	-0.092	 0.092
E-GEOD-3075	no	no	-0.599	 0.599
E-GEOD-3078	no	no	-1.554	 1.554
E-GEOD-30845	no	yes	 0.009	 0.009
E-GEOD-30864	no	no	-0.813	 0.813
E-GEOD-30883	no	no	-0.389	 0.389
E-GEOD-30887	no	no	-1.729	 1.729
E-GEOD-30911	no	no	-1.183	 1.183
E-GEOD-30913	no	no	-0.599	 0.599
E-GEOD-30922	no	no	-0.092	 0.092
E-GEOD-30953	no	no	-0.084	 0.084
E-GEOD-31013	no	no	-0.541	 0.541
E-GEOD-31049	no	yes	 0.152	 0.152
E-GEOD-31063	no	no	-1.263	 1.263
E-GEOD-31165	no	no	-0.436	 0.436
E-GEOD-31234	no	no	-0.049	 0.049
E-GEOD-31265	no	no	-0.849	 0.849
E-GEOD-31293	no	no	-0.725	 0.725
E-GEOD-31328	no	no	-0.156	 0.156
E-GEOD-31402	no	no	-0.387	 0.387
E-GEOD-31458	no	no	-1.335	 1.335
E-GEOD-31536	no	no	-0.104	 0.104
E-GEOD-31540	no	no	-2.050	 2.050
E-GEOD-31560	no	no	-0.391	 0.391
E-GEOD-31561	no	no	-0.436	 0.436
E-GEOD-31582	no	yes	 0.497	 0.497
E-GEOD-31588	no	no	-0.649	 0.649
E-GEOD-31637	no	no	-1.123	 1.123
E-GEOD-31738	no	no	-0.451	 0.451
E-GEOD-31743	no	no	-1.366	 1.366
E-GEOD-31744	no	no	-1.068	 1.068
E-GEOD-31797	no	no	-0.337	 0.337
E-GEOD-31822	no	no	-0.318	 0.318
E-GEOD-31849	no	no	-0.150	 0.150
E-GEOD-31854	no	no	-0.498	 0.498
E-GEOD-31925	no	yes	 0.053	 0.053
E-GEOD-31942	no	no	-0.380	 0.380
E-GEOD-31947	no	no	-0.262	 0.262
E-GEOD-3195	no	no	-0.806	 0.806
E-GEOD-31954	no	no	-0.114	 0.114
E-GEOD-31969	no	no	-0.471	 0.471
E-GEOD-31989	no	yes	 0.427	 0.427
E-GEOD-32028	no	no	-0.465	 0.465
E-GEOD-32073	no	yes	 0.703	 0.703
E-GEOD-32078	no	yes	 0.747	 0.747
E-GEOD-32095	no	no	-0.284	 0.284
E-GEOD-32098	no	yes	 0.458	 0.458
E-GEOD-32120	no	yes	 0.175	 0.175
E-GEOD-32214	no	no	-0.541	 0.541
E-GEOD-32244	no	no	-0.346	 0.346
E-GEOD-3236	no	no	-0.666	 0.666
E-GEOD-32391	no	no	-0.624	 0.624
E-GEOD-32481	no	no	-1.462	 1.462
E-GEOD-32515	no	no	-0.565	 0.565
E-GEOD-32602	no	no	-1.075	 1.075
E-GEOD-32694	no	yes	 0.049	 0.049
E-GEOD-32695	no	yes	 0.049	 0.049
E-GEOD-32706	no	no	-0.613	 0.613
E-GEOD-32994	no	no	-1.966	 1.966
E-GEOD-32998	no	yes	 0.286	 0.286
E-GEOD-33062	no	no	-1.221	 1.221
E-GEOD-33088	no	no	-0.070	 0.070
E-GEOD-33138	no	yes	 0.858	 0.858
E-GEOD-33292	no	no	-0.187	 0.187
E-GEOD-33302	no	no	-0.277	 0.277
E-GEOD-33343	no	yes	 0.077	 0.077
E-GEOD-3343	no	yes	 0.013	 0.013
E-GEOD-33454	no	no	-0.061	 0.061
E-GEOD-33486	no	no	-0.046	 0.046
E-GEOD-33512	no	no	-0.472	 0.472
E-GEOD-33575	no	no	-0.235	 0.235
E-GEOD-33627	no	no	-0.674	 0.674
E-GEOD-33678	no	no	-0.255	 0.255
E-GEOD-33761	no	yes	 0.505	 0.505
E-GEOD-33770	no	no	-1.883	 1.883
E-GEOD-3383	no	no	-1.520	 1.520
E-GEOD-3384	no	yes	 0.694	 0.694
E-GEOD-33846	no	yes	 0.177	 0.177
E-GEOD-33884	no	yes	 0.853	 0.853
E-GEOD-34002	no	no	-1.756	 1.756
E-GEOD-34109	no	no	-0.424	 0.424
E-GEOD-34125	no	yes	 0.044	 0.044
E-GEOD-34154	no	no	-1.108	 1.108
E-GEOD-34210	no	no	-0.459	 0.459
E-GEOD-34215	no	yes	 1.203	 1.203
E-GEOD-34232	no	no	-0.116	 0.116
E-GEOD-34394	no	no	-0.269	 0.269
E-GEOD-34469	no	no	-1.002	 1.002
E-GEOD-34502	no	no	-0.560	 0.560
E-GEOD-34530	no	yes	 0.008	 0.008
E-GEOD-34552	no	no	-0.858	 0.858
E-GEOD-34593	no	yes	 0.299	 0.299
E-GEOD-34723	no	no	-0.398	 0.398
E-GEOD-34773	no	no	-0.252	 0.252
E-GEOD-34862	no	no	-1.046	 1.046
E-GEOD-35003	no	yes	 0.481	 0.481
E-GEOD-35123	no	yes	 0.170	 0.170
E-GEOD-35128	no	no	-0.706	 0.706
E-GEOD-35134	no	no	-0.570	 0.570
E-GEOD-35160	no	no	-0.065	 0.065
E-GEOD-35174	no	no	-1.277	 1.277
E-GEOD-35175	no	no	-1.249	 1.249
E-GEOD-35176	no	no	-1.249	 1.249
E-GEOD-35177	no	no	-1.249	 1.249
E-GEOD-35192	no	no	-1.281	 1.281
E-GEOD-35210	no	yes	 0.791	 0.791
E-GEOD-35226	no	no	-0.013	 0.013
E-GEOD-35269	no	no	-0.831	 0.831
E-GEOD-3530	no	no	-0.782	 0.782
E-GEOD-35301	no	no	-0.599	 0.599
E-GEOD-35302	no	yes	 0.014	 0.014
E-GEOD-35332	no	no	-1.898	 1.898
E-GEOD-35378	no	yes	 0.052	 0.052
E-GEOD-35386	no	yes	 0.708	 0.708
E-GEOD-35402	no	no	-0.347	 0.347
E-GEOD-35403	no	no	-0.430	 0.430
E-GEOD-35406	no	no	-0.123	 0.123
E-GEOD-35472	no	no	-0.951	 0.951
E-GEOD-35515	no	no	-0.194	 0.194
E-GEOD-3571	no	no	-0.985	 0.985
E-GEOD-35751	no	no	-1.400	 1.400
E-GEOD-35758	no	no	-1.361	 1.361
E-GEOD-3583	no	no	-0.097	 0.097
E-GEOD-35894	no	no	-1.120	 1.120
E-GEOD-35897	no	no	-0.300	 0.300
E-GEOD-35902	no	yes	 0.187	 0.187
E-GEOD-35903	no	yes	 0.233	 0.233
E-GEOD-35906	no	no	-0.978	 0.978
E-GEOD-35944	no	no	-1.149	 1.149
E-GEOD-36050	no	no	-1.299	 1.299
E-GEOD-36068	no	no	-0.439	 0.439
E-GEOD-36095	no	no	-0.490	 0.490
E-GEOD-36103	no	no	-0.416	 0.416
E-GEOD-36219	no	no	-0.717	 0.717
E-GEOD-36237	no	no	-0.963	 0.963
E-GEOD-36289	no	no	-1.262	 1.262
E-GEOD-36336	no	yes	 0.446	 0.446
E-GEOD-3634	no	yes	 0.850	 0.850
E-GEOD-36384	no	no	-0.311	 0.311
E-GEOD-36422	no	no	-1.890	 1.890
E-GEOD-36456	no	no	-0.419	 0.419
E-GEOD-36478	no	yes	 0.611	 0.611
E-GEOD-36488	no	no	-1.129	 1.129
E-GEOD-36510	no	yes	 0.123	 0.123
E-GEOD-36569	no	no	-0.854	 0.854
E-GEOD-36618	no	no	-0.029	 0.029
E-GEOD-36724	no	no	-0.792	 0.792
E-GEOD-36780	no	no	-0.664	 0.664
E-GEOD-36810	no	no	-0.736	 0.736
E-GEOD-36819	no	no	-0.789	 0.789
E-GEOD-36836	no	no	-0.099	 0.099
E-GEOD-36843	no	no	-1.064	 1.064
E-GEOD-36875	no	no	-0.245	 0.245
E-GEOD-36899	no	no	-0.635	 0.635
E-GEOD-36981	no	no	-0.396	 0.396
E-GEOD-37055	no	yes	 0.179	 0.179
E-GEOD-37073	no	yes	 0.127	 0.127
E-GEOD-37195	no	no	-0.467	 0.467
E-GEOD-37218	no	no	-0.868	 0.868
E-GEOD-37286	no	no	-2.276	 2.276
E-GEOD-37346	no	yes	 0.279	 0.279
E-GEOD-37443	no	yes	 0.577	 0.577
E-GEOD-37446	no	no	-1.866	 1.866
E-GEOD-37514	no	yes	 1.042	 1.042
E-GEOD-37597	no	no	-0.624	 0.624
E-GEOD-37665	no	no	-1.214	 1.214
E-GEOD-37679	no	yes	 0.341	 0.341
E-GEOD-37705	no	yes	 0.123	 0.123
E-GEOD-37718	no	yes	 0.324	 0.324
E-GEOD-37825	no	yes	 0.450	 0.450
E-GEOD-37859	no	no	-0.921	 0.921
E-GEOD-37871	no	no	-0.414	 0.414
E-GEOD-37874	no	no	-0.343	 0.343
E-GEOD-37898	no	no	-0.538	 0.538
E-GEOD-3791	no	no	-0.365	 0.365
E-GEOD-3792	no	no	-0.533	 0.533
E-GEOD-37927	no	no	-0.418	 0.418
E-GEOD-37933	no	yes	 0.300	 0.300
E-GEOD-37938	no	no	-0.771	 0.771
E-GEOD-37958	no	no	-0.791	 0.791
E-GEOD-38074	no	no	-0.124	 0.124
E-GEOD-38083	no	no	-0.321	 0.321
E-GEOD-3809	no	no	-1.297	 1.297
E-GEOD-38199	no	no	-0.767	 0.767
E-GEOD-38304	no	no	-0.946	 0.946
E-GEOD-38305	no	no	-0.333	 0.333
E-GEOD-38306	no	no	-0.154	 0.154
E-GEOD-38316	no	no	-0.330	 0.330
E-GEOD-38370	no	no	-0.176	 0.176
E-GEOD-38513	no	no	-0.853	 0.853
E-GEOD-38590	no	no	-0.535	 0.535
E-GEOD-38604	no	no	-0.027	 0.027
E-GEOD-3861	no	no	-2.072	 2.072
E-GEOD-38703	no	no	-0.095	 0.095
E-GEOD-38705	no	no	-0.444	 0.444
E-GEOD-38739	no	yes	 0.006	 0.006
E-GEOD-38797	no	no	-0.132	 0.132
E-GEOD-38801	no	no	-0.301	 0.301
E-GEOD-38802	no	no	-0.272	 0.272
E-GEOD-38820	no	yes	 0.128	 0.128
E-GEOD-38845	no	yes	 0.687	 0.687
E-GEOD-38850	no	no	-0.141	 0.141
E-GEOD-38872	no	no	-1.648	 1.648
E-GEOD-38892	no	no	-1.035	 1.035
E-GEOD-38948	no	no	-0.217	 0.217
E-GEOD-38981	no	no	-0.058	 0.058
E-GEOD-38995	no	yes	 0.211	 0.211
E-GEOD-3909	no	no	-0.751	 0.751
E-GEOD-39109	no	yes	 0.831	 0.831
E-GEOD-39191	no	no	-0.095	 0.095
E-GEOD-39194	no	no	-1.343	 1.343
E-GEOD-39251	no	yes	 0.211	 0.211
E-GEOD-39273	no	no	-0.870	 0.870
E-GEOD-39275	no	no	-0.212	 0.212
E-GEOD-39313	no	no	-0.698	 0.698
E-GEOD-39349	no	no	-0.853	 0.853
E-GEOD-39362	no	yes	 0.037	 0.037
E-GEOD-39372	no	no	-0.421	 0.421
E-GEOD-39379	no	yes	 0.057	 0.057
E-GEOD-39391	no	no	-1.146	 1.146
E-GEOD-39401	no	no	-0.480	 0.480
E-GEOD-39473	no	yes	 0.597	 0.597
E-GEOD-39514	no	yes	 0.297	 0.297
E-GEOD-39515	no	yes	 0.688	 0.688
E-GEOD-39516	no	yes	 0.580	 0.580
E-GEOD-39531	no	yes	 0.180	 0.180
E-GEOD-39548	no	no	-1.093	 1.093
E-GEOD-39583	no	no	-0.674	 0.674
E-GEOD-39586	no	no	-0.890	 0.890
E-GEOD-39591	no	no	-0.170	 0.170
E-GEOD-39629	no	yes	 0.966	 0.966
E-GEOD-39648	no	no	-0.719	 0.719
E-GEOD-3965	no	no	-0.639	 0.639
E-GEOD-39650	no	no	-1.450	 1.450
E-GEOD-39656	no	no	-0.683	 0.683
E-GEOD-39778	no	no	-0.760	 0.760
E-GEOD-39827	no	no	-0.276	 0.276
E-GEOD-39865	no	yes	 0.600	 0.600
E-GEOD-39928	no	no	-0.778	 0.778
E-GEOD-39929	no	no	-0.778	 0.778
E-GEOD-39974	no	yes	 0.068	 0.068
E-GEOD-4002	no	yes	 0.338	 0.338
E-GEOD-40053	no	yes	 0.587	 0.587
E-GEOD-40104	no	no	-0.157	 0.157
E-GEOD-40119	no	no	-1.072	 1.072
E-GEOD-40120	no	no	-1.198	 1.198
E-GEOD-40197	no	yes	 0.480	 0.480
E-GEOD-40248	no	no	-0.726	 0.726
E-GEOD-40249	no	no	-0.211	 0.211
E-GEOD-40260	no	no	-0.367	 0.367
E-GEOD-40261	no	no	-1.127	 1.127
E-GEOD-40280	no	no	-0.223	 0.223
E-GEOD-40282	no	no	-0.881	 0.881
E-GEOD-40283	no	no	-0.375	 0.375
E-GEOD-4034	no	yes	 0.438	 0.438
E-GEOD-40527	no	yes	 0.112	 0.112
E-GEOD-40582	no	yes	 0.243	 0.243
E-GEOD-40594	no	no	-1.181	 1.181
E-GEOD-40606	no	no	-0.650	 0.650
E-GEOD-4065	no	yes	 0.532	 0.532
E-GEOD-40660	no	yes	 0.202	 0.202
E-GEOD-40714	no	yes	 0.225	 0.225
E-GEOD-40806	no	no	-0.156	 0.156
E-GEOD-40880	no	yes	 0.499	 0.499
E-GEOD-40897	no	no	-1.012	 1.012
E-GEOD-40961	no	yes	 0.271	 0.271
E-GEOD-40990	no	no	-0.206	 0.206
E-GEOD-41013	no	yes	 0.711	 0.711
E-GEOD-41044	no	no	-0.457	 0.457
E-GEOD-41142	no	no	-1.108	 1.108
E-GEOD-41303	no	yes	 0.850	 0.850
E-GEOD-41460	no	yes	 0.640	 0.640
E-GEOD-41601	no	no	-0.197	 0.197
E-GEOD-41608	no	yes	 0.882	 0.882
E-GEOD-4171	no	no	-0.631	 0.631
E-GEOD-41723	no	no	-0.136	 0.136
E-GEOD-41871	no	yes	 0.394	 0.394
E-GEOD-41876	no	yes	 0.248	 0.248
E-GEOD-41882	no	no	-0.976	 0.976
E-GEOD-41910	no	no	-0.394	 0.394
E-GEOD-41925	no	yes	 1.056	 1.056
E-GEOD-42014	no	no	-0.027	 0.027
E-GEOD-42097	no	no	-0.475	 0.475
E-GEOD-42100	no	no	-0.554	 0.554
E-GEOD-42139	no	no	-0.795	 0.795
E-GEOD-42185	no	yes	 0.302	 0.302
E-GEOD-42210	no	no	-1.371	 1.371
E-GEOD-42250	no	yes	 0.024	 0.024
E-GEOD-42303	no	no	-0.921	 0.921
E-GEOD-4231	no	no	-0.479	 0.479
E-GEOD-42324	no	no	-0.815	 0.815
E-GEOD-4238	no	yes	 0.077	 0.077
E-GEOD-42453	no	no	-0.606	 0.606
E-GEOD-4248	no	no	-0.188	 0.188
E-GEOD-42515	no	no	-0.481	 0.481
E-GEOD-42521	no	no	-0.344	 0.344
E-GEOD-4257	no	no	-0.423	 0.423
E-GEOD-4258	no	no	-0.414	 0.414
E-GEOD-4259	no	no	-0.409	 0.409
E-GEOD-42591	no	no	-0.074	 0.074
E-GEOD-42607	no	no	-0.225	 0.225
E-GEOD-42621	no	no	-0.328	 0.328
E-GEOD-4263	no	yes	 0.368	 0.368
E-GEOD-4265	no	yes	 0.289	 0.289
E-GEOD-42744	no	no	-0.780	 0.780
E-GEOD-42813	no	no	-0.575	 0.575
E-GEOD-42880	no	no	-1.382	 1.382
E-GEOD-42904	no	no	-0.551	 0.551
E-GEOD-42912	no	yes	 0.345	 0.345
E-GEOD-42923	no	no	-0.737	 0.737
E-GEOD-42930	no	no	-0.074	 0.074
E-GEOD-42991	no	no	-0.059	 0.059
E-GEOD-42999	no	no	-0.905	 0.905
E-GEOD-43038	no	no	-1.001	 1.001
E-GEOD-43075	no	no	-0.968	 0.968
E-GEOD-43077	no	no	-0.636	 0.636
E-GEOD-4310	no	yes	 0.225	 0.225
E-GEOD-43133	no	no	-1.770	 1.770
E-GEOD-43145	no	yes	 0.476	 0.476
E-GEOD-43181	no	no	-0.453	 0.453
E-GEOD-43187	no	no	-0.260	 0.260
E-GEOD-43197	no	no	-0.769	 0.769
E-GEOD-43233	no	no	-1.590	 1.590
E-GEOD-43242	no	yes	 0.260	 0.260
E-GEOD-43318	no	no	-0.443	 0.443
E-GEOD-43324	no	no	-1.309	 1.309
E-GEOD-43356	no	no	-0.087	 0.087
E-GEOD-43419	no	no	-0.450	 0.450
E-GEOD-43444	no	no	-0.251	 0.251
E-GEOD-43479	no	no	-0.849	 0.849
E-GEOD-43513	no	no	-0.197	 0.197
E-GEOD-43536	no	no	-0.575	 0.575
E-GEOD-43581	no	no	-0.321	 0.321
E-GEOD-43589	no	no	-0.743	 0.743
E-GEOD-43617	no	yes	 0.112	 0.112
E-GEOD-43651	no	yes	 0.109	 0.109
E-GEOD-43687	no	no	-0.229	 0.229
E-GEOD-43718	no	yes	 0.057	 0.057
E-GEOD-43814	no	yes	 0.605	 0.605
E-GEOD-43842	no	no	-0.246	 0.246
E-GEOD-43854	no	yes	 0.456	 0.456
E-GEOD-44080	no	no	-0.822	 0.822
E-GEOD-44109	no	no	-1.735	 1.735
E-GEOD-44161	no	no	-1.022	 1.022
E-GEOD-44175	no	yes	 0.029	 0.029
E-GEOD-44276	no	yes	 0.022	 0.022
E-GEOD-44306	no	yes	 1.251	 1.251
E-GEOD-44387	no	no	-0.358	 0.358
E-GEOD-44396	no	no	-0.537	 0.537
E-GEOD-44401	no	no	-1.706	 1.706
E-GEOD-44402	no	yes	 0.456	 0.456
E-GEOD-44563	no	no	-0.911	 0.911
E-GEOD-44570	no	no	-0.113	 0.113
E-GEOD-44583	no	no	-0.548	 0.548
E-GEOD-4462	no	yes	 0.028	 0.028
E-GEOD-44625	no	no	-1.554	 1.554
E-GEOD-44653	no	no	-0.560	 0.560
E-GEOD-44762	no	no	-0.259	 0.259
E-GEOD-44783	no	no	-1.381	 1.381
E-GEOD-44788	no	yes	 0.347	 0.347
E-GEOD-44832	no	no	-0.035	 0.035
E-GEOD-44907	no	no	-0.834	 0.834
E-GEOD-44935	no	no	-0.890	 0.890
E-GEOD-44944	no	no	-1.392	 1.392
E-GEOD-44967	no	no	-0.282	 0.282
E-GEOD-44993	no	no	-0.024	 0.024
E-GEOD-45020	no	no	-0.046	 0.046
E-GEOD-45028	no	no	-1.667	 1.667
E-GEOD-45048	no	yes	 1.020	 1.020
E-GEOD-45119	no	no	-0.060	 0.060
E-GEOD-45143	no	no	-0.133	 0.133
E-GEOD-45155	no	yes	 0.040	 0.040
E-GEOD-45166	no	no	-0.659	 0.659
E-GEOD-45229	no	no	-1.787	 1.787
E-GEOD-45254	no	yes	 0.429	 0.429
E-GEOD-45256	no	no	-0.829	 0.829
E-GEOD-45269	no	yes	 0.256	 0.256
E-GEOD-4528	no	no	-0.145	 0.145
E-GEOD-45319	no	no	-0.773	 0.773
E-GEOD-4537	no	yes	 0.064	 0.064
E-GEOD-45425	no	no	-0.654	 0.654
E-GEOD-45450	no	yes	 0.069	 0.069
E-GEOD-45474	no	no	-1.072	 1.072
E-GEOD-45580	no	no	-0.353	 0.353
E-GEOD-45607	no	no	-0.922	 0.922
E-GEOD-45618	no	no	-1.018	 1.018
E-GEOD-4571	no	no	-0.303	 0.303
E-GEOD-45886	no	no	-0.103	 0.103
E-GEOD-459	no	yes	 0.118	 0.118
E-GEOD-45914	no	no	-0.887	 0.887
E-GEOD-46000	no	no	-0.371	 0.371
E-GEOD-46006	no	no	-0.457	 0.457
E-GEOD-46057	no	no	-1.219	 1.219
E-GEOD-46104	no	no	-1.542	 1.542
E-GEOD-46163	no	no	-0.955	 0.955
E-GEOD-46190	no	no	-0.375	 0.375
E-GEOD-46244	no	no	-0.234	 0.234
E-GEOD-46270	no	no	-0.605	 0.605
E-GEOD-46287	no	no	-0.436	 0.436
E-GEOD-46319	no	no	-1.524	 1.524
E-GEOD-46360	no	no	-0.210	 0.210
E-GEOD-46420	no	no	-0.424	 0.424
E-GEOD-46426	no	yes	 1.043	 1.043
E-GEOD-46447	no	yes	 0.090	 0.090
E-GEOD-46495	no	yes	 0.023	 0.023
E-GEOD-4650	no	no	-1.339	 1.339
E-GEOD-46546	no	no	-0.468	 0.468
E-GEOD-46564	no	no	-1.636	 1.636
E-GEOD-46583	no	no	-0.523	 0.523
E-GEOD-4664	no	no	-0.900	 0.900
E-GEOD-46646	no	yes	 0.423	 0.423
E-GEOD-4678	no	yes	 0.214	 0.214
E-GEOD-46799	no	yes	 0.076	 0.076
E-GEOD-46877	no	no	-1.459	 1.459
E-GEOD-46878	no	no	-0.697	 0.697
E-GEOD-46892	no	no	-0.976	 0.976
E-GEOD-469	no	no	-0.422	 0.422
E-GEOD-46980	no	no	-0.427	 0.427
E-GEOD-47019	no	no	-0.068	 0.068
E-GEOD-47104	no	no	-0.059	 0.059
E-GEOD-47153	no	no	-0.831	 0.831
E-GEOD-47212	no	yes	 0.096	 0.096
E-GEOD-4723	no	no	-0.140	 0.140
E-GEOD-47401	no	yes	 0.127	 0.127
E-GEOD-47422	no	no	-0.238	 0.238
E-GEOD-47546	no	no	-0.891	 0.891
E-GEOD-47550	no	no	-0.500	 0.500
E-GEOD-47568	no	yes	 0.293	 0.293
E-GEOD-47574	no	no	-1.226	 1.226
E-GEOD-4758	no	no	-0.265	 0.265
E-GEOD-476	no	no	-0.423	 0.423
E-GEOD-47698	no	no	-1.763	 1.763
E-GEOD-47741	no	no	-0.591	 0.591
E-GEOD-47760	no	yes	 0.375	 0.375
E-GEOD-47847	no	no	-0.871	 0.871
E-GEOD-4786	no	no	-0.159	 0.159
E-GEOD-47888	no	no	-0.532	 0.532
E-GEOD-47902	no	yes	 0.901	 0.901
E-GEOD-47951	no	no	-0.203	 0.203
E-GEOD-47967	no	no	-0.075	 0.075
E-GEOD-48057	no	no	-1.669	 1.669
E-GEOD-48078	no	no	-0.265	 0.265
E-GEOD-481	no	no	-1.215	 1.215
E-GEOD-48169	no	no	-0.692	 0.692
E-GEOD-48209	no	no	-0.142	 0.142
E-GEOD-4822	no	yes	 0.123	 0.123
E-GEOD-48270	no	no	-0.556	 0.556
E-GEOD-48273	no	no	-0.063	 0.063
E-GEOD-48305	no	yes	 0.191	 0.191
E-GEOD-48306	no	no	-0.373	 0.373
E-GEOD-48340	no	yes	 0.455	 0.455
E-GEOD-48365	no	no	-0.464	 0.464
E-GEOD-48397	no	no	-0.917	 0.917
E-GEOD-48438	no	no	-1.344	 1.344
E-GEOD-48564	no	no	-0.423	 0.423
E-GEOD-48576	no	no	-0.506	 0.506
E-GEOD-48583	no	no	-0.192	 0.192
E-GEOD-4873	no	no	-0.836	 0.836
E-GEOD-48805	no	no	-1.041	 1.041
E-GEOD-48808	no	no	-0.580	 0.580
E-GEOD-48861	no	no	-0.499	 0.499
E-GEOD-48932	no	no	-0.391	 0.391
E-GEOD-48935	no	no	-0.391	 0.391
E-GEOD-48971	no	no	-0.796	 0.796
E-GEOD-48977	no	no	-1.139	 1.139
E-GEOD-48991	no	yes	 0.472	 0.472
E-GEOD-49000	no	no	-0.696	 0.696
E-GEOD-49028	no	no	-0.446	 0.446
E-GEOD-49030	no	no	-0.738	 0.738
E-GEOD-49120	no	no	-0.264	 0.264
E-GEOD-49128	no	no	-0.474	 0.474
E-GEOD-4915	no	no	-0.328	 0.328
E-GEOD-49356	no	no	-0.973	 0.973
E-GEOD-49397	no	yes	 0.567	 0.567
E-GEOD-49538	no	yes	 0.466	 0.466
E-GEOD-49555	no	no	-0.690	 0.690
E-GEOD-49556	no	no	-1.341	 1.341
E-GEOD-49638	no	yes	 0.080	 0.080
E-GEOD-49694	no	no	-0.138	 0.138
E-GEOD-49783	no	no	-1.049	 1.049
E-GEOD-49803	no	yes	 0.122	 0.122
E-GEOD-49807	no	no	-0.905	 0.905
E-GEOD-49843	no	no	-1.157	 1.157
E-GEOD-49964	no	no	-1.022	 1.022
E-GEOD-49975	no	no	-0.010	 0.010
E-GEOD-49988	no	no	-1.194	 1.194
E-GEOD-50059	no	no	-0.347	 0.347
E-GEOD-50113	no	no	-0.704	 0.704
E-GEOD-50118	no	no	-0.956	 0.956
E-GEOD-50119	no	no	-1.122	 1.122
E-GEOD-50145	no	no	-1.000	 1.000
E-GEOD-50166	no	no	-0.456	 0.456
E-GEOD-50179	no	yes	 0.310	 0.310
E-GEOD-5018	no	no	-0.312	 0.312
E-GEOD-50188	no	no	-0.050	 0.050
E-GEOD-50189	no	no	-0.042	 0.042
E-GEOD-50193	no	no	-0.380	 0.380
E-GEOD-50198	no	no	-0.531	 0.531
E-GEOD-50219	no	no	-0.255	 0.255
E-GEOD-50382	no	no	-1.054	 1.054
E-GEOD-50418	no	no	-0.287	 0.287
E-GEOD-50423	no	yes	 0.177	 0.177
E-GEOD-50566	no	no	-0.492	 0.492
E-GEOD-50617	no	yes	 0.603	 0.603
E-GEOD-50708	no	yes	 0.030	 0.030
E-GEOD-5077	no	yes	 0.607	 0.607
E-GEOD-50847	no	yes	 0.663	 0.663
E-GEOD-50873	no	no	-1.112	 1.112
E-GEOD-50930	no	no	-0.622	 0.622
E-GEOD-50932	no	no	-0.558	 0.558
E-GEOD-50950	no	no	-0.080	 0.080
E-GEOD-50968	no	no	-1.026	 1.026
E-GEOD-50987	no	no	-1.287	 1.287
E-GEOD-51054	no	no	-1.159	 1.159
E-GEOD-51073	no	no	-0.319	 0.319
E-GEOD-51107	no	no	-0.151	 0.151
E-GEOD-51160	no	no	-0.326	 0.326
E-GEOD-51190	no	no	-0.603	 0.603
E-GEOD-51213	no	no	-1.299	 1.299
E-GEOD-51219	no	no	-0.240	 0.240
E-GEOD-5124	no	no	-0.022	 0.022
E-GEOD-51240	no	yes	 0.190	 0.190
E-GEOD-51241	no	no	-0.280	 0.280
E-GEOD-51297	no	no	-0.611	 0.611
E-GEOD-51347	no	no	-0.012	 0.012
E-GEOD-51389	no	no	-0.855	 0.855
E-GEOD-5140	no	no	-1.400	 1.400
E-GEOD-51530	no	no	-0.807	 0.807
E-GEOD-51542	no	no	-0.916	 0.916
E-GEOD-51544	no	no	-0.916	 0.916
E-GEOD-51559	no	no	-0.039	 0.039
E-GEOD-51572	no	yes	 0.410	 0.410
E-GEOD-51606	no	no	-0.624	 0.624
E-GEOD-51685	no	no	-0.379	 0.379
E-GEOD-51719	no	no	-0.797	 0.797
E-GEOD-51801	no	no	-0.428	 0.428
E-GEOD-51819	no	no	-0.214	 0.214
E-GEOD-51883	no	no	-1.266	 1.266
E-GEOD-51892	no	no	-0.208	 0.208
E-GEOD-51911	no	no	-0.763	 0.763
E-GEOD-51913	no	no	-0.192	 0.192
E-GEOD-51925	no	no	-1.396	 1.396
E-GEOD-51927	no	no	-1.171	 1.171
E-GEOD-52075	no	no	-1.394	 1.394
E-GEOD-52092	no	no	-0.284	 0.284
E-GEOD-52118	no	no	-0.384	 0.384
E-GEOD-52123	no	yes	 0.600	 0.600
E-GEOD-52126	no	yes	 0.171	 0.171
E-GEOD-52168	no	yes	 0.169	 0.169
E-GEOD-52231	no	no	-0.603	 0.603
E-GEOD-52317	no	no	-0.425	 0.425
E-GEOD-52332	no	no	-0.976	 0.976
E-GEOD-5236	no	yes	 0.127	 0.127
E-GEOD-52397	no	no	-1.819	 1.819
E-GEOD-52464	no	no	-0.511	 0.511
E-GEOD-52497	no	yes	 0.012	 0.012
E-GEOD-52506	no	no	-0.361	 0.361
E-GEOD-5255	no	no	-0.696	 0.696
E-GEOD-52564	no	no	-1.751	 1.751
E-GEOD-52616	no	no	-0.374	 0.374
E-GEOD-52644	no	no	-1.416	 1.416
E-GEOD-52667	no	no	-0.186	 0.186
E-GEOD-52690	no	no	-1.570	 1.570
E-GEOD-52748	no	no	-1.053	 1.053
E-GEOD-52825	no	no	-1.146	 1.146
E-GEOD-52827	no	yes	 0.090	 0.090
E-GEOD-52899	no	no	-0.076	 0.076
E-GEOD-52940	no	no	-0.162	 0.162
E-GEOD-52992	no	no	-0.954	 0.954
E-GEOD-53004	no	no	-0.911	 0.911
E-GEOD-53053	no	no	-0.286	 0.286
E-GEOD-53056	no	no	-0.300	 0.300
E-GEOD-53075	no	yes	 0.470	 0.470
E-GEOD-53145	no	no	-0.985	 0.985
E-GEOD-53225	no	no	-1.622	 1.622
E-GEOD-53244	no	no	-0.231	 0.231
E-GEOD-53321	no	no	-2.006	 2.006
E-GEOD-53380	no	no	-0.159	 0.159
E-GEOD-53381	no	no	-1.024	 1.024
E-GEOD-53397	no	yes	 0.477	 0.477
E-GEOD-53496	no	no	-0.085	 0.085
E-GEOD-53520	no	no	-0.629	 0.629
E-GEOD-53523	no	no	-0.001	 0.001
E-GEOD-53547	no	yes	 0.072	 0.072
E-GEOD-53637	no	no	-1.331	 1.331
E-GEOD-53894	no	no	-1.160	 1.160
E-GEOD-53896	no	no	-0.590	 0.590
E-GEOD-53910	no	no	-0.876	 0.876
E-GEOD-53919	no	yes	 0.680	 0.680
E-GEOD-53982	no	yes	 0.018	 0.018
E-GEOD-54022	no	no	-2.556	 2.556
E-GEOD-54044	no	yes	 0.422	 0.422
E-GEOD-54054	no	no	-0.388	 0.388
E-GEOD-54071	no	no	-0.125	 0.125
E-GEOD-54086	no	no	-1.007	 1.007
E-GEOD-54098	no	no	-0.924	 0.924
E-GEOD-54126	no	no	-0.708	 0.708
E-GEOD-54154	no	no	-0.792	 0.792
E-GEOD-5424	no	yes	 1.100	 1.100
E-GEOD-54349	no	no	-0.868	 0.868
E-GEOD-54351	no	no	-1.522	 1.522
E-GEOD-54408	no	yes	 0.128	 0.128
E-GEOD-5447	no	no	-1.191	 1.191
E-GEOD-54474	no	no	-0.662	 0.662
E-GEOD-54569	no	no	-1.191	 1.191
E-GEOD-54708	no	no	-1.231	 1.231
E-GEOD-54774	no	no	-1.850	 1.850
E-GEOD-54924	no	yes	 0.031	 0.031
E-GEOD-54943	no	no	-0.194	 0.194
E-GEOD-54950	no	no	-0.275	 0.275
E-GEOD-54984	no	no	-0.265	 0.265
E-GEOD-54988	no	yes	 0.276	 0.276
E-GEOD-5500	no	yes	 0.003	 0.003
E-GEOD-55054	no	yes	 0.059	 0.059
E-GEOD-55071	no	no	-0.339	 0.339
E-GEOD-55074	no	no	-0.374	 0.374
E-GEOD-55096	no	no	-1.972	 1.972
E-GEOD-55114	no	no	-0.978	 0.978
E-GEOD-55190	no	no	-0.523	 0.523
E-GEOD-55247	no	no	-1.294	 1.294
E-GEOD-55248	no	yes	 0.478	 0.478
E-GEOD-55280	no	no	-0.636	 0.636
E-GEOD-55304	no	no	-0.291	 0.291
E-GEOD-55315	no	no	-1.008	 1.008
E-GEOD-55485	no	no	-0.911	 0.911
E-GEOD-55494	no	yes	 0.003	 0.003
E-GEOD-55552	no	no	-1.200	 1.200
E-GEOD-55556	no	no	-0.259	 0.259
E-GEOD-55581	no	no	-0.338	 0.338
E-GEOD-55589	no	yes	 0.141	 0.141
E-GEOD-5562	no	no	-0.976	 0.976
E-GEOD-55636	no	no	-0.068	 0.068
E-GEOD-557	no	yes	 0.232	 0.232
E-GEOD-55746	no	no	-0.874	 0.874
E-GEOD-5582	no	yes	 0.485	 0.485
E-GEOD-5583	no	yes	 0.503	 0.503
E-GEOD-55874	no	no	-0.294	 0.294
E-GEOD-55986	no	no	-2.411	 2.411
E-GEOD-56063	no	yes	 0.009	 0.009
E-GEOD-56162	no	no	-0.452	 0.452
E-GEOD-56247	no	no	-0.446	 0.446
E-GEOD-56286	no	yes	 0.195	 0.195
E-GEOD-56348	no	no	-0.182	 0.182
E-GEOD-56366	no	no	-0.581	 0.581
E-GEOD-56377	no	no	-1.244	 1.244
E-GEOD-56378	no	no	-0.611	 0.611
E-GEOD-56397	no	no	-0.650	 0.650
E-GEOD-56503	no	no	-0.181	 0.181
E-GEOD-56531	no	yes	 0.446	 0.446
E-GEOD-56548	no	yes	 0.374	 0.374
E-GEOD-56671	no	no	-0.986	 0.986
E-GEOD-56698	no	no	-0.488	 0.488
E-GEOD-56764	no	no	-2.192	 2.192
E-GEOD-56777	no	no	-0.303	 0.303
E-GEOD-56917	no	no	-0.851	 0.851
E-GEOD-56966	no	no	-0.446	 0.446
E-GEOD-56986	no	no	-0.195	 0.195
E-GEOD-56987	no	no	-0.688	 0.688
E-GEOD-56996	no	no	-0.591	 0.591
E-GEOD-57038	no	no	-0.547	 0.547
E-GEOD-57054	no	no	-0.730	 0.730
E-GEOD-57115	no	no	-0.002	 0.002
E-GEOD-57133	no	no	-0.439	 0.439
E-GEOD-57241	no	yes	 0.716	 0.716
E-GEOD-57292	no	no	-0.820	 0.820
E-GEOD-57333	no	yes	 0.275	 0.275
E-GEOD-57415	no	no	-0.635	 0.635
E-GEOD-57417	no	no	-1.146	 1.146
E-GEOD-57419	no	yes	 0.023	 0.023
E-GEOD-57440	no	no	-0.654	 0.654
E-GEOD-57506	no	no	-0.664	 0.664
E-GEOD-57528	no	no	-0.273	 0.273
E-GEOD-57582	no	yes	 0.478	 0.478
E-GEOD-57583	no	no	-0.273	 0.273
E-GEOD-57603	no	no	-1.839	 1.839
E-GEOD-5766	no	no	-0.405	 0.405
E-GEOD-57716	no	no	-0.663	 0.663
E-GEOD-57724	no	yes	 0.222	 0.222
E-GEOD-57729	no	no	-1.534	 1.534
E-GEOD-5777	no	no	-0.364	 0.364
E-GEOD-57988	no	no	-0.083	 0.083
E-GEOD-57990	no	yes	 0.926	 0.926
E-GEOD-58056	no	no	-0.806	 0.806
E-GEOD-58078	no	no	-1.560	 1.560
E-GEOD-58103	no	no	-0.604	 0.604
E-GEOD-58120	no	no	-0.697	 0.697
E-GEOD-5826	no	yes	 0.263	 0.263
E-GEOD-58368	no	no	-0.122	 0.122
E-GEOD-58388	no	no	-0.942	 0.942
E-GEOD-58453	no	no	-0.416	 0.416
E-GEOD-58488	no	no	-0.313	 0.313
E-GEOD-58498	no	yes	 0.648	 0.648
E-GEOD-58510	no	no	-0.301	 0.301
E-GEOD-58664	no	no	-0.102	 0.102
E-GEOD-58669	no	no	-0.648	 0.648
E-GEOD-58675	no	no	-0.342	 0.342
E-GEOD-58699	no	no	-0.124	 0.124
E-GEOD-58765	no	no	-0.595	 0.595
E-GEOD-58916	no	no	-0.415	 0.415
E-GEOD-58982	no	yes	 0.156	 0.156
E-GEOD-58996	no	yes	 0.393	 0.393
E-GEOD-58998	no	no	-0.249	 0.249
E-GEOD-59033	no	no	-0.500	 0.500
E-GEOD-59129	no	no	-0.583	 0.583
E-GEOD-59201	no	no	-0.235	 0.235
E-GEOD-59383	no	yes	 0.158	 0.158
E-GEOD-59396	no	yes	 0.035	 0.035
E-GEOD-59404	no	no	-0.622	 0.622
E-GEOD-59410	no	yes	 0.364	 0.364
E-GEOD-59463	no	yes	 0.613	 0.613
E-GEOD-59571	no	no	-0.092	 0.092
E-GEOD-59602	no	no	-1.267	 1.267
E-GEOD-59644	no	no	-1.921	 1.921
E-GEOD-59661	no	no	-1.037	 1.037
E-GEOD-59674	no	no	-0.790	 0.790
E-GEOD-59675	no	no	-0.242	 0.242
E-GEOD-59739	no	yes	 0.195	 0.195
E-GEOD-59833	no	no	-1.007	 1.007
E-GEOD-59848	no	no	-0.264	 0.264
E-GEOD-59849	no	no	-0.143	 0.143
E-GEOD-5987	no	yes	 0.115	 0.115
E-GEOD-59872	no	no	-0.255	 0.255
E-GEOD-5994	no	no	-0.070	 0.070
E-GEOD-59951	no	no	-0.251	 0.251
E-GEOD-60039	no	no	-0.134	 0.134
E-GEOD-60147	no	no	-0.451	 0.451
E-GEOD-60150	no	no	-0.085	 0.085
E-GEOD-60151	no	no	-0.184	 0.184
E-GEOD-6019	no	no	-0.816	 0.816
E-GEOD-60247	no	no	-0.663	 0.663
E-GEOD-60253	no	yes	 0.926	 0.926
E-GEOD-60262	no	yes	 0.011	 0.011
E-GEOD-60297	no	no	-0.876	 0.876
E-GEOD-60318	no	yes	 0.224	 0.224
E-GEOD-60414	no	yes	 0.983	 0.983
E-GEOD-60417	no	no	-0.683	 0.683
E-GEOD-60442	no	no	-1.115	 1.115
E-GEOD-6046	no	no	-0.533	 0.533
E-GEOD-60460	no	yes	 0.309	 0.309
E-GEOD-60528	no	no	-0.656	 0.656
E-GEOD-6055	no	no	-0.696	 0.696
E-GEOD-60595	no	no	-0.737	 0.737
E-GEOD-60624	no	no	-0.766	 0.766
E-GEOD-60737	no	no	-1.229	 1.229
E-GEOD-60738	no	yes	 0.493	 0.493
E-GEOD-60745	no	no	-0.305	 0.305
E-GEOD-60758	no	yes	 0.385	 0.385
E-GEOD-6077	no	yes	 0.204	 0.204
E-GEOD-60915	no	no	-0.677	 0.677
E-GEOD-60968	no	no	-0.237	 0.237
E-GEOD-61037	no	no	-0.850	 0.850
E-GEOD-61038	no	no	-0.541	 0.541
E-GEOD-61084	no	no	-0.191	 0.191
E-GEOD-611	no	yes	 0.393	 0.393
E-GEOD-61140	no	no	-0.105	 0.105
E-GEOD-61146	no	yes	 0.358	 0.358
E-GEOD-61147	no	no	-0.886	 0.886
E-GEOD-61157	no	no	-0.792	 0.792
E-GEOD-61205	no	no	-0.522	 0.522
E-GEOD-61295	no	no	-0.456	 0.456
E-GEOD-61303	no	no	-1.009	 1.009
E-GEOD-61318	no	no	-0.111	 0.111
E-GEOD-61367	no	yes	 0.328	 0.328
E-GEOD-61425	no	no	-0.530	 0.530
E-GEOD-61486	no	no	-1.231	 1.231
E-GEOD-61500	no	no	-0.633	 0.633
E-GEOD-61641	no	yes	 0.471	 0.471
E-GEOD-61642	no	yes	 0.067	 0.067
E-GEOD-61694	no	no	-1.927	 1.927
E-GEOD-61711	no	yes	 0.134	 0.134
E-GEOD-61712	no	yes	 0.287	 0.287
E-GEOD-61750	no	no	-0.381	 0.381
E-GEOD-61844	no	no	-0.440	 0.440
E-GEOD-61860	no	no	-1.413	 1.413
E-GEOD-61879	no	no	-1.757	 1.757
E-GEOD-61894	no	no	-0.587	 0.587
E-GEOD-6192	no	no	-0.495	 0.495
E-GEOD-61959	no	yes	 0.252	 0.252
E-GEOD-61994	no	no	-0.529	 0.529
E-GEOD-62049	no	no	-0.230	 0.230
E-GEOD-6206	no	no	-0.974	 0.974
E-GEOD-62081	no	no	-0.299	 0.299
E-GEOD-62168	no	no	-1.262	 1.262
E-GEOD-62236	no	no	-1.262	 1.262
E-GEOD-62278	no	no	-0.360	 0.360
E-GEOD-62294	no	no	-1.134	 1.134
E-GEOD-62310	no	no	-0.309	 0.309
E-GEOD-62324	no	no	-0.276	 0.276
E-GEOD-62355	no	yes	 0.218	 0.218
E-GEOD-62362	no	no	-0.378	 0.378
E-GEOD-6237	no	no	-0.652	 0.652
E-GEOD-62432	no	no	-0.101	 0.101
E-GEOD-62451	no	no	-0.126	 0.126
E-GEOD-62490	no	no	-0.550	 0.550
E-GEOD-62528	no	no	-0.049	 0.049
E-GEOD-62530	no	yes	 0.234	 0.234
E-GEOD-62612	no	no	-1.108	 1.108
E-GEOD-62659	no	no	-0.590	 0.590
E-GEOD-62689	no	yes	 0.434	 0.434
E-GEOD-62709	no	no	-0.405	 0.405
E-GEOD-62741	no	no	-0.883	 0.883
E-GEOD-62746	no	no	-1.623	 1.623
E-GEOD-62796	no	yes	 0.191	 0.191
E-GEOD-62805	no	no	-0.902	 0.902
E-GEOD-62945	no	no	-0.581	 0.581
E-GEOD-62974	no	no	-0.634	 0.634
E-GEOD-63070	no	yes	 0.193	 0.193
E-GEOD-63137	no	no	-0.526	 0.526
E-GEOD-6323	no	yes	 0.164	 0.164
E-GEOD-63340	no	no	-0.771	 0.771
E-GEOD-63412	no	yes	 0.130	 0.130
E-GEOD-63413	no	yes	 0.264	 0.264
E-GEOD-63432	no	yes	 0.167	 0.167
E-GEOD-63438	no	no	-0.156	 0.156
E-GEOD-63454	no	no	-0.807	 0.807
E-GEOD-63530	no	yes	 0.037	 0.037
E-GEOD-63536	no	no	-0.724	 0.724
E-GEOD-63551	no	no	-0.345	 0.345
E-GEOD-63767	no	no	-0.781	 0.781
E-GEOD-63798	no	no	-1.156	 1.156
E-GEOD-63820	no	no	-0.454	 0.454
E-GEOD-63860	no	yes	 0.141	 0.141
E-GEOD-64054	no	no	-0.281	 0.281
E-GEOD-64091	no	no	-0.936	 0.936
E-GEOD-64128	no	no	-0.579	 0.579
E-GEOD-64214	no	yes	 0.852	 0.852
E-GEOD-64302	no	no	-1.307	 1.307
E-GEOD-64324	no	yes	 0.822	 0.822
E-GEOD-64326	no	no	-1.016	 1.016
E-GEOD-64334	no	no	-0.245	 0.245
E-GEOD-64359	no	yes	 0.588	 0.588
E-GEOD-64418	no	no	-0.200	 0.200
E-GEOD-64444	no	no	-0.890	 0.890
E-GEOD-64449	no	no	-0.192	 0.192
E-GEOD-64453	no	no	-1.696	 1.696
E-GEOD-64476	no	no	-2.472	 2.472
E-GEOD-64515	no	no	-0.399	 0.399
E-GEOD-64526	no	yes	 0.312	 0.312
E-GEOD-6463	no	no	-0.501	 0.501
E-GEOD-64750	no	yes	 0.051	 0.051
E-GEOD-64769	no	no	-0.436	 0.436
E-GEOD-64775	no	no	-0.937	 0.937
E-GEOD-64779	no	no	-0.502	 0.502
E-GEOD-64824	no	no	-0.766	 0.766
E-GEOD-64855	no	yes	 0.121	 0.121
E-GEOD-64908	no	no	-0.297	 0.297
E-GEOD-64919	no	no	-1.647	 1.647
E-GEOD-65005	no	no	-0.483	 0.483
E-GEOD-65031	no	no	-0.800	 0.800
E-GEOD-65038	no	yes	 0.359	 0.359
E-GEOD-65077	no	yes	 0.053	 0.053
E-GEOD-65094	no	no	-1.680	 1.680
E-GEOD-65159	no	yes	 0.043	 0.043
E-GEOD-65207	no	no	-0.513	 0.513
E-GEOD-65316	no	no	-0.710	 0.710
E-GEOD-65350	no	no	-0.934	 0.934
E-GEOD-6540	no	no	-0.654	 0.654
E-GEOD-65498	no	no	-0.689	 0.689
E-GEOD-65504	no	no	-0.156	 0.156
E-GEOD-65543	no	no	-0.598	 0.598
E-GEOD-65633	no	no	-1.282	 1.282
E-GEOD-65665	no	no	-1.013	 1.013
E-GEOD-65753	no	no	-1.118	 1.118
E-GEOD-6581	no	no	-0.422	 0.422
E-GEOD-65824	no	no	-0.109	 0.109
E-GEOD-65927	no	no	-0.230	 0.230
E-GEOD-65977	no	no	-0.009	 0.009
E-GEOD-66054	no	no	-0.983	 0.983
E-GEOD-66055	no	no	-0.905	 0.905
E-GEOD-6610	no	no	-0.902	 0.902
E-GEOD-66104	no	no	-0.432	 0.432
E-GEOD-6614	no	no	-0.907	 0.907
E-GEOD-66211	no	no	-0.332	 0.332
E-GEOD-6623	no	no	-1.150	 1.150
E-GEOD-66243	no	no	-0.561	 0.561
E-GEOD-6628	no	no	-0.181	 0.181
E-GEOD-66303	no	no	-1.218	 1.218
E-GEOD-66356	no	no	-1.029	 1.029
E-GEOD-66377	no	yes	 0.548	 0.548
E-GEOD-66390	no	yes	 0.170	 0.170
E-GEOD-66420	no	no	-0.897	 0.897
E-GEOD-66544	no	no	-0.060	 0.060
E-GEOD-66598	no	yes	 0.093	 0.093
E-GEOD-66619	no	no	-0.006	 0.006
E-GEOD-66706	no	no	-0.312	 0.312
E-GEOD-66717	no	yes	 0.228	 0.228
E-GEOD-66744	no	no	-1.068	 1.068
E-GEOD-66745	no	no	-0.852	 0.852
E-GEOD-66793	no	no	-1.264	 1.264
E-GEOD-66963	no	yes	 0.000	 0.000
E-GEOD-66978	no	no	-1.031	 1.031
E-GEOD-670	no	yes	 0.016	 0.016
E-GEOD-67243	no	no	-1.080	 1.080
E-GEOD-67266	no	no	-1.537	 1.537
E-GEOD-67340	no	yes	 0.140	 0.140
E-GEOD-67364	no	no	-0.193	 0.193
E-GEOD-67403	no	no	-0.004	 0.004
E-GEOD-67634	no	yes	 0.569	 0.569
E-GEOD-67792	no	no	-0.336	 0.336
E-GEOD-67796	no	no	-0.471	 0.471
E-GEOD-67884	no	no	-0.489	 0.489
E-GEOD-6789	no	no	-0.643	 0.643
E-GEOD-67933	no	no	-0.199	 0.199
E-GEOD-6815	no	no	-0.900	 0.900
E-GEOD-68175	no	no	-1.018	 1.018
E-GEOD-68179	no	no	-0.984	 0.984
E-GEOD-6821	no	no	-0.113	 0.113
E-GEOD-68265	no	no	-0.675	 0.675
E-GEOD-68269	no	no	-0.897	 0.897
E-GEOD-68289	no	no	-0.455	 0.455
E-GEOD-68315	no	yes	 0.183	 0.183
E-GEOD-68334	no	no	-0.230	 0.230
E-GEOD-68433	no	yes	 0.227	 0.227
E-GEOD-6846	no	no	-0.526	 0.526
E-GEOD-68470	no	yes	 0.258	 0.258
E-GEOD-68580	no	no	-0.569	 0.569
E-GEOD-68812	no	no	-0.782	 0.782
E-GEOD-68831	no	yes	 0.379	 0.379
E-GEOD-68857	no	no	-0.741	 0.741
E-GEOD-69056	no	no	-0.912	 0.912
E-GEOD-69057	no	no	-0.566	 0.566
E-GEOD-69320	no	no	-1.355	 1.355
E-GEOD-69393	no	no	-0.870	 0.870
E-GEOD-6945	no	no	-0.804	 0.804
E-GEOD-69512	no	yes	 0.000	 0.000
E-GEOD-69573	no	no	-0.523	 0.523
E-GEOD-69582	no	yes	 0.408	 0.408
E-GEOD-69621	no	no	-0.138	 0.138
E-GEOD-69781	no	yes	 0.263	 0.263
E-GEOD-6979	no	yes	 0.045	 0.045
E-GEOD-69952	no	no	-0.007	 0.007
E-GEOD-700	no	no	-1.264	 1.264
E-GEOD-70016	no	no	-0.584	 0.584
E-GEOD-7012	no	no	-0.323	 0.323
E-GEOD-7013	no	no	-0.913	 0.913
E-GEOD-70133	no	no	-0.823	 0.823
E-GEOD-70189	no	yes	 0.014	 0.014
E-GEOD-70249	no	no	-0.558	 0.558
E-GEOD-70271	no	yes	 0.130	 0.130
E-GEOD-70302	no	no	-0.060	 0.060
E-GEOD-70419	no	yes	 0.113	 0.113
E-GEOD-70436	no	no	-1.027	 1.027
E-GEOD-70465	no	no	-0.118	 0.118
E-GEOD-70485	no	yes	 0.030	 0.030
E-GEOD-70489	no	no	-0.370	 0.370
E-GEOD-70542	no	yes	 0.538	 0.538
E-GEOD-70593	no	no	-0.940	 0.940
E-GEOD-70619	no	no	-0.777	 0.777
E-GEOD-70656	no	yes	 0.802	 0.802
E-GEOD-7069	no	no	-0.708	 0.708
E-GEOD-71073	no	no	-1.139	 1.139
E-GEOD-71082	no	no	-0.790	 0.790
E-GEOD-71087	no	no	-0.938	 0.938
E-GEOD-71184	no	no	-0.240	 0.240
E-GEOD-71232	no	no	-0.245	 0.245
E-GEOD-71257	no	yes	 0.745	 0.745
E-GEOD-71494	no	no	-0.547	 0.547
E-GEOD-71527	no	no	-0.415	 0.415
E-GEOD-71585	no	no	-0.288	 0.288
E-GEOD-71632	no	no	-0.195	 0.195
E-GEOD-71637	no	no	-0.408	 0.408
E-GEOD-71652	no	no	-0.277	 0.277
E-GEOD-71683	no	yes	 0.161	 0.161
E-GEOD-71695	no	no	-1.236	 1.236
E-GEOD-71705	no	no	-0.452	 0.452
E-GEOD-71736	no	no	-0.128	 0.128
E-GEOD-71815	no	no	-0.615	 0.615
E-GEOD-71831	no	yes	 0.734	 0.734
E-GEOD-71843	no	no	-0.698	 0.698
E-GEOD-71868	no	yes	 0.283	 0.283
E-GEOD-71873	no	no	-0.695	 0.695
E-GEOD-71916	no	yes	 0.161	 0.161
E-GEOD-71997	no	no	-0.906	 0.906
E-GEOD-72065	no	no	-0.185	 0.185
E-GEOD-7209	no	no	-0.304	 0.304
E-GEOD-72136	no	no	-0.580	 0.580
E-GEOD-72149	no	no	-0.183	 0.183
E-GEOD-72214	no	no	-0.637	 0.637
E-GEOD-72262	no	no	-0.794	 0.794
E-GEOD-72521	no	no	-0.585	 0.585
E-GEOD-72546	no	no	-1.035	 1.035
E-GEOD-72561	no	no	-0.252	 0.252
E-GEOD-72581	no	yes	 0.106	 0.106
E-GEOD-72651	no	no	-0.848	 0.848
E-GEOD-72705	no	no	-0.405	 0.405
E-GEOD-72811	no	yes	 0.164	 0.164
E-GEOD-73083	no	no	-1.108	 1.108
E-GEOD-7310	no	no	-0.176	 0.176
E-GEOD-73124	no	no	-1.290	 1.290
E-GEOD-73125	no	no	-0.129	 0.129
E-GEOD-73126	no	no	-1.128	 1.128
E-GEOD-73131	no	no	-0.369	 0.369
E-GEOD-73298	no	no	-0.178	 0.178
E-GEOD-73299	no	no	-0.020	 0.020
E-GEOD-73372	no	no	-0.511	 0.511
E-GEOD-73559	no	no	-0.567	 0.567
E-GEOD-73572	no	yes	 0.098	 0.098
E-GEOD-73611	no	yes	 0.154	 0.154
E-GEOD-73705	no	no	-0.554	 0.554
E-GEOD-73721	no	yes	 0.029	 0.029
E-GEOD-73859	no	yes	 0.259	 0.259
E-GEOD-73861	no	no	-0.173	 0.173
E-GEOD-74002	no	no	-0.695	 0.695
E-GEOD-7404	no	no	-0.700	 0.700
E-GEOD-74155	no	no	-0.321	 0.321
E-GEOD-74254	no	no	-0.229	 0.229
E-GEOD-74317	no	no	-1.496	 1.496
E-GEOD-74537	no	yes	 0.198	 0.198
E-GEOD-7475	no	no	-1.174	 1.174
E-GEOD-74767	no	no	-0.280	 0.280
E-GEOD-74781	no	yes	 0.676	 0.676
E-GEOD-74855	no	no	-0.189	 0.189
E-GEOD-7507	no	no	-0.723	 0.723
E-GEOD-75150	no	no	-0.804	 0.804
E-GEOD-75413	no	no	-0.176	 0.176
E-GEOD-75431	no	no	-0.719	 0.719
E-GEOD-75449	no	yes	 0.350	 0.350
E-GEOD-75457	no	yes	 0.463	 0.463
E-GEOD-75544	no	no	-0.212	 0.212
E-GEOD-75599	no	no	-1.128	 1.128
E-GEOD-75600	no	no	-1.031	 1.031
E-GEOD-75604	no	yes	 0.436	 0.436
E-GEOD-75683	no	no	-0.108	 0.108
E-GEOD-75740	no	no	-0.308	 0.308
E-GEOD-75765	no	yes	 0.273	 0.273
E-GEOD-75769	no	yes	 0.208	 0.208
E-GEOD-75858	no	no	-0.344	 0.344
E-GEOD-75869	no	no	-0.565	 0.565
E-GEOD-75871	no	no	-0.764	 0.764
E-GEOD-75901	no	no	-0.348	 0.348
E-GEOD-75902	no	yes	 0.274	 0.274
E-GEOD-7598	no	yes	 0.343	 0.343
E-GEOD-760	no	yes	 1.005	 1.005
E-GEOD-7600	no	no	-0.558	 0.558
E-GEOD-7605	no	no	-1.697	 1.697
E-GEOD-76097	no	no	-0.624	 0.624
E-GEOD-76144	no	no	-0.310	 0.310
E-GEOD-76361	no	no	-0.646	 0.646
E-GEOD-7647	no	no	-0.593	 0.593
E-GEOD-7648	no	no	-0.461	 0.461
E-GEOD-76514	no	no	-0.249	 0.249
E-GEOD-76615	no	no	-0.844	 0.844
E-GEOD-7662	no	no	-0.436	 0.436
E-GEOD-76693	no	no	-0.505	 0.505
E-GEOD-76697	no	no	-0.201	 0.201
E-GEOD-76805	no	no	-0.446	 0.446
E-GEOD-77243	no	yes	 0.087	 0.087
E-GEOD-77461	no	yes	 0.244	 0.244
E-GEOD-77476	no	no	-1.060	 1.060
E-GEOD-775	no	no	-0.546	 0.546
E-GEOD-77550	no	no	-1.826	 1.826
E-GEOD-77569	no	no	-1.225	 1.225
E-GEOD-77623	no	no	-0.812	 0.812
E-GEOD-77636	no	no	-0.365	 0.365
E-GEOD-77656	no	no	-0.403	 0.403
E-GEOD-7770	no	no	-0.659	 0.659
E-GEOD-77720	no	no	-0.082	 0.082
E-GEOD-77739	no	no	-0.217	 0.217
E-GEOD-77784	no	yes	 0.187	 0.187
E-GEOD-77789	no	no	-0.505	 0.505
E-GEOD-77793	no	no	-0.811	 0.811
E-GEOD-7781	no	no	-0.356	 0.356
E-GEOD-77941	no	yes	 0.434	 0.434
E-GEOD-7800	no	no	-1.355	 1.355
E-GEOD-78053	no	no	-0.173	 0.173
E-GEOD-7809	no	yes	 0.156	 0.156
E-GEOD-7814	no	no	-0.139	 0.139
E-GEOD-78203	no	yes	 0.318	 0.318
E-GEOD-78215	no	yes	 0.117	 0.117
E-GEOD-7823	no	yes	 0.425	 0.425
E-GEOD-7867	no	no	-0.026	 0.026
E-GEOD-78701	no	yes	 0.080	 0.080
E-GEOD-7875	no	no	-0.351	 0.351
E-GEOD-7887	no	yes	 0.071	 0.071
E-GEOD-78996	no	yes	 0.222	 0.222
E-GEOD-79024	no	no	-0.929	 0.929
E-GEOD-79416	no	yes	 0.090	 0.090
E-GEOD-79711	no	yes	 0.653	 0.653
E-GEOD-79742	no	no	-0.201	 0.201
E-GEOD-80119	no	no	-0.615	 0.615
E-GEOD-80254	no	no	-0.702	 0.702
E-GEOD-8034	no	no	-0.673	 0.673
E-GEOD-80473	no	no	-0.456	 0.456
E-GEOD-80983	no	no	-1.357	 1.357
E-GEOD-8146	no	no	-0.188	 0.188
E-GEOD-8150	no	yes	 0.035	 0.035
E-GEOD-8154	no	yes	 0.612	 0.612
E-GEOD-81682	no	no	-1.133	 1.133
E-GEOD-81686	no	no	-0.625	 0.625
E-GEOD-81760	no	no	-0.517	 0.517
E-GEOD-81783	no	no	-0.068	 0.068
E-GEOD-81921	no	no	-0.150	 0.150
E-GEOD-82067	no	no	-0.495	 0.495
E-GEOD-82072	no	no	-0.054	 0.054
E-GEOD-82187	no	no	-1.414	 1.414
E-GEOD-82300	no	yes	 0.299	 0.299
E-GEOD-8291	no	no	-0.336	 0.336
E-GEOD-8302	no	no	-0.441	 0.441
E-GEOD-83144	no	yes	 0.061	 0.061
E-GEOD-83189	no	no	-0.370	 0.370
E-GEOD-83198	no	no	-1.193	 1.193
E-GEOD-83253	no	yes	 0.598	 0.598
E-GEOD-83340	no	no	-1.372	 1.372
E-GEOD-83356	no	no	-0.840	 0.840
E-GEOD-83594	no	no	-1.397	 1.397
E-GEOD-83596	no	no	-0.416	 0.416
E-GEOD-83980	no	no	-0.917	 0.917
E-GEOD-84333	no	yes	 0.426	 0.426
E-GEOD-84442	no	no	-0.070	 0.070
E-GEOD-84551	no	no	-0.769	 0.769
E-GEOD-84653	no	yes	 0.056	 0.056
E-GEOD-84709	no	no	-0.216	 0.216
E-GEOD-84735	no	no	-0.380	 0.380
E-GEOD-84838	no	no	-0.699	 0.699
E-GEOD-84840	no	yes	 0.047	 0.047
E-GEOD-84860	no	yes	 0.774	 0.774
E-GEOD-84946	no	yes	 0.347	 0.347
E-GEOD-84953	no	no	-0.890	 0.890
E-GEOD-85	no	no	-0.108	 0.108
E-GEOD-8512	no	no	-0.452	 0.452
E-GEOD-85136	no	no	-0.015	 0.015
E-GEOD-8524	no	no	-0.650	 0.650
E-GEOD-85303	no	no	-0.922	 0.922
E-GEOD-85381	no	yes	 0.096	 0.096
E-GEOD-85408	no	yes	 0.760	 0.760
E-GEOD-8576	no	no	-0.602	 0.602
E-GEOD-8599	no	no	-0.086	 0.086
E-GEOD-85998	no	no	-0.444	 0.444
E-GEOD-8663	no	no	-1.277	 1.277
E-GEOD-8679	no	no	-0.177	 0.177
E-GEOD-868	no	no	-0.258	 0.258
E-GEOD-8683	no	no	-0.667	 0.667
E-GEOD-8726	no	no	-0.099	 0.099
E-GEOD-8886	no	no	-0.062	 0.062
E-GEOD-8924	no	no	-0.154	 0.154
E-GEOD-8944	no	no	-0.816	 0.816
E-GEOD-9018	no	yes	 0.416	 0.416
E-GEOD-9033	no	yes	 0.851	 0.851
E-GEOD-9097	no	no	-0.629	 0.629
E-GEOD-927	no	no	-0.257	 0.257
E-GEOD-9294	no	yes	 0.049	 0.049
E-GEOD-9297	no	no	-0.299	 0.299
E-GEOD-9299	no	yes	 0.025	 0.025
E-GEOD-937	no	yes	 0.120	 0.120
E-GEOD-9400	no	no	-0.335	 0.335
E-GEOD-9428	no	no	-0.315	 0.315
E-GEOD-9442	no	yes	 0.796	 0.796
E-GEOD-9443	no	no	-0.092	 0.092
E-GEOD-9523	no	no	-0.183	 0.183
E-GEOD-9545	no	yes	 0.009	 0.009
E-GEOD-9549	no	no	-1.177	 1.177
E-GEOD-9558	no	no	-0.525	 0.525
E-GEOD-9562	no	yes	 1.010	 1.010
E-GEOD-9580	no	yes	 0.051	 0.051
E-GEOD-9594	no	no	-0.780	 0.780
E-GEOD-9711	no	no	-0.068	 0.068
E-GEOD-9717	no	yes	 0.195	 0.195
E-GEOD-972	no	no	-0.323	 0.323
E-GEOD-9763	no	no	-1.407	 1.407
E-GEOD-977	no	yes	 0.212	 0.212
E-GEOD-986	no	yes	 0.120	 0.120
E-GEOD-990	no	no	-1.312	 1.312
E-GEOD-9914	no	yes	 0.882	 0.882
E-GEOD-9997	no	no	-0.602	 0.602
E-MARS-12	no	no	-1.119	 1.119
E-MARS-18	no	yes	 1.217	 1.217
E-MAXD-17	no	no	-1.582	 1.582
E-MEXP-1048	no	no	-1.369	 1.369
E-MEXP-1054	no	no	-0.863	 0.863
E-MEXP-1137	no	no	-0.771	 0.771
E-MEXP-117	no	no	-0.786	 0.786
E-MEXP-1231	no	no	-0.282	 0.282
E-MEXP-1234	no	no	-0.134	 0.134
E-MEXP-1302	no	no	-0.813	 0.813
E-MEXP-1358	no	no	-0.212	 0.212
E-MEXP-1383	no	yes	 0.044	 0.044
E-MEXP-1423	no	no	-0.157	 0.157
E-MEXP-145	no	yes	 0.200	 0.200
E-MEXP-1483	no	no	-0.053	 0.053
E-MEXP-1486	no	yes	 1.163	 1.163
E-MEXP-1511	no	no	-1.578	 1.578
E-MEXP-155	no	yes	 0.303	 0.303
E-MEXP-1553	no	no	-0.717	 0.717
E-MEXP-1698	no	yes	 0.387	 0.387
E-MEXP-1707	no	yes	 0.102	 0.102
E-MEXP-1717	no	no	-1.177	 1.177
E-MEXP-1760	no	no	-0.026	 0.026
E-MEXP-1761	no	no	-0.386	 0.386
E-MEXP-1813	no	no	-1.494	 1.494
E-MEXP-1827	no	yes	 0.170	 0.170
E-MEXP-1976	no	yes	 0.182	 0.182
E-MEXP-1979	no	no	-0.041	 0.041
E-MEXP-1998	no	yes	 0.144	 0.144
E-MEXP-2081	no	no	-0.451	 0.451
E-MEXP-2096	no	yes	 0.898	 0.898
E-MEXP-2097	no	no	-0.885	 0.885
E-MEXP-2200	no	no	-0.377	 0.377
E-MEXP-224	no	no	-0.119	 0.119
E-MEXP-2249	no	no	-0.727	 0.727
E-MEXP-2383	no	no	-0.151	 0.151
E-MEXP-2454	no	no	-1.023	 1.023
E-MEXP-2479	no	yes	 0.596	 0.596
E-MEXP-2586	no	no	-0.068	 0.068
E-MEXP-2712	no	no	-0.653	 0.653
E-MEXP-280	no	no	-0.550	 0.550
E-MEXP-281	no	yes	 0.140	 0.140
E-MEXP-287	no	no	-2.173	 2.173
E-MEXP-3047	no	no	-0.288	 0.288
E-MEXP-3369	no	yes	 0.540	 0.540
E-MEXP-3370	no	yes	 0.346	 0.346
E-MEXP-3572	no	yes	 0.235	 0.235
E-MEXP-3573	no	yes	 0.278	 0.278
E-MEXP-3697	no	yes	 0.132	 0.132
E-MEXP-3698	no	yes	 0.260	 0.260
E-MEXP-3744	no	no	-0.321	 0.321
E-MEXP-409	no	yes	 0.433	 0.433
E-MEXP-438	no	yes	 0.011	 0.011
E-MEXP-454	no	yes	 0.907	 0.907
E-MEXP-459	no	no	-1.593	 1.593
E-MEXP-529	no	no	-0.777	 0.777
E-MEXP-540	no	no	-0.302	 0.302
E-MEXP-582	no	no	-0.783	 0.783
E-MEXP-698	no	no	-0.068	 0.068
E-MEXP-786	no	no	-1.121	 1.121
E-MEXP-86	no	yes	 0.078	 0.078
E-MEXP-878	no	no	-0.494	 0.494
E-MEXP-939	no	yes	 0.011	 0.011
E-MEXP-982	no	no	-0.634	 0.634
E-MIMR-2	no	yes	 0.344	 0.344
E-MIMR-38	no	no	-2.010	 2.010
E-MIMR-42	no	no	-0.428	 0.428
E-MIMR-43	no	yes	 0.665	 0.665
E-MIMR-461	no	no	-1.691	 1.691
E-MNIA-61	no	no	-0.817	 0.817
E-MNIA-63	no	no	-1.440	 1.440
E-MNIA-64	no	no	-1.426	 1.426
E-MTAB-1	no	yes	 0.058	 0.058
E-MTAB-1035	no	no	-1.420	 1.420
E-MTAB-113	no	no	-2.140	 2.140
E-MTAB-1156	no	yes	 0.389	 0.389
E-MTAB-1171	no	no	-1.215	 1.215
E-MTAB-1192	no	yes	 0.787	 0.787
E-MTAB-1195	no	no	-0.676	 0.676
E-MTAB-1289	no	yes	 0.024	 0.024
E-MTAB-1399	no	yes	 0.324	 0.324
E-MTAB-1432	no	yes	 0.489	 0.489
E-MTAB-1549	no	no	-0.724	 0.724
E-MTAB-1566	no	no	-0.778	 0.778
E-MTAB-1683	no	yes	 0.370	 0.370
E-MTAB-1691	no	no	-0.401	 0.401
E-MTAB-1696	no	no	-1.611	 1.611
E-MTAB-1821	no	no	-0.429	 0.429
E-MTAB-1822	no	no	-0.353	 0.353
E-MTAB-1831	no	no	-0.995	 0.995
E-MTAB-1880	no	yes	 0.072	 0.072
E-MTAB-1896	no	no	-0.286	 0.286
E-MTAB-1929	no	no	-1.222	 1.222
E-MTAB-1973	no	no	-0.793	 0.793
E-MTAB-2121	no	yes	 0.193	 0.193
E-MTAB-2168	no	no	-0.690	 0.690
E-MTAB-2184	no	yes	 0.103	 0.103
E-MTAB-2226	no	no	-0.613	 0.613
E-MTAB-2262	no	no	-1.813	 1.813
E-MTAB-2266	no	yes	 0.179	 0.179
E-MTAB-2334	no	yes	 0.021	 0.021
E-MTAB-2354	no	no	-0.170	 0.170
E-MTAB-2484	no	yes	 0.905	 0.905
E-MTAB-2512	no	no	-1.028	 1.028
E-MTAB-2520	no	yes	 0.198	 0.198
E-MTAB-2618	no	no	-0.371	 0.371
E-MTAB-2652	no	yes	 0.046	 0.046
E-MTAB-27	no	no	-0.286	 0.286
E-MTAB-2741	no	no	-0.498	 0.498
E-MTAB-2762	no	no	-0.329	 0.329
E-MTAB-2790	no	no	-0.552	 0.552
E-MTAB-28	no	no	-0.656	 0.656
E-MTAB-2843	no	no	-0.722	 0.722
E-MTAB-2905	no	no	-1.451	 1.451
E-MTAB-2930	no	no	-1.006	 1.006
E-MTAB-2931	no	no	-1.032	 1.032
E-MTAB-2951	no	no	-1.381	 1.381
E-MTAB-2960	no	no	-1.398	 1.398
E-MTAB-2974	no	yes	 0.596	 0.596
E-MTAB-2981	no	yes	 0.017	 0.017
E-MTAB-3000	no	no	-1.030	 1.030
E-MTAB-3106	no	no	-0.910	 0.910
E-MTAB-3139	no	yes	 0.332	 0.332
E-MTAB-3171	no	yes	 0.037	 0.037
E-MTAB-3198	no	no	-1.224	 1.224
E-MTAB-3238	no	yes	 0.357	 0.357
E-MTAB-3272	no	yes	 0.152	 0.152
E-MTAB-3312	no	no	-0.751	 0.751
E-MTAB-3346	no	no	-0.735	 0.735
E-MTAB-3353	no	yes	 0.475	 0.475
E-MTAB-3486	no	no	-0.290	 0.290
E-MTAB-3501	no	yes	 0.088	 0.088
E-MTAB-3506	no	no	-0.099	 0.099
E-MTAB-3533	no	no	-0.807	 0.807
E-MTAB-3557	no	yes	 0.489	 0.489
E-MTAB-3565	no	no	-1.474	 1.474
E-MTAB-3578	no	no	-0.257	 0.257
E-MTAB-3633	no	yes	 0.160	 0.160
E-MTAB-3662	no	yes	 0.839	 0.839
E-MTAB-3774	no	no	-0.108	 0.108
E-MTAB-3784	no	no	-1.469	 1.469
E-MTAB-3814	no	no	-0.867	 0.867
E-MTAB-385	no	no	-0.379	 0.379
E-MTAB-3853	no	yes	 0.192	 0.192
E-MTAB-3900	no	no	-0.986	 0.986
E-MTAB-3938	no	yes	 0.750	 0.750
E-MTAB-3943	no	no	-0.395	 0.395
E-MTAB-3980	no	no	-0.125	 0.125
E-MTAB-4007	no	no	-1.345	 1.345
E-MTAB-4026	no	no	-0.381	 0.381
E-MTAB-4066	no	no	-0.685	 0.685
E-MTAB-4086	no	yes	 0.137	 0.137
E-MTAB-4087	no	no	-0.439	 0.439
E-MTAB-4412	no	no	-0.753	 0.753
E-MTAB-449	no	yes	 0.192	 0.192
E-MTAB-4525	no	no	-0.151	 0.151
E-MTAB-4534	no	yes	 0.566	 0.566
E-MTAB-4561	no	no	-1.224	 1.224
E-MTAB-4583	no	yes	 0.140	 0.140
E-MTAB-4619	no	no	-1.257	 1.257
E-MTAB-4659	no	no	-0.199	 0.199
E-MTAB-4675	no	no	-1.309	 1.309
E-MTAB-4690	no	no	-1.789	 1.789
E-MTAB-4726	no	no	-0.340	 0.340
E-MTAB-4912	no	yes	 0.745	 0.745
E-MTAB-4924	no	yes	 0.658	 0.658
E-MTAB-4943	no	no	-0.376	 0.376
E-MTAB-4978	no	no	-0.054	 0.054
E-MTAB-501	no	no	-0.523	 0.523
E-MTAB-5040	no	no	-0.024	 0.024
E-MTAB-5085	no	no	-1.545	 1.545
E-MTAB-5180	no	no	-0.263	 0.263
E-MTAB-525	no	yes	 0.883	 0.883
E-MTAB-5378	no	no	-1.206	 1.206
E-MTAB-543	no	no	-0.204	 0.204
E-MTAB-5482	no	no	-0.805	 0.805
E-MTAB-554	no	no	-0.109	 0.109
E-MTAB-5645	no	no	-0.841	 0.841
E-MTAB-5681	no	yes	 0.662	 0.662
E-MTAB-5727	no	no	-0.292	 0.292
E-MTAB-5930	no	no	-0.088	 0.088
E-MTAB-61	no	yes	 0.453	 0.453
E-MTAB-62	no	no	-0.576	 0.576
E-MTAB-76	no	no	-0.637	 0.637
E-MTAB-764	no	no	-1.221	 1.221
E-MTAB-838	no	yes	 0.634	 0.634
E-MTAB-876	no	no	-0.476	 0.476
E-MTAB-88	no	yes	 1.058	 1.058
E-MTAB-880	no	no	-1.483	 1.483
E-MUGN-1	no	no	-1.312	 1.312
E-NCMF-10	no	no	-0.257	 0.257
E-NCMF-17	no	no	-0.613	 0.613
E-NCMF-18	no	no	-1.158	 1.158
E-NCMF-22	no	no	-0.165	 0.165
E-NCMF-23	no	no	-0.282	 0.282
E-NCMF-38	no	no	-1.115	 1.115
E-NCMF-4	no	no	-0.511	 0.511
E-NCMF-6	no	no	-0.518	 0.518
E-RZPD-2	no	yes	 0.598	 0.598
E-SMDB-2653	no	no	-0.369	 0.369
E-SMDB-3634	no	no	-0.259	 0.259
E-SMDB-3728	no	no	-1.903	 1.903
E-SMDB-3872	no	no	-0.916	 0.916
E-TABM-1077	no	no	-1.131	 1.131
E-TABM-1092	no	no	-0.729	 0.729
E-TABM-1099	no	no	-0.077	 0.077
E-TABM-1125	no	no	-0.757	 0.757
E-TABM-1127	no	no	-0.497	 0.497
E-TABM-1134	no	no	-0.229	 0.229
E-TABM-1139	no	no	-0.943	 0.943
E-TABM-1145	no	no	-0.820	 0.820
E-TABM-1170	no	no	-2.024	 2.024
E-TABM-1205	no	no	-1.694	 1.694
E-TABM-1217	no	no	-0.695	 0.695
E-TABM-141	no	no	-1.049	 1.049
E-TABM-183	no	no	-0.298	 0.298
E-TABM-253	no	no	-1.321	 1.321
E-TABM-266	no	no	-0.696	 0.696
E-TABM-304	no	yes	 0.709	 0.709
E-TABM-329	no	yes	 0.569	 0.569
E-TABM-371	no	no	-0.190	 0.190
E-TABM-381	no	no	-0.518	 0.518
E-TABM-396	no	no	-0.580	 0.580
E-TABM-397	no	no	-0.905	 0.905
E-TABM-404	no	no	-1.201	 1.201
E-TABM-433	no	no	-0.554	 0.554
E-TABM-468	no	no	-1.200	 1.200
E-TABM-473	no	yes	 0.428	 0.428
E-TABM-492	no	no	-0.239	 0.239
E-TABM-498	no	no	-1.641	 1.641
E-TABM-499	no	no	-1.947	 1.947
E-TABM-548	no	no	-1.004	 1.004
E-TABM-550	no	no	-1.499	 1.499
E-TABM-562	no	no	-0.960	 0.960
E-TABM-612	no	no	-1.638	 1.638
E-TABM-618	no	no	-0.386	 0.386
E-TABM-624	no	no	-0.978	 0.978
E-TABM-655	no	no	-0.407	 0.407
E-TABM-662	no	no	-0.952	 0.952
E-TABM-667	no	no	-1.470	 1.470
E-TABM-668	no	no	-1.600	 1.600
E-TABM-671	no	no	-0.635	 0.635
E-TABM-673	no	no	-1.887	 1.887
E-TABM-675	no	no	-1.851	 1.851
E-TABM-690	no	no	-0.408	 0.408
E-TABM-694	no	no	-0.753	 0.753
E-TABM-706	no	no	-2.260	 2.260
E-TABM-709	no	no	-0.858	 0.858
E-TABM-717	no	no	-0.831	 0.831
E-TABM-750	no	no	-0.466	 0.466
E-TABM-753	no	no	-0.899	 0.899
E-TABM-778	no	no	-0.979	 0.979
E-TABM-786	no	no	-1.584	 1.584
E-TABM-81	no	no	-0.120	 0.120
E-TABM-839	no	no	-0.811	 0.811
E-TABM-903	no	no	-1.309	 1.309
E-TABM-923	no	no	-0.600	 0.600
E-TABM-956	no	yes	 0.268	 0.268
E-TABM-957	no	no	-0.353	 0.353
E-TABM-959	no	no	-0.510	 0.510
E-TABM-966	no	no	-0.298	 0.298
E-TABM-990	no	no	-0.737	 0.737
E-TIGR-100	no	no	-0.990	 0.990
E-TIGR-107	no	no	-0.702	 0.702
E-TIGR-108	no	no	-0.134	 0.134
E-TIGR-109	no	yes	 0.103	 0.103
E-TIGR-110	no	no	-0.008	 0.008
E-TIGR-119	no	no	-0.993	 0.993
E-TIGR-121	no	no	-1.645	 1.645
E-TIGR-122	no	no	-1.751	 1.751
E-TIGR-132	no	no	-1.624	 1.624
E-TIGR-133	no	no	-1.624	 1.624
E-TIGR-135	no	yes	 0.129	 0.129
E-TIGR-7	no	no	-1.238	 1.238
E-TIGR-87	no	no	-0.595	 0.595
E-TIGR-88	no	no	-0.595	 0.595
E-TIGR-90	no	no	-1.577	 1.577
E-TIGR-91	no	no	-1.834	 1.834
E-TOXM-1	no	no	-1.656	 1.656
E-TOXM-17	no	no	-1.590	 1.590
E-TOXM-5	no	no	-1.953	 1.953
E-UMCU-22	no	yes	 0.654	 0.654
