Fitting 5 folds for each of 6 candidates, totalling 30 fits
### Start Time 2017/11/30-12-55-49	index file: BalIndex.out
Data dir: ../Data/balanceTesting/try2,	GridSearch Beta: 4
Random Seeds:	randForClassifier=37   randForSplit=889   
### Metrics: Training Set
             precision    recall  f1-score   support

  Train yes       0.74      0.97      0.84       888

avg / total       0.74      0.97      0.84       888

Train F4: 0.956

['yes', 'no']
[[865  23]
 [304 586]]

### Metrics: Test Set
             precision    recall  f1-score   support

  Test  yes       0.69      0.94      0.79       223

avg / total       0.69      0.94      0.79       223

Test  F4: 0.918

['yes', 'no']
[[209  14]
 [ 95 127]]

### Best Pipeline Parameters:
classifier__C: 0.0001
classifier__loss: 'hinge'
classifier__penalty: 'l2'
vectorizer__max_df: 0.6
vectorizer__min_df: 0.05
vectorizer__ngram_range: (1, 2)

### GridSearch Pipeline:
classifier:
LinearSVC(C=0.0001, class_weight='balanced', dual=True, fit_intercept=True,
     intercept_scaling=1, loss='hinge', max_iter=200, multi_class='ovr',
     penalty='l2', random_state=37, tol=0.0001, verbose=0)

scaler:
StandardScaler(copy=True, with_mean=False, with_std=True)

vectorizer:
TfidfVectorizer(analyzer=u'word', binary=False, decode_error='replace',
        dtype=<type 'numpy.int64'>, encoding=u'utf-8', input=u'content',
        lowercase=True, max_df=0.6, max_features=None, min_df=0.05,
        ngram_range=(1, 2), norm=u'l2', preprocessor=None, smooth_idf=True,
        stop_words='english', strip_accents='unicode', sublinear_tf=False,
        token_pattern=u'(?i)\\b([a-z_]\\w+)\\b', tokenizer=None,
        use_idf=True, vocabulary=None)

### Parameter Options Tried:
classifier__C:[0.0001, 1e-05]
classifier__loss:['hinge']
classifier__penalty:['l2']
vectorizer__max_df:[0.5, 0.6, 0.7]
vectorizer__min_df:[0.05]
vectorizer__ngram_range:[(1, 2)]

### Top positive features (20)
+0.0365	develop
+0.0346	embryo
+0.0296	mutant
+0.0280	organism_part_ef
+0.0254	postnat
+0.0253	knockout
+0.0243	developmental_stage_ef
+0.0237	stage
+0.0237	tissu
+0.0224	defect
+0.0220	wild
+0.0217	wild type
+0.0216	pool
+0.0214	heart
+0.0208	age_ef
+0.0202	litterm
+0.0199	mammalian
+0.0197	embryon day
+0.0194	rnas
+0.0193	sequenc

### Top negative features (20)
-0.0205	line
-0.0225	mous embryon
-0.0230	hour
-0.0232	transgen
-0.0249	follow
-0.0288	cell_type_ef
-0.0295	respons
-0.0316	time_ef
-0.0325	treatment
-0.0340	treatment_ef
-0.0347	sort
-0.0350	cultur
-0.0356	stem cell
-0.0365	mef
-0.0365	stem
-0.0366	fibroblast
-0.0373	compound_ef
-0.0416	induc
-0.0417	treat
-0.0633	cell

### Vectorizer:   Number of Features: 299
First 10 features: [u'activ', u'addit', u'adult', u'affect', u'affymetrix', u'affymetrix microarray', u'age', u'age_ef', u'aim', u'alter']

Middle 10 features: [u'like', u'line', u'lineag', u'litterm', u'liver', u'long', u'loss', u'major', u'male', u'mammalian']

Last 10 features: [u'use affymetrix', u'use microarray', u'vivo', u'vs', u'week', u'wide', u'wild', u'wild type', u'wildtyp', u'wt']

### False positives: 95
E-GEOD-63653
E-GEOD-15894
E-GEOD-36427
E-TABM-473
E-MTAB-1332

### False negatives: 14
E-GEOD-12618
E-GEOD-61499
E-GEOD-59127
E-MEXP-3442
E-CBIL-23

### Train Test Split Report, test % = 0.20
All Samples:   2223	Training Samples:   1778	Test Samples:    445
Yes count:     1111	Yes count:           888	Yes count:       223
No  count:     1112	No  count:           890	No  count:       222
Percent Yes:    49%	Percent Yes:         49%	Percent Yes:     50%
### End Time 2017/11/30-12-56-01

Fitting 5 folds for each of 9 candidates, totalling 45 fits
### Start Time 2017/11/30-13-00-49	index file: BalIndex.out
Data dir: ../Data/balanceTesting/try2,	GridSearch Beta: 4
Random Seeds:	randForClassifier=329   randForSplit=712   
### Metrics: Training Set
             precision    recall  f1-score   support

  Train yes       0.72      0.98      0.83       888

avg / total       0.72      0.98      0.83       888

Train F4: 0.960

['yes', 'no']
[[871  17]
 [342 548]]

### Metrics: Test Set
             precision    recall  f1-score   support

  Test  yes       0.71      0.95      0.81       223

avg / total       0.71      0.95      0.81       223

Test  F4: 0.928

['yes', 'no']
[[211  12]
 [ 88 134]]

### Best Pipeline Parameters:
classifier__C: 1e-05
classifier__loss: 'hinge'
classifier__penalty: 'l2'
vectorizer__max_df: 0.5
vectorizer__min_df: 0.05
vectorizer__ngram_range: (1, 2)

### GridSearch Pipeline:
classifier:
LinearSVC(C=1e-05, class_weight='balanced', dual=True, fit_intercept=True,
     intercept_scaling=1, loss='hinge', max_iter=200, multi_class='ovr',
     penalty='l2', random_state=329, tol=0.0001, verbose=0)

scaler:
StandardScaler(copy=True, with_mean=False, with_std=True)

vectorizer:
TfidfVectorizer(analyzer=u'word', binary=False, decode_error='replace',
        dtype=<type 'numpy.int64'>, encoding=u'utf-8', input=u'content',
        lowercase=True, max_df=0.5, max_features=None, min_df=0.05,
        ngram_range=(1, 2), norm=u'l2', preprocessor=None, smooth_idf=True,
        stop_words='english', strip_accents='unicode', sublinear_tf=False,
        token_pattern=u'(?i)\\b([a-z_]\\w+)\\b', tokenizer=None,
        use_idf=True, vocabulary=None)

### Parameter Options Tried:
classifier__C:[0.001, 0.0001, 1e-05]
classifier__loss:['hinge']
classifier__penalty:['l2']
vectorizer__max_df:[0.5, 0.6, 0.7]
vectorizer__min_df:[0.05]
vectorizer__ngram_range:[(1, 2)]

### Top positive features (20)
+0.0037	embryo
+0.0036	develop
+0.0032	mutant
+0.0029	organism_part_ef
+0.0027	postnat
+0.0026	wild
+0.0026	tissu
+0.0026	stage
+0.0025	wild type
+0.0025	defect
+0.0024	pool
+0.0023	dissect
+0.0023	genotyp
+0.0022	litterm
+0.0022	age_ef
+0.0022	type
+0.0022	heart
+0.0021	mous embryo
+0.0021	knockout
+0.0020	embryon day

### Top negative features (20)
-0.0022	cell line
-0.0023	activ
-0.0023	transgen
-0.0024	mous embryon
-0.0024	follow
-0.0028	hour
-0.0029	cell_type_ef
-0.0031	respons
-0.0033	sort
-0.0033	cultur
-0.0035	stem
-0.0035	stem cell
-0.0036	time_ef
-0.0037	treatment
-0.0037	treatment_ef
-0.0037	mef
-0.0037	fibroblast
-0.0039	compound_ef
-0.0043	treat
-0.0044	induc

### Vectorizer:   Number of Features: 291
First 10 features: [u'absenc', u'activ', u'addit', u'adult', u'affect', u'affymetrix', u'affymetrix microarray', u'age', u'age_ef', u'aim']

Middle 10 features: [u'lack', u'larg', u'lead', u'level', u'like', u'line', u'lineag', u'litterm', u'liver', u'loss']

Last 10 features: [u'use affymetrix', u'use microarray', u'vivo', u'vs', u'week', u'wide', u'wild', u'wild type', u'wildtyp', u'wt']

### False positives: 88
E-GEOD-11356
E-GEOD-10235
E-GEOD-46447
E-ERAD-402
E-TABM-332

### False negatives: 12
E-GEOD-59777
E-GEOD-22182
E-GEOD-17141
E-GEOD-20639
E-GEOD-15058

### Train Test Split Report, test % = 0.20
All Samples:   2223	Training Samples:   1778	Test Samples:    445
Yes count:     1111	Yes count:           888	Yes count:       223
No  count:     1112	No  count:           890	No  count:       222
Percent Yes:    49%	Percent Yes:         49%	Percent Yes:     50%
### End Time 2017/11/30-13-01-06

Fitting 5 folds for each of 9 candidates, totalling 45 fits
### Start Time 2017/11/30-13-03-24	index file: BalIndex.out
Data dir: ../Data/balanceTesting/try2,	GridSearch Beta: 4
Random Seeds:	randForClassifier=587   randForSplit=989   
### Metrics: Training Set
             precision    recall  f1-score   support

  Train yes       0.74      0.97      0.84       889

avg / total       0.74      0.97      0.84       889

Train F4: 0.952

['yes', 'no']
[[861  28]
 [298 591]]

### Metrics: Test Set
             precision    recall  f1-score   support

  Test  yes       0.74      0.95      0.83       222

avg / total       0.74      0.95      0.83       222

Test  F4: 0.935

['yes', 'no']
[[211  11]
 [ 74 149]]

### Best Pipeline Parameters:
classifier__C: 0.0001
classifier__loss: 'hinge'
classifier__penalty: 'l2'
vectorizer__max_df: 0.6
vectorizer__min_df: 0.05
vectorizer__ngram_range: (1, 2)

### GridSearch Pipeline:
classifier:
LinearSVC(C=0.0001, class_weight=None, dual=True, fit_intercept=True,
     intercept_scaling=1, loss='hinge', max_iter=200, multi_class='ovr',
     penalty='l2', random_state=587, tol=0.0001, verbose=0)

scaler:
StandardScaler(copy=True, with_mean=False, with_std=True)

vectorizer:
TfidfVectorizer(analyzer=u'word', binary=False, decode_error='replace',
        dtype=<type 'numpy.int64'>, encoding=u'utf-8', input=u'content',
        lowercase=True, max_df=0.6, max_features=None, min_df=0.05,
        ngram_range=(1, 2), norm=u'l2', preprocessor=None, smooth_idf=True,
        stop_words='english', strip_accents='unicode', sublinear_tf=False,
        token_pattern=u'(?i)\\b([a-z_]\\w+)\\b', tokenizer=None,
        use_idf=True, vocabulary=None)

### Parameter Options Tried:
classifier__C:[0.001, 0.0001, 1e-05]
classifier__loss:['hinge']
classifier__penalty:['l2']
vectorizer__max_df:[0.5, 0.6, 0.7]
vectorizer__min_df:[0.05]
vectorizer__ngram_range:[(1, 2)]

### Top positive features (20)
+0.0397	develop
+0.0370	embryo
+0.0302	organism_part_ef
+0.0287	mutant
+0.0259	postnat
+0.0256	tissu
+0.0254	stage
+0.0225	age_ef
+0.0222	wild
+0.0220	defect
+0.0218	wild type
+0.0214	genotyp
+0.0212	dissect
+0.0211	pool
+0.0211	knockout
+0.0210	developmental_stage_ef
+0.0207	mous embryo
+0.0206	heart
+0.0203	development
+0.0200	mammalian

### Top negative features (20)
-0.0207	primari
-0.0216	mous embryon
-0.0229	effect
-0.0231	transgen
-0.0243	hour
-0.0266	cell_type_ef
-0.0268	follow
-0.0301	respons
-0.0334	time_ef
-0.0334	treatment
-0.0342	sort
-0.0345	cultur
-0.0346	stem
-0.0349	stem cell
-0.0355	fibroblast
-0.0358	treatment_ef
-0.0361	compound_ef
-0.0432	induc
-0.0442	treat
-0.0574	cell

### Vectorizer:   Number of Features: 292
First 10 features: [u'absenc', u'activ', u'addit', u'adult', u'affect', u'affymetrix', u'affymetrix microarray', u'age', u'age_ef', u'aim']

Middle 10 features: [u'larg', u'lead', u'level', u'like', u'line', u'litterm', u'liver', u'loss', u'major', u'male']

Last 10 features: [u'use affymetrix', u'use microarray', u'vivo', u'vs', u'week', u'wide', u'wild', u'wild type', u'wildtyp', u'wt']

### False positives: 74
E-GEOD-51892
E-GEOD-56378
E-GEOD-30140
E-GEOD-29067
E-GEOD-50188

### False negatives: 11
E-GEOD-54785
E-GEOD-24625
E-GEOD-20639
E-GEOD-61499
E-GEOD-33091

### Train Test Split Report, test % = 0.20
All Samples:   2223	Training Samples:   1778	Test Samples:    445
Yes count:     1111	Yes count:           889	Yes count:       222
No  count:     1112	No  count:           889	No  count:       223
Percent Yes:    49%	Percent Yes:         50%	Percent Yes:     49%
### End Time 2017/11/30-13-03-41

Fitting 5 folds for each of 9 candidates, totalling 45 fits
### Start Time 2017/11/30-13-04-42	index file: BalIndex.out
Data dir: ../Data/balanceTesting/try2,	GridSearch Beta: 4
Random Seeds:	randForClassifier=374   randForSplit=902   
### Metrics: Training Set
             precision    recall  f1-score   support

  Train yes       0.73      0.98      0.84       891

avg / total       0.73      0.98      0.84       891

Train F4: 0.961

['yes', 'no']
[[874  17]
 [327 560]]

### Metrics: Test Set
             precision    recall  f1-score   support

  Test  yes       0.72      0.95      0.82       220

avg / total       0.72      0.95      0.82       220

Test  F4: 0.929

['yes', 'no']
[[208  12]
 [ 79 146]]

### Best Pipeline Parameters:
classifier__C: 0.0001
classifier__loss: 'hinge'
classifier__penalty: 'l2'
vectorizer__max_df: 0.7
vectorizer__min_df: 0.05
vectorizer__ngram_range: (1, 2)

### GridSearch Pipeline:
classifier:
LinearSVC(C=0.0001, class_weight=None, dual=True, fit_intercept=True,
     intercept_scaling=1, loss='hinge', max_iter=200, multi_class='ovr',
     penalty='l2', random_state=374, tol=0.0001, verbose=0)

scaler:
StandardScaler(copy=True, with_mean=False, with_std=True)

vectorizer:
TfidfVectorizer(analyzer=u'word', binary=False, decode_error='replace',
        dtype=<type 'numpy.int64'>, encoding=u'utf-8', input=u'content',
        lowercase=True, max_df=0.7, max_features=None, min_df=0.05,
        ngram_range=(1, 2), norm=u'l2', preprocessor=None, smooth_idf=True,
        stop_words='english', strip_accents='unicode', sublinear_tf=False,
        token_pattern=u'(?i)\\b([a-z_]\\w+)\\b', tokenizer=None,
        use_idf=True, vocabulary=None)

### Parameter Options Tried:
classifier__C:[0.001, 0.0001, 1e-05]
classifier__loss:['hinge']
classifier__penalty:['l2']
vectorizer__max_df:[0.5, 0.6, 0.7]
vectorizer__min_df:[0.05]
vectorizer__ngram_range:[(1, 2)]

### Top positive features (20)
+0.0370	develop
+0.0355	embryo
+0.0313	mutant
+0.0299	organism_part_ef
+0.0248	postnat
+0.0244	pool
+0.0242	defect
+0.0240	tissu
+0.0224	knockout
+0.0224	age_ef
+0.0222	wild
+0.0221	stage
+0.0219	developmental_stage_ef
+0.0217	wild type
+0.0214	dissect
+0.0201	mammalian
+0.0199	heart
+0.0198	embryon day
+0.0197	genotyp
+0.0197	type

### Top negative features (20)
-0.0213	transgen
-0.0216	mous embryon
-0.0219	hour
-0.0237	effect
-0.0269	follow
-0.0293	cell_type_ef
-0.0305	respons
-0.0317	time_ef
-0.0323	sort
-0.0341	treatment
-0.0347	cultur
-0.0349	treatment_ef
-0.0354	fibroblast
-0.0356	mef
-0.0359	stem cell
-0.0361	stem
-0.0361	compound_ef
-0.0419	induc
-0.0435	treat
-0.0580	cell

### Vectorizer:   Number of Features: 301
First 10 features: [u'absenc', u'activ', u'addit', u'adult', u'affect', u'affymetrix', u'affymetrix microarray', u'age', u'age_ef', u'aim']

Middle 10 features: [u'level', u'like', u'line', u'lineag', u'litterm', u'liver', u'loss', u'lung', u'major', u'male']

Last 10 features: [u'use affymetrix', u'use microarray', u'vivo', u'vs', u'week', u'wide', u'wild', u'wild type', u'wildtyp', u'wt']

### False positives: 79
E-GEOD-66619
E-GEOD-4870
E-GEOD-37718
E-GEOD-1920
E-GEOD-47104

### False negatives: 12
E-TABM-877
E-GEOD-32511
E-MEXP-1544
E-TIGR-101
E-GEOD-68155

### Train Test Split Report, test % = 0.20
All Samples:   2223	Training Samples:   1778	Test Samples:    445
Yes count:     1111	Yes count:           891	Yes count:       220
No  count:     1112	No  count:           887	No  count:       225
Percent Yes:    49%	Percent Yes:         50%	Percent Yes:     49%
### End Time 2017/11/30-13-04-58

Fitting 5 folds for each of 3 candidates, totalling 15 fits
### Start Time 2017/11/30-13-06-34	index file: BalIndex.out
Data dir: ../Data/balanceTesting/try2,	GridSearch Beta: 4
Random Seeds:	randForClassifier=407   randForSplit=582   
### Metrics: Training Set
             precision    recall  f1-score   support

  Train yes       0.75      0.96      0.85       886

avg / total       0.75      0.96      0.85       886

Train F4: 0.947

['yes', 'no']
[[853  33]
 [278 614]]

### Metrics: Test Set
             precision    recall  f1-score   support

  Test  yes       0.71      0.96      0.82       225

avg / total       0.71      0.96      0.82       225

Test  F4: 0.937

['yes', 'no']
[[215  10]
 [ 86 134]]

### Best Pipeline Parameters:
classifier__C: 0.0001
classifier__loss: 'hinge'
classifier__penalty: 'l2'
vectorizer__max_df: 0.8
vectorizer__min_df: 0.05
vectorizer__ngram_range: (1, 2)

### GridSearch Pipeline:
classifier:
LinearSVC(C=0.0001, class_weight=None, dual=True, fit_intercept=True,
     intercept_scaling=1, loss='hinge', max_iter=200, multi_class='ovr',
     penalty='l2', random_state=407, tol=0.0001, verbose=0)

scaler:
StandardScaler(copy=True, with_mean=False, with_std=True)

vectorizer:
TfidfVectorizer(analyzer=u'word', binary=False, decode_error='replace',
        dtype=<type 'numpy.int64'>, encoding=u'utf-8', input=u'content',
        lowercase=True, max_df=0.8, max_features=None, min_df=0.05,
        ngram_range=(1, 2), norm=u'l2', preprocessor=None, smooth_idf=True,
        stop_words='english', strip_accents='unicode', sublinear_tf=False,
        token_pattern=u'(?i)\\b([a-z_]\\w+)\\b', tokenizer=None,
        use_idf=True, vocabulary=None)

### Parameter Options Tried:
classifier__C:[0.001, 0.0001, 1e-05]
classifier__loss:['hinge']
classifier__penalty:['l2']
vectorizer__max_df:[0.8]
vectorizer__min_df:[0.05]
vectorizer__ngram_range:[(1, 2)]

### Top positive features (20)
+0.0384	develop
+0.0381	embryo
+0.0311	mutant
+0.0305	organism_part_ef
+0.0258	defect
+0.0248	postnat
+0.0238	pool
+0.0234	age_ef
+0.0230	stage
+0.0230	wild
+0.0228	wild type
+0.0220	tissu
+0.0212	developmental_stage_ef
+0.0211	embryon day
+0.0211	dissect
+0.0207	mous embryo
+0.0194	mammalian
+0.0191	litterm
+0.0191	type
+0.0189	genotyp

### Top negative features (20)
-0.0232	effect
-0.0237	transgen
-0.0238	activ
-0.0264	follow
-0.0267	cell_type_ef
-0.0269	hour
-0.0316	respons
-0.0322	sort
-0.0329	time_ef
-0.0341	stem cell
-0.0347	cultur
-0.0352	stem
-0.0355	mef
-0.0358	treatment_ef
-0.0361	fibroblast
-0.0376	treatment
-0.0385	compound_ef
-0.0411	treat
-0.0430	induc
-0.0622	cell

### Vectorizer:   Number of Features: 300
First 10 features: [u'absenc', u'activ', u'addit', u'adult', u'affect', u'affymetrix', u'affymetrix microarray', u'age', u'age_ef', u'aim']

Middle 10 features: [u'lead', u'level', u'like', u'line', u'lineag', u'litterm', u'liver', u'long', u'loss', u'major']

Last 10 features: [u'use affymetrix', u'use microarray', u'vivo', u'vs', u'week', u'wide', u'wild', u'wild type', u'wildtyp', u'wt']

### False positives: 86
E-GEOD-29632
E-GEOD-66717
E-GEOD-24142
E-GEOD-41013
E-GEOD-62013

### False negatives: 10
E-GEOD-10644
E-GEOD-25017
E-GEOD-68155
E-MTAB-2555
E-GEOD-6443

### Train Test Split Report, test % = 0.20
All Samples:   2223	Training Samples:   1778	Test Samples:    445
Yes count:     1111	Yes count:           886	Yes count:       225
No  count:     1112	No  count:           892	No  count:       220
Percent Yes:    49%	Percent Yes:         49%	Percent Yes:     50%
### End Time 2017/11/30-13-06-41

Fitting 5 folds for each of 3 candidates, totalling 15 fits
### Start Time 2017/11/30-13-07-15	index file: BalIndex.out
Data dir: ../Data/balanceTesting/try2,	GridSearch Beta: 4
Random Seeds:	randForClassifier=947   randForSplit=224   
### Metrics: Training Set
             precision    recall  f1-score   support

  Train yes       0.72      0.97      0.83       885

avg / total       0.72      0.97      0.83       885

Train F4: 0.951

['yes', 'no']
[[859  26]
 [333 560]]

### Metrics: Test Set
             precision    recall  f1-score   support

  Test  yes       0.74      0.97      0.84       226

avg / total       0.74      0.97      0.84       226

Test  F4: 0.952

['yes', 'no']
[[219   7]
 [ 76 143]]

### Best Pipeline Parameters:
classifier__C: 1e-05
classifier__loss: 'hinge'
classifier__penalty: 'l2'
vectorizer__max_df: 0.9
vectorizer__min_df: 0.05
vectorizer__ngram_range: (1, 2)

### GridSearch Pipeline:
classifier:
LinearSVC(C=1e-05, class_weight=None, dual=True, fit_intercept=True,
     intercept_scaling=1, loss='hinge', max_iter=200, multi_class='ovr',
     penalty='l2', random_state=947, tol=0.0001, verbose=0)

scaler:
StandardScaler(copy=True, with_mean=False, with_std=True)

vectorizer:
TfidfVectorizer(analyzer=u'word', binary=False, decode_error='replace',
        dtype=<type 'numpy.int64'>, encoding=u'utf-8', input=u'content',
        lowercase=True, max_df=0.9, max_features=None, min_df=0.05,
        ngram_range=(1, 2), norm=u'l2', preprocessor=None, smooth_idf=True,
        stop_words='english', strip_accents='unicode', sublinear_tf=False,
        token_pattern=u'(?i)\\b([a-z_]\\w+)\\b', tokenizer=None,
        use_idf=True, vocabulary=None)

### Parameter Options Tried:
classifier__C:[0.001, 0.0001, 1e-05]
classifier__loss:['hinge']
classifier__penalty:['l2']
vectorizer__max_df:[0.9]
vectorizer__min_df:[0.05]
vectorizer__ngram_range:[(1, 2)]

### Top positive features (20)
+0.0037	develop
+0.0035	embryo
+0.0032	organism_part_ef
+0.0031	mutant
+0.0027	tissu
+0.0026	wild
+0.0026	wild type
+0.0025	pool
+0.0024	defect
+0.0024	postnat
+0.0024	stage
+0.0022	type
+0.0022	knockout
+0.0022	developmental_stage_ef
+0.0021	embryon day
+0.0021	age_ef
+0.0021	litterm
+0.0020	mous
+0.0020	organ
+0.0020	heart

### Top negative features (20)
-0.0021	activ
-0.0022	transgen
-0.0024	follow
-0.0025	mous embryon
-0.0027	hour
-0.0027	cell_type_ef
-0.0032	respons
-0.0034	sort
-0.0035	treatment
-0.0035	fibroblast
-0.0035	treatment_ef
-0.0035	time_ef
-0.0035	stem
-0.0036	mef
-0.0036	stem cell
-0.0037	cultur
-0.0041	compound_ef
-0.0043	induc
-0.0043	treat
-0.0062	cell

### Vectorizer:   Number of Features: 305
First 10 features: [u'acid', u'activ', u'addit', u'adult', u'affect', u'affymetrix', u'affymetrix microarray', u'age', u'age_ef', u'aim']

Middle 10 features: [u'larg', u'lead', u'level', u'like', u'line', u'lineag', u'litterm', u'liver', u'loss', u'lung']

Last 10 features: [u'use affymetrix', u'use microarray', u'vivo', u'vs', u'week', u'wide', u'wild', u'wild type', u'wildtyp', u'wt']

### False positives: 76
E-GEOD-14021
E-GEOD-25250
E-GEOD-55071
E-GEOD-18937
E-GEOD-18617

### False negatives: 7
E-MEXP-1544
E-GEOD-12618
E-MTAB-2555
E-GEOD-8552
E-MTAB-3707

### Train Test Split Report, test % = 0.20
All Samples:   2223	Training Samples:   1778	Test Samples:    445
Yes count:     1111	Yes count:           885	Yes count:       226
No  count:     1112	No  count:           893	No  count:       219
Percent Yes:    49%	Percent Yes:         49%	Percent Yes:     50%
### End Time 2017/11/30-13-07-22

Fitting 5 folds for each of 3 candidates, totalling 15 fits
### Start Time 2017/11/30-13-10-01	index file: BalIndex.out
Data dir: ../Data/balanceTesting/try2,	GridSearch Beta: 4
Random Seeds:	randForClassifier=103   randForSplit=894   
### Metrics: Training Set
             precision    recall  f1-score   support

  Train yes       0.87      0.96      0.91       885

avg / total       0.87      0.96      0.91       885

Train F4: 0.951

['yes', 'no']
[[847  38]
 [128 765]]

### Metrics: Test Set
             precision    recall  f1-score   support

  Test  yes       0.80      0.90      0.85       226

avg / total       0.80      0.90      0.85       226

Test  F4: 0.892

['yes', 'no']
[[203  23]
 [ 50 169]]

### Best Pipeline Parameters:
classifier__C: 0.0001
classifier__loss: 'hinge'
classifier__penalty: 'l2'
vectorizer__max_df: 0.9
vectorizer__min_df: 0.01
vectorizer__ngram_range: (1, 2)

### GridSearch Pipeline:
classifier:
LinearSVC(C=0.0001, class_weight=None, dual=True, fit_intercept=True,
     intercept_scaling=1, loss='hinge', max_iter=200, multi_class='ovr',
     penalty='l2', random_state=103, tol=0.0001, verbose=0)

scaler:
StandardScaler(copy=True, with_mean=False, with_std=True)

vectorizer:
TfidfVectorizer(analyzer=u'word', binary=False, decode_error='replace',
        dtype=<type 'numpy.int64'>, encoding=u'utf-8', input=u'content',
        lowercase=True, max_df=0.9, max_features=None, min_df=0.01,
        ngram_range=(1, 2), norm=u'l2', preprocessor=None, smooth_idf=True,
        stop_words='english', strip_accents='unicode', sublinear_tf=False,
        token_pattern=u'(?i)\\b([a-z_]\\w+)\\b', tokenizer=None,
        use_idf=True, vocabulary=None)

### Parameter Options Tried:
classifier__C:[0.001, 0.0001, 1e-05]
classifier__loss:['hinge']
classifier__penalty:['l2']
vectorizer__max_df:[0.9]
vectorizer__min_df:[0.01]
vectorizer__ngram_range:[(1, 2)]

### Top positive features (20)
+0.0297	develop
+0.0264	embryo
+0.0234	organism_part_ef
+0.0206	mutant
+0.0202	mous
+0.0188	postnat
+0.0181	age_ef
+0.0177	heart
+0.0174	tissu
+0.0171	defect
+0.0170	developmental_stage_ef
+0.0169	stage
+0.0163	testi
+0.0158	e12
+0.0154	embryon day
+0.0150	birth
+0.0149	dissect
+0.0149	knockout
+0.0148	cre
+0.0146	litterm

### Top negative features (20)
-0.0197	transgen
-0.0198	stem cell
-0.0198	exposur
-0.0200	expos
-0.0213	cell_type_ef
-0.0217	respons
-0.0229	embryon fibroblast
-0.0234	fac
-0.0238	time_ef
-0.0243	sort
-0.0246	cultur
-0.0254	infect
-0.0272	fibroblast
-0.0273	treatment
-0.0273	mef
-0.0276	compound_ef
-0.0277	treatment_ef
-0.0303	treat
-0.0330	induc
-0.0441	cell

### Vectorizer:   Number of Features: 1592
First 10 features: [u'aberr', u'abil', u'abl', u'ablat', u'abnorm', u'absenc', u'abund', u'access', u'accompani', u'accord']

Middle 10 features: [u'lcm', u'lead', u'led', u'left', u'length', u'lethal', u'leukemia', u'level', u'level everi', u'level gene']

Last 10 features: [u'wnt', u'wnt signal', u'work', u'wt', u'wt ko', u'wt mice', u'year', u'young', u'zinc', u'zone']

### False positives: 50
E-GEOD-28670
E-GEOD-29766
E-GEOD-9914
E-GEOD-9545
E-GEOD-19367

### False negatives: 23
E-GEOD-37559
E-GEOD-56135
E-GEOD-13563
E-GEOD-21860
E-GEOD-45278

### Train Test Split Report, test % = 0.20
All Samples:   2223	Training Samples:   1778	Test Samples:    445
Yes count:     1111	Yes count:           885	Yes count:       226
No  count:     1112	No  count:           893	No  count:       219
Percent Yes:    49%	Percent Yes:         49%	Percent Yes:     50%
### End Time 2017/11/30-13-10-08

Fitting 5 folds for each of 3 candidates, totalling 15 fits
### Start Time 2017/11/30-13-12-07	index file: BalIndex.out
Data dir: ../Data/balanceTesting/try2,	GridSearch Beta: 4
Random Seeds:	randForClassifier=54   randForSplit=974   
### Metrics: Training Set
             precision    recall  f1-score   support

  Train yes       0.85      0.97      0.90       896

avg / total       0.85      0.97      0.90       896

Train F4: 0.963

['yes', 'no']
[[870  26]
 [159 723]]

### Metrics: Test Set
             precision    recall  f1-score   support

  Test  yes       0.74      0.94      0.83       215

avg / total       0.74      0.94      0.83       215

Test  F4: 0.925

['yes', 'no']
[[202  13]
 [ 72 158]]

### Best Pipeline Parameters:
classifier__C: 1e-05
classifier__loss: 'hinge'
classifier__penalty: 'l2'
vectorizer__max_df: 0.9
vectorizer__min_df: 10
vectorizer__ngram_range: (1, 2)

### GridSearch Pipeline:
classifier:
LinearSVC(C=1e-05, class_weight=None, dual=True, fit_intercept=True,
     intercept_scaling=1, loss='hinge', max_iter=200, multi_class='ovr',
     penalty='l2', random_state=54, tol=0.0001, verbose=0)

scaler:
StandardScaler(copy=True, with_mean=False, with_std=True)

vectorizer:
TfidfVectorizer(analyzer=u'word', binary=False, decode_error='replace',
        dtype=<type 'numpy.int64'>, encoding=u'utf-8', input=u'content',
        lowercase=True, max_df=0.9, max_features=None, min_df=10,
        ngram_range=(1, 2), norm=u'l2', preprocessor=None, smooth_idf=True,
        stop_words='english', strip_accents='unicode', sublinear_tf=False,
        token_pattern=u'(?i)\\b([a-z_]\\w+)\\b', tokenizer=None,
        use_idf=True, vocabulary=None)

### Parameter Options Tried:
classifier__C:[0.001, 0.0001, 1e-05]
classifier__loss:['hinge']
classifier__penalty:['l2']
vectorizer__max_df:[0.9]
vectorizer__min_df:[10]
vectorizer__ngram_range:[(1, 2)]

### Top positive features (20)
+0.0044	develop
+0.0033	embryo
+0.0032	mutant
+0.0029	organism_part_ef
+0.0027	defect
+0.0027	postnat
+0.0026	tissu
+0.0026	wild
+0.0025	wild type
+0.0024	stage
+0.0023	age_ef
+0.0022	type
+0.0022	heart
+0.0022	testi
+0.0021	pool
+0.0021	knockout
+0.0021	sequenc
+0.0021	mutant mice
+0.0021	developmental_stage_ef
+0.0021	dissect

### Top negative features (20)
-0.0026	fibroblast mef
-0.0027	respons
-0.0028	dose_ef
-0.0029	cell_type_ef
-0.0030	infect
-0.0031	fac
-0.0032	sort
-0.0033	time_ef
-0.0033	embryon fibroblast
-0.0034	stem
-0.0034	treatment_ef
-0.0035	stem cell
-0.0035	mef
-0.0036	fibroblast
-0.0036	cultur
-0.0037	treatment
-0.0040	compound_ef
-0.0042	induc
-0.0044	treat
-0.0061	cell

### Vectorizer:   Number of Features: 2895
First 10 features: [u'aberr', u'abil', u'abl', u'ablat', u'abnorm', u'abov', u'absenc', u'absent', u'abund', u'acceler']

Middle 10 features: [u'knockout', u'knockout embryo', u'knockout ko', u'knockout mice', u'knockout mous', u'knockout wild', u'knowledg', u'known', u'known regul', u'ko']

Last 10 features: [u'work', u'wt', u'wt ko', u'wt mice', u'year', u'yield', u'young', u'zinc', u'zinc finger', u'zone']

### False positives: 72
E-TABM-473
E-GEOD-57019
E-GEOD-31004
E-MTAB-3272
E-GEOD-3770

### False negatives: 13
E-GEOD-9913
E-ERAD-352
E-GEOD-38218
E-GEOD-12008
E-GEOD-72133

### Train Test Split Report, test % = 0.20
All Samples:   2223	Training Samples:   1778	Test Samples:    445
Yes count:     1111	Yes count:           896	Yes count:       215
No  count:     1112	No  count:           882	No  count:       230
Percent Yes:    49%	Percent Yes:         50%	Percent Yes:     48%
### End Time 2017/11/30-13-12-14

Fitting 5 folds for each of 8 candidates, totalling 40 fits
### Start Time 2017/11/30-13-13-51	index file: BalIndex.out
Data dir: ../Data/balanceTesting/try2,	GridSearch Beta: 4
Random Seeds:	randForClassifier=846   randForSplit=202   
### Metrics: Training Set
             precision    recall  f1-score   support

  Train yes       0.83      0.98      0.90       889

avg / total       0.83      0.98      0.90       889

Train F4: 0.965

['yes', 'no']
[[867  22]
 [177 712]]

### Metrics: Test Set
             precision    recall  f1-score   support

  Test  yes       0.78      0.91      0.84       222

avg / total       0.78      0.91      0.84       222

Test  F4: 0.901

['yes', 'no']
[[202  20]
 [ 56 167]]

### Best Pipeline Parameters:
classifier__C: 1e-05
classifier__loss: 'hinge'
classifier__penalty: 'l2'
vectorizer__max_df: 0.9
vectorizer__min_df: 17
vectorizer__ngram_range: (1, 2)

### GridSearch Pipeline:
classifier:
LinearSVC(C=1e-05, class_weight=None, dual=True, fit_intercept=True,
     intercept_scaling=1, loss='hinge', max_iter=200, multi_class='ovr',
     penalty='l2', random_state=846, tol=0.0001, verbose=0)

scaler:
StandardScaler(copy=True, with_mean=False, with_std=True)

vectorizer:
TfidfVectorizer(analyzer=u'word', binary=False, decode_error='replace',
        dtype=<type 'numpy.int64'>, encoding=u'utf-8', input=u'content',
        lowercase=True, max_df=0.9, max_features=None, min_df=17,
        ngram_range=(1, 2), norm=u'l2', preprocessor=None, smooth_idf=True,
        stop_words='english', strip_accents='unicode', sublinear_tf=False,
        token_pattern=u'(?i)\\b([a-z_]\\w+)\\b', tokenizer=None,
        use_idf=True, vocabulary=None)

### Parameter Options Tried:
classifier__C:[0.001, 0.0001, 1e-05, 1e-06]
classifier__loss:['hinge']
classifier__penalty:['l2']
vectorizer__max_df:[0.9]
vectorizer__min_df:[10, 17]
vectorizer__ngram_range:[(1, 2)]

### Top positive features (20)
+0.0040	develop
+0.0034	embryo
+0.0032	mutant
+0.0030	organism_part_ef
+0.0026	postnat
+0.0025	wild
+0.0025	tissu
+0.0024	wild type
+0.0024	stage
+0.0024	age_ef
+0.0023	defect
+0.0022	heart
+0.0022	knockout
+0.0021	mous
+0.0021	testi
+0.0021	developmental_stage_ef
+0.0020	type
+0.0020	postnat day
+0.0020	mutant mice
+0.0020	pool

### Top negative features (20)
-0.0028	dose_ef
-0.0028	cell_type_ef
-0.0029	fibroblast mef
-0.0029	fac
-0.0031	respons
-0.0033	infect
-0.0034	sort
-0.0034	cultur
-0.0035	stem
-0.0035	stem cell
-0.0036	treatment_ef
-0.0036	treatment
-0.0036	embryon fibroblast
-0.0036	time_ef
-0.0036	mef
-0.0037	compound_ef
-0.0039	fibroblast
-0.0044	induc
-0.0045	treat
-0.0059	cell

### Vectorizer:   Number of Features: 1657
First 10 features: [u'aberr', u'abil', u'ablat', u'abnorm', u'absenc', u'abund', u'access', u'accompani', u'accord', u'accord manufactur']

Middle 10 features: [u'ligand', u'light', u'like', u'limb', u'limb bud', u'limit', u'line', u'lineag', u'lineag specif', u'linear']

Last 10 features: [u'wildtyp', u'wnt', u'wnt signal', u'work', u'wt', u'wt mice', u'year', u'yield', u'young', u'zone']

### False positives: 56
E-GEOD-20636
E-MEXP-155
E-GEOD-8468
E-GEOD-48004
E-GEOD-50554

### False negatives: 20
E-GEOD-55002
E-GEOD-57086
E-GEOD-6290
E-GEOD-13563
E-GEOD-65315

### Train Test Split Report, test % = 0.20
All Samples:   2223	Training Samples:   1778	Test Samples:    445
Yes count:     1111	Yes count:           889	Yes count:       222
No  count:     1112	No  count:           889	No  count:       223
Percent Yes:    49%	Percent Yes:         50%	Percent Yes:     49%
### End Time 2017/11/30-13-14-06

Fitting 5 folds for each of 4 candidates, totalling 20 fits
### Start Time 2017/11/30-13-15-03	index file: BalIndex.out
Data dir: ../Data/balanceTesting/try2,	GridSearch Beta: 4
Random Seeds:	randForClassifier=913   randForSplit=556   
### Metrics: Training Set
             precision    recall  f1-score   support

  Train yes       0.82      0.96      0.88       897

avg / total       0.82      0.96      0.88       897

Train F4: 0.952

['yes', 'no']
[[863  34]
 [192 689]]

### Metrics: Test Set
             precision    recall  f1-score   support

  Test  yes       0.77      0.94      0.85       214

avg / total       0.77      0.94      0.85       214

Test  F4: 0.932

['yes', 'no']
[[202  12]
 [ 60 171]]

### Best Pipeline Parameters:
classifier__C: 1e-05
classifier__loss: 'hinge'
classifier__penalty: 'l2'
vectorizer__max_df: 0.9
vectorizer__min_df: 0.01
vectorizer__ngram_range: (1, 2)

### GridSearch Pipeline:
classifier:
LinearSVC(C=1e-05, class_weight=None, dual=True, fit_intercept=True,
     intercept_scaling=1, loss='hinge', max_iter=200, multi_class='ovr',
     penalty='l2', random_state=913, tol=0.0001, verbose=0)

scaler:
StandardScaler(copy=True, with_mean=False, with_std=True)

vectorizer:
TfidfVectorizer(analyzer=u'word', binary=False, decode_error='replace',
        dtype=<type 'numpy.int64'>, encoding=u'utf-8', input=u'content',
        lowercase=True, max_df=0.9, max_features=None, min_df=0.01,
        ngram_range=(1, 2), norm=u'l2', preprocessor=None, smooth_idf=True,
        stop_words='english', strip_accents='unicode', sublinear_tf=False,
        token_pattern=u'(?i)\\b([a-z_]\\w+)\\b', tokenizer=None,
        use_idf=True, vocabulary=None)

### Parameter Options Tried:
classifier__C:[0.001, 0.0001, 1e-05, 1e-06]
classifier__loss:['hinge']
classifier__penalty:['l2']
vectorizer__max_df:[0.9]
vectorizer__min_df:[0.01]
vectorizer__ngram_range:[(1, 2)]

### Top positive features (20)
+0.0042	develop
+0.0036	embryo
+0.0032	mutant
+0.0030	organism_part_ef
+0.0025	postnat
+0.0025	tissu
+0.0025	defect
+0.0024	embryon day
+0.0024	developmental_stage_ef
+0.0023	stage
+0.0023	heart
+0.0023	wild
+0.0023	age_ef
+0.0023	wild type
+0.0023	pool
+0.0022	knockout
+0.0022	mous embryo
+0.0021	dissect
+0.0021	testi
+0.0021	mous

### Top negative features (20)
-0.0027	follow
-0.0027	fibroblast mef
-0.0028	fac
-0.0029	respons
-0.0030	hour
-0.0031	sort
-0.0032	infect
-0.0032	cultur
-0.0034	stem
-0.0035	embryon fibroblast
-0.0036	stem cell
-0.0036	mef
-0.0036	treatment
-0.0036	time_ef
-0.0037	fibroblast
-0.0037	treatment_ef
-0.0040	compound_ef
-0.0040	induc
-0.0044	treat
-0.0055	cell

### Vectorizer:   Number of Features: 1609
First 10 features: [u'aberr', u'abil', u'abl', u'ablat', u'abnorm', u'abov', u'absenc', u'abund', u'access', u'accompani']

Middle 10 features: [u'layer', u'lcm', u'lead', u'led', u'left', u'length', u'lethal', u'level', u'level everi', u'level gene']

Last 10 features: [u'wildtyp', u'wnt', u'wnt signal', u'work', u'wt', u'wt mice', u'year', u'yield', u'young', u'zone']

### False positives: 60
E-UMCU-22
E-MTAB-1192
E-MEXP-2755
E-TABM-304
E-GEOD-43524

### False negatives: 12
E-GEOD-56367
E-ERAD-283
E-ERAD-169
E-GEOD-10498
E-ERAD-352

### Train Test Split Report, test % = 0.20
All Samples:   2223	Training Samples:   1778	Test Samples:    445
Yes count:     1111	Yes count:           897	Yes count:       214
No  count:     1112	No  count:           881	No  count:       231
Percent Yes:    49%	Percent Yes:         50%	Percent Yes:     48%
### End Time 2017/11/30-13-15-11

Fitting 5 folds for each of 12 candidates, totalling 60 fits
### Start Time 2017/11/30-13-16-16	index file: BalIndex.out
Data dir: ../Data/balanceTesting/try2,	GridSearch Beta: 4
Random Seeds:	randForClassifier=141   randForSplit=341   
### Metrics: Training Set
             precision    recall  f1-score   support

  Train yes       0.84      0.96      0.89       888

avg / total       0.84      0.96      0.89       888

Train F4: 0.950

['yes', 'no']
[[851  37]
 [167 723]]

### Metrics: Test Set
             precision    recall  f1-score   support

  Test  yes       0.79      0.93      0.86       223

avg / total       0.79      0.93      0.86       223

Test  F4: 0.923

['yes', 'no']
[[208  15]
 [ 54 168]]

### Best Pipeline Parameters:
classifier__C: 1e-05
classifier__loss: 'hinge'
classifier__penalty: 'l2'
vectorizer__max_df: 0.8
vectorizer__min_df: 0.01
vectorizer__ngram_range: (1, 2)

### GridSearch Pipeline:
classifier:
LinearSVC(C=1e-05, class_weight=None, dual=True, fit_intercept=True,
     intercept_scaling=1, loss='hinge', max_iter=200, multi_class='ovr',
     penalty='l2', random_state=141, tol=0.0001, verbose=0)

scaler:
StandardScaler(copy=True, with_mean=False, with_std=True)

vectorizer:
TfidfVectorizer(analyzer=u'word', binary=False, decode_error='replace',
        dtype=<type 'numpy.int64'>, encoding=u'utf-8', input=u'content',
        lowercase=True, max_df=0.8, max_features=None, min_df=0.01,
        ngram_range=(1, 2), norm=u'l2', preprocessor=None, smooth_idf=True,
        stop_words='english', strip_accents='unicode', sublinear_tf=False,
        token_pattern=u'(?i)\\b([a-z_]\\w+)\\b', tokenizer=None,
        use_idf=True, vocabulary=None)

### Parameter Options Tried:
classifier__C:[0.001, 0.0001, 1e-05, 1e-06]
classifier__loss:['hinge']
classifier__penalty:['l2']
vectorizer__max_df:[0.7, 0.8, 0.9]
vectorizer__min_df:[0.01]
vectorizer__ngram_range:[(1, 2)]

### Top positive features (20)
+0.0041	develop
+0.0033	embryo
+0.0030	organism_part_ef
+0.0027	tissu
+0.0026	mutant
+0.0026	wild
+0.0026	postnat
+0.0026	wild type
+0.0025	stage
+0.0023	developmental_stage_ef
+0.0023	pool
+0.0023	age_ef
+0.0022	type
+0.0021	testi
+0.0021	heart
+0.0021	development
+0.0021	defect
+0.0021	dissect
+0.0020	e12
+0.0020	mammalian

### Top negative features (20)
-0.0028	fibroblast mef
-0.0029	cell_type_ef
-0.0031	follow
-0.0031	fac
-0.0031	respons
-0.0032	infect
-0.0034	sort
-0.0034	stem cell
-0.0034	stem
-0.0034	embryon fibroblast
-0.0035	time_ef
-0.0035	cultur
-0.0036	treatment_ef
-0.0036	fibroblast
-0.0036	treatment
-0.0037	mef
-0.0039	compound_ef
-0.0041	induc
-0.0044	treat
-0.0061	cell

### Vectorizer:   Number of Features: 1587
First 10 features: [u'aberr', u'abil', u'abl', u'ablat', u'abnorm', u'abov', u'absenc', u'abund', u'access', u'accompani']

Middle 10 features: [u'lcm', u'lead', u'led', u'left', u'length', u'lethal', u'level', u'level everi', u'level gene', u'librari']

Last 10 features: [u'wild type', u'wildtyp', u'wnt', u'wnt signal', u'work', u'wt', u'wt mice', u'year', u'young', u'zone']

### False positives: 54
E-GEOD-64391
E-GEOD-53919
E-TABM-422
E-GEOD-54932
E-MTAB-895

### False negatives: 15
E-GEOD-34430
E-GEOD-54785
E-GEOD-27309
E-ERAD-71
E-GEOD-17141

### Train Test Split Report, test % = 0.20
All Samples:   2223	Training Samples:   1778	Test Samples:    445
Yes count:     1111	Yes count:           888	Yes count:       223
No  count:     1112	No  count:           890	No  count:       222
Percent Yes:    49%	Percent Yes:         49%	Percent Yes:     50%
### End Time 2017/11/30-13-16-37

Fitting 5 folds for each of 12 candidates, totalling 60 fits
### Start Time 2017/11/30-13-17-54	index file: BalIndex.out
Data dir: ../Data/balanceTesting/try2,	GridSearch Beta: 4
Random Seeds:	randForClassifier=876   randForSplit=834   
### Metrics: Training Set
             precision    recall  f1-score   support

  Train yes       0.83      0.96      0.89       885

avg / total       0.83      0.96      0.89       885

Train F4: 0.955

['yes', 'no']
[[853  32]
 [174 719]]

### Metrics: Test Set
             precision    recall  f1-score   support

  Test  yes       0.79      0.96      0.86       226

avg / total       0.79      0.96      0.86       226

Test  F4: 0.944

['yes', 'no']
[[216  10]
 [ 59 160]]

### Best Pipeline Parameters:
classifier__C: 1e-05
classifier__loss: 'hinge'
classifier__penalty: 'l2'
vectorizer__max_df: 0.8
vectorizer__min_df: 0.01
vectorizer__ngram_range: (1, 2)

### GridSearch Pipeline:
classifier:
LinearSVC(C=1e-05, class_weight=None, dual=True, fit_intercept=True,
     intercept_scaling=1, loss='hinge', max_iter=200, multi_class='ovr',
     penalty='l2', random_state=876, tol=0.0001, verbose=0)

scaler:
StandardScaler(copy=True, with_mean=False, with_std=True)

vectorizer:
TfidfVectorizer(analyzer=u'word', binary=False, decode_error='replace',
        dtype=<type 'numpy.int64'>, encoding=u'utf-8', input=u'content',
        lowercase=True, max_df=0.8, max_features=None, min_df=0.01,
        ngram_range=(1, 2), norm=u'l2', preprocessor=None, smooth_idf=True,
        stop_words='english', strip_accents='unicode', sublinear_tf=False,
        token_pattern=u'(?i)\\b([a-z_]\\w+)\\b', tokenizer=None,
        use_idf=True, vocabulary=None)

### Parameter Options Tried:
classifier__C:[0.001, 0.0001, 1e-05, 1e-06]
classifier__loss:['hinge']
classifier__penalty:['l2']
vectorizer__max_df:[0.7, 0.8, 0.9]
vectorizer__min_df:[0.01]
vectorizer__ngram_range:[(1, 2)]

### Top positive features (20)
+0.0041	develop
+0.0035	embryo
+0.0032	organism_part_ef
+0.0031	mutant
+0.0027	tissu
+0.0026	knockout
+0.0026	age_ef
+0.0025	defect
+0.0025	heart
+0.0025	stage
+0.0024	postnat
+0.0024	dissect
+0.0023	pool
+0.0023	embryon day
+0.0023	development
+0.0022	wild
+0.0022	wild type
+0.0021	developmental_stage_ef
+0.0021	age_ef genotype_ef
+0.0021	litterm

### Top negative features (20)
-0.0027	fibroblast mef
-0.0028	dose_ef
-0.0028	cell_type_ef
-0.0030	respons
-0.0031	fac
-0.0032	infect
-0.0032	sort
-0.0034	time_ef
-0.0035	treatment_ef
-0.0035	embryon fibroblast
-0.0035	stem
-0.0035	cultur
-0.0036	stem cell
-0.0036	mef
-0.0037	treatment
-0.0037	fibroblast
-0.0039	compound_ef
-0.0042	induc
-0.0045	treat
-0.0060	cell

### Vectorizer:   Number of Features: 1601
First 10 features: [u'aberr', u'abil', u'abl', u'ablat', u'abnorm', u'abov', u'absenc', u'abund', u'access', u'accompani']

Middle 10 features: [u'left', u'length', u'lethal', u'level', u'level everi', u'level gene', u'librari', u'life', u'ligand', u'light']

Last 10 features: [u'wildtyp', u'wnt', u'wnt signal', u'work', u'wt', u'wt mice', u'year', u'yield', u'young', u'zone']

### False positives: 59
E-GEOD-30190
E-GEOD-27373
E-GEOD-20100
E-GEOD-54932
E-GEOD-64391

### False negatives: 10
E-GEOD-2362
E-ERAD-433
E-CBIL-48
E-GEOD-21860
E-GEOD-6290

### Train Test Split Report, test % = 0.20
All Samples:   2223	Training Samples:   1778	Test Samples:    445
Yes count:     1111	Yes count:           885	Yes count:       226
No  count:     1112	No  count:           893	No  count:       219
Percent Yes:    49%	Percent Yes:         49%	Percent Yes:     50%
### End Time 2017/11/30-13-18-15

