2018/03/30-17-06-15	P,R,F4	0.62	0.81	0.80	LinearSVC.py
2018/03/30-17-07-12	P,R,F4	0.68	0.85	0.84	LinearSVC.py
2018/03/30-17-08-30	P,R,F4	0.71	0.84	0.83	LinearSVC.py
2018/03/30-17-09-52	P,R,F4	0.69	0.85	0.84	LinearSVC.py
2018/03/30-17-10-46	P,R,F4	0.72	0.83	0.82	LinearSVC.py
2018/03/30-17-12-12	P,R,F4	0.74	0.85	0.85	LinearSVC.py
2018/03/30-17-13-19	P,R,F4	0.73	0.85	0.85	LinearSVC.py
2018/03/30-17-14-13	P,R,F4	0.74	0.86	0.85	LinearSVC.py
2018/03/30-17-15-09	P,R,F4	0.67	0.90	0.88	LinearSVC.py
2018/03/30-17-16-29	P,R,F4	0.71	0.86	0.85	LinearSVC.py
2018/03/30-17-17-48	P,R,F4	0.71	0.84	0.83	LinearSVC.py
2018/03/30-17-18-26	P,R,F4	0.71	0.85	0.84	LinearSVC.py
2018/03/30-17-21-28	P,R,F4	0.72	0.83	0.82	LinearSVC.py
2018/03/30-17-22-06	P,R,F4	0.68	0.86	0.84	LinearSVC.py
2018/03/30-17-22-53	P,R,F4	0.55	0.83	0.81	LinearSVC.py
2018/03/30-17-23-44	P,R,F4	0.60	0.84	0.82	LinearSVC.py
2018/03/30-17-24-40	P,R,F4	0.69	0.85	0.84	LinearSVC.py
2018/03/31-17-58-15	P,R,F4	0.79	0.89	0.88	LinearSVC.py
2018/03/31-17-59-26	P,R,F4	0.71	0.85	0.84	LinearSVC.py
2018/03/31-18-00-10	P,R,F4	0.84	0.85	0.85	LinearSVC.py
2018/03/31-18-01-29	P,R,F4	0.79	0.88	0.87	LinearSVC.py
2018/03/31-18-02-41	P,R,F4	0.78	0.85	0.84	LinearSVC.py
2018/03/31-18-03-45	P,R,F4	0.80	0.90	0.89	LinearSVC.py
2018/03/31-18-04-33	P,R,F4	0.73	0.85	0.85	LinearSVC.py
2018/03/31-18-04-57	P,R,F4	0.75	0.88	0.88	LinearSVC.py
2018/03/31-18-05-23	P,R,F4	0.77	0.91	0.90	LinearSVC.py
2018/03/31-18-05-48	P,R,F4	0.79	0.89	0.88	LinearSVC.py
2018/03/31-18-06-23	P,R,F4	0.75	0.91	0.90	LinearSVC.py
2018/03/31-18-06-49	P,R,F4	0.75	0.90	0.89	LinearSVC.py
2018/03/31-18-08-37	P,R,F4	0.78	0.86	0.86	LinearSVC.py
2018/03/31-18-09-11	P,R,F4	0.82	0.87	0.86	LinearSVC.py
2018/03/31-18-09-51	P,R,F4	0.81	0.87	0.87	LinearSVC.py
2018/03/31-18-10-13	P,R,F4	0.78	0.91	0.90	LinearSVC.py
2018/03/31-18-10-44	P,R,F4	0.80	0.85	0.84	LinearSVC.py
2018/03/31-18-11-07	P,R,F4	0.79	0.88	0.87	LinearSVC.py
2018/04/02-16-19-52	P,R,F4	0.78	0.91	0.90	LinearSVC.py
2018/04/02-16-30-18	P,R,F4	0.77	0.91	0.90	LinearSVC.py
2018/04/02-16-31-32	P,R,F4	0.70	0.91	0.90	LinearSVC.py
2018/04/02-16-32-22	P,R,F4	0.71	0.90	0.89	LinearSVC.py
2018/04/02-16-32-48	P,R,F4	0.76	0.90	0.89	LinearSVC.py
2018/04/02-16-33-44	P,R,F4	0.76	0.90	0.89	LinearSVC.py
2018/04/05-09-51-58	PRF4,F1	0.72	0.89	0.88	0.79	SVM.py
2018/04/05-09-54-38	PRF4,F1	0.38	0.42	0.41	0.40	SVM.py
2018/04/05-09-55-22	PRF4,F1	0.68	0.91	0.90	0.78	SVM.py
2018/04/05-09-56-30	PRF4,F1	0.70	0.92	0.90	0.80	SVM.py
2018/04/05-09-57-36	PRF4,F1	0.65	0.92	0.90	0.76	SVM.py
2018/04/05-09-58-11	PRF4,F1	0.72	0.93	0.92	0.81	SVM.py
2018/04/05-10-20-26	PRF4,F1	0.00	0.00	0.00	0.00	SVM.py
2018/04/05-10-22-14	PRF4,F1	0.64	0.92	0.89	0.76	SVM.py
2018/04/05-10-24-06	PRF4,F1	0.67	0.93	0.90	0.77	SVM.py
2018/04/05-10-26-03	PRF4,F1	0.67	0.93	0.91	0.78	SVM.py
2018/04/05-10-28-18	PRF4,F1	0.69	0.92	0.90	0.79	SVM.py
2018/04/05-10-31-33	PRF4,F1	0.58	0.95	0.91	0.72	SVM.py
2018/04/05-10-39-45	PRF4,F1	0.60	0.95	0.92	0.74	LogReg.py
2018/04/05-10-40-56	PRF4,F1	0.48	0.97	0.91	0.65	LogReg.py
2018/04/05-10-42-11	PRF4,F1	0.61	0.95	0.92	0.75	LogReg.py
2018/04/05-10-44-41	PRF4,F1	0.60	0.95	0.92	0.74	LogReg.py
2018/04/05-10-45-37	PRF4,F1	0.72	0.90	0.89	0.80	LogReg.py
2018/04/05-10-46-58	PRF4,F1	0.70	0.89	0.87	0.78	LogReg.py
2018/04/05-10-47-27	PRF4,F1	0.75	0.90	0.89	0.82	LogReg.py
2018/04/05-10-49-27	PRF4,F1	0.73	0.91	0.89	0.81	LogReg.py
2018/04/05-10-55-19	PRF4,F1	0.58	0.91	0.88	0.71	SGDmodified_huber.py
2018/04/05-10-57-06	PRF4,F1	0.48	0.99	0.93	0.65	SGDmodified_huber.py
2018/04/05-10-58-33	PRF4,F1	0.55	0.95	0.91	0.70	SGDmodified_huber.py
2018/04/05-11-00-40	PRF4,F1	0.58	0.95	0.92	0.72	SGDmodified_huber.py
2018/04/05-11-02-23	PRF4,F1	0.56	0.97	0.93	0.71	SGDmodified_huber.py
2018/04/05-11-06-52	PRF4,F1	0.76	0.88	0.87	0.82	SGDmodified_huber.py
2018/04/05-11-09-52	PRF4,F1	0.76	0.90	0.89	0.82	SGDmodified_huber.py
2018/04/05-11-13-35	PRF4,F1	0.77	0.91	0.90	0.83	SGDmodified_huber.py
2018/04/05-11-15-57	PRF4,F1	0.72	0.93	0.92	0.81	SGDmodified_huber.py
2018/04/05-11-17-46	PRF4,F1	0.51	1.00	0.95	0.68	SGDmodified_huber.py
2018/04/05-11-25-15	PRF4,F1	0.52	0.95	0.91	0.67	SGDhinge.py
2018/04/05-11-25-58	PRF4,F1	0.55	0.97	0.93	0.70	SGDhinge.py
2018/04/05-11-26-33	PRF4,F1	0.56	0.95	0.91	0.70	SGDhinge.py
2018/04/05-11-27-25	PRF4,F1	0.56	0.99	0.94	0.72	SGDhinge.py
