Fitting 5 folds for each of 3 candidates, totalling 15 fits
### Start Time 2017/11/02-10-22-35	index file: index.txt
Data dir: /Users/jak/work/gxd_htLearning/Data/training/current,	GridSearch Beta: 4
Random Seeds:	randForClassifier=943   randForSplit=510   
### Metrics: Training Set
             precision    recall  f1-score   support

  Train yes       0.89      1.00      0.94       900

avg / total       0.89      1.00      0.94       900

Train F4: 0.990

['yes', 'no']
[[ 897    3]
 [ 106 1554]]

### Metrics: Test Set
             precision    recall  f1-score   support

  Test  yes       0.66      0.95      0.78       229

avg / total       0.66      0.95      0.78       229

Test  F4: 0.928

['yes', 'no']
[[218  11]
 [111 301]]

### Best Pipeline Parameters:
classifier__C: 1e-07
classifier__loss: 'hinge'
classifier__penalty: 'l2'
vectorizer__max_df: 0.98
vectorizer__min_df: 2
vectorizer__ngram_range: (1, 2)

### GridSearch Pipeline:
classifier:
LinearSVC(C=1e-07, class_weight='balanced', dual=True, fit_intercept=True,
     intercept_scaling=1, loss='hinge', max_iter=200, multi_class='ovr',
     penalty='l2', random_state=943, tol=0.0001, verbose=0)

scaler:
StandardScaler(copy=True, with_mean=False, with_std=True)

vectorizer:
TfidfVectorizer(analyzer=u'word', binary=False, decode_error='replace',
        dtype=<type 'numpy.int64'>, encoding=u'utf-8', input=u'content',
        lowercase=True, max_df=0.98, max_features=None, min_df=2,
        ngram_range=(1, 2), norm=u'l2', preprocessor=None, smooth_idf=True,
        stop_words='english', strip_accents='unicode', sublinear_tf=False,
        token_pattern=u'(?i)\\b([a-z_]\\w+)\\b', tokenizer=None,
        use_idf=True, vocabulary=None)

### Parameter Options Tried:
classifier__C:[1e-07, 1e-06, 1e-05]
classifier__loss:['hinge']
classifier__penalty:['l2']
vectorizer__max_df:[0.98]
vectorizer__min_df:[2]
vectorizer__ngram_range:[(1, 2)]

### Top positive features (20)
+0.0001	develop
+0.0001	mutant
+0.0000	embryo
+0.0000	wild
+0.0000	organism_part_ef
+0.0000	wild type
+0.0000	tissu
+0.0000	stage
+0.0000	postnat
+0.0000	e12
+0.0000	pool
+0.0000	type
+0.0000	knockout
+0.0000	testi
+0.0000	mutant embryo
+0.0000	dissect
+0.0000	embryon day
+0.0000	age_ef
+0.0000	development stage
+0.0000	developmental_stage_ef

### Top negative features (20)
-0.0000	hour
-0.0000	dose_ef
-0.0000	fac
-0.0000	respons
-0.0000	cell_type_ef
-0.0000	infect
-0.0000	sort
-0.0000	embryon fibroblast
-0.0000	cultur
-0.0000	time_ef
-0.0000	mef
-0.0000	stem cell
-0.0000	stem
-0.0000	fibroblast
-0.0000	treatment
-0.0000	compound_ef
-0.0001	treatment_ef
-0.0001	treat
-0.0001	induc
-0.0001	cell

### Vectorizer:   Number of Features: 35804
First 10 features: [u'a1', u'a130022j15rik', u'a130022j15rik surpris', u'a2', u'a430', u'a9', u'aa', u'aa4', u'aad', u'aad bd']

Middle 10 features: [u'known sap', u'known signal', u'known target', u'known transcript', u'known vivo', u'ko', u'ko age', u'ko anim', u'ko biolog', u'ko cell']

Last 10 features: [u'zt2', u'zt20', u'zt6', u'zt6 zt20', u'zurich', u'zygot', u'zygot cell', u'zygot genom', u'zygoten', u'zygoten spermatocyt']

### False positives: 111
E-MTAB-3971
E-GEOD-36232
E-GEOD-59463
E-GEOD-15892
E-MTAB-2777

### False negatives: 11
E-GEOD-32354
E-MEXP-1240
E-GEOD-39989
E-GEOD-14411
E-GEOD-13635

### Train Test Split Report, test % = 0.20
All Samples:   3201	Training Samples:   2560	Test Samples:    641
Yes count:     1129	Yes count:           900	Yes count:       229
No  count:     2072	No  count:          1660	No  count:       412
Percent Yes:    35%	Percent Yes:         35%	Percent Yes:     35%
### End Time 2017/11/02-10-22-45

Fitting 5 folds for each of 3 candidates, totalling 15 fits
### Start Time 2017/11/02-10-23-05	index file: index.txt
Data dir: /Users/jak/work/gxd_htLearning/Data/training/current,	GridSearch Beta: 4
Random Seeds:	randForClassifier=763   randForSplit=654   
### Metrics: Training Set
             precision    recall  f1-score   support

  Train yes       0.88      1.00      0.94       897

avg / total       0.88      1.00      0.94       897

Train F4: 0.989

['yes', 'no']
[[ 894    3]
 [ 117 1546]]

### Metrics: Test Set
             precision    recall  f1-score   support

  Test  yes       0.67      0.94      0.78       232

avg / total       0.67      0.94      0.78       232

Test  F4: 0.914

['yes', 'no']
[[217  15]
 [108 301]]

### Best Pipeline Parameters:
classifier__C: 1e-07
classifier__loss: 'hinge'
classifier__penalty: 'l2'
vectorizer__max_df: 0.98
vectorizer__min_df: 2
vectorizer__ngram_range: (1, 2)

### GridSearch Pipeline:
classifier:
LinearSVC(C=1e-07, class_weight='balanced', dual=True, fit_intercept=True,
     intercept_scaling=1, loss='hinge', max_iter=200, multi_class='ovr',
     penalty='l2', random_state=763, tol=0.0001, verbose=0)

scaler:
StandardScaler(copy=True, with_mean=False, with_std=True)

vectorizer:
TfidfVectorizer(analyzer=u'word', binary=False, decode_error='replace',
        dtype=<type 'numpy.int64'>, encoding=u'utf-8', input=u'content',
        lowercase=True, max_df=0.98, max_features=None, min_df=2,
        ngram_range=(1, 2), norm=u'l2', preprocessor=None, smooth_idf=True,
        stop_words='english', strip_accents='unicode', sublinear_tf=False,
        token_pattern=u'(?i)\\b([a-z_]\\w+)\\b', tokenizer=None,
        use_idf=True, vocabulary=None)

### Parameter Options Tried:
classifier__C:[1e-07, 1e-06, 1e-05]
classifier__loss:['hinge']
classifier__penalty:['l2']
vectorizer__max_df:[0.98]
vectorizer__min_df:[2]
vectorizer__ngram_range:[(1, 2)]

### Top positive features (20)
+0.0001	develop
+0.0001	mutant
+0.0000	embryo
+0.0000	organism_part_ef
+0.0000	tissu
+0.0000	wild
+0.0000	wild type
+0.0000	age_ef
+0.0000	pool
+0.0000	testi
+0.0000	stage
+0.0000	development stage
+0.0000	dissect
+0.0000	genotyp
+0.0000	postnat
+0.0000	litterm
+0.0000	developmental_stage_ef
+0.0000	mutant mice
+0.0000	e12
+0.0000	mammal

### Top negative features (20)
-0.0000	fibroblast mef
-0.0000	dose_ef
-0.0000	fac
-0.0000	cell_type_ef
-0.0000	infect
-0.0000	respons
-0.0000	embryon fibroblast
-0.0000	sort
-0.0000	cultur
-0.0000	fibroblast
-0.0000	time_ef
-0.0000	mef
-0.0000	stem cell
-0.0000	stem
-0.0000	compound_ef
-0.0000	treatment_ef
-0.0000	treatment
-0.0001	induc
-0.0001	treat
-0.0001	cell

### Vectorizer:   Number of Features: 36205
First 10 features: [u'a1', u'a130022j15rik', u'a130022j15rik surpris', u'a2', u'aa', u'aa4', u'aa4 purifi', u'aad', u'aad bd', u'aav']

Middle 10 features: [u'kr', u'kras', u'krasg12d', u'krasg12d allel', u'krt14', u'krt14 cre', u'kruppel', u'kruppel like', u'ks', u'ksom']

Last 10 features: [u'zt0', u'zt0 zt12', u'zt12', u'zt14', u'zt2', u'zygot', u'zygot genom', u'zygot transcript', u'zygoten', u'zygoten spermatocyt']

### False positives: 108
E-MTAB-3938
E-GEOD-56323
E-GEOD-56798
E-GEOD-4928
E-GEOD-50950

### False negatives: 15
E-GEOD-5348
E-MTAB-3579
E-GEOD-34430
E-GEOD-17141
E-GEOD-37646

### Train Test Split Report, test % = 0.20
All Samples:   3201	Training Samples:   2560	Test Samples:    641
Yes count:     1129	Yes count:           897	Yes count:       232
No  count:     2072	No  count:          1663	No  count:       409
Percent Yes:    35%	Percent Yes:         35%	Percent Yes:     36%
### End Time 2017/11/02-10-23-15

Fitting 5 folds for each of 3 candidates, totalling 15 fits
### Start Time 2017/11/02-10-24-22	index file: index.txt
Data dir: /Users/jak/work/gxd_htLearning/Data/training/current,	GridSearch Beta: 4
Random Seeds:	randForClassifier=636   randForSplit=168   
### Metrics: Training Set
             precision    recall  f1-score   support

  Train yes       0.89      1.00      0.94       893

avg / total       0.89      1.00      0.94       893

Train F4: 0.989

['yes', 'no']
[[ 890    3]
 [ 113 1554]]

### Metrics: Test Set
             precision    recall  f1-score   support

  Test  yes       0.64      0.94      0.76       236

avg / total       0.64      0.94      0.76       236

Test  F4: 0.912

['yes', 'no']
[[221  15]
 [124 281]]

### Best Pipeline Parameters:
classifier__C: 1e-07
classifier__loss: 'hinge'
classifier__penalty: 'l2'
vectorizer__max_df: 0.98
vectorizer__min_df: 2
vectorizer__ngram_range: (1, 2)

### GridSearch Pipeline:
classifier:
LinearSVC(C=1e-07, class_weight='balanced', dual=True, fit_intercept=True,
     intercept_scaling=1, loss='hinge', max_iter=200, multi_class='ovr',
     penalty='l2', random_state=636, tol=0.0001, verbose=0)

scaler:
StandardScaler(copy=True, with_mean=False, with_std=True)

vectorizer:
TfidfVectorizer(analyzer=u'word', binary=False, decode_error='replace',
        dtype=<type 'numpy.int64'>, encoding=u'utf-8', input=u'content',
        lowercase=True, max_df=0.98, max_features=None, min_df=2,
        ngram_range=(1, 2), norm=u'l2', preprocessor=None, smooth_idf=True,
        stop_words='english', strip_accents='unicode', sublinear_tf=False,
        token_pattern=u'(?i)\\b([a-z_]\\w+)\\b', tokenizer=None,
        use_idf=True, vocabulary=None)

### Parameter Options Tried:
classifier__C:[1e-07, 1e-06, 1e-05]
classifier__loss:['hinge']
classifier__penalty:['l2']
vectorizer__max_df:[0.98]
vectorizer__min_df:[2]
vectorizer__ngram_range:[(1, 2)]

### Top positive features (20)
+0.0001	develop
+0.0001	mutant
+0.0000	embryo
+0.0000	organism_part_ef
+0.0000	wild
+0.0000	wild type
+0.0000	testi
+0.0000	tissu
+0.0000	pool
+0.0000	stage
+0.0000	e12
+0.0000	developmental_stage_ef
+0.0000	age_ef
+0.0000	postnat
+0.0000	heart
+0.0000	defect
+0.0000	embryon day
+0.0000	development stage
+0.0000	mous
+0.0000	development

### Top negative features (20)
-0.0000	follow
-0.0000	respons
-0.0000	dose_ef
-0.0000	cell_type_ef
-0.0000	fac
-0.0000	infect
-0.0000	embryon fibroblast
-0.0000	sort
-0.0000	mef
-0.0000	cultur
-0.0000	fibroblast
-0.0000	stem cell
-0.0000	stem
-0.0000	time_ef
-0.0000	treatment
-0.0000	treatment_ef
-0.0000	compound_ef
-0.0001	induc
-0.0001	treat
-0.0001	cell

### Vectorizer:   Number of Features: 35803
First 10 features: [u'a1', u'a10', u'a130022j15rik', u'a130022j15rik surpris', u'a2', u'aa', u'aa4', u'aad', u'ab', u'abc']

Middle 10 features: [u'knockout dko', u'knockout embryo', u'knockout embryon', u'knockout es', u'knockout esc', u'knockout express', u'knockout final', u'knockout gene', u'knockout hdac3', u'knockout heart']

Last 10 features: [u'zt2', u'zt20', u'zt6', u'zt6 zt20', u'zurich', u'zurich anim', u'zygot', u'zygot genom', u'zygot transcript', u'zygoten']

### False positives: 124
E-GEOD-19228
E-GEOD-47205
E-TABM-865
E-GEOD-36232
E-MTAB-3171

### False negatives: 15
E-GEOD-41558
E-GEOD-9913
E-GEOD-39989
E-GEOD-57088
E-GEOD-5786

### Train Test Split Report, test % = 0.20
All Samples:   3201	Training Samples:   2560	Test Samples:    641
Yes count:     1129	Yes count:           893	Yes count:       236
No  count:     2072	No  count:          1667	No  count:       405
Percent Yes:    35%	Percent Yes:         34%	Percent Yes:     36%
### End Time 2017/11/02-10-24-31

Fitting 5 folds for each of 3 candidates, totalling 15 fits
### Start Time 2017/11/02-10-24-44	index file: index.txt
Data dir: /Users/jak/work/gxd_htLearning/Data/training/current,	GridSearch Beta: 4
Random Seeds:	randForClassifier=999   randForSplit=414   
### Metrics: Training Set
             precision    recall  f1-score   support

  Train yes       0.88      1.00      0.93       901

avg / total       0.88      1.00      0.93       901

Train F4: 0.990

['yes', 'no']
[[ 899    2]
 [ 127 1532]]

### Metrics: Test Set
             precision    recall  f1-score   support

  Test  yes       0.63      0.93      0.75       228

avg / total       0.63      0.93      0.75       228

Test  F4: 0.908

['yes', 'no']
[[213  15]
 [125 288]]

### Best Pipeline Parameters:
classifier__C: 1e-07
classifier__loss: 'hinge'
classifier__penalty: 'l2'
vectorizer__max_df: 0.98
vectorizer__min_df: 2
vectorizer__ngram_range: (1, 2)

### GridSearch Pipeline:
classifier:
LinearSVC(C=1e-07, class_weight='balanced', dual=True, fit_intercept=True,
     intercept_scaling=1, loss='hinge', max_iter=200, multi_class='ovr',
     penalty='l2', random_state=999, tol=0.0001, verbose=0)

scaler:
StandardScaler(copy=True, with_mean=False, with_std=True)

vectorizer:
TfidfVectorizer(analyzer=u'word', binary=False, decode_error='replace',
        dtype=<type 'numpy.int64'>, encoding=u'utf-8', input=u'content',
        lowercase=True, max_df=0.98, max_features=None, min_df=2,
        ngram_range=(1, 2), norm=u'l2', preprocessor=None, smooth_idf=True,
        stop_words='english', strip_accents='unicode', sublinear_tf=False,
        token_pattern=u'(?i)\\b([a-z_]\\w+)\\b', tokenizer=None,
        use_idf=True, vocabulary=None)

### Parameter Options Tried:
classifier__C:[1e-07, 1e-06, 1e-05]
classifier__loss:['hinge']
classifier__penalty:['l2']
vectorizer__max_df:[0.98]
vectorizer__min_df:[2]
vectorizer__ngram_range:[(1, 2)]

### Top positive features (20)
+0.0001	develop
+0.0001	mutant
+0.0000	embryo
+0.0000	organism_part_ef
+0.0000	age_ef
+0.0000	wild
+0.0000	wild type
+0.0000	e12
+0.0000	postnat
+0.0000	stage
+0.0000	pool
+0.0000	tissu
+0.0000	type
+0.0000	developmental_stage_ef
+0.0000	mutant embryo
+0.0000	litterm
+0.0000	dissect
+0.0000	mous
+0.0000	testi
+0.0000	embryon day

### Top negative features (20)
-0.0000	dose_ef
-0.0000	hour
-0.0000	fac
-0.0000	follow
-0.0000	infect
-0.0000	cell_type_ef
-0.0000	sort
-0.0000	embryon fibroblast
-0.0000	cultur
-0.0000	mef
-0.0000	time_ef
-0.0000	stem
-0.0000	stem cell
-0.0000	fibroblast
-0.0000	treatment
-0.0000	treatment_ef
-0.0000	compound_ef
-0.0001	treat
-0.0001	induc
-0.0001	cell

### Vectorizer:   Number of Features: 35729
First 10 features: [u'a1', u'a10', u'a2', u'a9', u'aa', u'aa4', u'aa4 purifi', u'aad', u'aad bd', u'aav']

Middle 10 features: [u'ko male', u'ko mdr2', u'ko mef', u'ko mice', u'ko mous', u'ko pool', u'ko primari', u'ko sampl', u'ko skin', u'ko test']

Last 10 features: [u'zt12', u'zt14', u'zt2', u'zurich', u'zurich anim', u'zygot', u'zygot genom', u'zygot transcript', u'zygoten', u'zygoten spermatocyt']

### False positives: 125
E-MTAB-1821
E-GEOD-49513
E-GEOD-31004
E-GEOD-27522
E-GEOD-23317

### False negatives: 15
E-GEOD-17141
E-GEOD-8969
E-GEOD-4656
E-GEOD-63576
E-GEOD-10001

### Train Test Split Report, test % = 0.20
All Samples:   3201	Training Samples:   2560	Test Samples:    641
Yes count:     1129	Yes count:           901	Yes count:       228
No  count:     2072	No  count:          1659	No  count:       413
Percent Yes:    35%	Percent Yes:         35%	Percent Yes:     35%
### End Time 2017/11/02-10-24-54

Fitting 5 folds for each of 4 candidates, totalling 20 fits
### Start Time 2017/11/02-10-25-33	index file: index.txt
Data dir: /Users/jak/work/gxd_htLearning/Data/training/current,	GridSearch Beta: 4
Random Seeds:	randForClassifier=363   randForSplit=887   
### Metrics: Training Set
             precision    recall  f1-score   support

  Train yes       0.90      1.00      0.94       909

avg / total       0.90      1.00      0.94       909

Train F4: 0.989

['yes', 'no']
[[ 905    4]
 [ 105 1546]]

### Metrics: Test Set
             precision    recall  f1-score   support

  Test  yes       0.69      0.94      0.79       220

avg / total       0.69      0.94      0.79       220

Test  F4: 0.917

['yes', 'no']
[[206  14]
 [ 93 328]]

### Best Pipeline Parameters:
classifier__C: 1e-08
classifier__loss: 'hinge'
classifier__penalty: 'l2'
vectorizer__max_df: 0.98
vectorizer__min_df: 2
vectorizer__ngram_range: (1, 2)

### GridSearch Pipeline:
classifier:
LinearSVC(C=1e-08, class_weight='balanced', dual=True, fit_intercept=True,
     intercept_scaling=1, loss='hinge', max_iter=200, multi_class='ovr',
     penalty='l2', random_state=363, tol=0.0001, verbose=0)

scaler:
StandardScaler(copy=True, with_mean=False, with_std=True)

vectorizer:
TfidfVectorizer(analyzer=u'word', binary=False, decode_error='replace',
        dtype=<type 'numpy.int64'>, encoding=u'utf-8', input=u'content',
        lowercase=True, max_df=0.98, max_features=None, min_df=2,
        ngram_range=(1, 2), norm=u'l2', preprocessor=None, smooth_idf=True,
        stop_words='english', strip_accents='unicode', sublinear_tf=False,
        token_pattern=u'(?i)\\b([a-z_]\\w+)\\b', tokenizer=None,
        use_idf=True, vocabulary=None)

### Parameter Options Tried:
classifier__C:[1e-08, 1e-07, 1e-06, 1e-05]
classifier__loss:['hinge']
classifier__penalty:['l2']
vectorizer__max_df:[0.98]
vectorizer__min_df:[2]
vectorizer__ngram_range:[(1, 2)]

### Top positive features (20)
+0.0000	mutant
+0.0000	develop
+0.0000	embryo
+0.0000	wild
+0.0000	organism_part_ef
+0.0000	wild type
+0.0000	e12
+0.0000	developmental_stage_ef
+0.0000	testi
+0.0000	knockout
+0.0000	age_ef
+0.0000	stage
+0.0000	defect
+0.0000	mutant embryo
+0.0000	type
+0.0000	pool
+0.0000	embryon day
+0.0000	dissect
+0.0000	tissu
+0.0000	e15

### Top negative features (20)
-0.0000	fibroblast mef
-0.0000	dose_ef
-0.0000	follow
-0.0000	cell_type_ef
-0.0000	fac
-0.0000	infect
-0.0000	sort
-0.0000	embryon fibroblast
-0.0000	cultur
-0.0000	mef
-0.0000	stem cell
-0.0000	time_ef
-0.0000	fibroblast
-0.0000	stem
-0.0000	treatment_ef
-0.0000	compound_ef
-0.0000	treatment
-0.0000	treat
-0.0000	induc
-0.0000	cell

### Vectorizer:   Number of Features: 35987
First 10 features: [u'a1', u'a10', u'a130022j15rik', u'a130022j15rik surpris', u'a2', u'aa', u'aa4', u'aa4 purifi', u'aad', u'aav2']

Middle 10 features: [u'knockout limb', u'knockout line', u'knockout litterm', u'knockout mef', u'knockout mice', u'knockout mir', u'knockout model', u'knockout mous', u'knockout mutant', u'knockout newborn']

Last 10 features: [u'zt12', u'zt14', u'zt2', u'zurich', u'zurich anim', u'zygot', u'zygot genom', u'zygot transcript', u'zygoten', u'zygoten spermatocyt']

### False positives: 93
E-GEOD-65350
E-GEOD-56890
E-GEOD-17432
E-GEOD-28790
E-MEXP-145

### False negatives: 14
E-GEOD-57824
E-GEOD-10246
E-GEOD-61499
E-GEOD-15795
E-GEOD-8106

### Train Test Split Report, test % = 0.20
All Samples:   3201	Training Samples:   2560	Test Samples:    641
Yes count:     1129	Yes count:           909	Yes count:       220
No  count:     2072	No  count:          1651	No  count:       421
Percent Yes:    35%	Percent Yes:         35%	Percent Yes:     34%
### End Time 2017/11/02-10-25-45

Fitting 5 folds for each of 4 candidates, totalling 20 fits
### Start Time 2017/11/02-10-26-28	index file: index.txt
Data dir: /Users/jak/work/gxd_htLearning/Data/training/current,	GridSearch Beta: 4
Random Seeds:	randForClassifier=686   randForSplit=596   
### Metrics: Training Set
             precision    recall  f1-score   support

  Train yes       0.89      0.99      0.94       918

avg / total       0.89      0.99      0.94       918

Train F4: 0.988

['yes', 'no']
[[ 913    5]
 [ 109 1533]]

### Metrics: Test Set
             precision    recall  f1-score   support

  Test  yes       0.61      0.92      0.74       211

avg / total       0.61      0.92      0.74       211

Test  F4: 0.893

['yes', 'no']
[[194  17]
 [122 308]]

### Best Pipeline Parameters:
classifier__C: 1e-08
classifier__loss: 'hinge'
classifier__penalty: 'l2'
vectorizer__max_df: 0.98
vectorizer__min_df: 2
vectorizer__ngram_range: (1, 2)

### GridSearch Pipeline:
classifier:
LinearSVC(C=1e-08, class_weight='balanced', dual=True, fit_intercept=True,
     intercept_scaling=1, loss='hinge', max_iter=200, multi_class='ovr',
     penalty='l2', random_state=686, tol=0.0001, verbose=0)

scaler:
StandardScaler(copy=True, with_mean=False, with_std=True)

vectorizer:
TfidfVectorizer(analyzer=u'word', binary=False, decode_error='replace',
        dtype=<type 'numpy.int64'>, encoding=u'utf-8', input=u'content',
        lowercase=True, max_df=0.98, max_features=None, min_df=2,
        ngram_range=(1, 2), norm=u'l2', preprocessor=None, smooth_idf=True,
        stop_words='english', strip_accents='unicode', sublinear_tf=False,
        token_pattern=u'(?i)\\b([a-z_]\\w+)\\b', tokenizer=None,
        use_idf=True, vocabulary=None)

### Parameter Options Tried:
classifier__C:[1e-08, 1e-07, 1e-06, 1e-05]
classifier__loss:['hinge']
classifier__penalty:['l2']
vectorizer__max_df:[0.98]
vectorizer__min_df:[2]
vectorizer__ngram_range:[(1, 2)]

### Top positive features (20)
+0.0000	develop
+0.0000	mutant
+0.0000	embryo
+0.0000	wild
+0.0000	organism_part_ef
+0.0000	wild type
+0.0000	tissu
+0.0000	stage
+0.0000	pool
+0.0000	development
+0.0000	testi
+0.0000	knockout
+0.0000	age_ef
+0.0000	e12
+0.0000	litterm
+0.0000	developmental_stage_ef
+0.0000	postnat
+0.0000	type
+0.0000	embryon day
+0.0000	defect

### Top negative features (20)
-0.0000	embryon stem
-0.0000	dose_ef
-0.0000	respons
-0.0000	fac
-0.0000	cell_type_ef
-0.0000	infect
-0.0000	embryon fibroblast
-0.0000	sort
-0.0000	cultur
-0.0000	time_ef
-0.0000	mef
-0.0000	stem
-0.0000	stem cell
-0.0000	fibroblast
-0.0000	treatment
-0.0000	compound_ef
-0.0000	treatment_ef
-0.0000	treat
-0.0000	induc
-0.0000	cell

### Vectorizer:   Number of Features: 35622
First 10 features: [u'a1', u'a130022j15rik', u'a130022j15rik surpris', u'a2', u'a430', u'aa', u'aa4', u'aa4 purifi', u'aad', u'aad bd']

Middle 10 features: [u'known function', u'known gene', u'known housekeep', u'known import', u'known influenc', u'known intervertebr', u'known investig', u'known involv', u'known marker', u'known mechan']

Last 10 features: [u'zt12', u'zt14', u'zt2', u'zurich', u'zurich anim', u'zygot', u'zygot cell', u'zygot genom', u'zygoten', u'zygoten spermatocyt']

### False positives: 122
E-MTAB-5019
E-GEOD-69097
E-TABM-643
E-GEOD-34502
E-MEXP-2096

### False negatives: 17
E-GEOD-4623
E-GEOD-8360
E-GEOD-6443
E-GEOD-6589
E-GEOD-5786

### Train Test Split Report, test % = 0.20
All Samples:   3201	Training Samples:   2560	Test Samples:    641
Yes count:     1129	Yes count:           918	Yes count:       211
No  count:     2072	No  count:          1642	No  count:       430
Percent Yes:    35%	Percent Yes:         35%	Percent Yes:     32%
### End Time 2017/11/02-10-26-40

Fitting 5 folds for each of 4 candidates, totalling 20 fits
### Start Time 2017/11/02-10-27-22	index file: index.txt
Data dir: /Users/jak/work/gxd_htLearning/Data/training/current,	GridSearch Beta: 4
Random Seeds:	randForClassifier=179   randForSplit=646   
### Metrics: Training Set
             precision    recall  f1-score   support

  Train yes       0.89      1.00      0.94       897

avg / total       0.89      1.00      0.94       897

Train F4: 0.991

['yes', 'no']
[[ 895    2]
 [ 110 1553]]

### Metrics: Test Set
             precision    recall  f1-score   support

  Test  yes       0.68      0.93      0.78       232

avg / total       0.68      0.93      0.78       232

Test  F4: 0.907

['yes', 'no']
[[215  17]
 [103 306]]

### Best Pipeline Parameters:
classifier__C: 1e-09
classifier__loss: 'hinge'
classifier__penalty: 'l2'
vectorizer__max_df: 0.98
vectorizer__min_df: 2
vectorizer__ngram_range: (1, 2)

### GridSearch Pipeline:
classifier:
LinearSVC(C=1e-09, class_weight='balanced', dual=True, fit_intercept=True,
     intercept_scaling=1, loss='hinge', max_iter=200, multi_class='ovr',
     penalty='l2', random_state=179, tol=0.0001, verbose=0)

scaler:
StandardScaler(copy=True, with_mean=False, with_std=True)

vectorizer:
TfidfVectorizer(analyzer=u'word', binary=False, decode_error='replace',
        dtype=<type 'numpy.int64'>, encoding=u'utf-8', input=u'content',
        lowercase=True, max_df=0.98, max_features=None, min_df=2,
        ngram_range=(1, 2), norm=u'l2', preprocessor=None, smooth_idf=True,
        stop_words='english', strip_accents='unicode', sublinear_tf=False,
        token_pattern=u'(?i)\\b([a-z_]\\w+)\\b', tokenizer=None,
        use_idf=True, vocabulary=None)

### Parameter Options Tried:
classifier__C:[1e-09, 1e-08, 1e-07, 1e-06]
classifier__loss:['hinge']
classifier__penalty:['l2']
vectorizer__max_df:[0.98]
vectorizer__min_df:[2]
vectorizer__ngram_range:[(1, 2)]

### Top positive features (20)
+0.0000	develop
+0.0000	embryo
+0.0000	mutant
+0.0000	organism_part_ef
+0.0000	wild
+0.0000	wild type
+0.0000	age_ef
+0.0000	developmental_stage_ef
+0.0000	postnat
+0.0000	stage
+0.0000	pool
+0.0000	e12
+0.0000	testi
+0.0000	tissu
+0.0000	embryon day
+0.0000	development
+0.0000	knockout
+0.0000	mutant mice
+0.0000	dissect
+0.0000	development stage

### Top negative features (20)
-0.0000	dose_ef
-0.0000	respons
-0.0000	fac
-0.0000	follow
-0.0000	cell_type_ef
-0.0000	infect
-0.0000	embryon fibroblast
-0.0000	sort
-0.0000	cultur
-0.0000	mef
-0.0000	time_ef
-0.0000	fibroblast
-0.0000	stem cell
-0.0000	stem
-0.0000	treatment_ef
-0.0000	treatment
-0.0000	compound_ef
-0.0000	induc
-0.0000	treat
-0.0000	cell

### Vectorizer:   Number of Features: 36116
First 10 features: [u'a1', u'a10', u'a130022j15rik', u'a130022j15rik surpris', u'a2', u'a9', u'aa', u'aa4', u'aad', u'aav2']

Middle 10 features: [u'knockout wild', u'knockout wildtyp', u'know', u'knowledg', u'knowledg express', u'knowledg report', u'known', u'known aa4', u'known abund', u'known activ']

Last 10 features: [u'zt0 zt12', u'zt12', u'zt2', u'zurich', u'zygot', u'zygot cell', u'zygot genom', u'zygot transcript', u'zygoten', u'zygoten spermatocyt']

### False positives: 103
E-GEOD-26746
E-GEOD-36427
E-GEOD-7598
E-CBIL-16
E-GEOD-46447

### False negatives: 17
E-GEOD-70179
E-GEOD-10246
E-GEOD-37468
E-GEOD-68155
E-MEXP-855

### Train Test Split Report, test % = 0.20
All Samples:   3201	Training Samples:   2560	Test Samples:    641
Yes count:     1129	Yes count:           897	Yes count:       232
No  count:     2072	No  count:          1663	No  count:       409
Percent Yes:    35%	Percent Yes:         35%	Percent Yes:     36%
### End Time 2017/11/02-10-27-34

Fitting 5 folds for each of 4 candidates, totalling 20 fits
### Start Time 2017/11/02-10-28-28	index file: index.txt
Data dir: /Users/jak/work/gxd_htLearning/Data/training/current,	GridSearch Beta: 4
Random Seeds:	randForClassifier=714   randForSplit=358   
### Metrics: Training Set
             precision    recall  f1-score   support

  Train yes       0.88      1.00      0.93       905

avg / total       0.88      1.00      0.93       905

Train F4: 0.991

['yes', 'no']
[[ 904    1]
 [ 129 1526]]

### Metrics: Test Set
             precision    recall  f1-score   support

  Test  yes       0.68      0.96      0.79       224

avg / total       0.68      0.96      0.79       224

Test  F4: 0.933

['yes', 'no']
[[214  10]
 [102 315]]

### Best Pipeline Parameters:
classifier__C: 1e-10
classifier__loss: 'hinge'
classifier__penalty: 'l2'
vectorizer__max_df: 0.98
vectorizer__min_df: 2
vectorizer__ngram_range: (1, 2)

### GridSearch Pipeline:
classifier:
LinearSVC(C=1e-10, class_weight='balanced', dual=True, fit_intercept=True,
     intercept_scaling=1, loss='hinge', max_iter=200, multi_class='ovr',
     penalty='l2', random_state=714, tol=0.0001, verbose=0)

scaler:
StandardScaler(copy=True, with_mean=False, with_std=True)

vectorizer:
TfidfVectorizer(analyzer=u'word', binary=False, decode_error='replace',
        dtype=<type 'numpy.int64'>, encoding=u'utf-8', input=u'content',
        lowercase=True, max_df=0.98, max_features=None, min_df=2,
        ngram_range=(1, 2), norm=u'l2', preprocessor=None, smooth_idf=True,
        stop_words='english', strip_accents='unicode', sublinear_tf=False,
        token_pattern=u'(?i)\\b([a-z_]\\w+)\\b', tokenizer=None,
        use_idf=True, vocabulary=None)

### Parameter Options Tried:
classifier__C:[1e-10, 1e-09, 1e-08, 1e-07]
classifier__loss:['hinge']
classifier__penalty:['l2']
vectorizer__max_df:[0.98]
vectorizer__min_df:[2]
vectorizer__ngram_range:[(1, 2)]

### Top positive features (20)
+0.0000	develop
+0.0000	mutant
+0.0000	embryo
+0.0000	organism_part_ef
+0.0000	wild
+0.0000	wild type
+0.0000	tissu
+0.0000	postnat
+0.0000	e12
+0.0000	litterm
+0.0000	stage
+0.0000	developmental_stage_ef
+0.0000	dissect
+0.0000	pool
+0.0000	e15
+0.0000	testi
+0.0000	age_ef
+0.0000	knockout
+0.0000	mutant embryo
+0.0000	e18

### Top negative features (20)
-0.0000	follow
-0.0000	respons
-0.0000	dose_ef
-0.0000	fac
-0.0000	cell_type_ef
-0.0000	infect
-0.0000	embryon fibroblast
-0.0000	sort
-0.0000	time_ef
-0.0000	mef
-0.0000	cultur
-0.0000	stem cell
-0.0000	fibroblast
-0.0000	stem
-0.0000	treatment
-0.0000	compound_ef
-0.0000	treatment_ef
-0.0000	treat
-0.0000	induc
-0.0000	cell

### Vectorizer:   Number of Features: 35890
First 10 features: [u'a1', u'a10', u'a130022j15rik', u'a130022j15rik surpris', u'a2', u'a9', u'aa', u'aa4', u'aa4 purifi', u'aad']

Middle 10 features: [u'known role', u'known signal', u'known ssc', u'known transcript', u'known vivo', u'known whi', u'ko', u'ko age', u'ko anim', u'ko brain']

Last 10 features: [u'zt20', u'zt6', u'zt6 zt20', u'zurich', u'zurich anim', u'zygot', u'zygot cell', u'zygot genom', u'zygot transcript', u'zygoten']

### False positives: 102
E-MTAB-2995
E-GEOD-61328
E-GEOD-15129
E-GEOD-69204
E-GEOD-28175

### False negatives: 10
E-MEXP-1544
E-GEOD-13563
E-GEOD-81976
E-GEOD-1986
E-MTAB-3707

### Train Test Split Report, test % = 0.20
All Samples:   3201	Training Samples:   2560	Test Samples:    641
Yes count:     1129	Yes count:           905	Yes count:       224
No  count:     2072	No  count:          1655	No  count:       417
Percent Yes:    35%	Percent Yes:         35%	Percent Yes:     34%
### End Time 2017/11/02-10-28-40

Fitting 5 folds for each of 5 candidates, totalling 25 fits
### Start Time 2017/11/02-10-30-19	index file: index.txt
Data dir: /Users/jak/work/gxd_htLearning/Data/training/current,	GridSearch Beta: 4
Random Seeds:	randForClassifier=519   randForSplit=369   
### Metrics: Training Set
             precision    recall  f1-score   support

  Train yes       0.87      1.00      0.93       903

avg / total       0.87      1.00      0.93       903

Train F4: 0.990

['yes', 'no']
[[ 901    2]
 [ 130 1527]]

### Metrics: Test Set
             precision    recall  f1-score   support

  Test  yes       0.64      0.93      0.76       226

avg / total       0.64      0.93      0.76       226

Test  F4: 0.905

['yes', 'no']
[[210  16]
 [118 297]]

### Best Pipeline Parameters:
classifier__C: 1e-11
classifier__loss: 'hinge'
classifier__penalty: 'l2'
vectorizer__max_df: 0.98
vectorizer__min_df: 2
vectorizer__ngram_range: (1, 2)

### GridSearch Pipeline:
classifier:
LinearSVC(C=1e-11, class_weight='balanced', dual=True, fit_intercept=True,
     intercept_scaling=1, loss='hinge', max_iter=200, multi_class='ovr',
     penalty='l2', random_state=519, tol=0.0001, verbose=0)

scaler:
StandardScaler(copy=True, with_mean=False, with_std=True)

vectorizer:
TfidfVectorizer(analyzer=u'word', binary=False, decode_error='replace',
        dtype=<type 'numpy.int64'>, encoding=u'utf-8', input=u'content',
        lowercase=True, max_df=0.98, max_features=None, min_df=2,
        ngram_range=(1, 2), norm=u'l2', preprocessor=None, smooth_idf=True,
        stop_words='english', strip_accents='unicode', sublinear_tf=False,
        token_pattern=u'(?i)\\b([a-z_]\\w+)\\b', tokenizer=None,
        use_idf=True, vocabulary=None)

### Parameter Options Tried:
classifier__C:[1e-11, 1e-10, 1e-09, 1e-08, 1e-07]
classifier__loss:['hinge']
classifier__penalty:['l2']
vectorizer__max_df:[0.98]
vectorizer__min_df:[2]
vectorizer__ngram_range:[(1, 2)]

### Top positive features (20)
+0.0000	develop
+0.0000	embryo
+0.0000	mutant
+0.0000	organism_part_ef
+0.0000	wild
+0.0000	wild type
+0.0000	testi
+0.0000	tissu
+0.0000	e12
+0.0000	pool
+0.0000	age_ef
+0.0000	knockout
+0.0000	postnat
+0.0000	developmental_stage_ef
+0.0000	defect
+0.0000	litterm
+0.0000	heart
+0.0000	type
+0.0000	mutant embryo
+0.0000	stage

### Top negative features (20)
-0.0000	dose_ef
-0.0000	hour
-0.0000	respons
-0.0000	fac
-0.0000	cell_type_ef
-0.0000	infect
-0.0000	embryon fibroblast
-0.0000	cultur
-0.0000	sort
-0.0000	mef
-0.0000	fibroblast
-0.0000	stem cell
-0.0000	stem
-0.0000	time_ef
-0.0000	treatment_ef
-0.0000	treatment
-0.0000	compound_ef
-0.0000	induc
-0.0000	treat
-0.0000	cell

### Vectorizer:   Number of Features: 36179
First 10 features: [u'a1', u'a2', u'a430', u'a9', u'aa', u'aa4', u'aa4 purifi', u'aad', u'aad bd', u'aav2']

Middle 10 features: [u'ko age', u'ko anim', u'ko biolog', u'ko cell', u'ko cko', u'ko condit', u'ko control', u'ko e12', u'ko e14', u'ko embryo']

Last 10 features: [u'zt6', u'zt6 zt20', u'zurich', u'zurich anim', u'zygot', u'zygot cell', u'zygot genom', u'zygot transcript', u'zygoten', u'zygoten spermatocyt']

### False positives: 118
E-MTAB-2561
E-TABM-395
E-GEOD-56918
E-GEOD-48936
E-GEOD-54207

### False negatives: 16
E-GEOD-83244
E-GEOD-56367
E-GEOD-39524
E-GEOD-15794
E-GEOD-63576

### Train Test Split Report, test % = 0.20
All Samples:   3201	Training Samples:   2560	Test Samples:    641
Yes count:     1129	Yes count:           903	Yes count:       226
No  count:     2072	No  count:          1657	No  count:       415
Percent Yes:    35%	Percent Yes:         35%	Percent Yes:     35%
### End Time 2017/11/02-10-30-35

Fitting 5 folds for each of 4 candidates, totalling 20 fits
### Start Time 2017/11/02-10-31-34	index file: index.txt
Data dir: /Users/jak/work/gxd_htLearning/Data/training/current,	GridSearch Beta: 4
Random Seeds:	randForClassifier=681   randForSplit=675   
### Metrics: Training Set
             precision    recall  f1-score   support

  Train yes       0.89      1.00      0.94       887

avg / total       0.89      1.00      0.94       887

Train F4: 0.989

['yes', 'no']
[[ 883    4]
 [ 110 1563]]

### Metrics: Test Set
             precision    recall  f1-score   support

  Test  yes       0.67      0.92      0.78       242

avg / total       0.67      0.92      0.78       242

Test  F4: 0.902

['yes', 'no']
[[223  19]
 [110 289]]

### Best Pipeline Parameters:
classifier__C: 1e-11
classifier__loss: 'hinge'
classifier__penalty: 'l2'
vectorizer__max_df: 0.98
vectorizer__min_df: 2
vectorizer__ngram_range: (1, 2)

### GridSearch Pipeline:
classifier:
LinearSVC(C=1e-11, class_weight='balanced', dual=True, fit_intercept=True,
     intercept_scaling=1, loss='hinge', max_iter=200, multi_class='ovr',
     penalty='l2', random_state=681, tol=0.0001, verbose=0)

scaler:
StandardScaler(copy=True, with_mean=False, with_std=True)

vectorizer:
TfidfVectorizer(analyzer=u'word', binary=False, decode_error='replace',
        dtype=<type 'numpy.int64'>, encoding=u'utf-8', input=u'content',
        lowercase=True, max_df=0.98, max_features=None, min_df=2,
        ngram_range=(1, 2), norm=u'l2', preprocessor=None, smooth_idf=True,
        stop_words='english', strip_accents='unicode', sublinear_tf=False,
        token_pattern=u'(?i)\\b([a-z_]\\w+)\\b', tokenizer=None,
        use_idf=True, vocabulary=None)

### Parameter Options Tried:
classifier__C:[1e-11, 1e-10, 1e-09, 1e-08]
classifier__loss:['hinge']
classifier__penalty:['l2']
vectorizer__max_df:[0.98]
vectorizer__min_df:[2]
vectorizer__ngram_range:[(1, 2)]

### Top positive features (20)
+0.0000	develop
+0.0000	embryo
+0.0000	mutant
+0.0000	organism_part_ef
+0.0000	development
+0.0000	stage
+0.0000	tissu
+0.0000	developmental_stage_ef
+0.0000	pool
+0.0000	age_ef
+0.0000	wild
+0.0000	e12
+0.0000	wild type
+0.0000	defect
+0.0000	testi
+0.0000	litterm
+0.0000	postnat
+0.0000	development stage
+0.0000	knockout
+0.0000	embryon day

### Top negative features (20)
-0.0000	follow
-0.0000	hour
-0.0000	respons
-0.0000	fac
-0.0000	cell_type_ef
-0.0000	infect
-0.0000	sort
-0.0000	embryon fibroblast
-0.0000	cultur
-0.0000	time_ef
-0.0000	mef
-0.0000	stem cell
-0.0000	stem
-0.0000	fibroblast
-0.0000	treatment_ef
-0.0000	treatment
-0.0000	compound_ef
-0.0000	treat
-0.0000	induc
-0.0000	cell

### Vectorizer:   Number of Features: 36102
First 10 features: [u'a1', u'a10', u'a130022j15rik', u'a130022j15rik surpris', u'a2', u'a430', u'a9', u'aa', u'aa4', u'aad']

Middle 10 features: [u'known function', u'known gene', u'known generat', u'known howev', u'known import', u'known influenc', u'known investig', u'known involv', u'known mechan', u'known mediat']

Last 10 features: [u'zt2', u'zt20', u'zt6', u'zt6 zt20', u'zurich', u'zygot', u'zygot cell', u'zygot genom', u'zygoten', u'zygoten spermatocyt']

### False positives: 110
E-GEOD-6323
E-GEOD-37832
E-MTAB-4092
E-TIGR-135
E-MTAB-3938

### False negatives: 19
E-GEOD-66582
E-MTAB-3165
E-GEOD-46515
E-GEOD-12618
E-GEOD-17141

### Train Test Split Report, test % = 0.20
All Samples:   3201	Training Samples:   2560	Test Samples:    641
Yes count:     1129	Yes count:           887	Yes count:       242
No  count:     2072	No  count:          1673	No  count:       399
Percent Yes:    35%	Percent Yes:         34%	Percent Yes:     37%
### End Time 2017/11/02-10-31-46

Fitting 5 folds for each of 4 candidates, totalling 20 fits
### Start Time 2017/11/02-10-32-52	index file: index.txt
Data dir: /Users/jak/work/gxd_htLearning/Data/training/current,	GridSearch Beta: 4
Random Seeds:	randForClassifier=700   randForSplit=497   
### Metrics: Training Set
             precision    recall  f1-score   support

  Train yes       0.88      1.00      0.93       895

avg / total       0.88      1.00      0.93       895

Train F4: 0.988

['yes', 'no']
[[ 891    4]
 [ 125 1540]]

### Metrics: Test Set
             precision    recall  f1-score   support

  Test  yes       0.69      0.92      0.79       234

avg / total       0.69      0.92      0.79       234

Test  F4: 0.901

['yes', 'no']
[[215  19]
 [ 98 309]]

### Best Pipeline Parameters:
classifier__C: 1e-11
classifier__loss: 'hinge'
classifier__penalty: 'l2'
vectorizer__max_df: 0.98
vectorizer__min_df: 2
vectorizer__ngram_range: (1, 2)

### GridSearch Pipeline:
classifier:
LinearSVC(C=1e-11, class_weight='balanced', dual=True, fit_intercept=True,
     intercept_scaling=1, loss='hinge', max_iter=200, multi_class='ovr',
     penalty='l2', random_state=700, tol=0.0001, verbose=0)

scaler:
StandardScaler(copy=True, with_mean=False, with_std=True)

vectorizer:
TfidfVectorizer(analyzer=u'word', binary=False, decode_error='replace',
        dtype=<type 'numpy.int64'>, encoding=u'utf-8', input=u'content',
        lowercase=True, max_df=0.98, max_features=None, min_df=2,
        ngram_range=(1, 2), norm=u'l2', preprocessor=None, smooth_idf=True,
        stop_words='english', strip_accents='unicode', sublinear_tf=False,
        token_pattern=u'(?i)\\b([a-z_]\\w+)\\b', tokenizer=None,
        use_idf=True, vocabulary=None)

### Parameter Options Tried:
classifier__C:[1e-11, 1e-10, 1e-09, 1e-08]
classifier__loss:['hinge']
classifier__penalty:['l2']
vectorizer__max_df:[0.98]
vectorizer__min_df:[2]
vectorizer__ngram_range:[(1, 2)]

### End Time 2017/11/02-10-33-03

Fitting 5 folds for each of 3 candidates, totalling 15 fits
### Start Time 2017/11/02-10-33-48	index file: index.txt
Data dir: /Users/jak/work/gxd_htLearning/Data/training/current,	GridSearch Beta: 4
Random Seeds:	randForClassifier=770   randForSplit=85   
### Metrics: Training Set
             precision    recall  f1-score   support

  Train yes       0.88      1.00      0.93       883

avg / total       0.88      1.00      0.93       883

Train F4: 0.989

['yes', 'no']
[[ 880    3]
 [ 121 1556]]

### Metrics: Test Set
             precision    recall  f1-score   support

  Test  yes       0.69      0.96      0.80       246

avg / total       0.69      0.96      0.80       246

Test  F4: 0.942

['yes', 'no']
[[237   9]
 [106 289]]

### Best Pipeline Parameters:
classifier__C: 1e-10
classifier__loss: 'hinge'
classifier__penalty: 'l2'
vectorizer__max_df: 0.98
vectorizer__min_df: 2
vectorizer__ngram_range: (1, 2)

### GridSearch Pipeline:
classifier:
LinearSVC(C=1e-10, class_weight='balanced', dual=True, fit_intercept=True,
     intercept_scaling=1, loss='hinge', max_iter=200, multi_class='ovr',
     penalty='l2', random_state=770, tol=0.0001, verbose=0)

scaler:
StandardScaler(copy=True, with_mean=False, with_std=True)

vectorizer:
TfidfVectorizer(analyzer=u'word', binary=False, decode_error='replace',
        dtype=<type 'numpy.int64'>, encoding=u'utf-8', input=u'content',
        lowercase=True, max_df=0.98, max_features=None, min_df=2,
        ngram_range=(1, 2), norm=u'l2', preprocessor=None, smooth_idf=True,
        stop_words='english', strip_accents='unicode', sublinear_tf=False,
        token_pattern=u'(?i)\\b([a-z_]\\w+)\\b', tokenizer=None,
        use_idf=True, vocabulary=None)

### Parameter Options Tried:
classifier__C:[1e-10, 1e-09, 1e-08]
classifier__loss:['hinge']
classifier__penalty:['l2']
vectorizer__max_df:[0.98]
vectorizer__min_df:[2]
vectorizer__ngram_range:[(1, 2)]

### End Time 2017/11/02-10-33-58

Fitting 5 folds for each of 3 candidates, totalling 15 fits
### Start Time 2017/11/02-10-34-19	index file: index.txt
Data dir: /Users/jak/work/gxd_htLearning/Data/training/current,	GridSearch Beta: 4
Random Seeds:	randForClassifier=993   randForSplit=94   
### Metrics: Training Set
             precision    recall  f1-score   support

  Train yes       0.88      1.00      0.93       909

avg / total       0.88      1.00      0.93       909

Train F4: 0.989

['yes', 'no']
[[ 906    3]
 [ 123 1528]]

### Metrics: Test Set
             precision    recall  f1-score   support

  Test  yes       0.62      0.93      0.74       220

avg / total       0.62      0.93      0.74       220

Test  F4: 0.901

['yes', 'no']
[[204  16]
 [124 297]]

### Best Pipeline Parameters:
classifier__C: 1e-10
classifier__loss: 'hinge'
classifier__penalty: 'l2'
vectorizer__max_df: 0.98
vectorizer__min_df: 2
vectorizer__ngram_range: (1, 2)

### GridSearch Pipeline:
classifier:
LinearSVC(C=1e-10, class_weight='balanced', dual=True, fit_intercept=True,
     intercept_scaling=1, loss='hinge', max_iter=200, multi_class='ovr',
     penalty='l2', random_state=993, tol=0.0001, verbose=0)

scaler:
StandardScaler(copy=True, with_mean=False, with_std=True)

vectorizer:
TfidfVectorizer(analyzer=u'word', binary=False, decode_error='replace',
        dtype=<type 'numpy.int64'>, encoding=u'utf-8', input=u'content',
        lowercase=True, max_df=0.98, max_features=None, min_df=2,
        ngram_range=(1, 2), norm=u'l2', preprocessor=None, smooth_idf=True,
        stop_words='english', strip_accents='unicode', sublinear_tf=False,
        token_pattern=u'(?i)\\b([a-z_]\\w+)\\b', tokenizer=None,
        use_idf=True, vocabulary=None)

### Parameter Options Tried:
classifier__C:[1e-10, 1e-09, 1e-08]
classifier__loss:['hinge']
classifier__penalty:['l2']
vectorizer__max_df:[0.98]
vectorizer__min_df:[2]
vectorizer__ngram_range:[(1, 2)]

### End Time 2017/11/02-10-34-29

Fitting 5 folds for each of 3 candidates, totalling 15 fits
### Start Time 2017/11/02-10-34-38	index file: index.txt
Data dir: /Users/jak/work/gxd_htLearning/Data/training/current,	GridSearch Beta: 4
Random Seeds:	randForClassifier=573   randForSplit=941   
### Metrics: Training Set
             precision    recall  f1-score   support

  Train yes       0.88      1.00      0.93       923

avg / total       0.88      1.00      0.93       923

Train F4: 0.990

['yes', 'no']
[[ 921    2]
 [ 129 1508]]

### Metrics: Test Set
             precision    recall  f1-score   support

  Test  yes       0.58      0.92      0.71       206

avg / total       0.58      0.92      0.71       206

Test  F4: 0.891

['yes', 'no']
[[190  16]
 [139 296]]

### Best Pipeline Parameters:
classifier__C: 1e-10
classifier__loss: 'hinge'
classifier__penalty: 'l2'
vectorizer__max_df: 0.98
vectorizer__min_df: 2
vectorizer__ngram_range: (1, 2)

### GridSearch Pipeline:
classifier:
LinearSVC(C=1e-10, class_weight='balanced', dual=True, fit_intercept=True,
     intercept_scaling=1, loss='hinge', max_iter=200, multi_class='ovr',
     penalty='l2', random_state=573, tol=0.0001, verbose=0)

scaler:
StandardScaler(copy=True, with_mean=False, with_std=True)

vectorizer:
TfidfVectorizer(analyzer=u'word', binary=False, decode_error='replace',
        dtype=<type 'numpy.int64'>, encoding=u'utf-8', input=u'content',
        lowercase=True, max_df=0.98, max_features=None, min_df=2,
        ngram_range=(1, 2), norm=u'l2', preprocessor=None, smooth_idf=True,
        stop_words='english', strip_accents='unicode', sublinear_tf=False,
        token_pattern=u'(?i)\\b([a-z_]\\w+)\\b', tokenizer=None,
        use_idf=True, vocabulary=None)

### Parameter Options Tried:
classifier__C:[1e-10, 1e-09, 1e-08]
classifier__loss:['hinge']
classifier__penalty:['l2']
vectorizer__max_df:[0.98]
vectorizer__min_df:[2]
vectorizer__ngram_range:[(1, 2)]

### End Time 2017/11/02-10-34-48

Fitting 5 folds for each of 3 candidates, totalling 15 fits
### Start Time 2017/11/02-10-35-07	index file: index.txt
Data dir: /Users/jak/work/gxd_htLearning/Data/training/current,	GridSearch Beta: 4
Random Seeds:	randForClassifier=957   randForSplit=318   
### Metrics: Training Set
             precision    recall  f1-score   support

  Train yes       0.88      1.00      0.94       912

avg / total       0.88      1.00      0.94       912

Train F4: 0.988

['yes', 'no']
[[ 908    4]
 [ 122 1526]]

### Metrics: Test Set
             precision    recall  f1-score   support

  Test  yes       0.60      0.94      0.73       217

avg / total       0.60      0.94      0.73       217

Test  F4: 0.906

['yes', 'no']
[[203  14]
 [135 289]]

### Best Pipeline Parameters:
classifier__C: 1e-10
classifier__loss: 'hinge'
classifier__penalty: 'l2'
vectorizer__max_df: 0.98
vectorizer__min_df: 2
vectorizer__ngram_range: (1, 2)

### GridSearch Pipeline:
classifier:
LinearSVC(C=1e-10, class_weight='balanced', dual=True, fit_intercept=True,
     intercept_scaling=1, loss='hinge', max_iter=200, multi_class='ovr',
     penalty='l2', random_state=957, tol=0.0001, verbose=0)

scaler:
StandardScaler(copy=True, with_mean=False, with_std=True)

vectorizer:
TfidfVectorizer(analyzer=u'word', binary=False, decode_error='replace',
        dtype=<type 'numpy.int64'>, encoding=u'utf-8', input=u'content',
        lowercase=True, max_df=0.98, max_features=None, min_df=2,
        ngram_range=(1, 2), norm=u'l2', preprocessor=None, smooth_idf=True,
        stop_words='english', strip_accents='unicode', sublinear_tf=False,
        token_pattern=u'(?i)\\b([a-z_]\\w+)\\b', tokenizer=None,
        use_idf=True, vocabulary=None)

### Parameter Options Tried:
classifier__C:[1e-10, 1e-09, 1e-08]
classifier__loss:['hinge']
classifier__penalty:['l2']
vectorizer__max_df:[0.98]
vectorizer__min_df:[2]
vectorizer__ngram_range:[(1, 2)]

### End Time 2017/11/02-10-35-17

Fitting 5 folds for each of 3 candidates, totalling 15 fits
### Start Time 2017/11/02-14-07-28	index file: index.txt
Data dir: /Users/jak/work/gxd_htLearning/Data/training/current,	GridSearch Beta: 4
Random Seeds:	randForClassifier=228   randForSplit=10   
### Metrics: Training Set
             precision    recall  f1-score   support

  Train yes       0.87      1.00      0.93       889

avg / total       0.87      1.00      0.93       889

Train F4: 0.990

['yes', 'no']
[[ 888    1]
 [ 130 1541]]

### Metrics: Test Set
             precision    recall  f1-score   support

  Test  yes       0.67      0.91      0.77       240

avg / total       0.67      0.91      0.77       240

Test  F4: 0.890

['yes', 'no']
[[218  22]
 [105 296]]

### Best Pipeline Parameters:
classifier__C: 1e-06
classifier__loss: 'hinge'
classifier__penalty: 'l2'
vectorizer__max_df: 0.98
vectorizer__min_df: 2
vectorizer__ngram_range: (1, 2)

### GridSearch Pipeline:
classifier:
LinearSVC(C=1e-06, class_weight='balanced', dual=True, fit_intercept=True,
     intercept_scaling=1, loss='hinge', max_iter=200, multi_class='ovr',
     penalty='l2', random_state=228, tol=0.0001, verbose=0)

scaler:
StandardScaler(copy=True, with_mean=False, with_std=True)

vectorizer:
TfidfVectorizer(analyzer=u'word', binary=False, decode_error='replace',
        dtype=<type 'numpy.int64'>, encoding=u'utf-8', input=u'content',
        lowercase=True, max_df=0.98, max_features=None, min_df=2,
        ngram_range=(1, 2), norm=u'l2', preprocessor=None, smooth_idf=True,
        stop_words='english', strip_accents='unicode', sublinear_tf=False,
        token_pattern=u'(?i)\\b([a-z_]\\w+)\\b', tokenizer=None,
        use_idf=True, vocabulary=None)

### Parameter Options Tried:
classifier__C:[1e-06, 1e-07, 1e-08]
classifier__loss:['hinge']
classifier__penalty:['l2']
vectorizer__max_df:[0.98]
vectorizer__min_df:[2]
vectorizer__ngram_range:[(1, 2)]

### End Time 2017/11/02-14-07-38

