Sample	True	Prediction	FP/FN	Confidence	Abs value
E-GEOD-760	0	0		-0.000	0.000
E-MTAB-4616	0	0		-0.000	0.000
E-TABM-874	0	0		-0.000	0.000
E-GEOD-6589	1	0	FN	-0.000	0.000
E-GEOD-8360	1	0	FN	-0.000	0.000
E-MEXP-454	0	0		-0.000	0.000
E-GEOD-36232	0	0		-0.001	0.001
E-GEOD-56548	0	0		-0.001	0.001
E-GEOD-10659	0	0		-0.001	0.001
E-GEOD-35989	0	0		-0.001	0.001
E-GEOD-32098	0	1	FP	0.001	0.001
E-GEOD-37319	0	0		-0.001	0.001
E-GEOD-59849	0	0		-0.001	0.001
E-MEXP-3736	0	1	FP	0.001	0.001
E-GEOD-27373	0	0		-0.001	0.001
E-GEOD-24340	0	1	FP	0.001	0.001
E-GEOD-5500	0	0		-0.001	0.001
E-GEOD-37055	0	1	FP	0.002	0.002
E-RZPD-2	0	0		-0.002	0.002
E-RZPD-1	0	0		-0.002	0.002
E-GEOD-19403	0	0		-0.002	0.002
E-GEOD-61049	0	1	FP	0.002	0.002
E-GEOD-55356	0	0		-0.002	0.002
E-GEOD-82300	0	1	FP	0.002	0.002
E-GEOD-65350	0	1	FP	0.002	0.002
E-GEOD-41908	0	0		-0.002	0.002
E-GEOD-66856	0	0		-0.002	0.002
E-CBIL-40	0	1	FP	0.002	0.002
E-GEOD-23305	0	0		-0.002	0.002
E-GEOD-37718	0	0		-0.002	0.002
E-GEOD-48095	0	0		-0.002	0.002
E-MTAB-1192	0	1	FP	0.002	0.002
E-GEOD-4098	0	0		-0.002	0.002
E-GEOD-47395	0	0		-0.002	0.002
E-GEOD-30661	0	1	FP	0.002	0.002
E-GEOD-38981	0	1	FP	0.002	0.002
E-MTAB-1399	0	0		-0.002	0.002
E-GEOD-50554	0	1	FP	0.002	0.002
E-GEOD-70288	0	0		-0.002	0.002
E-GEOD-4870	0	1	FP	0.002	0.002
E-GEOD-41207	0	0		-0.002	0.002
E-GEOD-1606	0	0		-0.003	0.003
E-MTAB-219	0	0		-0.003	0.003
E-GEOD-58664	0	1	FP	0.003	0.003
E-GEOD-30953	0	1	FP	0.003	0.003
E-GEOD-25286	0	1	FP	0.003	0.003
E-GEOD-65000	0	0		-0.003	0.003
E-TABM-473	0	0		-0.003	0.003
E-MEXP-1483	0	0		-0.003	0.003
E-MTAB-5019	0	0		-0.003	0.003
E-MEXP-1052	0	1	FP	0.003	0.003
E-GEOD-13636	0	0		-0.003	0.003
E-GEOD-35616	0	1	FP	0.003	0.003
E-TIGR-135	0	1	FP	0.003	0.003
E-GEOD-43651	0	0		-0.003	0.003
E-GEOD-68921	0	0		-0.003	0.003
E-GEOD-765	0	0		-0.003	0.003
E-GEOD-77997	0	0		-0.004	0.004
E-GEOD-40582	0	1	FP	0.004	0.004
E-GEOD-70562	0	1	FP	0.004	0.004
E-GEOD-19367	0	0		-0.004	0.004
E-GEOD-5124	0	0		-0.004	0.004
E-TABM-684	0	0		-0.004	0.004
E-GEOD-42688	1	0	FN	-0.004	0.004
E-GEOD-51892	0	1	FP	0.004	0.004
E-GEOD-68334	0	0		-0.004	0.004
E-GEOD-2130	0	0		-0.004	0.004
E-GEOD-69097	0	1	FP	0.004	0.004
E-GEOD-18937	0	1	FP	0.004	0.004
E-GEOD-25222	0	0		-0.004	0.004
E-GEOD-73816	0	0		-0.004	0.004
E-GEOD-2882	0	0		-0.005	0.005
E-GEOD-3487	0	1	FP	0.005	0.005
E-MEXP-438	0	1	FP	0.005	0.005
E-GEOD-28790	0	1	FP	0.005	0.005
E-GEOD-7598	0	1	FP	0.005	0.005
E-GEOD-42389	0	1	FP	0.005	0.005
E-GEOD-59463	0	0		-0.005	0.005
E-TABM-1105	0	0		-0.005	0.005
E-GEOD-27522	0	0		-0.005	0.005
E-GEOD-69204	0	1	FP	0.005	0.005
E-MTAB-452	0	0		-0.005	0.005
E-GEOD-36427	0	1	FP	0.005	0.005
E-CBIL-14	0	1	FP	0.005	0.005
E-GEOD-74315	0	1	FP	0.005	0.005
E-GEOD-9914	0	0		-0.005	0.005
E-GEOD-19066	0	1	FP	0.005	0.005
E-GEOD-41608	0	1	FP	0.005	0.005
E-MEXP-787	0	0		-0.005	0.005
E-GEOD-9033	0	1	FP	0.005	0.005
E-GEOD-5042	0	0		-0.006	0.006
E-GEOD-55831	0	1	FP	0.006	0.006
E-GEOD-65977	0	0		-0.006	0.006
E-MNIA-85	0	0		-0.006	0.006
E-MTAB-2520	0	0		-0.006	0.006
E-GEOD-61711	0	1	FP	0.006	0.006
E-GEOD-58996	0	1	FP	0.006	0.006
E-GEOD-66717	0	0		-0.006	0.006
E-GEOD-66619	0	0		-0.006	0.006
E-MTAB-1297	0	0		-0.006	0.006
E-MEXP-145	0	1	FP	0.006	0.006
E-GEOD-30488	0	1	FP	0.006	0.006
E-GEOD-30190	0	0		-0.006	0.006
E-GEOD-1886	0	0		-0.006	0.006
E-GEOD-54886	0	0		-0.006	0.006
E-GEOD-62432	0	0		-0.006	0.006
E-GEOD-26746	0	1	FP	0.006	0.006
E-GEOD-75330	0	0		-0.007	0.007
E-GEOD-3634	0	1	FP	0.007	0.007
E-GEOD-2437	0	0		-0.007	0.007
E-GEOD-591	0	1	FP	0.007	0.007
E-MEXP-3161	0	0		-0.007	0.007
E-GEOD-25874	0	0		-0.007	0.007
E-TABM-1068	0	0		-0.007	0.007
E-GEOD-37832	0	0		-0.007	0.007
E-MEXP-698	0	0		-0.007	0.007
E-MTAB-3557	0	1	FP	0.007	0.007
E-GEOD-50847	0	1	FP	0.007	0.007
E-GEOD-56638	0	0		-0.008	0.008
E-GEOD-34502	0	0		-0.008	0.008
E-GEOD-54932	0	1	FP	0.008	0.008
E-MEXP-2161	0	0		-0.008	0.008
E-GEOD-28277	0	0		-0.008	0.008
E-GEOD-4512	0	0		-0.008	0.008
E-MTAB-895	0	0		-0.008	0.008
E-GEOD-54207	0	0		-0.008	0.008
E-GEOD-15574	0	0		-0.008	0.008
E-TABM-815	0	0		-0.008	0.008
E-MTAB-3417	0	1	FP	0.008	0.008
E-MTAB-2974	0	1	FP	0.008	0.008
E-GEOD-21041	0	0		-0.008	0.008
E-ERAD-72	1	1		0.008	0.008
E-GEOD-27429	0	0		-0.008	0.008
E-GEOD-41871	0	1	FP	0.008	0.008
E-GEOD-34549	0	0		-0.008	0.008
E-GEOD-60780	0	0		-0.009	0.009
E-GEOD-4513	0	0		-0.009	0.009
E-GEOD-55735	0	0		-0.009	0.009
E-GEOD-73372	0	1	FP	0.009	0.009
E-GEOD-986	0	0		-0.009	0.009
E-TABM-137	0	0		-0.009	0.009
E-MTAB-1821	0	0		-0.009	0.009
E-TABM-491	0	0		-0.009	0.009
E-GEOD-10081	0	0		-0.009	0.009
E-MTAB-88	0	0		-0.009	0.009
E-TABM-661	0	0		-0.009	0.009
E-GEOD-11165	0	0		-0.009	0.009
E-GEOD-35802	0	0		-0.009	0.009
E-GEOD-61582	0	0		-0.010	0.010
E-GEOD-66390	0	0		-0.010	0.010
E-GEOD-32028	0	0		-0.010	0.010
E-GEOD-15056	0	0		-0.010	0.010
E-GEOD-48052	0	0		-0.010	0.010
E-GEOD-13691	0	0		-0.010	0.010
E-MTAB-80	0	0		-0.010	0.010
E-MTAB-1569	0	0		-0.010	0.010
E-MTAB-2551	0	0		-0.010	0.010
E-GEOD-49513	0	1	FP	0.010	0.010
E-GEOD-49194	0	1	FP	0.010	0.010
E-MTAB-473	0	0		-0.011	0.011
E-MTAB-4534	0	0		-0.011	0.011
E-GEOD-70419	0	0		-0.011	0.011
E-GEOD-32234	0	0		-0.011	0.011
E-GEOD-55340	0	0		-0.011	0.011
E-GEOD-4928	0	0		-0.011	0.011
E-MTAB-554	0	0		-0.011	0.011
E-MTAB-2780	0	0		-0.011	0.011
E-GEOD-56323	0	0		-0.011	0.011
E-GEOD-83391	0	0		-0.011	0.011
E-TABM-1185	0	0		-0.011	0.011
E-GEOD-1816	0	0		-0.011	0.011
E-GEOD-55054	0	0		-0.011	0.011
E-SMDB-3457	0	0		-0.011	0.011
E-MTAB-3751	0	0		-0.011	0.011
E-GEOD-19012	0	0		-0.012	0.012
E-GEOD-36336	0	0		-0.012	0.012
E-GEOD-27181	0	0		-0.012	0.012
E-GEOD-25675	0	0		-0.012	0.012
E-TABM-618	0	0		-0.012	0.012
E-MEXP-2189	0	0		-0.012	0.012
E-GEOD-11419	0	0		-0.012	0.012
E-SMDB-3976	0	0		-0.012	0.012
E-MEXP-3873	0	0		-0.012	0.012
E-MEXP-1544	1	1		0.012	0.012
E-GEOD-28226	0	0		-0.012	0.012
E-MTAB-2439	1	1		0.012	0.012
E-GEOD-69124	0	0		-0.012	0.012
E-GEOD-48583	0	0		-0.012	0.012
E-GEOD-30578	0	0		-0.012	0.012
E-GEOD-35419	0	0		-0.012	0.012
E-GEOD-57990	0	0		-0.012	0.012
E-GEOD-57019	0	0		-0.012	0.012
E-GEOD-46583	0	0		-0.012	0.012
E-MTAB-2266	0	0		-0.012	0.012
E-GEOD-85136	0	0		-0.012	0.012
E-GEOD-58928	0	1	FP	0.012	0.012
E-GEOD-22416	0	0		-0.012	0.012
E-ERAD-402	0	0		-0.013	0.013
E-MIMR-7	1	1		0.013	0.013
E-GEOD-46447	0	0		-0.013	0.013
E-GEOD-27294	0	0		-0.013	0.013
E-GEOD-2773	0	0		-0.013	0.013
E-GEOD-53480	0	0		-0.013	0.013
E-GEOD-38837	0	0		-0.013	0.013
E-GEOD-3770	0	0		-0.013	0.013
E-MTAB-2067	0	0		-0.013	0.013
E-GEOD-24083	0	0		-0.013	0.013
E-MEXP-540	0	0		-0.013	0.013
E-GEOD-51198	0	0		-0.013	0.013
E-GEOD-6614	0	0		-0.013	0.013
E-MEXP-1486	0	1	FP	0.013	0.013
E-MEXP-855	1	1		0.013	0.013
E-TABM-692	0	0		-0.013	0.013
E-MEXP-2385	0	0		-0.013	0.013
E-GEOD-22094	0	0		-0.013	0.013
E-GEOD-7781	0	0		-0.013	0.013
E-GEOD-23782	0	0		-0.013	0.013
E-GEOD-64391	0	0		-0.013	0.013
E-GEOD-39233	0	0		-0.013	0.013
E-MTAB-970	0	0		-0.014	0.014
E-GEOD-41013	0	1	FP	0.014	0.014
E-GEOD-775	0	0		-0.014	0.014
E-TABM-422	0	0		-0.014	0.014
E-MIMR-2	0	0		-0.014	0.014
E-TABM-860	0	0		-0.014	0.014
E-GEOD-5583	0	0		-0.014	0.014
E-GEOD-1680	0	0		-0.014	0.014
E-GEOD-21975	0	0		-0.014	0.014
E-GEOD-45020	0	0		-0.014	0.014
E-BAIR-13	0	0		-0.014	0.014
E-GEOD-469	0	0		-0.015	0.015
E-GEOD-46129	0	0		-0.015	0.015
E-GEOD-1579	0	0		-0.015	0.015
E-GEOD-22506	0	0		-0.015	0.015
E-MTAB-3501	0	0		-0.015	0.015
E-TABM-332	0	1	FP	0.015	0.015
E-GEOD-31822	0	0		-0.015	0.015
E-TABM-643	0	0		-0.015	0.015
E-GEOD-66088	0	0		-0.015	0.015
E-GEOD-682	0	0		-0.015	0.015
E-MTAB-3272	0	0		-0.015	0.015
E-MEXP-486	1	1		0.015	0.015
E-GEOD-66211	0	0		-0.015	0.015
E-GEOD-61328	0	0		-0.015	0.015
E-GEOD-5371	0	1	FP	0.015	0.015
E-GEOD-50813	0	0		-0.015	0.015
E-GEOD-47422	0	0		-0.015	0.015
E-GEOD-63535	0	0		-0.016	0.016
E-GEOD-1018	1	1		0.016	0.016
E-GEOD-33807	0	0		-0.016	0.016
E-GEOD-40522	0	1	FP	0.016	0.016
E-GEOD-15379	0	0		-0.016	0.016
E-GEOD-62897	0	0		-0.016	0.016
E-GEOD-79711	0	0		-0.016	0.016
E-MEXP-283	0	0		-0.016	0.016
E-MIMR-43	0	0		-0.016	0.016
E-GEOD-5156	0	0		-0.016	0.016
E-TABM-1127	0	0		-0.016	0.016
E-NCMF-10	0	0		-0.016	0.016
E-TABM-865	0	0		-0.016	0.016
E-GEOD-1049	0	0		-0.016	0.016
E-GEOD-1052	0	0		-0.016	0.016
E-ERAD-520	1	1		0.016	0.016
E-GEOD-65617	0	0		-0.016	0.016
E-MEXP-281	0	0		-0.016	0.016
E-GEOD-56777	0	0		-0.016	0.016
E-MTAB-4087	0	0		-0.016	0.016
E-GEOD-18648	0	1	FP	0.016	0.016
E-MEXP-1231	0	0		-0.016	0.016
E-GEOD-11319	0	0		-0.016	0.016
E-GEOD-32081	0	0		-0.016	0.016
E-GEOD-20740	0	0		-0.016	0.016
E-GEOD-21246	0	0		-0.016	0.016
E-GEOD-60361	0	0		-0.016	0.016
E-GEOD-11993	0	0		-0.017	0.017
E-GEOD-1920	0	1	FP	0.017	0.017
E-NCMF-22	0	0		-0.017	0.017
E-GEOD-22039	0	0		-0.017	0.017
E-GEOD-30356	0	0		-0.017	0.017
E-CBIL-16	0	0		-0.017	0.017
E-GEOD-27715	0	0		-0.017	0.017
E-GEOD-6461	0	0		-0.017	0.017
E-GEOD-39697	0	1	FP	0.017	0.017
E-TIGR-110	0	0		-0.017	0.017
E-GEOD-20514	0	0		-0.017	0.017
E-GEOD-64129	0	0		-0.017	0.017
E-GEOD-28923	0	0		-0.017	0.017
E-MTAB-2354	0	0		-0.017	0.017
E-GEOD-65457	0	0		-0.017	0.017
E-GEOD-13807	0	1	FP	0.017	0.017
E-MTAB-3938	0	1	FP	0.017	0.017
E-GEOD-6046	0	0		-0.017	0.017
E-GEOD-24258	0	0		-0.017	0.017
E-GEOD-39648	0	0		-0.017	0.017
E-GEOD-3075	0	0		-0.017	0.017
E-MTAB-2995	0	0		-0.018	0.018
E-GEOD-50950	0	0		-0.018	0.018
E-GEOD-38762	0	1	FP	0.018	0.018
E-GEOD-58088	0	0		-0.018	0.018
E-GEOD-478	0	0		-0.018	0.018
E-MEXP-1358	0	0		-0.018	0.018
E-GEOD-38705	0	0		-0.018	0.018
E-GEOD-2250	0	0		-0.018	0.018
E-MTAB-1722	1	1		0.018	0.018
E-GEOD-19732	0	0		-0.018	0.018
E-GEOD-43232	0	0		-0.018	0.018
E-GEOD-65067	0	0		-0.018	0.018
E-GEOD-46426	0	1	FP	0.018	0.018
E-MTAB-988	1	1		0.018	0.018
E-GEOD-18308	0	0		-0.018	0.018
E-GEOD-37218	0	0		-0.018	0.018
E-GEOD-7137	0	1	FP	0.018	0.018
E-MTAB-3106	0	0		-0.018	0.018
E-GEOD-59739	0	0		-0.018	0.018
E-MEXP-2096	0	1	FP	0.018	0.018
E-GEOD-28516	0	0		-0.018	0.018
E-MTAB-1533	0	0		-0.018	0.018
E-GEOD-57195	0	0		-0.018	0.018
E-GEOD-70681	0	0		-0.018	0.018
E-GEOD-71873	0	0		-0.018	0.018
E-GEOD-15871	0	0		-0.018	0.018
E-GEOD-54678	0	0		-0.018	0.018
E-GEOD-73753	0	0		-0.018	0.018
E-GEOD-64526	1	1		0.019	0.019
E-GEOD-77	0	0		-0.019	0.019
E-GEOD-1392	0	0		-0.019	0.019
E-GEOD-45152	0	0		-0.019	0.019
E-GEOD-24127	0	0		-0.019	0.019
E-GEOD-2556	0	0		-0.019	0.019
E-GEOD-62081	0	0		-0.019	0.019
E-ERAD-224	0	0		-0.019	0.019
E-TABM-232	0	0		-0.019	0.019
E-TABM-515	0	0		-0.019	0.019
E-GEOD-29929	0	0		-0.019	0.019
E-TABM-575	0	1	FP	0.019	0.019
E-GEOD-25256	0	0		-0.019	0.019
E-MTAB-2762	0	0		-0.019	0.019
E-GEOD-29632	0	0		-0.019	0.019
E-GEOD-1143	0	0		-0.019	0.019
E-GEOD-26355	0	0		-0.019	0.019
E-SMDB-3634	0	0		-0.019	0.019
E-MTAB-3533	0	0		-0.019	0.019
E-TABM-141	0	0		-0.019	0.019
E-MTAB-4092	0	0		-0.019	0.019
E-GEOD-11400	0	1	FP	0.019	0.019
E-GEOD-44653	0	0		-0.020	0.020
E-GEOD-53894	0	0		-0.020	0.020
E-GEOD-18261	0	0		-0.020	0.020
E-MEXP-139	0	0		-0.020	0.020
E-GEOD-59410	0	0		-0.020	0.020
E-MEXP-628	0	0		-0.020	0.020
E-GEOD-54589	0	0		-0.020	0.020
E-TABM-709	0	0		-0.020	0.020
E-TABM-1217	0	0		-0.020	0.020
E-GEOD-34799	0	0		-0.020	0.020
E-TABM-947	0	0		-0.020	0.020
E-GEOD-20398	0	0		-0.020	0.020
E-GEOD-4816	0	0		-0.020	0.020
E-GEOD-62049	0	0		-0.020	0.020
E-GEOD-51932	0	0		-0.020	0.020
E-SMDB-1853	0	0		-0.020	0.020
E-GEOD-42100	0	0		-0.020	0.020
E-TABM-1134	0	0		-0.020	0.020
E-GEOD-83873	0	0		-0.020	0.020
E-MTAB-4079	0	0		-0.020	0.020
E-GEOD-23086	0	0		-0.020	0.020
E-MTAB-1943	0	0		-0.020	0.020
E-MEXP-878	0	0		-0.020	0.020
E-GEOD-54708	0	0		-0.020	0.020
E-GEOD-35259	0	0		-0.020	0.020
E-GEOD-35123	0	0		-0.020	0.020
E-TABM-958	0	0		-0.020	0.020
E-MAXD-28	0	0		-0.020	0.020
E-NCMF-14	0	0		-0.021	0.021
E-GEOD-32095	0	0		-0.021	0.021
E-GEOD-21089	0	0		-0.021	0.021
E-GEOD-29261	0	0		-0.021	0.021
E-GEOD-31925	0	0		-0.021	0.021
E-NCMF-6	0	0		-0.021	0.021
E-TABM-966	0	0		-0.021	0.021
E-GEOD-30417	0	0		-0.021	0.021
E-GEOD-31402	0	0		-0.021	0.021
E-GEOD-45886	0	0		-0.021	0.021
E-GEOD-56798	0	0		-0.021	0.021
E-GEOD-43078	0	0		-0.021	0.021
E-GEOD-53760	0	0		-0.021	0.021
E-GEOD-66104	0	0		-0.021	0.021
E-GEOD-23116	0	0		-0.021	0.021
E-GEOD-34060	0	0		-0.021	0.021
E-TABM-896	1	1		0.021	0.021
E-MNIA-73	0	0		-0.021	0.021
E-GEOD-31004	0	0		-0.021	0.021
E-GEOD-13635	1	1		0.021	0.021
E-ERAD-381	1	1		0.021	0.021
E-GEOD-3700	0	0		-0.022	0.022
E-GEOD-23729	0	0		-0.022	0.022
E-TABM-1145	0	0		-0.022	0.022
E-GEOD-31686	0	0		-0.022	0.022
E-MEXP-74	0	0		-0.022	0.022
E-GEOD-19709	0	0		-0.022	0.022
E-GEOD-52809	0	0		-0.022	0.022
E-GEOD-64861	1	1		0.022	0.022
E-GEOD-11139	0	0		-0.022	0.022
E-GEOD-37221	1	1		0.022	0.022
E-TABM-130	1	1		0.022	0.022
E-GEOD-34625	0	0		-0.022	0.022
E-GEOD-83253	0	0		-0.022	0.022
E-GEOD-39275	0	0		-0.022	0.022
E-MTAB-2843	0	0		-0.022	0.022
E-GEOD-60307	0	0		-0.022	0.022
E-GEOD-46645	0	0		-0.022	0.022
E-NCMF-4	0	0		-0.022	0.022
E-GEOD-76	0	0		-0.022	0.022
E-GEOD-1463	0	1	FP	0.023	0.023
E-GEOD-57036	0	0		-0.023	0.023
E-GEOD-47181	0	0		-0.023	0.023
E-GEOD-14412	0	0		-0.023	0.023
E-NCMF-5	0	0		-0.023	0.023
E-TABM-404	0	0		-0.023	0.023
E-MTAB-2660	0	0		-0.023	0.023
E-GEOD-53156	0	0		-0.023	0.023
E-TABM-621	0	0		-0.023	0.023
E-GEOD-40734	0	0		-0.023	0.023
E-GEOD-15795	1	1		0.023	0.023
E-GEOD-46546	0	0		-0.023	0.023
E-CBIL-15	0	0		-0.023	0.023
E-GEOD-23565	0	0		-0.023	0.023
E-TABM-711	1	1		0.023	0.023
E-GEOD-72065	0	0		-0.023	0.023
E-GEOD-31583	1	1		0.023	0.023
E-GEOD-70819	0	0		-0.023	0.023
E-TABM-769	0	0		-0.023	0.023
E-MTAB-61	0	0		-0.023	0.023
E-MTAB-3578	0	1	FP	0.023	0.023
E-MTAB-1303	0	0		-0.023	0.023
E-GEOD-59928	0	0		-0.023	0.023
E-GEOD-41284	0	0		-0.023	0.023
E-GEOD-73612	0	0		-0.023	0.023
E-TABM-1126	0	0		-0.023	0.023
E-GEOD-13563	1	1		0.023	0.023
E-MTAB-4943	0	0		-0.023	0.023
E-GEOD-46308	0	0		-0.024	0.024
E-MTAB-904	0	0		-0.024	0.024
E-GEOD-27577	0	0		-0.024	0.024
E-GEOD-10736	0	0		-0.024	0.024
E-MTAB-1247	0	0		-0.024	0.024
E-GEOD-33454	0	0		-0.024	0.024
E-GEOD-25610	0	0		-0.024	0.024
E-MEXP-105	0	0		-0.024	0.024
E-TABM-759	0	0		-0.024	0.024
E-GEOD-12073	0	0		-0.024	0.024
E-MTAB-3242	0	0		-0.024	0.024
E-TABM-371	0	0		-0.024	0.024
E-GEOD-35897	1	1		0.024	0.024
E-MEXP-2101	0	0		-0.024	0.024
E-MTAB-1035	0	0		-0.024	0.024
E-GEOD-9675	0	0		-0.024	0.024
E-GEOD-39362	0	0		-0.024	0.024
E-GEOD-3236	0	0		-0.024	0.024
E-GEOD-43806	0	0		-0.024	0.024
E-GEOD-49685	0	0		-0.024	0.024
E-MTAB-1929	0	0		-0.024	0.024
E-MEXP-982	0	0		-0.024	0.024
E-GEOD-18802	0	0		-0.024	0.024
E-GEOD-481	0	0		-0.025	0.025
E-GEOD-72133	1	1		0.025	0.025
E-MEXP-3833	0	0		-0.025	0.025
E-NCMF-28	0	0		-0.025	0.025
E-GEOD-54988	0	1	FP	0.025	0.025
E-GEOD-3181	0	0		-0.025	0.025
E-GEOD-77476	0	0		-0.025	0.025
E-GEOD-27836	1	1		0.025	0.025
E-MTAB-3662	0	1	FP	0.025	0.025
E-TABM-1182	0	1	FP	0.025	0.025
E-GEOD-22903	0	0		-0.025	0.025
E-GEOD-8128	0	0		-0.025	0.025
E-GEOD-49638	0	0		-0.025	0.025
E-GEOD-3223	0	0		-0.025	0.025
E-MEXP-529	0	0		-0.025	0.025
E-GEOD-57030	0	0		-0.025	0.025
E-MEXP-155	0	0		-0.025	0.025
E-GEOD-29990	0	0		-0.025	0.025
E-GEOD-19207	0	0		-0.025	0.025
E-GEOD-31743	0	0		-0.025	0.025
E-GEOD-33472	0	0		-0.025	0.025
E-GEOD-77739	0	0		-0.025	0.025
E-TABM-1187	0	0		-0.025	0.025
E-GEOD-66202	0	0		-0.025	0.025
E-GEOD-27954	0	0		-0.026	0.026
E-MTAB-3940	0	0		-0.026	0.026
E-GEOD-18061	0	0		-0.026	0.026
E-GEOD-26877	0	0		-0.026	0.026
E-TABM-786	0	0		-0.026	0.026
E-MEXP-917	0	0		-0.026	0.026
E-GEOD-3792	0	0		-0.026	0.026
E-GEOD-14424	0	0		-0.026	0.026
E-GEOD-19997	0	0		-0.026	0.026
E-MEXP-450	0	0		-0.026	0.026
E-GEOD-7791	0	0		-0.026	0.026
E-GEOD-1482	0	0		-0.026	0.026
E-GEOD-49538	0	1	FP	0.026	0.026
E-MTAB-2652	0	0		-0.026	0.026
E-GEOD-57391	0	0		-0.026	0.026
E-MTAB-188	0	0		-0.026	0.026
E-GEOD-14249	0	0		-0.026	0.026
E-GEOD-24492	0	0		-0.026	0.026
E-MTAB-528	0	0		-0.026	0.026
E-MTAB-62	0	0		-0.026	0.026
E-GEOD-36564	0	0		-0.026	0.026
E-GEOD-50822	0	0		-0.026	0.026
E-MTAB-3079	0	0		-0.026	0.026
E-MTAB-3707	1	1		0.026	0.026
E-GEOD-17936	0	1	FP	0.026	0.026
E-TABM-884	0	0		-0.026	0.026
E-GEOD-25072	0	0		-0.026	0.026
E-GEOD-35302	0	0		-0.026	0.026
E-TABM-266	0	0		-0.026	0.026
E-GEOD-30748	0	0		-0.026	0.026
E-GEOD-37958	0	0		-0.026	0.026
E-GEOD-22046	0	0		-0.026	0.026
E-GEOD-23914	0	0		-0.026	0.026
E-CBIL-7	0	0		-0.026	0.026
E-GEOD-37909	0	0		-0.027	0.027
E-GEOD-26764	0	0		-0.027	0.027
E-TABM-957	0	0		-0.027	0.027
E-GEOD-45143	0	0		-0.027	0.027
E-MTAB-1391	0	0		-0.027	0.027
E-GEOD-68155	1	1		0.027	0.027
E-GEOD-56367	1	1		0.027	0.027
E-GEOD-59848	0	0		-0.027	0.027
E-GEOD-6526	0	0		-0.027	0.027
E-GEOD-50219	0	0		-0.027	0.027
E-GEOD-6963	0	0		-0.027	0.027
E-GEOD-2372	1	1		0.027	0.027
E-GEOD-65315	1	1		0.027	0.027
E-MTAB-3171	0	1	FP	0.027	0.027
E-MEXP-3442	1	1		0.027	0.027
E-TABM-524	1	1		0.027	0.027
E-GEOD-3383	0	0		-0.027	0.027
E-MEXP-2712	0	0		-0.027	0.027
E-GEOD-77778	0	0		-0.027	0.027
E-MTAB-2632	0	0		-0.027	0.027
E-MTAB-698	1	1		0.027	0.027
E-TABM-548	0	0		-0.028	0.028
E-MEXP-2249	0	0		-0.028	0.028
E-GEOD-29087	0	0		-0.028	0.028
E-GEOD-61205	0	0		-0.028	0.028
E-GEOD-19228	0	0		-0.028	0.028
E-ERAD-379	0	0		-0.028	0.028
E-GEOD-62210	0	0		-0.028	0.028
E-GEOD-66049	1	1		0.028	0.028
E-TABM-750	0	0		-0.028	0.028
E-GEOD-81682	0	0		-0.028	0.028
E-GEOD-34430	1	1		0.028	0.028
E-GEOD-20987	0	0		-0.028	0.028
E-GEOD-17774	0	0		-0.028	0.028
E-GEOD-21131	0	0		-0.028	0.028
E-SMDB-24	0	0		-0.028	0.028
E-GEOD-52418	0	0		-0.028	0.028
E-GEOD-3243	0	0		-0.028	0.028
E-GEOD-61147	0	0		-0.028	0.028
E-ERAD-436	0	0		-0.028	0.028
E-GEOD-50531	0	0		-0.028	0.028
E-GEOD-54086	0	0		-0.028	0.028
E-GEOD-60531	0	0		-0.028	0.028
E-NCMF-31	0	0		-0.028	0.028
E-GEOD-58296	0	0		-0.028	0.028
E-GEOD-27218	0	0		-0.028	0.028
E-MTAB-2741	0	0		-0.028	0.028
E-GEOD-3621	0	0		-0.028	0.028
E-TABM-285	0	0		-0.028	0.028
E-GEOD-47065	1	1		0.028	0.028
E-GEOD-73125	0	0		-0.028	0.028
E-GEOD-51263	0	0		-0.029	0.029
E-TABM-1039	0	0		-0.029	0.029
E-MEXP-3261	1	1		0.029	0.029
E-MEXP-1813	0	0		-0.029	0.029
E-GEOD-60737	0	0		-0.029	0.029
E-MEXP-402	1	1		0.029	0.029
E-TABM-380	0	0		-0.029	0.029
E-GEOD-56917	0	0		-0.029	0.029
E-ERAD-283	1	0	FN	-0.029	0.029
E-GEOD-9545	0	0		-0.029	0.029
E-GEOD-3231	0	0		-0.029	0.029
E-GEOD-36810	0	0		-0.029	0.029
E-TABM-1106	1	1		0.029	0.029
E-GEOD-11963	0	0		-0.029	0.029
E-MTAB-113	0	0		-0.029	0.029
E-TIGR-84	0	0		-0.029	0.029
E-SMDB-3283	0	0		-0.029	0.029
E-GEOD-8549	0	1	FP	0.029	0.029
E-GEOD-11415	0	0		-0.029	0.029
E-GEOD-50447	0	0		-0.029	0.029
E-GEOD-5424	0	1	FP	0.029	0.029
E-GEOD-36384	0	0		-0.029	0.029
E-GEOD-85855	0	0		-0.029	0.029
E-TABM-991	0	0		-0.029	0.029
E-GEOD-7784	0	0		-0.029	0.029
E-GEOD-1980	0	0		-0.029	0.029
E-GEOD-12498	0	0		-0.029	0.029
E-MNIA-64	0	0		-0.029	0.029
E-GEOD-5338	0	0		-0.029	0.029
E-GEOD-1294	1	1		0.029	0.029
E-GEOD-62168	0	0		-0.029	0.029
E-GEOD-18551	0	0		-0.029	0.029
E-TABM-503	0	0		-0.029	0.029
E-GEOD-66264	0	0		-0.030	0.030
E-GEOD-29751	0	0		-0.030	0.030
E-MEXP-297	0	0		-0.030	0.030
E-MTAB-2582	0	0		-0.030	0.030
E-GEOD-61894	0	0		-0.030	0.030
E-GEOD-2229	0	0		-0.030	0.030
E-GEOD-64515	0	0		-0.030	0.030
E-GEOD-64004	0	0		-0.030	0.030
E-GEOD-47401	0	0		-0.030	0.030
E-MNIA-65	0	0		-0.030	0.030
E-GEOD-22760	0	0		-0.030	0.030
E-GEOD-5255	0	0		-0.030	0.030
E-ERAD-171	0	0		-0.030	0.030
E-GEOD-42991	0	0		-0.030	0.030
E-MEXP-1636	1	1		0.030	0.030
E-CBIL-24	0	0		-0.030	0.030
E-GEOD-37346	0	0		-0.030	0.030
E-ERAD-321	0	0		-0.030	0.030
E-GEOD-1624	1	1		0.030	0.030
E-GEOD-50193	0	0		-0.030	0.030
E-GEOD-77980	0	0		-0.030	0.030
E-GEOD-31319	0	0		-0.030	0.030
E-TABM-795	0	0		-0.030	0.030
E-ERAD-201	0	0		-0.030	0.030
E-TABM-662	0	0		-0.030	0.030
E-GEOD-8011	0	0		-0.030	0.030
E-GEOD-36437	1	1		0.030	0.030
E-GEOD-65987	0	0		-0.030	0.030
E-MTAB-1416	0	0		-0.030	0.030
E-GEOD-32120	0	0		-0.031	0.031
E-GEOD-28402	0	0		-0.031	0.031
E-GEOD-60596	0	0		-0.031	0.031
E-TABM-755	0	0		-0.031	0.031
E-GEOD-40578	0	0		-0.031	0.031
E-TIGR-119	0	0		-0.031	0.031
E-GEOD-52157	0	0		-0.031	0.031
E-TABM-381	0	0		-0.031	0.031
E-MTAB-4412	0	0		-0.031	0.031
E-TIGR-109	0	0		-0.031	0.031
E-GEOD-28670	0	1	FP	0.031	0.031
E-GEOD-48191	1	1		0.031	0.031
E-GEOD-3787	0	0		-0.031	0.031
E-GEOD-12985	0	0		-0.031	0.031
E-GEOD-13040	0	0		-0.031	0.031
E-MTAB-5020	1	1		0.031	0.031
E-GEOD-54411	1	1		0.031	0.031
E-MEXP-1302	0	0		-0.031	0.031
E-GEOD-41042	0	0		-0.031	0.031
E-GEOD-69952	0	0		-0.031	0.031
E-GEOD-35681	0	0		-0.031	0.031
E-GEOD-4523	1	1		0.031	0.031
E-GEOD-57419	0	0		-0.031	0.031
E-GEOD-1375	1	1		0.031	0.031
E-GEOD-54549	0	0		-0.031	0.031
E-BAIR-7	0	0		-0.031	0.031
E-GEOD-9146	0	0		-0.031	0.031
E-GEOD-8150	0	0		-0.031	0.031
E-TABM-229	0	0		-0.031	0.031
E-MEXP-1190	0	0		-0.031	0.031
E-GEOD-14226	0	0		-0.031	0.031
E-GEOD-6945	0	0		-0.031	0.031
E-GEOD-11356	0	1	FP	0.031	0.031
E-MEXP-861	1	1		0.031	0.031
E-GEOD-68177	0	0		-0.031	0.031
E-MEXP-2490	0	0		-0.031	0.031
E-GEOD-39009	1	1		0.032	0.032
E-MEXP-46	1	1		0.032	0.032
E-GEOD-21902	0	0		-0.032	0.032
E-GEOD-52474	0	0		-0.032	0.032
E-GEOD-56503	0	0		-0.032	0.032
E-GEOD-25257	0	0		-0.032	0.032
E-GEOD-71159	0	0		-0.032	0.032
E-GEOD-72341	0	0		-0.032	0.032
E-GEOD-32391	0	0		-0.032	0.032
E-BAIR-8	0	0		-0.032	0.032
E-CBIL-33	0	0		-0.032	0.032
E-GEOD-46800	1	1		0.032	0.032
E-GEOD-71872	1	1		0.032	0.032
E-TIGR-108	0	0		-0.032	0.032
E-GEOD-27904	0	0		-0.032	0.032
E-SMDB-4035	0	0		-0.032	0.032
E-GEOD-79024	0	0		-0.032	0.032
E-TABM-990	0	0		-0.032	0.032
E-MNIA-63	0	0		-0.032	0.032
E-GEOD-47104	0	0		-0.032	0.032
E-GEOD-1399	1	1		0.032	0.032
E-GEOD-58368	0	0		-0.032	0.032
E-GEOD-8468	0	0		-0.032	0.032
E-GEOD-47703	0	0		-0.032	0.032
E-CBIL-19	0	0		-0.032	0.032
E-GEOD-57001	0	0		-0.032	0.032
E-GEOD-29263	0	0		-0.033	0.033
E-MTAB-76	0	0		-0.033	0.033
E-MTAB-1696	0	0		-0.033	0.033
E-GEOD-19684	0	0		-0.033	0.033
E-GEOD-40260	0	0		-0.033	0.033
E-TABM-240	0	0		-0.033	0.033
E-GEOD-76686	1	1		0.033	0.033
E-TABM-1108	0	0		-0.033	0.033
E-GEOD-49906	0	1	FP	0.033	0.033
E-GEOD-69276	0	0		-0.033	0.033
E-GEOD-5817	0	0		-0.033	0.033
E-GEOD-28228	0	0		-0.033	0.033
E-GEOD-3071	0	0		-0.033	0.033
E-GEOD-46298	0	0		-0.033	0.033
E-MTAB-3971	0	0		-0.033	0.033
E-GEOD-21048	0	0		-0.033	0.033
E-GEOD-12908	0	0		-0.033	0.033
E-GEOD-57393	0	0		-0.033	0.033
E-GEOD-63848	0	0		-0.033	0.033
E-GEOD-1772	1	1		0.033	0.033
E-GEOD-36289	0	0		-0.033	0.033
E-ERAD-300	0	0		-0.033	0.033
E-GEOD-39379	0	0		-0.033	0.033
E-GEOD-2640	0	0		-0.033	0.033
E-GEOD-49441	0	0		-0.033	0.033
E-MTAB-867	1	1		0.033	0.033
E-MEXP-1761	0	0		-0.033	0.033
E-GEOD-897	1	1		0.034	0.034
E-GEOD-3162	0	0		-0.034	0.034
E-GEOD-57133	0	0		-0.034	0.034
E-GEOD-54452	0	0		-0.034	0.034
E-GEOD-32013	1	1		0.034	0.034
E-MTAB-622	1	1		0.034	0.034
E-GEOD-2917	0	0		-0.034	0.034
E-MTAB-2905	0	0		-0.034	0.034
E-GEOD-46515	1	1		0.034	0.034
E-TABM-81	0	1	FP	0.034	0.034
E-GEOD-27720	1	1		0.034	0.034
E-GEOD-48805	0	0		-0.034	0.034
E-GEOD-20878	0	0		-0.034	0.034
E-GEOD-31115	0	0		-0.034	0.034
E-MEXP-867	0	0		-0.034	0.034
E-ERAD-394	0	0		-0.034	0.034
E-ERAD-468	0	0		-0.034	0.034
E-NCMF-26	1	1		0.034	0.034
E-GEOD-49028	0	0		-0.034	0.034
E-MEXP-1719	1	1		0.034	0.034
E-GEOD-38801	0	0		-0.034	0.034
E-GEOD-32994	0	0		-0.034	0.034
E-GEOD-16779	0	0		-0.034	0.034
E-GEOD-38988	0	0		-0.034	0.034
E-GEOD-21639	0	0		-0.034	0.034
E-GEOD-50647	0	0		-0.034	0.034
E-GEOD-34773	0	0		-0.034	0.034
E-MTAB-4167	0	0		-0.034	0.034
E-GEOD-15753	1	1		0.034	0.034
E-GEOD-62659	0	0		-0.034	0.034
E-MTAB-205	0	0		-0.034	0.034
E-GEOD-8312	0	0		-0.034	0.034
E-GEOD-31207	0	0		-0.034	0.034
E-GEOD-25529	0	0		-0.034	0.034
E-MEXP-2691	0	0		-0.034	0.034
E-TIGR-107	0	0		-0.034	0.034
E-TIGR-106	0	0		-0.034	0.034
E-TIGR-105	0	0		-0.034	0.034
E-TABM-683	0	0		-0.034	0.034
E-GEOD-49804	0	0		-0.034	0.034
E-GEOD-60318	0	0		-0.034	0.034
E-GEOD-49200	0	0		-0.035	0.035
E-GEOD-69007	0	0		-0.035	0.035
E-GEOD-24142	0	0		-0.035	0.035
E-GEOD-11859	0	0		-0.035	0.035
E-GEOD-8516	0	0		-0.035	0.035
E-TABM-280	1	1		0.035	0.035
E-MTAB-2483	1	1		0.035	0.035
E-MIMR-802	0	0		-0.035	0.035
E-GEOD-16263	0	0		-0.035	0.035
E-GEOD-64271	0	0		-0.035	0.035
E-GEOD-15119	0	0		-0.035	0.035
E-GEOD-83244	1	1		0.035	0.035
E-TABM-363	0	0		-0.035	0.035
E-TABM-279	0	0		-0.035	0.035
E-GEOD-31581	0	0		-0.035	0.035
E-TABM-498	0	0		-0.035	0.035
E-MTAB-599	1	1		0.035	0.035
E-MEXP-774	0	0		-0.035	0.035
E-GEOD-39812	0	0		-0.035	0.035
E-TABM-195	0	0		-0.035	0.035
E-GEOD-29451	0	0		-0.035	0.035
E-GEOD-30887	0	0		-0.035	0.035
E-MEXP-240	1	1		0.035	0.035
E-ERAD-169	1	1		0.035	0.035
E-GEOD-71826	0	0		-0.035	0.035
E-MARS-18	0	1	FP	0.035	0.035
E-GEOD-5425	1	1		0.035	0.035
E-GEOD-33502	0	0		-0.035	0.035
E-GEOD-39583	0	0		-0.035	0.035
E-GEOD-56366	0	0		-0.035	0.035
E-GEOD-48340	0	1	FP	0.035	0.035
E-GEOD-74155	0	0		-0.035	0.035
E-GEOD-29300	0	0		-0.035	0.035
E-GEOD-51054	0	0		-0.035	0.035
E-GEOD-20335	0	0		-0.035	0.035
E-GEOD-23692	0	0		-0.035	0.035
E-GEOD-60147	0	0		-0.035	0.035
E-TABM-829	0	0		-0.035	0.035
E-TABM-351	0	0		-0.035	0.035
E-GEOD-18327	0	0		-0.035	0.035
E-GEOD-10001	1	1		0.035	0.035
E-GEOD-57240	0	0		-0.036	0.036
E-GEOD-849	1	1		0.036	0.036
E-GEOD-59527	0	0		-0.036	0.036
E-GEOD-63044	0	0		-0.036	0.036
E-GEOD-17141	1	0	FN	-0.036	0.036
E-GEOD-36074	0	0		-0.036	0.036
E-TABM-1094	0	0		-0.036	0.036
E-GEOD-69374	1	1		0.036	0.036
E-GEOD-54982	1	1		0.036	0.036
E-GEOD-42874	0	0		-0.036	0.036
E-GEOD-15998	1	1		0.036	0.036
E-NCMF-9	0	0		-0.036	0.036
E-GEOD-6466	0	0		-0.036	0.036
E-GEOD-34552	0	0		-0.036	0.036
E-GEOD-31582	0	0		-0.036	0.036
E-MTAB-873	1	1		0.036	0.036
E-MTAB-3198	0	0		-0.036	0.036
E-GEOD-66353	0	0		-0.036	0.036
E-GEOD-17254	0	0		-0.036	0.036
E-GEOD-48397	0	0		-0.036	0.036
E-GEOD-10246	1	1		0.036	0.036
E-GEOD-62205	0	0		-0.036	0.036
E-GEOD-6837	0	0		-0.036	0.036
E-GEOD-6223	0	0		-0.036	0.036
E-GEOD-48962	0	0		-0.036	0.036
E-TABM-412	1	1		0.036	0.036
E-GEOD-20100	0	0		-0.036	0.036
E-GEOD-11221	0	0		-0.036	0.036
E-TABM-253	0	0		-0.036	0.036
E-GEOD-55247	0	0		-0.036	0.036
E-NCMF-18	0	0		-0.036	0.036
E-GEOD-32129	0	0		-0.036	0.036
E-GEOD-54126	0	0		-0.036	0.036
E-TABM-624	0	0		-0.036	0.036
E-MTAB-1973	0	0		-0.036	0.036
E-GEOD-34793	0	0		-0.037	0.037
E-GEOD-60499	0	0		-0.037	0.037
E-ERAD-240	0	0		-0.037	0.037
E-GEOD-50617	0	0		-0.037	0.037
E-GEOD-7396	0	0		-0.037	0.037
E-GEOD-18305	1	1		0.037	0.037
E-GEOD-63272	0	0		-0.037	0.037
E-GEOD-16192	0	0		-0.037	0.037
E-GEOD-19674	0	0		-0.037	0.037
E-GEOD-23539	0	0		-0.037	0.037
E-TIGR-11	0	0		-0.037	0.037
E-GEOD-53910	0	0		-0.037	0.037
E-TABM-553	0	0		-0.037	0.037
E-GEOD-15895	0	0		-0.037	0.037
E-GEOD-2336	1	1		0.037	0.037
E-GEOD-56949	0	0		-0.037	0.037
E-GEOD-25074	0	0		-0.037	0.037
E-GEOD-3067	0	0		-0.037	0.037
E-GEOD-74767	0	0		-0.037	0.037
E-GEOD-34210	0	0		-0.037	0.037
E-GEOD-3100	1	1		0.037	0.037
E-GEOD-61456	0	0		-0.037	0.037
E-GEOD-62734	0	0		-0.037	0.037
E-MTAB-4791	0	0		-0.037	0.037
E-GEOD-52827	0	0		-0.037	0.037
E-GEOD-58719	1	1		0.037	0.037
E-GEOD-32105	0	0		-0.037	0.037
E-GEOD-58056	0	0		-0.037	0.037
E-GEOD-43075	0	0		-0.037	0.037
E-GEOD-52899	0	0		-0.037	0.037
E-GEOD-22946	0	0		-0.037	0.037
E-GEOD-63820	0	0		-0.037	0.037
E-GEOD-43908	1	1		0.037	0.037
E-MTAB-2790	0	0		-0.037	0.037
E-TIGR-10	0	0		-0.037	0.037
E-GEOD-33161	1	1		0.037	0.037
E-MEXP-3510	0	0		-0.037	0.037
E-GEOD-18957	0	0		-0.037	0.037
E-GEOD-10404	0	0		-0.038	0.038
E-GEOD-49555	0	0		-0.038	0.038
E-GEOD-7887	0	0		-0.038	0.038
E-MEXP-947	1	1		0.038	0.038
E-GEOD-2082	0	0		-0.038	0.038
E-MEXP-1018	0	0		-0.038	0.038
E-ERAD-231	1	1		0.038	0.038
E-GEOD-47902	0	1	FP	0.038	0.038
E-GEOD-21546	0	0		-0.038	0.038
E-GEOD-700	0	0		-0.038	0.038
E-MEXP-3337	1	1		0.038	0.038
E-GEOD-41910	0	0		-0.038	0.038
E-GEOD-83980	0	0		-0.038	0.038
E-GEOD-12501	0	0		-0.038	0.038
E-GEOD-34843	0	0		-0.038	0.038
E-GEOD-75	1	1		0.038	0.038
E-GEOD-45684	0	0		-0.038	0.038
E-TIGR-101	1	1		0.038	0.038
E-GEOD-67266	0	0		-0.038	0.038
E-MTAB-2791	1	1		0.038	0.038
E-GEOD-37446	0	0		-0.038	0.038
E-GEOD-26337	0	0		-0.038	0.038
E-GEOD-37904	0	1	FP	0.038	0.038
E-GEOD-1413	0	0		-0.038	0.038
E-MEXP-3428	1	1		0.038	0.038
E-GEOD-5305	0	0		-0.038	0.038
E-GEOD-56671	0	0		-0.038	0.038
E-GEOD-48808	0	0		-0.038	0.038
E-GEOD-35575	0	0		-0.039	0.039
E-GEOD-2154	0	0		-0.039	0.039
E-GEOD-17613	0	0		-0.039	0.039
E-GEOD-42257	0	0		-0.039	0.039
E-GEOD-37859	0	0		-0.039	0.039
E-MEXP-892	1	1		0.039	0.039
E-ERAD-188	0	0		-0.039	0.039
E-GEOD-19733	0	0		-0.039	0.039
E-GEOD-9449	0	0		-0.039	0.039
E-GEOD-31234	0	0		-0.039	0.039
E-GEOD-43077	0	0		-0.039	0.039
E-SMDB-2653	0	0		-0.039	0.039
E-GEOD-28411	0	0		-0.039	0.039
E-MTAB-953	1	1		0.039	0.039
E-GEOD-2812	0	0		-0.039	0.039
E-GEOD-49937	1	1		0.039	0.039
E-GEOD-74435	0	0		-0.039	0.039
E-GEOD-31458	0	0		-0.039	0.039
E-MTAB-5514	0	0		-0.039	0.039
E-MEXP-47	1	1		0.039	0.039
E-ERAD-319	0	0		-0.039	0.039
E-GEOD-54924	0	0		-0.039	0.039
E-GEOD-64423	1	1		0.039	0.039
E-GEOD-66544	0	0		-0.039	0.039
E-GEOD-30140	0	0		-0.039	0.039
E-GEOD-15318	0	0		-0.039	0.039
E-GEOD-14675	0	0		-0.039	0.039
E-GEOD-8552	1	1		0.039	0.039
E-GEOD-81927	0	0		-0.039	0.039
E-GEOD-53528	0	0		-0.040	0.040
E-GEOD-15325	0	0		-0.040	0.040
E-TABM-997	0	0		-0.040	0.040
E-MEXP-1288	1	1		0.040	0.040
E-GEOD-1571	0	0		-0.040	0.040
E-GEOD-45826	0	0		-0.040	0.040
E-GEOD-59142	0	0		-0.040	0.040
E-GEOD-75413	1	1		0.040	0.040
E-GEOD-36516	0	0		-0.040	0.040
E-ERAD-404	0	0		-0.040	0.040
E-GEOD-37861	0	0		-0.040	0.040
E-GEOD-5901	0	0		-0.040	0.040
E-GEOD-78205	0	0		-0.040	0.040
E-GEOD-48968	0	0		-0.040	0.040
E-GEOD-7694	0	0		-0.040	0.040
E-GEOD-35431	1	1		0.040	0.040
E-GEOD-65094	0	0		-0.040	0.040
E-GEOD-59831	0	0		-0.040	0.040
E-GEOD-44698	0	0		-0.040	0.040
E-GEOD-38117	0	0		-0.040	0.040
E-GEOD-28692	0	0		-0.040	0.040
E-GEOD-36050	0	0		-0.040	0.040
E-NCMF-16	0	0		-0.040	0.040
E-GEOD-64076	0	0		-0.040	0.040
E-GEOD-23421	0	0		-0.040	0.040
E-MTAB-880	0	0		-0.040	0.040
E-TABM-1153	0	0		-0.040	0.040
E-GEOD-25244	0	0		-0.040	0.040
E-GEOD-2592	1	1		0.040	0.040
E-GEOD-28477	0	0		-0.040	0.040
E-MTAB-5841	0	0		-0.040	0.040
E-GEOD-53896	0	0		-0.040	0.040
E-MEXP-2542	1	1		0.041	0.041
E-GEOD-17603	0	0		-0.041	0.041
E-GEOD-4936	0	0		-0.041	0.041
E-MTAB-3814	0	0		-0.041	0.041
E-MTAB-4888	0	0		-0.041	0.041
E-GEOD-58158	0	0		-0.041	0.041
E-GEOD-29681	0	0		-0.041	0.041
E-GEOD-31636	0	0		-0.041	0.041
E-GEOD-4723	0	0		-0.041	0.041
E-GEOD-435	0	0		-0.041	0.041
E-GEOD-45916	0	0		-0.041	0.041
E-TABM-102	0	0		-0.041	0.041
E-GEOD-25480	1	1		0.041	0.041
E-GEOD-69556	1	1		0.041	0.041
E-GEOD-49803	0	0		-0.041	0.041
E-GEOD-50865	0	0		-0.041	0.041
E-GEOD-12576	0	0		-0.041	0.041
E-GEOD-12008	1	1		0.041	0.041
E-GEOD-11858	0	0		-0.041	0.041
E-GEOD-21905	0	0		-0.041	0.041
E-GEOD-20901	0	0		-0.041	0.041
E-GEOD-32511	1	1		0.041	0.041
E-MTAB-2555	1	1		0.041	0.041
E-GEOD-35599	0	0		-0.041	0.041
E-GEOD-18702	1	1		0.041	0.041
E-GEOD-35594	1	1		0.041	0.041
E-GEOD-31222	0	0		-0.041	0.041
E-GEOD-36687	1	1		0.041	0.041
E-GEOD-37548	0	0		-0.041	0.041
E-MTAB-3579	1	1		0.041	0.041
E-MTAB-1520	0	0		-0.041	0.041
E-GEOD-44146	0	0		-0.041	0.041
E-GEOD-24894	0	0		-0.041	0.041
E-GEOD-31063	0	0		-0.041	0.041
E-GEOD-60410	1	1		0.041	0.041
E-GEOD-41383	0	0		-0.041	0.041
E-GEOD-13034	0	0		-0.041	0.041
E-SMDB-2870	0	0		-0.041	0.041
E-GEOD-63316	0	0		-0.041	0.041
E-MTAB-2608	0	0		-0.041	0.041
E-TABM-1139	0	0		-0.041	0.041
E-GEOD-41978	0	0		-0.042	0.042
E-GEOD-27296	1	1		0.042	0.042
E-MEXP-3869	0	0		-0.042	0.042
E-GEOD-34069	0	0		-0.042	0.042
E-MEXP-533	0	0		-0.042	0.042
E-GEOD-45494	1	1		0.042	0.042
E-MARS-11	0	0		-0.042	0.042
E-GEOD-62013	0	0		-0.042	0.042
E-GEOD-25250	0	0		-0.042	0.042
E-GEOD-31611	0	0		-0.042	0.042
E-GEOD-30324	0	0		-0.042	0.042
E-GEOD-34469	0	0		-0.042	0.042
E-GEOD-79164	1	1		0.042	0.042
E-GEOD-46247	0	0		-0.042	0.042
E-GEOD-19991	0	0		-0.042	0.042
E-GEOD-64128	0	0		-0.042	0.042
E-GEOD-25044	0	0		-0.042	0.042
E-GEOD-49535	0	0		-0.042	0.042
E-GEOD-17910	0	0		-0.042	0.042
E-GEOD-5959	1	1		0.042	0.042
E-GEOD-53442	1	1		0.042	0.042
E-TABM-1218	0	0		-0.042	0.042
E-GEOD-45425	0	0		-0.042	0.042
E-GEOD-35077	0	0		-0.042	0.042
E-GEOD-4063	1	1		0.042	0.042
E-MTAB-2510	0	0		-0.042	0.042
E-MEXP-1503	1	1		0.042	0.042
E-GEOD-62741	0	0		-0.042	0.042
E-TABM-513	0	0		-0.042	0.042
E-GEOD-9740	0	0		-0.042	0.042
E-GEOD-434	0	0		-0.042	0.042
E-GEOD-63212	0	0		-0.043	0.043
E-GEOD-25502	0	0		-0.043	0.043
E-GEOD-44563	0	0		-0.043	0.043
E-GEOD-72590	0	0		-0.043	0.043
E-SMDB-3845	1	1		0.043	0.043
E-GEOD-18290	1	1		0.043	0.043
E-GEOD-3544	1	1		0.043	0.043
E-MEXP-2553	1	1		0.043	0.043
E-GEOD-27983	0	0		-0.043	0.043
E-GEOD-35785	0	0		-0.043	0.043
E-GEOD-43517	1	1		0.043	0.043
E-GEOD-17297	0	0		-0.043	0.043
E-GEOD-73175	0	0		-0.043	0.043
E-GEOD-21003	0	0		-0.043	0.043
E-MEXP-2020	0	0		-0.043	0.043
E-GEOD-1468	1	1		0.043	0.043
E-GEOD-15907	0	0		-0.043	0.043
E-MTAB-5180	0	0		-0.043	0.043
E-GEOD-1559	0	0		-0.043	0.043
E-GEOD-61077	0	0		-0.043	0.043
E-CBIL-26	0	0		-0.043	0.043
E-GEOD-29500	1	1		0.043	0.043
E-GEOD-30911	0	0		-0.043	0.043
E-TABM-1205	0	0		-0.043	0.043
E-NCMF-17	0	0		-0.043	0.043
E-GEOD-18677	0	0		-0.043	0.043
E-GEOD-49370	1	1		0.043	0.043
E-GEOD-21052	1	1		0.043	0.043
E-GEOD-3571	0	0		-0.043	0.043
E-GEOD-15715	0	0		-0.043	0.043
E-GEOD-46730	0	0		-0.043	0.043
E-GEOD-35924	1	1		0.043	0.043
E-GEOD-62039	1	1		0.043	0.043
E-GEOD-65267	0	0		-0.044	0.044
E-GEOD-23547	0	0		-0.044	0.044
E-GEOD-27329	0	0		-0.044	0.044
E-GEOD-22307	0	0		-0.044	0.044
E-GEOD-56125	1	1		0.044	0.044
E-GEOD-28410	0	0		-0.044	0.044
E-GEOD-36817	0	0		-0.044	0.044
E-GEOD-47205	0	0		-0.044	0.044
E-MEXP-1240	1	1		0.044	0.044
E-MEXP-2252	1	1		0.044	0.044
E-GEOD-17576	0	0		-0.044	0.044
E-GEOD-23783	0	0		-0.044	0.044
E-GEOD-69166	0	0		-0.044	0.044
E-GEOD-63454	0	0		-0.044	0.044
E-TABM-223	1	1		0.044	0.044
E-GEOD-35415	0	0		-0.044	0.044
E-GEOD-6323	0	0		-0.044	0.044
E-MTAB-3975	0	0		-0.044	0.044
E-GEOD-44109	0	0		-0.044	0.044
E-GEOD-17553	0	0		-0.044	0.044
E-TABM-561	0	0		-0.044	0.044
E-GEOD-30683	0	0		-0.044	0.044
E-GEOD-51255	0	0		-0.044	0.044
E-GEOD-68843	0	0		-0.044	0.044
E-GEOD-10805	1	1		0.045	0.045
E-GEOD-8106	1	1		0.045	0.045
E-GEOD-26205	0	0		-0.045	0.045
E-GEOD-22117	1	1		0.045	0.045
E-GEOD-1134	1	1		0.045	0.045
E-GEOD-24532	0	0		-0.045	0.045
E-GEOD-36826	0	0		-0.045	0.045
E-TABM-1216	0	0		-0.045	0.045
E-GEOD-21512	0	0		-0.045	0.045
E-ERAD-163	0	0		-0.045	0.045
E-GEOD-35894	0	0		-0.045	0.045
E-MUGN-1	0	0		-0.045	0.045
E-GEOD-1555	0	0		-0.045	0.045
E-GEOD-68789	0	0		-0.045	0.045
E-GEOD-57469	0	0		-0.045	0.045
E-GEOD-50930	0	0		-0.045	0.045
E-GEOD-56492	0	0		-0.045	0.045
E-GEOD-33063	0	0		-0.045	0.045
E-MTAB-2512	0	0		-0.045	0.045
E-ERAD-438	0	0		-0.045	0.045
E-ERAD-202	0	0		-0.045	0.045
E-GEOD-52464	0	0		-0.045	0.045
E-GEOD-54976	1	1		0.045	0.045
E-ERAD-337	0	0		-0.045	0.045
E-GEOD-30485	0	0		-0.045	0.045
E-MTAB-5310	0	0		-0.046	0.046
E-TABM-826	0	0		-0.046	0.046
E-MTAB-2455	0	0		-0.046	0.046
E-GEOD-5581	1	1		0.046	0.046
E-ERAD-264	0	0		-0.046	0.046
E-TABM-877	1	1		0.046	0.046
E-GEOD-28834	0	0		-0.046	0.046
E-GEOD-37933	0	0		-0.046	0.046
E-MEXP-1047	1	1		0.046	0.046
E-GEOD-56890	0	1	FP	0.046	0.046
E-GEOD-72285	1	1		0.046	0.046
E-ERAD-354	0	0		-0.046	0.046
E-GEOD-24346	0	0		-0.046	0.046
E-GEOD-6487	0	0		-0.046	0.046
E-GEOD-45854	0	0		-0.046	0.046
E-GEOD-52075	0	0		-0.046	0.046
E-GEOD-10902	0	0		-0.046	0.046
E-GEOD-36843	0	0		-0.046	0.046
E-GEOD-46363	0	0		-0.046	0.046
E-GEOD-19836	0	0		-0.046	0.046
E-GEOD-1359	1	1		0.046	0.046
E-GEOD-857	0	0		-0.046	0.046
E-GEOD-39827	0	0		-0.046	0.046
E-MEXP-634	1	1		0.046	0.046
E-CBIL-5	0	0		-0.046	0.046
E-GEOD-21463	0	0		-0.046	0.046
E-GEOD-57310	0	0		-0.046	0.046
E-GEOD-21065	0	0		-0.046	0.046
E-GEOD-48522	0	0		-0.047	0.047
E-TABM-1050	0	0		-0.047	0.047
E-GEOD-52118	0	0		-0.047	0.047
E-GEOD-7012	0	0		-0.047	0.047
E-MTAB-3565	0	0		-0.047	0.047
E-GEOD-37871	0	0		-0.047	0.047
E-GEOD-22034	0	0		-0.047	0.047
E-GEOD-77262	0	0		-0.047	0.047
E-MTAB-2958	1	1		0.047	0.047
E-TABM-303	0	0		-0.047	0.047
E-GEOD-53321	0	0		-0.047	0.047
E-GEOD-51925	0	0		-0.047	0.047
E-GEOD-10214	0	0		-0.047	0.047
E-GEOD-10954	0	0		-0.047	0.047
E-GEOD-19705	0	0		-0.047	0.047
E-GEOD-31637	0	0		-0.047	0.047
E-GEOD-47161	1	1		0.047	0.047
E-GEOD-3400	0	0		-0.047	0.047
E-NCMF-1	1	1		0.047	0.047
E-GEOD-56276	1	1		0.047	0.047
E-MTAB-4349	0	0		-0.047	0.047
E-ERAD-325	0	0		-0.047	0.047
E-GEOD-52220	1	1		0.047	0.047
E-GEOD-46109	0	0		-0.047	0.047
E-GEOD-80983	0	0		-0.047	0.047
E-MTAB-626	1	1		0.047	0.047
E-GEOD-1611	1	1		0.047	0.047
E-GEOD-22996	0	0		-0.047	0.047
E-GEOD-71637	0	0		-0.047	0.047
E-GEOD-64779	0	0		-0.047	0.047
E-GEOD-29694	1	1		0.047	0.047
E-GEOD-51619	1	1		0.047	0.047
E-GEOD-40612	0	0		-0.047	0.047
E-MTAB-713	0	0		-0.047	0.047
E-GEOD-34532	1	1		0.047	0.047
E-GEOD-63756	0	0		-0.047	0.047
E-GEOD-30495	0	0		-0.048	0.048
E-GEOD-20270	0	0		-0.048	0.048
E-GEOD-37036	0	0		-0.048	0.048
E-GEOD-1358	1	1		0.048	0.048
E-GEOD-45121	0	0		-0.048	0.048
E-GEOD-528	0	1	FP	0.048	0.048
E-MTAB-1118	0	0		-0.048	0.048
E-GEOD-51761	1	1		0.048	0.048
E-GEOD-54785	1	1		0.048	0.048
E-GEOD-65913	0	0		-0.048	0.048
E-GEOD-23780	0	0		-0.048	0.048
E-TABM-986	1	1		0.048	0.048
E-GEOD-61157	0	0		-0.048	0.048
E-GEOD-63821	0	0		-0.048	0.048
E-GEOD-77351	0	0		-0.048	0.048
E-GEOD-68853	0	0		-0.048	0.048
E-GEOD-44730	0	0		-0.048	0.048
E-GEOD-61879	0	0		-0.048	0.048
E-GEOD-38306	0	0		-0.048	0.048
E-GEOD-6206	0	0		-0.048	0.048
E-MEXP-51	1	1		0.048	0.048
E-GEOD-4774	0	1	FP	0.049	0.049
E-ERAD-308	0	0		-0.049	0.049
E-GEOD-14931	0	0		-0.049	0.049
E-GEOD-5332	0	0		-0.049	0.049
E-GEOD-20513	0	0		-0.049	0.049
E-MTAB-537	0	0		-0.049	0.049
E-GEOD-8024	0	0		-0.049	0.049
E-GEOD-48885	1	1		0.049	0.049
E-ERAD-357	0	0		-0.049	0.049
E-GEOD-53301	0	0		-0.049	0.049
E-GEOD-29558	1	1		0.049	0.049
E-GEOD-35395	0	0		-0.049	0.049
E-GEOD-56690	0	0		-0.049	0.049
E-ERAD-304	0	0		-0.049	0.049
E-MTAB-1681	1	1		0.049	0.049
E-TABM-426	1	1		0.049	0.049
E-GEOD-66110	0	0		-0.049	0.049
E-GEOD-27309	1	1		0.049	0.049
E-ERAD-111	0	0		-0.049	0.049
E-TIGR-121	0	0		-0.049	0.049
E-MTAB-5791	0	0		-0.049	0.049
E-GEOD-53403	0	0		-0.049	0.049
E-GEOD-22871	0	0		-0.049	0.049
E-GEOD-75871	0	0		-0.049	0.049
E-GEOD-42022	0	0		-0.049	0.049
E-GEOD-10848	1	1		0.049	0.049
E-GEOD-36379	0	0		-0.049	0.049
E-GEOD-3583	0	0		-0.049	0.049
E-GEOD-48622	1	1		0.049	0.049
E-MTAB-2805	0	0		-0.049	0.049
E-GEOD-15945	0	0		-0.049	0.049
E-GEOD-1391	1	1		0.049	0.049
E-GEOD-38236	0	0		-0.049	0.049
E-GEOD-36899	0	0		-0.049	0.049
E-GEOD-30765	1	1		0.049	0.049
E-GEOD-85996	0	0		-0.049	0.049
E-GEOD-27245	0	0		-0.050	0.050
E-MTAB-2950	1	1		0.050	0.050
E-ERAD-245	0	0		-0.050	0.050
E-GEOD-58813	0	0		-0.050	0.050
E-GEOD-44359	0	0		-0.050	0.050
E-GEOD-60528	0	0		-0.050	0.050
E-GEOD-25079	0	0		-0.050	0.050
E-GEOD-47178	0	0		-0.050	0.050
E-GEOD-26429	0	0		-0.050	0.050
E-GEOD-54124	0	0		-0.050	0.050
E-ERAD-411	0	0		-0.050	0.050
E-BAIR-11	0	0		-0.050	0.050
E-GEOD-10871	0	0		-0.050	0.050
E-MTAB-218	1	1		0.050	0.050
E-GEOD-50821	0	0		-0.050	0.050
E-MTAB-5085	0	0		-0.050	0.050
E-AFMX-13	0	0		-0.050	0.050
E-GEOD-10849	1	1		0.050	0.050
E-GEOD-17709	1	1		0.050	0.050
E-GEOD-16994	1	1		0.050	0.050
E-GEOD-39619	0	0		-0.050	0.050
E-GEOD-42250	0	0		-0.050	0.050
E-GEOD-25868	1	1		0.050	0.050
E-GEOD-36359	0	0		-0.050	0.050
E-ERAD-450	0	0		-0.050	0.050
E-GEOD-27346	1	1		0.050	0.050
E-GEOD-66716	1	1		0.050	0.050
E-GEOD-46495	0	0		-0.050	0.050
E-GEOD-70680	0	0		-0.050	0.050
E-GEOD-15536	0	0		-0.050	0.050
E-MEXP-839	1	1		0.050	0.050
E-GEOD-81223	1	1		0.050	0.050
E-GEOD-53200	0	0		-0.051	0.051
E-GEOD-68238	0	0		-0.051	0.051
E-GEOD-11161	0	0		-0.051	0.051
E-MTAB-2163	1	1		0.051	0.051
E-GEOD-43479	0	0		-0.051	0.051
E-GEOD-24225	0	0		-0.051	0.051
E-GEOD-30411	1	1		0.051	0.051
E-GEOD-16801	0	0		-0.051	0.051
E-GEOD-8339	1	1		0.051	0.051
E-GEOD-27891	1	1		0.051	0.051
E-GEOD-49556	0	0		-0.051	0.051
E-GEOD-49108	1	1		0.051	0.051
E-GEOD-32214	0	0		-0.051	0.051
E-GEOD-27516	0	0		-0.051	0.051
E-GEOD-8065	1	1		0.052	0.052
E-GEOD-48612	0	0		-0.052	0.052
E-GEOD-13063	0	0		-0.052	0.052
E-ERAD-397	0	0		-0.052	0.052
E-GEOD-19513	1	1		0.052	0.052
E-TABM-823	0	0		-0.052	0.052
E-GEOD-39676	0	0		-0.052	0.052
E-TABM-839	0	0		-0.052	0.052
E-GEOD-8969	1	1		0.052	0.052
E-GEOD-50968	0	0		-0.052	0.052
E-GEOD-6623	0	0		-0.052	0.052
E-GEOD-39194	0	0		-0.052	0.052
E-GEOD-37098	1	1		0.052	0.052
E-GEOD-17740	0	0		-0.052	0.052
E-GEOD-37419	1	1		0.052	0.052
E-GEOD-2162	0	0		-0.052	0.052
E-GEOD-36488	0	0		-0.052	0.052
E-GEOD-32940	1	1		0.052	0.052
E-GEOD-38294	1	1		0.052	0.052
E-CBIL-48	1	1		0.052	0.052
E-GEOD-3595	1	1		0.052	0.052
E-GEOD-33754	1	1		0.052	0.052
E-GEOD-21370	1	1		0.052	0.052
E-GEOD-15822	0	0		-0.052	0.052
E-GEOD-29048	1	1		0.052	0.052
E-GEOD-66356	0	0		-0.052	0.052
E-MTAB-2727	1	1		0.052	0.052
E-GEOD-39989	1	1		0.052	0.052
E-GEOD-30764	1	1		0.052	0.052
E-GEOD-22170	1	1		0.052	0.052
E-GEOD-24940	1	1		0.052	0.052
E-BAIR-12	0	0		-0.052	0.052
E-GEOD-69074	0	0		-0.052	0.052
E-MEXP-2106	1	1		0.052	0.052
E-GEOD-34862	0	0		-0.052	0.052
E-GEOD-61098	0	0		-0.053	0.053
E-GEOD-10010	0	0		-0.053	0.053
E-GEOD-43481	0	0		-0.053	0.053
E-GEOD-6787	1	1		0.053	0.053
E-MARS-8	1	1		0.053	0.053
E-AFMX-12	0	0		-0.053	0.053
E-GEOD-24830	0	0		-0.053	0.053
E-GEOD-52692	0	0		-0.053	0.053
E-GEOD-53916	0	0		-0.053	0.053
E-GEOD-38277	0	0		-0.053	0.053
E-GEOD-1988	1	1		0.053	0.053
E-MEXP-3426	1	1		0.053	0.053
E-GEOD-46896	1	1		0.053	0.053
E-GEOD-31042	0	0		-0.053	0.053
E-GEOD-77986	0	0		-0.053	0.053
E-GEOD-38702	1	1		0.053	0.053
E-GEOD-10644	1	1		0.053	0.053
E-GEOD-1744	1	1		0.053	0.053
E-GEOD-13681	0	0		-0.053	0.053
E-GEOD-10210	0	0		-0.053	0.053
E-GEOD-6089	0	0		-0.053	0.053
E-TABM-903	0	0		-0.053	0.053
E-GEOD-73083	0	0		-0.053	0.053
E-GEOD-19372	0	0		-0.053	0.053
E-GEOD-49975	0	0		-0.053	0.053
E-GEOD-62236	0	0		-0.053	0.053
E-MTAB-4535	0	0		-0.053	0.053
E-GEOD-61997	0	0		-0.053	0.053
E-MTAB-3784	0	0		-0.053	0.053
E-MEXP-1500	1	1		0.053	0.053
E-GEOD-57824	1	1		0.054	0.054
E-GEOD-29658	1	1		0.054	0.054
E-MARS-9	1	1		0.054	0.054
E-GEOD-66420	0	0		-0.054	0.054
E-CBIL-12	1	1		0.054	0.054
E-GEOD-48239	1	1		0.054	0.054
E-GEOD-3858	0	0		-0.054	0.054
E-ERAD-199	0	0		-0.054	0.054
E-ERAD-226	0	0		-0.054	0.054
E-GEOD-66454	1	1		0.054	0.054
E-GEOD-1148	1	1		0.054	0.054
E-MEXP-3661	0	1	FP	0.054	0.054
E-GEOD-33091	1	1		0.054	0.054
E-GEOD-11484	1	1		0.054	0.054
E-GEOD-30830	0	0		-0.054	0.054
E-GEOD-16777	0	0		-0.054	0.054
E-MTAB-4933	0	0		-0.054	0.054
E-GEOD-42210	0	0		-0.054	0.054
E-GEOD-3327	1	1		0.054	0.054
E-GEOD-52584	1	1		0.054	0.054
E-GEOD-1745	1	1		0.054	0.054
E-GEOD-48339	1	1		0.054	0.054
E-GEOD-72755	0	0		-0.054	0.054
E-MEXP-3676	0	0		-0.054	0.054
E-GEOD-31328	0	0		-0.054	0.054
E-GEOD-17331	0	0		-0.054	0.054
E-GEOD-12618	1	1		0.054	0.054
E-GEOD-9913	1	1		0.054	0.054
E-GEOD-29616	0	0		-0.054	0.054
E-GEOD-63619	1	1		0.054	0.054
E-MEXP-1504	1	1		0.055	0.055
E-MEXP-1553	0	0		-0.055	0.055
E-GEOD-47089	1	1		0.055	0.055
E-GEOD-63767	0	0		-0.055	0.055
E-GEOD-33132	1	1		0.055	0.055
E-GEOD-6193	1	1		0.055	0.055
E-GEOD-59037	0	0		-0.055	0.055
E-GEOD-4053	1	1		0.055	0.055
E-GEOD-80633	1	1		0.055	0.055
E-GEOD-7866	0	0		-0.055	0.055
E-GEOD-31540	0	0		-0.055	0.055
E-GEOD-46104	0	0		-0.055	0.055
E-GEOD-6846	0	0		-0.055	0.055
E-MTAB-5023	0	0		-0.055	0.055
E-GEOD-12441	0	0		-0.055	0.055
E-MEXP-1511	0	0		-0.055	0.055
E-GEOD-23165	0	0		-0.055	0.055
E-MTAB-2871	0	0		-0.055	0.055
E-SMDB-3779	0	0		-0.055	0.055
E-GEOD-77576	1	1		0.055	0.055
E-GEOD-6467	0	0		-0.055	0.055
E-MTAB-5730	0	0		-0.055	0.055
E-GEOD-44993	0	0		-0.055	0.055
E-MTAB-3857	0	0		-0.055	0.055
E-GEOD-18519	0	0		-0.055	0.055
E-ERAD-461	0	0		-0.056	0.056
E-MEXP-525	0	0		-0.056	0.056
E-GEOD-40416	0	0		-0.056	0.056
E-GEOD-64214	1	1		0.056	0.056
E-GEOD-60450	1	1		0.056	0.056
E-ERAD-322	0	0		-0.056	0.056
E-GEOD-35192	0	0		-0.056	0.056
E-GEOD-33906	1	1		0.056	0.056
E-ERAD-387	0	0		-0.056	0.056
E-GEOD-31165	0	0		-0.056	0.056
E-GEOD-47426	0	0		-0.056	0.056
E-GEOD-61959	1	1		0.056	0.056
E-TOXM-6	0	0		-0.056	0.056
E-MAXD-17	0	0		-0.056	0.056
E-GEOD-37825	0	0		-0.056	0.056
E-GEOD-5320	1	1		0.056	0.056
E-TABM-778	0	0		-0.056	0.056
E-GEOD-54351	0	0		-0.056	0.056
E-GEOD-53044	1	1		0.056	0.056
E-GEOD-76027	1	1		0.056	0.056
E-GEOD-76588	0	0		-0.056	0.056
E-TABM-985	1	1		0.056	0.056
E-GEOD-63798	0	0		-0.056	0.056
E-GEOD-19597	1	1		0.056	0.056
E-GEOD-31738	0	0		-0.056	0.056
E-GEOD-25232	0	0		-0.056	0.056
E-GEOD-52925	0	0		-0.056	0.056
E-GEOD-47565	1	1		0.056	0.056
E-GEOD-3318	0	0		-0.057	0.057
E-GEOD-51960	1	1		0.057	0.057
E-GEOD-37515	0	0		-0.057	0.057
E-GEOD-5126	1	1		0.057	0.057
E-GEOD-39224	1	1		0.057	0.057
E-MTAB-1171	0	0		-0.057	0.057
E-MIMR-441	0	0		-0.057	0.057
E-MTAB-1404	1	1		0.057	0.057
E-TOXM-5	0	0		-0.057	0.057
E-TIGR-122	0	0		-0.057	0.057
E-MTAB-4583	1	1		0.057	0.057
E-MEXP-1803	0	0		-0.057	0.057
E-GEOD-70452	1	1		0.057	0.057
E-GEOD-11112	0	0		-0.057	0.057
E-GEOD-21156	1	1		0.057	0.057
E-GEOD-49664	0	0		-0.057	0.057
E-MTAB-2960	0	0		-0.057	0.057
E-GEOD-27982	0	0		-0.057	0.057
E-GEOD-74317	0	0		-0.057	0.057
E-MTAB-1704	1	1		0.057	0.057
E-ERAD-279	0	0		-0.057	0.057
E-GEOD-21860	1	1		0.058	0.058
E-MTAB-1195	0	0		-0.058	0.058
E-MEXP-527	1	1		0.058	0.058
E-MEXP-3054	0	0		-0.058	0.058
E-GEOD-55060	1	1		0.058	0.058
E-GEOD-33473	1	1		0.058	0.058
E-GEOD-36731	0	0		-0.058	0.058
E-GEOD-59422	0	0		-0.058	0.058
E-GEOD-61499	1	1		0.058	0.058
E-TABM-1077	0	0		-0.058	0.058
E-GEOD-35332	0	0		-0.058	0.058
E-GEOD-19329	1	1		0.058	0.058
E-GEOD-44451	1	1		0.058	0.058
E-GEOD-35944	0	0		-0.058	0.058
E-MTAB-3664	1	1		0.058	0.058
E-GEOD-18064	0	0		-0.058	0.058
E-GEOD-1472	1	1		0.058	0.058
E-GEOD-17966	1	1		0.058	0.058
E-TABM-550	0	0		-0.058	0.058
E-GEOD-66978	0	0		-0.058	0.058
E-MTAB-2951	0	0		-0.058	0.058
E-TABM-806	1	1		0.058	0.058
E-GEOD-75150	0	0		-0.058	0.058
E-ERAD-290	0	0		-0.059	0.059
E-ERAD-295	0	0		-0.059	0.059
E-GEOD-41768	1	1		0.059	0.059
E-GEOD-42927	0	0		-0.059	0.059
E-GEOD-28122	0	0		-0.059	0.059
E-GEOD-48438	0	0		-0.059	0.059
E-GEOD-37468	1	1		0.059	0.059
E-GEOD-19753	0	0		-0.059	0.059
E-GEOD-51994	1	1		0.059	0.059
E-GEOD-75924	1	1		0.059	0.059
E-GEOD-16623	1	1		0.059	0.059
E-GEOD-2684	0	0		-0.059	0.059
E-GEOD-30651	0	0		-0.059	0.059
E-GEOD-38573	1	1		0.059	0.059
E-GEOD-4694	0	0		-0.059	0.059
E-GEOD-33108	0	0		-0.059	0.059
E-MEXP-2248	1	1		0.059	0.059
E-GEOD-46952	0	0		-0.059	0.059
E-ERAD-403	0	0		-0.059	0.059
E-GEOD-63908	1	1		0.059	0.059
E-GEOD-22125	1	1		0.059	0.059
E-GEOD-55080	1	1		0.059	0.059
E-GEOD-33979	1	1		0.059	0.059
E-ERAD-380	0	0		-0.059	0.059
E-GEOD-47002	1	1		0.060	0.060
E-TOXM-18	0	0		-0.060	0.060
E-GEOD-6882	1	1		0.060	0.060
E-GEOD-41882	0	0		-0.060	0.060
E-ERAD-209	0	0		-0.060	0.060
E-GEOD-45507	0	0		-0.060	0.060
E-GEOD-20841	0	0		-0.060	0.060
E-GEOD-71695	0	0		-0.060	0.060
E-GEOD-64476	0	0		-0.060	0.060
E-GEOD-37609	1	1		0.060	0.060
E-TOXM-17	0	0		-0.060	0.060
E-GEOD-29092	1	1		0.060	0.060
E-GEOD-58645	1	1		0.060	0.060
E-GEOD-24594	0	0		-0.060	0.060
E-ERAD-407	0	0		-0.060	0.060
E-GEOD-50118	0	0		-0.060	0.060
E-GEOD-28880	0	0		-0.060	0.060
E-GEOD-6134	1	1		0.060	0.060
E-GEOD-17020	0	0		-0.060	0.060
E-MTAB-3165	1	1		0.060	0.060
E-GEOD-14045	0	0		-0.060	0.060
E-TABM-694	0	0		-0.060	0.060
E-GEOD-12905	1	1		0.060	0.060
E-GEOD-51285	1	1		0.060	0.060
E-TOXM-1	0	0		-0.060	0.060
E-GEOD-59777	1	1		0.060	0.060
E-GEOD-58673	0	0		-0.060	0.060
E-MIMR-1241	0	0		-0.060	0.060
E-GEOD-10740	1	1		0.060	0.060
E-TOXM-9	0	0		-0.060	0.060
E-GEOD-72546	0	0		-0.060	0.060
E-GEOD-21863	1	1		0.060	0.060
E-GEOD-53244	0	0		-0.061	0.061
E-ERAD-460	0	0		-0.061	0.061
E-GEOD-10640	0	0		-0.061	0.061
E-GEOD-44401	0	0		-0.061	0.061
E-GEOD-60875	1	1		0.061	0.061
E-GEOD-61417	1	1		0.061	0.061
E-GEOD-55577	1	1		0.061	0.061
E-MEXP-150	1	1		0.061	0.061
E-TIGR-94	1	1		0.061	0.061
E-GEOD-49237	1	1		0.061	0.061
E-GEOD-10235	0	0		-0.061	0.061
E-GEOD-6030	1	1		0.061	0.061
E-GEOD-42052	1	1		0.061	0.061
E-GEOD-33064	1	1		0.061	0.061
E-GEOD-6789	0	0		-0.061	0.061
E-GEOD-6443	1	1		0.061	0.061
E-MNIA-61	0	0		-0.061	0.061
E-GEOD-66961	1	1		0.061	0.061
E-GEOD-8232	0	0		-0.061	0.061
E-GEOD-25916	0	0		-0.061	0.061
E-GEOD-42803	0	0		-0.061	0.061
E-BAIR-9	0	0		-0.061	0.061
E-MTAB-615	1	1		0.061	0.061
E-GEOD-26317	0	0		-0.061	0.061
E-MTAB-4690	0	0		-0.061	0.061
E-GEOD-6662	1	1		0.061	0.061
E-GEOD-12312	0	0		-0.062	0.062
E-GEOD-41925	1	1		0.062	0.062
E-TABM-695	0	0		-0.062	0.062
E-GEOD-27302	0	0		-0.062	0.062
E-GEOD-1423	1	1		0.062	0.062
E-GEOD-10534	0	0		-0.062	0.062
E-GEOD-16396	1	1		0.062	0.062
E-GEOD-4927	1	1		0.062	0.062
E-GEOD-26565	0	0		-0.062	0.062
E-GEOD-69311	1	1		0.062	0.062
E-GEOD-18295	0	0		-0.062	0.062
E-TABM-583	0	0		-0.062	0.062
E-GEOD-7342	1	1		0.062	0.062
E-GEOD-2629	1	1		0.062	0.062
E-ERAD-285	0	0		-0.062	0.062
E-GEOD-73124	0	0		-0.062	0.062
E-GEOD-3351	1	1		0.062	0.062
E-GEOD-20610	1	1		0.062	0.062
E-GEOD-65502	0	0		-0.062	0.062
E-MEXP-1490	0	0		-0.062	0.062
E-GEOD-33009	1	1		0.062	0.062
E-GEOD-21718	1	1		0.062	0.062
E-GEOD-53385	0	0		-0.062	0.062
E-GEOD-41898	1	1		0.062	0.062
E-GEOD-25403	0	0		-0.062	0.062
E-GEOD-46892	0	0		-0.063	0.063
E-GEOD-5562	0	0		-0.063	0.063
E-GEOD-19371	1	1		0.063	0.063
E-GEOD-16917	1	1		0.063	0.063
E-GEOD-49311	1	1		0.063	0.063
E-ERAD-412	0	1	FP	0.063	0.063
E-GEOD-15611	0	0		-0.063	0.063
E-NCMF-23	0	0		-0.063	0.063
E-GEOD-47799	1	1		0.063	0.063
E-MEXP-832	1	1		0.063	0.063
E-GEOD-67575	1	1		0.063	0.063
E-GEOD-34907	0	0		-0.063	0.063
E-TABM-89	0	0		-0.063	0.063
E-GEOD-40282	0	0		-0.063	0.063
E-MTAB-3000	0	0		-0.063	0.063
E-GEOD-21525	1	1		0.063	0.063
E-GEOD-22813	0	0		-0.063	0.063
E-TABM-574	0	0		-0.063	0.063
E-MEXP-1048	0	0		-0.063	0.063
E-GEOD-39946	1	1		0.063	0.063
E-GEOD-53397	1	1		0.063	0.063
E-GEOD-30429	1	1		0.063	0.063
E-GEOD-39391	0	0		-0.064	0.064
E-GEOD-10094	0	0		-0.064	0.064
E-GEOD-12309	0	0		-0.064	0.064
E-MEXP-3142	1	1		0.064	0.064
E-GEOD-28496	1	1		0.064	0.064
E-GEOD-4330	0	0		-0.064	0.064
E-GEOD-4656	1	1		0.064	0.064
E-GEOD-5786	1	1		0.064	0.064
E-GEOD-42768	0	0		-0.064	0.064
E-GEOD-29551	1	1		0.064	0.064
E-GEOD-2507	1	1		0.064	0.064
E-GEOD-81976	1	1		0.064	0.064
E-GEOD-10602	1	1		0.064	0.064
E-GEOD-73126	0	0		-0.064	0.064
E-GEOD-6881	1	1		0.064	0.064
E-GEOD-7020	1	1		0.064	0.064
E-GEOD-42299	0	0		-0.064	0.064
E-GEOD-76662	0	0		-0.064	0.064
E-GEOD-7196	1	1		0.064	0.064
E-GEOD-63660	1	1		0.064	0.064
E-GEOD-38304	0	0		-0.064	0.064
E-GEOD-26021	0	0		-0.065	0.065
E-TABM-1092	0	0		-0.065	0.065
E-GEOD-5348	1	1		0.065	0.065
E-GEOD-18531	0	0		-0.065	0.065
E-GEOD-33590	1	1		0.065	0.065
E-GEOD-31461	0	0		-0.065	0.065
E-GEOD-40398	1	1		0.065	0.065
E-GEOD-7343	1	1		0.065	0.065
E-GEOD-61209	1	1		0.065	0.065
E-GEOD-37431	1	1		0.065	0.065
E-MTAB-4619	0	0		-0.065	0.065
E-GEOD-18905	1	1		0.065	0.065
E-GEOD-11232	0	0		-0.065	0.065
E-GEOD-10796	0	0		-0.065	0.065
E-GEOD-40594	0	0		-0.065	0.065
E-GEOD-55248	1	1		0.065	0.065
E-GEOD-45508	0	0		-0.065	0.065
E-TIGR-91	0	0		-0.065	0.065
E-GEOD-77846	0	0		-0.065	0.065
E-GEOD-7187	1	1		0.065	0.065
E-GEOD-45834	0	0		-0.065	0.065
E-GEOD-26299	1	1		0.065	0.065
E-GEOD-1363	1	1		0.065	0.065
E-GEOD-1588	0	0		-0.065	0.065
E-GEOD-19951	0	0		-0.065	0.065
E-GEOD-70179	1	1		0.065	0.065
E-GEOD-40948	0	0		-0.065	0.065
E-ERAD-181	0	0		-0.066	0.066
E-GEOD-60660	1	1		0.066	0.066
E-GEOD-47019	0	1	FP	0.066	0.066
E-GEOD-57712	1	1		0.066	0.066
E-GEOD-28416	0	0		-0.066	0.066
E-GEOD-13493	0	0		-0.066	0.066
E-TIGR-89	0	0		-0.066	0.066
E-TIGR-88	0	0		-0.066	0.066
E-GEOD-24861	0	0		-0.066	0.066
E-GEOD-27451	1	1		0.066	0.066
E-GEOD-18742	1	1		0.066	0.066
E-GEOD-4260	1	1		0.066	0.066
E-GEOD-21700	0	0		-0.066	0.066
E-GEOD-33252	0	0		-0.066	0.066
E-GEOD-67796	0	0		-0.066	0.066
E-GEOD-51664	1	1		0.066	0.066
E-GEOD-58674	0	0		-0.066	0.066
E-GEOD-48197	1	1		0.066	0.066
E-GEOD-58120	0	0		-0.066	0.066
E-ERAD-59	0	0		-0.066	0.066
E-GEOD-16035	0	0		-0.066	0.066
E-GEOD-60676	0	0		-0.066	0.066
E-GEOD-55497	1	1		0.066	0.066
E-GEOD-58675	0	0		-0.066	0.066
E-MTAB-2751	0	0		-0.066	0.066
E-GEOD-82187	0	0		-0.067	0.067
E-GEOD-21584	0	0		-0.067	0.067
E-GEOD-6858	0	0		-0.067	0.067
E-GEOD-42713	0	0		-0.067	0.067
E-GEOD-25611	1	1		0.067	0.067
E-MEXP-1091	0	0		-0.067	0.067
E-MTAB-2366	0	0		-0.067	0.067
E-GEOD-45450	0	0		-0.067	0.067
E-GEOD-34243	0	0		-0.067	0.067
E-GEOD-37702	0	0		-0.067	0.067
E-GEOD-21278	1	1		0.067	0.067
E-GEOD-1025	1	1		0.067	0.067
E-GEOD-17934	1	1		0.067	0.067
E-GEOD-37610	1	1		0.067	0.067
E-GEOD-13609	0	0		-0.067	0.067
E-ERAD-310	0	0		-0.067	0.067
E-GEOD-62396	1	1		0.067	0.067
E-GEOD-36445	0	0		-0.067	0.067
E-GEOD-1800	1	1		0.067	0.067
E-GEOD-18616	0	0		-0.067	0.067
E-GEOD-77403	1	1		0.067	0.067
E-GEOD-68519	1	1		0.067	0.067
E-GEOD-18584	0	0		-0.067	0.067
E-GEOD-17935	1	1		0.067	0.067
E-GEOD-44308	1	1		0.067	0.067
E-GEOD-26668	1	1		0.068	0.068
E-GEOD-69108	1	1		0.068	0.068
E-GEOD-59833	0	0		-0.068	0.068
E-GEOD-62360	0	0		-0.068	0.068
E-GEOD-3440	0	0		-0.068	0.068
E-GEOD-68511	0	0		-0.068	0.068
E-MTAB-28	0	0		-0.068	0.068
E-GEOD-45449	0	0		-0.068	0.068
E-GEOD-12049	1	1		0.068	0.068
E-ERAD-235	0	0		-0.068	0.068
E-GEOD-46443	1	1		0.068	0.068
E-GEOD-47735	0	0		-0.068	0.068
E-GEOD-40983	1	1		0.068	0.068
E-GEOD-24256	0	0		-0.068	0.068
E-GEOD-13173	0	0		-0.068	0.068
E-MEXP-3495	1	1		0.069	0.069
E-GEOD-33268	0	0		-0.069	0.069
E-GEOD-21117	0	0		-0.069	0.069
E-GEOD-19157	0	0		-0.069	0.069
E-GEOD-21757	0	0		-0.069	0.069
E-GEOD-22322	0	1	FP	0.069	0.069
E-GEOD-10634	1	1		0.069	0.069
E-GEOD-38301	1	1		0.069	0.069
E-GEOD-58025	1	1		0.069	0.069
E-GEOD-61167	0	0		-0.069	0.069
E-GEOD-31985	1	1		0.069	0.069
E-MTAB-764	0	0		-0.069	0.069
E-GEOD-1479	1	1		0.069	0.069
E-GEOD-41948	1	1		0.069	0.069
E-ERAD-287	0	0		-0.069	0.069
E-GEOD-10881	1	1		0.069	0.069
E-GEOD-25178	1	1		0.069	0.069
E-GEOD-52134	0	0		-0.069	0.069
E-GEOD-27014	1	1		0.069	0.069
E-EMBL-3	0	0		-0.069	0.069
E-GEOD-11194	1	1		0.070	0.070
E-GEOD-59674	0	0		-0.070	0.070
E-GEOD-53358	0	0		-0.070	0.070
E-GEOD-62718	1	1		0.070	0.070
E-GEOD-6453	1	1		0.070	0.070
E-GEOD-68958	0	0		-0.070	0.070
E-TIGR-134	0	0		-0.070	0.070
E-MEXP-3929	1	1		0.070	0.070
E-GEOD-17925	0	0		-0.070	0.070
E-GEOD-8070	1	1		0.070	0.070
E-GEOD-36804	1	1		0.070	0.070
E-GEOD-51883	0	0		-0.070	0.070
E-MTAB-1770	0	0		-0.070	0.070
E-GEOD-30457	0	0		-0.070	0.070
E-GEOD-2926	1	1		0.070	0.070
E-GEOD-17383	0	0		-0.070	0.070
E-GEOD-34584	1	1		0.070	0.070
E-GEOD-18344	0	0		-0.070	0.070
E-GEOD-12135	1	1		0.070	0.070
E-GEOD-27348	1	1		0.071	0.071
E-GEOD-61406	1	1		0.071	0.071
E-MTAB-1390	0	0		-0.071	0.071
E-GEOD-13402	1	1		0.071	0.071
E-GEOD-21233	0	0		-0.071	0.071
E-GEOD-68083	1	1		0.071	0.071
E-GEOD-21507	0	0		-0.071	0.071
E-GEOD-2362	1	1		0.071	0.071
E-GEOD-4647	0	0		-0.071	0.071
E-GEOD-26562	0	0		-0.071	0.071
E-GEOD-14387	0	0		-0.071	0.071
E-GEOD-32116	1	1		0.071	0.071
E-GEOD-2814	0	0		-0.071	0.071
E-GEOD-30556	1	1		0.071	0.071
E-TIGR-103	1	1		0.071	0.071
E-ERAD-89	0	0		-0.071	0.071
E-GEOD-67463	1	1		0.072	0.072
E-GEOD-12769	1	1		0.072	0.072
E-GEOD-24207	1	1		0.072	0.072
E-GEOD-15840	0	0		-0.072	0.072
E-GEOD-68984	1	1		0.072	0.072
E-GEOD-7363	0	0		-0.072	0.072
E-GEOD-28201	0	0		-0.072	0.072
E-GEOD-3086	0	0		-0.072	0.072
E-GEOD-5429	1	1		0.072	0.072
E-GEOD-8434	1	1		0.072	0.072
E-GEOD-37716	1	1		0.072	0.072
E-GEOD-10175	1	1		0.072	0.072
E-GEOD-47093	1	1		0.072	0.072
E-GEOD-10167	1	1		0.072	0.072
E-GEOD-31334	1	1		0.072	0.072
E-GEOD-1062	1	1		0.072	0.072
E-GEOD-37665	0	0		-0.072	0.072
E-GEOD-17139	0	0		-0.072	0.072
E-GEOD-10535	1	1		0.072	0.072
E-GEOD-73082	0	0		-0.072	0.072
E-TIGR-104	1	1		0.072	0.072
E-MTAB-3624	0	0		-0.073	0.073
E-GEOD-23700	1	1		0.073	0.073
E-GEOD-29091	1	1		0.073	0.073
E-GEOD-15293	1	1		0.073	0.073
E-GEOD-10772	0	0		-0.073	0.073
E-GEOD-45831	1	1		0.073	0.073
E-GEOD-58078	0	0		-0.073	0.073
E-GEOD-5259	0	0		-0.073	0.073
E-GEOD-2121	0	0		-0.073	0.073
E-GEOD-72726	1	1		0.073	0.073
E-GEOD-479	1	1		0.073	0.073
E-GEOD-74344	1	1		0.073	0.073
E-GEOD-22893	1	1		0.073	0.073
E-MTAB-3346	0	0		-0.073	0.073
E-GEOD-6770	1	1		0.073	0.073
E-GEOD-73911	1	1		0.073	0.073
E-MTAB-1963	0	0		-0.073	0.073
E-GEOD-41823	1	1		0.073	0.073
E-GEOD-45278	1	1		0.074	0.074
E-GEOD-11040	1	1		0.074	0.074
E-GEOD-29502	1	1		0.074	0.074
E-GEOD-34732	1	1		0.074	0.074
E-GEOD-52416	0	0		-0.074	0.074
E-GEOD-14375	0	0		-0.074	0.074
E-GEOD-3088	0	0		-0.074	0.074
E-GEOD-31771	1	1		0.074	0.074
E-GEOD-41558	1	1		0.074	0.074
E-MTAB-4644	1	1		0.074	0.074
E-MTAB-3322	0	0		-0.074	0.074
E-GEOD-65658	1	1		0.074	0.074
E-GEOD-68985	1	1		0.074	0.074
E-MEXP-1853	1	1		0.074	0.074
E-GEOD-58157	1	1		0.075	0.075
E-GEOD-11314	1	1		0.075	0.075
E-GEOD-10216	1	1		0.075	0.075
E-GEOD-11667	1	1		0.075	0.075
E-GEOD-54628	1	1		0.075	0.075
E-GEOD-45719	1	1		0.075	0.075
E-GEOD-67644	1	1		0.075	0.075
E-GEOD-58513	1	1		0.075	0.075
E-GEOD-33674	1	1		0.075	0.075
E-TABM-1170	0	0		-0.075	0.075
E-GEOD-25080	0	0		-0.075	0.075
E-ERAD-494	0	0		-0.075	0.075
E-GEOD-60058	1	1		0.075	0.075
E-CBIL-44	1	1		0.075	0.075
E-GEOD-67287	1	1		0.075	0.075
E-GEOD-18514	0	0		-0.075	0.075
E-GEOD-55797	1	1		0.075	0.075
E-GEOD-68178	1	1		0.075	0.075
E-GEOD-68390	1	1		0.075	0.075
E-GEOD-10011	0	0		-0.075	0.075
E-GEOD-51877	1	1		0.076	0.076
E-MTAB-3157	1	1		0.076	0.076
E-MEXP-3204	0	0		-0.076	0.076
E-GEOD-15794	1	1		0.076	0.076
E-GEOD-25017	1	1		0.076	0.076
E-MTAB-24	1	1		0.076	0.076
E-MEXP-2404	0	0		-0.076	0.076
E-GEOD-21224	1	1		0.076	0.076
E-MEXP-2977	1	1		0.076	0.076
E-TIGR-95	1	1		0.076	0.076
E-GEOD-1026	1	1		0.076	0.076
E-GEOD-9044	0	0		-0.076	0.076
E-GEOD-9124	1	1		0.076	0.076
E-TABM-489	1	1		0.077	0.077
E-GEOD-21636	0	0		-0.077	0.077
E-GEOD-24512	1	1		0.077	0.077
E-GEOD-53225	0	0		-0.077	0.077
E-GEOD-84243	1	1		0.077	0.077
E-GEOD-22674	1	1		0.077	0.077
E-GEOD-2873	1	1		0.077	0.077
E-GEOD-17985	1	1		0.077	0.077
E-GEOD-25908	0	0		-0.077	0.077
E-GEOD-18647	1	1		0.077	0.077
E-ERAD-311	0	0		-0.077	0.077
E-GEOD-19225	1	1		0.077	0.077
E-GEOD-17684	1	1		0.077	0.077
E-GEOD-52644	0	0		-0.077	0.077
E-GEOD-16209	1	1		0.077	0.077
E-GEOD-57603	0	0		-0.077	0.077
E-GEOD-49471	1	1		0.077	0.077
E-JJRD-1	0	0		-0.077	0.077
E-GEOD-58833	1	1		0.077	0.077
E-GEOD-3639	1	1		0.077	0.077
E-GEOD-8191	1	1		0.077	0.077
E-GEOD-41380	1	1		0.077	0.077
E-GEOD-53637	0	0		-0.078	0.078
E-GEOD-10347	1	1		0.078	0.078
E-GEOD-17142	0	0		-0.078	0.078
E-CBIL-21	1	1		0.078	0.078
E-GEOD-14769	0	0		-0.078	0.078
E-GEOD-20187	0	1	FP	0.078	0.078
E-GEOD-45028	0	0		-0.078	0.078
E-GEOD-9330	1	1		0.078	0.078
E-MEXP-3490	1	1		0.078	0.078
E-GEOD-22828	1	1		0.078	0.078
E-GEOD-22371	1	1		0.078	0.078
E-TIGR-97	1	1		0.078	0.078
E-TIGR-96	1	1		0.078	0.078
E-GEOD-49346	0	0		-0.078	0.078
E-MEXP-2277	1	1		0.078	0.078
E-GEOD-38300	1	1		0.078	0.078
E-TABM-987	1	1		0.078	0.078
E-GEOD-39480	1	1		0.078	0.078
E-GEOD-44573	1	1		0.078	0.078
E-GEOD-79352	1	1		0.078	0.078
E-GEOD-13130	0	0		-0.078	0.078
E-GEOD-43387	1	1		0.078	0.078
E-MTAB-1745	1	1		0.078	0.078
E-GEOD-58261	1	1		0.078	0.078
E-GEOD-16496	1	1		0.078	0.078
E-GEOD-43155	1	1		0.078	0.078
E-MTAB-26	0	0		-0.078	0.078
E-GEOD-20004	0	0		-0.078	0.078
E-GEOD-65775	1	1		0.078	0.078
E-GEOD-926	1	1		0.079	0.079
E-GEOD-43133	0	0		-0.079	0.079
E-TIGR-86	1	1		0.079	0.079
E-GEOD-22969	1	1		0.079	0.079
E-CBIL-6	1	1		0.079	0.079
E-GEOD-38001	0	0		-0.079	0.079
E-GEOD-55986	0	0		-0.079	0.079
E-GEOD-47452	0	0		-0.079	0.079
E-GEOD-52403	0	0		-0.079	0.079
E-CBIL-37	1	1		0.079	0.079
E-GEOD-9619	1	1		0.079	0.079
E-GEOD-20411	1	1		0.079	0.079
E-GEOD-63810	1	1		0.079	0.079
E-GEOD-20687	0	0		-0.079	0.079
E-TIGR-132	0	0		-0.079	0.079
E-TIGR-133	0	0		-0.079	0.079
E-GEOD-20008	0	0		-0.079	0.079
E-GEOD-31544	0	0		-0.079	0.079
E-TABM-528	1	1		0.079	0.079
E-GEOD-7430	1	1		0.079	0.079
E-GEOD-75709	1	1		0.080	0.080
E-GEOD-21149	0	0		-0.080	0.080
E-GEOD-38297	1	1		0.080	0.080
E-GEOD-14293	0	0		-0.080	0.080
E-TABM-659	1	1		0.080	0.080
E-GEOD-17473	1	1		0.080	0.080
E-GEOD-24461	1	1		0.080	0.080
E-GEOD-3915	1	1		0.080	0.080
E-GEOD-51643	1	1		0.081	0.081
E-MTAB-25	1	1		0.081	0.081
E-GEOD-466	1	1		0.081	0.081
E-GEOD-47905	1	1		0.081	0.081
E-GEOD-10360	1	1		0.081	0.081
E-GEOD-45339	1	1		0.081	0.081
E-GEOD-1873	0	0		-0.081	0.081
E-GEOD-24219	0	0		-0.081	0.081
E-ERAD-165	0	0		-0.081	0.081
E-GEOD-52550	1	1		0.081	0.081
E-ERAD-221	0	0		-0.081	0.081
E-GEOD-38097	1	1		0.081	0.081
E-ERAD-289	0	0		-0.081	0.081
E-MTAB-149	1	1		0.081	0.081
E-GEOD-45629	1	1		0.081	0.081
E-GEOD-22605	0	0		-0.081	0.081
E-GEOD-45348	1	1		0.081	0.081
E-TIGR-85	1	1		0.081	0.081
E-GEOD-2934	0	0		-0.082	0.082
E-GEOD-24776	0	0		-0.082	0.082
E-TABM-531	1	1		0.082	0.082
E-GEOD-17138	0	0		-0.082	0.082
E-GEOD-27843	0	0		-0.082	0.082
E-GEOD-41691	1	1		0.082	0.082
E-GEOD-46732	1	1		0.082	0.082
E-GEOD-56389	1	1		0.082	0.082
E-GEOD-30767	1	1		0.082	0.082
E-GEOD-38785	0	0		-0.083	0.083
E-GEOD-44734	1	1		0.083	0.083
E-MTAB-1091	1	1		0.083	0.083
E-GEOD-24088	0	0		-0.083	0.083
E-GEOD-25506	0	0		-0.083	0.083
E-GEOD-4866	1	1		0.083	0.083
E-GEOD-35396	1	1		0.083	0.083
E-GEOD-28669	1	1		0.083	0.083
E-GEOD-30742	1	1		0.083	0.083
E-GEOD-38826	1	1		0.083	0.083
E-GEOD-1999	0	0		-0.083	0.083
E-GEOD-6952	1	1		0.084	0.084
E-GEOD-40296	1	1		0.084	0.084
E-GEOD-21755	0	0		-0.084	0.084
E-GEOD-39866	1	1		0.084	0.084
E-MEXP-257	1	1		0.084	0.084
E-GEOD-16974	1	1		0.084	0.084
E-GEOD-6210	1	1		0.084	0.084
E-GEOD-22023	1	1		0.084	0.084
E-CBIL-39	1	1		0.084	0.084
E-GEOD-12134	1	1		0.084	0.084
E-GEOD-48443	1	1		0.084	0.084
E-GEOD-62786	1	1		0.084	0.084
E-GEOD-32271	1	1		0.084	0.084
E-GEOD-50809	1	1		0.084	0.084
E-GEOD-56079	0	0		-0.084	0.084
E-MTAB-4825	0	0		-0.084	0.084
E-MTAB-2614	1	1		0.084	0.084
E-GEOD-74747	1	1		0.085	0.085
E-MTAB-27	0	0		-0.085	0.085
E-GEOD-49050	1	1		0.085	0.085
E-GEOD-22693	1	1		0.085	0.085
E-GEOD-39621	1	1		0.085	0.085
E-GEOD-15452	1	1		0.085	0.085
E-GEOD-21064	0	0		-0.085	0.085
E-GEOD-27568	1	1		0.085	0.085
E-GEOD-41742	1	1		0.085	0.085
E-CBIL-13	1	1		0.085	0.085
E-GEOD-54569	0	0		-0.085	0.085
E-GEOD-13032	0	0		-0.085	0.085
E-GEOD-21189	1	1		0.086	0.086
E-GEOD-44406	1	1		0.086	0.086
E-GEOD-55744	1	1		0.086	0.086
E-GEOD-65154	1	1		0.086	0.086
E-GEOD-35357	1	1		0.086	0.086
E-GEOD-70484	1	1		0.086	0.086
E-GEOD-68270	0	0		-0.086	0.086
E-GEOD-27259	1	1		0.086	0.086
E-GEOD-50121	0	0		-0.086	0.086
E-GEOD-51499	1	1		0.086	0.086
E-GEOD-53863	1	1		0.086	0.086
E-GEOD-21699	1	1		0.086	0.086
E-GEOD-60731	1	1		0.086	0.086
E-GEOD-36026	1	1		0.086	0.086
E-GEOD-29343	1	1		0.086	0.086
E-GEOD-12067	0	0		-0.086	0.086
E-MTAB-2157	1	1		0.086	0.086
E-GEOD-63813	1	1		0.087	0.087
E-GEOD-2282	1	1		0.087	0.087
E-MTAB-961	0	0		-0.087	0.087
E-GEOD-14514	1	1		0.087	0.087
E-GEOD-48476	0	0		-0.087	0.087
E-GEOD-11063	1	1		0.087	0.087
E-GEOD-57522	0	0		-0.087	0.087
E-GEOD-19873	1	1		0.087	0.087
E-GEOD-34238	0	0		-0.087	0.087
E-GEOD-70298	1	1		0.087	0.087
E-GEOD-12757	1	1		0.087	0.087
E-GEOD-16438	1	1		0.087	0.087
E-GEOD-17143	0	0		-0.087	0.087
E-GEOD-35106	1	1		0.087	0.087
E-GEOD-17145	0	0		-0.087	0.087
E-GEOD-31166	0	0		-0.087	0.087
E-MEXP-2454	0	0		-0.088	0.088
E-GEOD-50119	0	0		-0.088	0.088
E-GEOD-84665	1	1		0.088	0.088
E-GEOD-51139	0	0		-0.088	0.088
E-GEOD-45026	1	1		0.088	0.088
E-GEOD-2161	1	1		0.088	0.088
E-GEOD-8199	1	1		0.088	0.088
E-GEOD-70355	1	1		0.088	0.088
E-GEOD-75318	1	1		0.088	0.088
E-GEOD-26644	0	0		-0.088	0.088
E-GEOD-58455	1	1		0.088	0.088
E-ERAD-186	0	0		-0.088	0.088
E-TABM-367	1	1		0.088	0.088
E-GEOD-19168	1	1		0.088	0.088
E-GEOD-52974	1	1		0.088	0.088
E-GEOD-9123	1	1		0.088	0.088
E-GEOD-67009	1	1		0.088	0.088
E-GEOD-61751	1	1		0.088	0.088
E-GEOD-34998	1	1		0.089	0.089
E-GEOD-97	1	1		0.089	0.089
E-GEOD-11528	1	1		0.089	0.089
E-GEOD-26822	1	1		0.089	0.089
E-GEOD-74683	1	1		0.089	0.089
E-GEOD-44555	1	1		0.089	0.089
E-GEOD-55117	0	0		-0.089	0.089
E-SMDB-3728	0	0		-0.089	0.089
E-GEOD-55588	0	0		-0.089	0.089
E-GEOD-14536	1	1		0.089	0.089
E-GEOD-52542	1	1		0.089	0.089
E-GEOD-5763	1	1		0.089	0.089
E-GEOD-35299	1	1		0.089	0.089
E-MEXP-571	1	1		0.089	0.089
E-GEOD-28207	1	1		0.089	0.089
E-GEOD-22362	1	1		0.089	0.089
E-GEOD-22464	0	0		-0.090	0.090
E-GEOD-83373	1	1		0.090	0.090
E-GEOD-16744	1	1		0.090	0.090
E-GEOD-27630	1	1		0.090	0.090
E-TABM-295	1	1		0.090	0.090
E-GEOD-47516	1	1		0.090	0.090
E-GEOD-19626	1	1		0.090	0.090
E-GEOD-22073	1	1		0.090	0.090
E-GEOD-46877	0	0		-0.090	0.090
E-GEOD-23373	1	1		0.090	0.090
E-GEOD-36229	1	1		0.090	0.090
E-GEOD-48758	1	1		0.090	0.090
E-GEOD-7759	1	1		0.090	0.090
E-GEOD-2431	0	0		-0.090	0.090
E-GEOD-51364	1	1		0.090	0.090
E-GEOD-11759	1	1		0.090	0.090
E-GEOD-51098	1	1		0.090	0.090
E-GEOD-10416	0	0		-0.091	0.091
E-GEOD-35260	1	1		0.091	0.091
E-GEOD-38845	1	1		0.091	0.091
E-GEOD-5298	1	1		0.091	0.091
E-GEOD-80334	1	1		0.092	0.092
E-MTAB-368	1	1		0.092	0.092
E-GEOD-16675	1	1		0.092	0.092
E-GEOD-41246	1	1		0.092	0.092
E-GEOD-23908	1	1		0.092	0.092
E-GEOD-17363	0	0		-0.092	0.092
E-GEOD-77550	0	0		-0.092	0.092
E-MTAB-4007	0	0		-0.092	0.092
E-GEOD-52397	0	0		-0.092	0.092
E-GEOD-12993	0	0		-0.092	0.092
E-GEOD-32015	0	0		-0.092	0.092
E-GEOD-65082	1	1		0.092	0.092
E-GEOD-55590	0	0		-0.092	0.092
E-GEOD-21954	1	1		0.093	0.093
E-GEOD-13746	0	0		-0.093	0.093
E-MTAB-2328	1	1		0.093	0.093
E-GEOD-20327	1	1		0.093	0.093
E-GEOD-13752	0	0		-0.093	0.093
E-GEOD-24352	1	1		0.093	0.093
E-GEOD-37286	0	0		-0.093	0.093
E-GEOD-51108	1	1		0.093	0.093
E-GEOD-59127	1	1		0.093	0.093
E-SMDB-4087	1	1		0.094	0.094
E-MTAB-2685	1	1		0.094	0.094
E-GEOD-10430	0	0		-0.094	0.094
E-GEOD-15496	1	1		0.094	0.094
E-GEOD-5324	0	0		-0.094	0.094
E-GEOD-44592	1	1		0.094	0.094
E-GEOD-47694	1	1		0.094	0.094
E-GEOD-19954	0	0		-0.094	0.094
E-GEOD-18636	1	1		0.094	0.094
E-GEOD-55163	1	1		0.094	0.094
E-GEOD-29485	1	1		0.094	0.094
E-GEOD-23119	0	0		-0.094	0.094
E-GEOD-15053	0	0		-0.095	0.095
E-GEOD-13745	0	0		-0.095	0.095
E-GEOD-1749	1	1		0.095	0.095
E-GEOD-47745	1	1		0.095	0.095
E-GEOD-84767	1	1		0.095	0.095
E-GEOD-46150	0	1	FP	0.095	0.095
E-GEOD-35176	0	0		-0.095	0.095
E-GEOD-2866	1	1		0.095	0.095
E-GEOD-29925	0	0		-0.095	0.095
E-GEOD-10904	1	1		0.095	0.095
E-GEOD-4623	1	1		0.095	0.095
E-GEOD-3861	0	0		-0.095	0.095
E-GEOD-5510	1	1		0.096	0.096
E-GEOD-50123	0	0		-0.096	0.096
E-GEOD-5668	1	1		0.096	0.096
E-GEOD-35175	0	0		-0.096	0.096
E-GEOD-24815	1	1		0.096	0.096
E-GEOD-71912	1	1		0.096	0.096
E-GEOD-35177	0	0		-0.096	0.096
E-GEOD-16048	1	1		0.097	0.097
E-GEOD-33766	1	1		0.097	0.097
E-GEOD-22882	1	1		0.097	0.097
E-GEOD-27640	0	0		-0.097	0.097
E-GEOD-6697	0	0		-0.097	0.097
E-GEOD-50120	0	0		-0.097	0.097
E-GEOD-59460	1	1		0.098	0.098
E-MTAB-1744	1	1		0.098	0.098
E-GEOD-11114	1	1		0.098	0.098
E-GEOD-8943	1	1		0.098	0.098
E-GEOD-6909	1	1		0.098	0.098
E-GEOD-76567	1	1		0.098	0.098
E-MTAB-5210	1	1		0.098	0.098
E-GEOD-2560	1	1		0.098	0.098
E-GEOD-72095	1	1		0.098	0.098
E-GEOD-71390	1	1		0.098	0.098
E-GEOD-10424	0	0		-0.098	0.098
E-GEOD-7381	1	1		0.099	0.099
E-GEOD-73225	1	1		0.099	0.099
E-ERAD-172	0	0		-0.099	0.099
E-GEOD-9811	1	1		0.099	0.099
E-MEXP-1054	0	0		-0.099	0.099
E-GEOD-50122	0	0		-0.099	0.099
E-GEOD-15267	0	0		-0.099	0.099
E-GEOD-20064	0	0		-0.100	0.100
E-GEOD-8367	0	0		-0.100	0.100
E-GEOD-41945	1	1		0.100	0.100
E-TABM-667	0	0		-0.100	0.100
E-MTAB-3151	1	1		0.100	0.100
E-GEOD-43144	1	1		0.100	0.100
E-GEOD-8972	1	1		0.100	0.100
E-GEOD-38754	1	1		0.100	0.100
E-GEOD-57521	0	0		-0.101	0.101
E-GEOD-20879	1	1		0.101	0.101
E-GEOD-15894	0	0		-0.101	0.101
E-GEOD-22381	1	1		0.101	0.101
E-MNIA-69	1	1		0.101	0.101
E-GEOD-32201	1	1		0.101	0.101
E-GEOD-12798	0	0		-0.101	0.101
E-ERAD-318	1	1		0.101	0.101
E-GEOD-57523	0	0		-0.101	0.101
E-GEOD-41222	1	1		0.102	0.102
E-GEOD-3126	1	1		0.102	0.102
E-GEOD-22131	1	1		0.102	0.102
E-GEOD-3116	1	1		0.102	0.102
E-TABM-671	0	0		-0.102	0.102
E-TABM-562	0	0		-0.102	0.102
E-GEOD-10498	1	1		0.102	0.102
E-AFMX-4	1	1		0.103	0.103
E-GEOD-43194	1	1		0.103	0.103
E-GEOD-12847	1	1		0.103	0.103
E-MTAB-1313	0	0		-0.103	0.103
E-GEOD-38805	1	1		0.103	0.103
E-GEOD-14354	1	1		0.103	0.103
E-GEOD-62967	1	1		0.103	0.103
E-GEOD-27979	1	1		0.103	0.103
E-GEOD-15336	1	1		0.103	0.103
E-GEOD-41637	1	1		0.103	0.103
E-GEOD-15902	0	0		-0.104	0.104
E-GEOD-8091	1	1		0.104	0.104
E-GEOD-14274	1	1		0.104	0.104
E-MTAB-1746	1	1		0.104	0.104
E-GEOD-53459	1	1		0.104	0.104
E-TABM-612	0	0		-0.104	0.104
E-GEOD-9338	1	1		0.104	0.104
E-GEOD-83581	1	1		0.104	0.104
E-GEOD-29541	1	1		0.104	0.104
E-GEOD-68147	1	1		0.105	0.105
E-GEOD-7676	1	1		0.105	0.105
E-GEOD-36453	1	1		0.105	0.105
E-GEOD-52800	1	1		0.105	0.105
E-GEOD-39918	1	1		0.105	0.105
E-GEOD-57506	0	0		-0.105	0.105
E-NCMF-29	0	0		-0.105	0.105
E-GEOD-18538	1	1		0.106	0.106
E-GEOD-9046	1	1		0.106	0.106
E-GEOD-24122	1	1		0.106	0.106
E-GEOD-27672	0	0		-0.106	0.106
E-GEOD-3895	1	1		0.106	0.106
E-GEOD-41171	1	1		0.106	0.106
E-GEOD-56377	0	0		-0.106	0.106
E-GEOD-32334	1	1		0.106	0.106
E-MEXP-492	0	0		-0.106	0.106
E-GEOD-39203	1	1		0.106	0.106
E-GEOD-24816	1	1		0.107	0.107
E-GEOD-64959	1	1		0.107	0.107
E-GEOD-35174	0	0		-0.107	0.107
E-GEOD-6045	1	1		0.107	0.107
E-GEOD-67985	1	1		0.107	0.107
E-GEOD-18567	1	1		0.107	0.107
E-GEOD-67525	1	1		0.107	0.107
E-GEOD-32184	1	1		0.107	0.107
E-GEOD-55964	1	1		0.108	0.108
E-GEOD-21559	0	0		-0.108	0.108
E-TABM-505	0	0		-0.108	0.108
E-GEOD-63048	1	1		0.108	0.108
E-GEOD-4903	1	1		0.108	0.108
E-GEOD-14605	1	1		0.108	0.108
E-GEOD-39524	1	1		0.108	0.108
E-GEOD-50859	1	1		0.108	0.108
E-GEOD-26076	1	1		0.109	0.109
E-GEOD-17157	1	1		0.109	0.109
E-GEOD-7333	1	1		0.109	0.109
E-GEOD-62756	0	0		-0.109	0.109
E-GEOD-11065	0	0		-0.109	0.109
E-CBIL-31	1	1		0.109	0.109
E-GEOD-35173	0	0		-0.110	0.110
E-GEOD-51034	1	1		0.110	0.110
E-GEOD-28840	0	0		-0.110	0.110
E-TABM-716	0	0		-0.110	0.110
E-GEOD-12795	0	0		-0.111	0.111
E-GEOD-38831	1	1		0.111	0.111
E-GEOD-44325	1	1		0.111	0.111
E-GEOD-4230	1	1		0.111	0.111
E-GEOD-64357	1	1		0.111	0.111
E-TABM-668	0	0		-0.111	0.111
E-GEOD-49785	1	1		0.111	0.111
E-GEOD-19633	1	1		0.111	0.111
E-GEOD-66377	1	1		0.111	0.111
E-GEOD-16148	0	0		-0.112	0.112
E-GEOD-56376	0	0		-0.112	0.112
E-GEOD-39924	1	1		0.112	0.112
E-GEOD-62758	0	0		-0.112	0.112
E-GEOD-22758	1	1		0.112	0.112
E-GEOD-17984	0	0		-0.112	0.112
E-GEOD-5458	1	1		0.112	0.112
E-GEOD-70728	0	0		-0.113	0.113
E-GEOD-1501	0	0		-0.113	0.113
E-GEOD-49704	1	1		0.113	0.113
E-GEOD-74960	0	0		-0.114	0.114
E-GEOD-72491	1	1		0.114	0.114
E-GEOD-22824	1	1		0.114	0.114
E-GEOD-82097	1	1		0.114	0.114
E-GEOD-3822	1	1		0.114	0.114
E-GEOD-990	0	0		-0.114	0.114
E-GEOD-989	0	0		-0.114	0.114
E-GEOD-15872	1	1		0.114	0.114
E-GEOD-48005	0	0		-0.115	0.115
E-GEOD-55394	1	1		0.115	0.115
E-GEOD-62214	1	1		0.115	0.115
E-ERAD-132	0	0		-0.115	0.115
E-GEOD-55966	1	1		0.115	0.115
E-GEOD-2746	0	0		-0.115	0.115
E-GEOD-78005	1	1		0.116	0.116
E-GEOD-13149	1	1		0.116	0.116
E-GEOD-45619	0	0		-0.116	0.116
E-GEOD-45618	0	0		-0.116	0.116
E-GEOD-29752	1	1		0.116	0.116
E-GEOD-29992	1	1		0.117	0.117
E-GEOD-29317	0	0		-0.117	0.117
E-GEOD-62068	1	1		0.118	0.118
E-GEOD-51496	0	0		-0.118	0.118
E-GEOD-5333	1	1		0.118	0.118
E-GEOD-22182	1	1		0.118	0.118
E-GEOD-5112	0	0		-0.119	0.119
E-GEOD-40284	0	0		-0.119	0.119
E-GEOD-35326	1	1		0.119	0.119
E-GEOD-75889	1	1		0.120	0.120
E-GEOD-12537	0	0		-0.120	0.120
E-GEOD-51483	1	1		0.120	0.120
E-GEOD-58917	1	1		0.120	0.120
E-GEOD-56378	0	0		-0.120	0.120
E-GEOD-62070	1	1		0.121	0.121
E-GEOD-48436	0	0		-0.121	0.121
E-GEOD-75774	1	1		0.122	0.122
E-MTAB-2445	0	0		-0.122	0.122
E-GEOD-3078	0	0		-0.122	0.122
E-GEOD-68283	1	1		0.122	0.122
E-GEOD-5113	0	0		-0.122	0.122
E-GEOD-56907	1	1		0.123	0.123
E-GEOD-65818	1	1		0.123	0.123
E-GEOD-35091	1	1		0.123	0.123
E-GEOD-4068	1	1		0.123	0.123
E-GEOD-62069	1	1		0.124	0.124
E-GEOD-23081	1	1		0.125	0.125
E-TABM-1188	1	1		0.125	0.125
E-GEOD-75832	1	1		0.126	0.126
E-GEOD-64303	0	0		-0.126	0.126
E-GEOD-62071	1	1		0.126	0.126
E-GEOD-54796	1	1		0.127	0.127
E-GEOD-6934	1	1		0.127	0.127
E-GEOD-54801	1	1		0.127	0.127
E-GEOD-11220	1	1		0.127	0.127
E-GEOD-85727	1	1		0.127	0.127
E-ERAD-499	1	1		0.128	0.128
E-GEOD-2043	0	0		-0.128	0.128
E-GEOD-40763	1	1		0.128	0.128
E-GEOD-48004	0	0		-0.128	0.128
E-GEOD-40207	1	1		0.129	0.129
E-GEOD-8249	1	1		0.129	0.129
E-GEOD-12489	0	0		-0.129	0.129
E-MTAB-2801	1	1		0.129	0.129
E-GEOD-11222	1	1		0.129	0.129
E-GEOD-46211	1	1		0.130	0.130
E-GEOD-4873	0	0		-0.130	0.130
E-GEOD-39897	1	1		0.130	0.130
E-GEOD-40600	1	1		0.131	0.131
E-GEOD-67087	1	1		0.131	0.131
E-GEOD-45269	0	0		-0.131	0.131
E-GEOD-28186	1	1		0.132	0.132
E-GEOD-27888	1	1		0.132	0.132
E-GEOD-59644	0	0		-0.133	0.133
E-GEOD-59254	1	1		0.133	0.133
E-GEOD-44156	0	0		-0.134	0.134
E-GEOD-36688	0	0		-0.134	0.134
E-GEOD-74679	1	1		0.135	0.135
E-GEOD-7257	1	1		0.135	0.135
E-GEOD-49218	1	1		0.135	0.135
E-GEOD-45284	0	0		-0.135	0.135
E-GEOD-64302	0	0		-0.135	0.135
E-GEOD-15566	1	1		0.135	0.135
E-GEOD-49581	1	1		0.136	0.136
E-GEOD-44161	0	0		-0.136	0.136
E-GEOD-26743	1	1		0.136	0.136
E-GEOD-13870	0	0		-0.137	0.137
E-GEOD-42370	1	1		0.137	0.137
E-GEOD-42369	1	1		0.138	0.138
E-GEOD-44158	0	0		-0.138	0.138
E-GEOD-11821	1	1		0.138	0.138
E-GEOD-53411	1	1		0.139	0.139
E-GEOD-3196	0	0		-0.139	0.139
E-GEOD-12628	1	1		0.139	0.139
E-GEOD-640	1	1		0.139	0.139
E-GEOD-36508	1	1		0.140	0.140
E-GEOD-3808	1	1		0.140	0.140
E-GEOD-56430	1	1		0.140	0.140
E-MTAB-3725	1	1		0.140	0.140
E-GEOD-8027	1	1		0.140	0.140
E-GEOD-49949	1	1		0.141	0.141
E-GEOD-69221	1	1		0.142	0.142
E-GEOD-69241	1	1		0.142	0.142
E-GEOD-70198	1	1		0.143	0.143
E-GEOD-17319	1	1		0.143	0.143
E-GEOD-41338	1	1		0.143	0.143
E-GEOD-5671	0	0		-0.144	0.144
E-GEOD-21446	1	1		0.144	0.144
E-GEOD-12509	0	0		-0.144	0.144
E-GEOD-68368	1	1		0.144	0.144
E-GEOD-49223	1	1		0.145	0.145
E-ERAD-71	1	1		0.145	0.145
E-GEOD-10516	1	1		0.146	0.146
E-GEOD-67556	1	1		0.146	0.146
E-MTAB-42	1	1		0.146	0.146
E-GEOD-6766	0	0		-0.147	0.147
E-GEOD-22653	1	1		0.148	0.148
E-GEOD-49216	1	1		0.149	0.149
E-GEOD-29767	1	1		0.149	0.149
E-GEOD-77083	1	1		0.150	0.150
E-GEOD-10889	1	1		0.150	0.150
E-GEOD-9999	1	1		0.151	0.151
E-GEOD-6309	1	1		0.151	0.151
E-GEOD-44362	0	1	FP	0.152	0.152
E-GEOD-17110	0	0		-0.152	0.152
E-GEOD-52564	0	0		-0.153	0.153
E-GEOD-70197	1	1		0.153	0.153
E-GEOD-45968	1	1		0.153	0.153
E-GEOD-29670	0	0		-0.154	0.154
E-GEOD-19855	0	0		-0.154	0.154
E-ERAD-272	1	1		0.155	0.155
E-GEOD-25926	1	1		0.155	0.155
E-GEOD-57088	1	1		0.156	0.156
E-GEOD-3296	0	0		-0.156	0.156
E-GEOD-57086	1	1		0.157	0.157
E-GEOD-55965	1	1		0.157	0.157
E-GEOD-78902	1	1		0.158	0.158
E-GEOD-60442	0	0		-0.158	0.158
E-GEOD-16886	0	0		-0.159	0.159
E-GEOD-44733	0	0		-0.160	0.160
E-GEOD-50250	1	1		0.160	0.160
E-ERAD-237	1	1		0.160	0.160
E-TABM-673	0	0		-0.160	0.160
E-ERAD-278	1	1		0.161	0.161
E-GEOD-60441	0	0		-0.163	0.163
E-MEXP-286	0	0		-0.164	0.164
E-GEOD-4332	0	0		-0.165	0.165
E-GEOD-10784	1	1		0.166	0.166
E-GEOD-83854	0	0		-0.166	0.166
E-GEOD-68459	1	1		0.166	0.166
E-GEOD-40499	1	1		0.167	0.167
E-SMDB-3450	0	0		-0.171	0.171
E-TABM-674	0	0		-0.171	0.171
E-GEOD-50251	1	1		0.172	0.172
E-GEOD-30076	1	1		0.173	0.173
E-GEOD-1308	0	0		-0.173	0.173
E-GEOD-44277	0	0		-0.173	0.173
E-GEOD-35734	1	1		0.174	0.174
E-MNIA-67	1	1		0.174	0.174
E-GEOD-44276	0	0		-0.175	0.175
E-TABM-163	1	1		0.177	0.177
E-GEOD-43520	1	1		0.177	0.177
E-GEOD-44366	1	1		0.177	0.177
E-GEOD-19532	1	1		0.178	0.178
E-GEOD-51089	1	1		0.179	0.179
E-GEOD-73711	1	1		0.179	0.179
E-GEOD-52729	1	1		0.180	0.180
E-GEOD-11996	0	0		-0.180	0.180
E-GEOD-34274	1	1		0.181	0.181
E-GEOD-81760	0	0		-0.181	0.181
E-GEOD-11999	0	0		-0.182	0.182
E-GEOD-66055	0	0		-0.183	0.183
E-GEOD-75599	0	0		-0.184	0.184
E-MNIA-66	1	1		0.184	0.184
E-GEOD-44367	1	1		0.185	0.185
E-GEOD-75600	0	0		-0.185	0.185
E-GEOD-66054	0	0		-0.186	0.186
E-MTAB-406	1	1		0.189	0.189
E-MEXP-288	0	0		-0.189	0.189
E-GEOD-1659	0	0		-0.189	0.189
E-GEOD-52623	0	0		-0.190	0.190
E-GEOD-81686	0	0		-0.190	0.190
E-GEOD-55071	0	0		-0.190	0.190
E-GEOD-55791	1	1		0.191	0.191
E-MTAB-3718	1	1		0.195	0.195
E-GEOD-55790	1	1		0.195	0.195
E-GEOD-10726	1	1		0.195	0.195
E-GEOD-53919	0	1	FP	0.196	0.196
E-MTAB-876	0	0		-0.197	0.197
E-GEOD-52231	0	0		-0.198	0.198
E-GEOD-55074	0	0		-0.202	0.202
E-GEOD-55073	0	0		-0.203	0.203
E-MTAB-875	0	0		-0.204	0.204
E-GEOD-53913	1	1		0.205	0.205
E-GEOD-52357	1	1		0.207	0.207
E-GEOD-10728	1	1		0.207	0.207
E-GEOD-10727	1	1		0.209	0.209
E-GEOD-53915	1	1		0.211	0.211
E-GEOD-53917	1	1		0.211	0.211
E-GEOD-49128	0	0		-0.213	0.213
E-GEOD-49122	0	0		-0.213	0.213
E-GEOD-58085	0	0		-0.217	0.217
E-GEOD-52358	1	1		0.217	0.217
E-GEOD-3508	1	1		0.217	0.217
E-GEOD-50188	0	0		-0.218	0.218
E-GEOD-50189	0	0		-0.218	0.218
E-GEOD-21380	0	0		-0.222	0.222
E-GEOD-58086	0	0		-0.223	0.223
E-GEOD-33141	1	1		0.225	0.225
E-GEOD-40436	1	1		0.231	0.231
E-GEOD-3509	1	1		0.234	0.234
E-GEOD-34065	1	1		0.241	0.241
E-GEOD-9804	0	0		-0.243	0.243
E-GEOD-9803	0	0		-0.244	0.244
E-TABM-522	0	0		-0.251	0.251
E-GEOD-34062	1	1		0.254	0.254
E-TABM-521	0	0		-0.254	0.254
E-GEOD-21379	0	0		-0.259	0.259
E-GEOD-14030	0	0		-0.260	0.260
E-GEOD-14021	0	0		-0.260	0.260
E-TIGR-98	0	0		-0.262	0.262
E-GEOD-20425	0	0		-0.264	0.264
E-TIGR-99	0	0		-0.264	0.264
E-GEOD-34064	1	1		0.265	0.265
E-GEOD-20426	0	0		-0.267	0.267
E-TIGR-100	0	0		-0.268	0.268
E-GEOD-23317	0	0		-0.290	0.290
E-GEOD-23319	0	0		-0.290	0.290
E-GEOD-38219	1	1		0.295	0.295
E-GEOD-38218	1	1		0.295	0.295
E-GEOD-73264	0	0		-0.305	0.305
E-GEOD-73265	0	0		-0.307	0.307
E-GEOD-9243	0	0		-0.310	0.310
E-GEOD-42004	0	1	FP	0.310	0.310
E-GEOD-9242	0	0		-0.318	0.318
E-GEOD-41977	1	1		0.320	0.320
E-GEOD-41976	1	1		0.326	0.326
E-GEOD-43735	1	1		0.329	0.329
E-GEOD-25775	1	1		0.331	0.331
E-GEOD-41985	1	1		0.332	0.332
E-GEOD-2259	1	1		0.332	0.332
E-GEOD-25776	1	1		0.333	0.333
E-GEOD-79929	1	1		0.336	0.336
E-GEOD-41979	1	1		0.337	0.337
E-GEOD-2260	1	1		0.337	0.337
E-GEOD-28529	0	0		-0.341	0.341
E-GEOD-28523	0	0		-0.349	0.349
E-GEOD-45049	1	1		0.351	0.351
E-GEOD-44654	1	1		0.353	0.353
E-GEOD-28531	0	0		-0.357	0.357
E-GEOD-41993	1	1		0.363	0.363
E-GEOD-42339	1	1		0.371	0.371
E-GEOD-79926	1	1		0.383	0.383
E-GEOD-69882	1	1		0.384	0.384
E-GEOD-69881	1	1		0.384	0.384
E-GEOD-15055	1	1		0.388	0.388
E-GEOD-15054	1	1		0.393	0.393
E-GEOD-54650	1	1		0.407	0.407
E-GEOD-57112	1	1		0.407	0.407
E-GEOD-60415	1	1		0.408	0.408
E-GEOD-47155	1	1		0.408	0.408
E-GEOD-54651	1	1		0.413	0.413
E-GEOD-47156	1	1		0.414	0.414
E-GEOD-60417	1	1		0.427	0.427
E-GEOD-43717	1	1		0.466	0.466
E-GEOD-17658	1	1		0.470	0.470
E-GEOD-17660	1	1		0.470	0.470
E-GEOD-43721	1	1		0.510	0.510
E-GEOD-14876	1	1		0.514	0.514
E-GEOD-14874	1	1		0.514	0.514
E-GEOD-14872	1	1		0.514	0.514
E-GEOD-14870	1	1		0.515	0.515
E-GEOD-51733	1	1		0.515	0.515
E-GEOD-14873	1	1		0.515	0.515
E-GEOD-14877	1	1		0.516	0.516
E-GEOD-14871	1	1		0.516	0.516
E-GEOD-51738	1	1		0.521	0.521
E-GEOD-15152	1	1		0.566	0.566
E-GEOD-15153	1	1		0.569	0.569
E-GEOD-2558	0	0		-0.594	0.594
E-GEOD-2557	0	0		-0.604	0.604
