Fitting 5 folds for each of 36 candidates, totalling 180 fits
### Start Time 2017/11/28-14-09-08	index file: index.out
Data dir: /Users/jak/work/gxd_htLearning/Data/test2,	GridSearch Beta: 3
Random Seeds:	randForClassifier=447   randForSplit=693   
### Metrics: Training Set
             precision    recall  f1-score   support

  Train yes       0.69      0.98      0.81       875

avg / total       0.69      0.98      0.81       875

Train F4: 0.958

['yes', 'no']
[[859  16]
 [381 558]]

### Metrics: Test Set
             precision    recall  f1-score   support

  Test  yes       0.69      0.98      0.81       236

avg / total       0.69      0.98      0.81       236

Test  F4: 0.955

['yes', 'no']
[[231   5]
 [105 113]]

### Best Pipeline Parameters:
classifier__C: 1e-05
classifier__loss: 'hinge'
classifier__penalty: 'l2'
vectorizer__max_df: 0.5
vectorizer__min_df: 0.05
vectorizer__ngram_range: (1, 2)

### GridSearch Pipeline:
classifier:
LinearSVC(C=1e-05, class_weight='balanced', dual=True, fit_intercept=True,
     intercept_scaling=1, loss='hinge', max_iter=200, multi_class='ovr',
     penalty='l2', random_state=447, tol=0.0001, verbose=0)

scaler:
StandardScaler(copy=True, with_mean=False, with_std=True)

vectorizer:
TfidfVectorizer(analyzer=u'word', binary=False, decode_error='replace',
        dtype=<type 'numpy.int64'>, encoding=u'utf-8', input=u'content',
        lowercase=True, max_df=0.5, max_features=None, min_df=0.05,
        ngram_range=(1, 2), norm=u'l2', preprocessor=None, smooth_idf=True,
        stop_words='english', strip_accents='unicode', sublinear_tf=False,
        token_pattern=u'(?i)\\b([a-z_]\\w+)\\b', tokenizer=None,
        use_idf=True, vocabulary=None)

### Parameter Options Tried:
classifier__C:[0.0001, 1e-05, 1e-06]
classifier__loss:['hinge']
classifier__penalty:['l2']
vectorizer__max_df:[0.4, 0.5, 0.6, 0.7]
vectorizer__min_df:[0.01, 0.05, 0.1]
vectorizer__ngram_range:[(1, 2)]

### End Time 2017/11/28-14-10-11

Fitting 5 folds for each of 18 candidates, totalling 90 fits
### Start Time 2017/11/28-14-14-21	index file: BalIndex.out
Data dir: /Users/jak/work/gxd_htLearning/Data/test2,	GridSearch Beta: 3
Random Seeds:	randForClassifier=586   randForSplit=112   
### Metrics: Training Set
             precision    recall  f1-score   support

  Train yes       0.72      0.98      0.83       867

avg / total       0.72      0.98      0.83       867

Train F4: 0.958

['yes', 'no']
[[848  19]
 [332 615]]

### Metrics: Test Set
             precision    recall  f1-score   support

  Test  yes       0.73      0.96      0.83       244

avg / total       0.73      0.96      0.83       244

Test  F4: 0.942

['yes', 'no']
[[234  10]
 [ 86 124]]

### Best Pipeline Parameters:
classifier__C: 0.0001
classifier__loss: 'hinge'
classifier__penalty: 'l2'
vectorizer__max_df: 0.6
vectorizer__min_df: 0.05
vectorizer__ngram_range: (1, 3)

### GridSearch Pipeline:
classifier:
LinearSVC(C=0.0001, class_weight='balanced', dual=True, fit_intercept=True,
     intercept_scaling=1, loss='hinge', max_iter=200, multi_class='ovr',
     penalty='l2', random_state=586, tol=0.0001, verbose=0)

scaler:
StandardScaler(copy=True, with_mean=False, with_std=True)

vectorizer:
TfidfVectorizer(analyzer=u'word', binary=False, decode_error='replace',
        dtype=<type 'numpy.int64'>, encoding=u'utf-8', input=u'content',
        lowercase=True, max_df=0.6, max_features=None, min_df=0.05,
        ngram_range=(1, 3), norm=u'l2', preprocessor=None, smooth_idf=True,
        stop_words='english', strip_accents='unicode', sublinear_tf=False,
        token_pattern=u'(?i)\\b([a-z_]\\w+)\\b', tokenizer=None,
        use_idf=True, vocabulary=None)

### Parameter Options Tried:
classifier__C:[0.0001, 1e-05, 1e-06]
classifier__loss:['hinge']
classifier__penalty:['l2']
vectorizer__max_df:[0.5, 0.6, 0.7]
vectorizer__min_df:[0.05, 0.1]
vectorizer__ngram_range:[(1, 3)]

### End Time 2017/11/28-14-15-17

Fitting 5 folds for each of 27 candidates, totalling 135 fits
### Start Time 2017/11/28-14-17-20	index file: BalIndex.out
Data dir: /Users/jak/work/gxd_htLearning/Data/test2,	GridSearch Beta: 3
Random Seeds:	randForClassifier=594   randForSplit=220   
### Metrics: Training Set
             precision    recall  f1-score   support

  Train yes       0.72      0.98      0.83       893

avg / total       0.72      0.98      0.83       893

Train F4: 0.956

['yes', 'no']
[[871  22]
 [337 584]]

### Metrics: Test Set
             precision    recall  f1-score   support

  Test  yes       0.72      0.96      0.82       218

avg / total       0.72      0.96      0.82       218

Test  F4: 0.944

['yes', 'no']
[[210   8]
 [ 83 153]]

### Best Pipeline Parameters:
classifier__C: 1e-05
classifier__loss: 'hinge'
classifier__penalty: 'l2'
vectorizer__max_df: 0.7
vectorizer__min_df: 0.05
vectorizer__ngram_range: (1, 3)

### GridSearch Pipeline:
classifier:
LinearSVC(C=1e-05, class_weight='balanced', dual=True, fit_intercept=True,
     intercept_scaling=1, loss='hinge', max_iter=200, multi_class='ovr',
     penalty='l2', random_state=594, tol=0.0001, verbose=0)

scaler:
StandardScaler(copy=True, with_mean=False, with_std=True)

vectorizer:
TfidfVectorizer(analyzer=u'word', binary=False, decode_error='replace',
        dtype=<type 'numpy.int64'>, encoding=u'utf-8', input=u'content',
        lowercase=True, max_df=0.7, max_features=None, min_df=0.05,
        ngram_range=(1, 3), norm=u'l2', preprocessor=None, smooth_idf=True,
        stop_words='english', strip_accents='unicode', sublinear_tf=False,
        token_pattern=u'(?i)\\b([a-z_]\\w+)\\b', tokenizer=None,
        use_idf=True, vocabulary=None)

### Parameter Options Tried:
classifier__C:[0.001, 0.0001, 1e-05]
classifier__loss:['hinge']
classifier__penalty:['l2']
vectorizer__max_df:[0.5, 0.6, 0.7]
vectorizer__min_df:[0.01, 0.05, 0.1]
vectorizer__ngram_range:[(1, 3)]

### Top positive features (20)
+0.0033	develop
+0.0033	mutant
+0.0033	embryo
+0.0032	organism_part_ef
+0.0030	wild
+0.0030	wild type
+0.0027	pool
+0.0027	dissect
+0.0026	tissu
+0.0025	age_ef
+0.0025	type
+0.0024	mous embryo
+0.0024	knockout
+0.0024	developmental_stage_ef
+0.0024	brain
+0.0023	stage
+0.0022	heart
+0.0022	postnat
+0.0022	litterm
+0.0020	differenti express

### Top negative features (20)
-0.0023	effect
-0.0023	cell_type_ef
-0.0024	cell line
-0.0025	transgen
-0.0026	follow
-0.0029	hour
-0.0029	respons
-0.0031	sort
-0.0032	time_ef
-0.0035	stem
-0.0035	treatment
-0.0035	cultur
-0.0036	stem cell
-0.0037	fibroblast
-0.0037	compound_ef
-0.0037	mef
-0.0039	treatment_ef
-0.0046	treat
-0.0049	induc
-0.0059	cell

### Vectorizer:   Number of Features: 297
First 10 features: [u'activ', u'addit', u'adult', u'affect', u'affymetrix', u'affymetrix microarray', u'age', u'age_ef', u'aim', u'alter']

Middle 10 features: [u'lead', u'level', u'like', u'line', u'litterm', u'liver', u'loss', u'major', u'male', u'mammalian']

Last 10 features: [u'use', u'use microarray', u'vivo', u'vs', u'week', u'wide', u'wild', u'wild type', u'wildtyp', u'wt']

### False positives: 83
E-GEOD-3440
E-GEOD-38981
E-GEOD-46821
E-GEOD-18267
E-GEOD-28790

### False negatives: 8
E-GEOD-15795
E-GEOD-33091
E-GEOD-45494
E-GEOD-25168
E-GEOD-12618

### Train Test Split Report, test % = 0.20
All Samples:   2268	Training Samples:   1814	Test Samples:    454
Yes count:     1111	Yes count:           893	Yes count:       218
No  count:     1157	No  count:           921	No  count:       236
Percent Yes:    48%	Percent Yes:         49%	Percent Yes:     48%
### End Time 2017/11/28-14-18-43

Fitting 5 folds for each of 54 candidates, totalling 270 fits
### Start Time 2017/11/28-14-21-31	index file: BalIndex.out
Data dir: /Users/jak/work/gxd_htLearning/Data/test2,	GridSearch Beta: 3
Random Seeds:	randForClassifier=273   randForSplit=766   
### Metrics: Training Set
             precision    recall  f1-score   support

  Train yes       0.71      0.98      0.82       894

avg / total       0.71      0.98      0.82       894

Train F4: 0.959

['yes', 'no']
[[877  17]
 [359 561]]

### Metrics: Test Set
             precision    recall  f1-score   support

  Test  yes       0.69      0.96      0.80       217

avg / total       0.69      0.96      0.80       217

Test  F4: 0.941

['yes', 'no']
[[209   8]
 [ 95 142]]

### Best Pipeline Parameters:
classifier__C: 1e-05
classifier__loss: 'hinge'
classifier__penalty: 'l2'
vectorizer__max_df: 0.7
vectorizer__min_df: 0.05
vectorizer__ngram_range: (1, 2)

### GridSearch Pipeline:
classifier:
LinearSVC(C=1e-05, class_weight='balanced', dual=True, fit_intercept=True,
     intercept_scaling=1, loss='hinge', max_iter=200, multi_class='ovr',
     penalty='l2', random_state=273, tol=0.0001, verbose=0)

scaler:
StandardScaler(copy=True, with_mean=False, with_std=True)

vectorizer:
TfidfVectorizer(analyzer=u'word', binary=False, decode_error='replace',
        dtype=<type 'numpy.int64'>, encoding=u'utf-8', input=u'content',
        lowercase=True, max_df=0.7, max_features=None, min_df=0.05,
        ngram_range=(1, 2), norm=u'l2', preprocessor=None, smooth_idf=True,
        stop_words='english', strip_accents='unicode', sublinear_tf=False,
        token_pattern=u'(?i)\\b([a-z_]\\w+)\\b', tokenizer=None,
        use_idf=True, vocabulary=None)

### Parameter Options Tried:
classifier__C:[0.001, 0.0001, 1e-05]
classifier__loss:['hinge']
classifier__penalty:['l2']
vectorizer__max_df:[0.5, 0.6, 0.7]
vectorizer__min_df:[0.01, 0.05, 0.1]
vectorizer__ngram_range:[(1, 2), (1, 3)]

### Top positive features (20)
+0.0037	embryo
+0.0036	develop
+0.0031	mutant
+0.0030	pool
+0.0030	wild
+0.0030	wild type
+0.0028	organism_part_ef
+0.0027	postnat
+0.0026	dissect
+0.0026	type
+0.0026	stage
+0.0025	age_ef
+0.0024	tissu
+0.0024	developmental_stage_ef
+0.0024	mous embryo
+0.0023	development
+0.0023	knockout
+0.0022	litterm
+0.0022	mammalian
+0.0021	embryon day

### Top negative features (20)
-0.0022	line
-0.0023	mous embryon
-0.0025	effect
-0.0026	cell line
-0.0026	transgen
-0.0026	respons
-0.0028	follow
-0.0032	hour
-0.0035	time_ef
-0.0036	stem
-0.0036	fibroblast
-0.0036	stem cell
-0.0036	cultur
-0.0038	mef
-0.0039	treatment
-0.0040	compound_ef
-0.0040	treatment_ef
-0.0046	induc
-0.0047	treat
-0.0059	cell

### Vectorizer:   Number of Features: 299
First 10 features: [u'activ', u'addit', u'adult', u'affect', u'affymetrix', u'affymetrix microarray', u'age', u'age_ef', u'aim', u'alter']

Middle 10 features: [u'label', u'lack', u'larg', u'lead', u'level', u'like', u'line', u'lineag', u'litterm', u'liver']

Last 10 features: [u'use affymetrix', u'use microarray', u'vivo', u'vs', u'week', u'wide', u'wild', u'wild type', u'wildtyp', u'wt']

### False positives: 95
E-GEOD-3889
E-NCMF-6
E-GEOD-63820
E-GEOD-49513
E-GEOD-41608

### False negatives: 8
E-GEOD-32511
E-MEXP-1544
E-GEOD-10644
E-GEOD-24295
E-GEOD-30765

### Train Test Split Report, test % = 0.20
All Samples:   2268	Training Samples:   1814	Test Samples:    454
Yes count:     1111	Yes count:           894	Yes count:       217
No  count:     1157	No  count:           920	No  count:       237
Percent Yes:    48%	Percent Yes:         49%	Percent Yes:     47%
### End Time 2017/11/28-14-23-37

Fitting 5 folds for each of 6 candidates, totalling 30 fits
### Start Time 2017/11/28-14-25-38	index file: BalIndex.out
Data dir: /Users/jak/work/gxd_htLearning/Data/test2,	GridSearch Beta: 4
Random Seeds:	randForClassifier=547   randForSplit=373   
### Metrics: Training Set
             precision    recall  f1-score   support

  Train yes       0.71      0.97      0.82       879

avg / total       0.71      0.97      0.82       879

Train F4: 0.953

['yes', 'no']
[[856  23]
 [350 585]]

### Metrics: Test Set
             precision    recall  f1-score   support

  Test  yes       0.74      0.96      0.84       232

avg / total       0.74      0.96      0.84       232

Test  F4: 0.945

['yes', 'no']
[[223   9]
 [ 78 144]]

### Best Pipeline Parameters:
classifier__C: 0.0001
classifier__loss: 'hinge'
classifier__penalty: 'l2'
vectorizer__max_df: 0.6
vectorizer__min_df: 0.05
vectorizer__ngram_range: (1, 2)

### GridSearch Pipeline:
classifier:
LinearSVC(C=0.0001, class_weight='balanced', dual=True, fit_intercept=True,
     intercept_scaling=1, loss='hinge', max_iter=200, multi_class='ovr',
     penalty='l2', random_state=547, tol=0.0001, verbose=0)

scaler:
StandardScaler(copy=True, with_mean=False, with_std=True)

vectorizer:
TfidfVectorizer(analyzer=u'word', binary=False, decode_error='replace',
        dtype=<type 'numpy.int64'>, encoding=u'utf-8', input=u'content',
        lowercase=True, max_df=0.6, max_features=None, min_df=0.05,
        ngram_range=(1, 2), norm=u'l2', preprocessor=None, smooth_idf=True,
        stop_words='english', strip_accents='unicode', sublinear_tf=False,
        token_pattern=u'(?i)\\b([a-z_]\\w+)\\b', tokenizer=None,
        use_idf=True, vocabulary=None)

### Parameter Options Tried:
classifier__C:[0.0001, 1e-05]
classifier__loss:['hinge']
classifier__penalty:['l2']
vectorizer__max_df:[0.5, 0.6, 0.7]
vectorizer__min_df:[0.05]
vectorizer__ngram_range:[(1, 2)]

### Top positive features (20)
+0.0346	develop
+0.0334	embryo
+0.0313	mutant
+0.0302	organism_part_ef
+0.0299	wild
+0.0294	wild type
+0.0283	pool
+0.0269	developmental_stage_ef
+0.0267	tissu
+0.0258	stage
+0.0253	dissect
+0.0253	age_ef
+0.0239	mous embryo
+0.0238	knockout
+0.0238	type
+0.0223	litterm
+0.0222	postnat
+0.0215	development
+0.0209	heart
+0.0205	organ

### Top negative features (20)
-0.0221	mous embryon
-0.0229	primari
-0.0233	transgen
-0.0238	follow
-0.0241	cell line
-0.0262	hour
-0.0286	respons
-0.0289	time_ef
-0.0308	sort
-0.0339	stem cell
-0.0347	stem
-0.0357	compound_ef
-0.0358	cultur
-0.0366	treatment_ef
-0.0367	fibroblast
-0.0368	treatment
-0.0370	mef
-0.0401	treat
-0.0427	induc
-0.0606	cell

### Vectorizer:   Number of Features: 297
First 10 features: [u'activ', u'addit', u'adult', u'affect', u'affymetrix', u'affymetrix microarray', u'age', u'age_ef', u'aim', u'alter']

Middle 10 features: [u'lack', u'larg', u'lead', u'level', u'like', u'line', u'lineag', u'litterm', u'liver', u'loss']

Last 10 features: [u'use affymetrix', u'use microarray', u'vivo', u'vs', u'week', u'wide', u'wild', u'wild type', u'wildtyp', u'wt']

### False positives: 78
E-GEOD-6323
E-GEOD-20513
E-GEOD-69952
E-GEOD-45684
E-GEOD-11993

### False negatives: 9
E-CBIL-23
E-GEOD-12618
E-GEOD-22182
E-GEOD-57824
E-GEOD-8943

### Train Test Split Report, test % = 0.20
All Samples:   2268	Training Samples:   1814	Test Samples:    454
Yes count:     1111	Yes count:           879	Yes count:       232
No  count:     1157	No  count:           935	No  count:       222
Percent Yes:    48%	Percent Yes:         48%	Percent Yes:     51%
### End Time 2017/11/28-14-25-50

Fitting 5 folds for each of 6 candidates, totalling 30 fits
### Start Time 2017/11/28-14-26-23	index file: BalIndex.out
Data dir: /Users/jak/work/gxd_htLearning/Data/test2,	GridSearch Beta: 4
Random Seeds:	randForClassifier=926   randForSplit=522   
### Metrics: Training Set
             precision    recall  f1-score   support

  Train yes       0.69      0.98      0.81       879

avg / total       0.69      0.98      0.81       879

Train F4: 0.957

['yes', 'no']
[[862  17]
 [388 547]]

### Metrics: Test Set
             precision    recall  f1-score   support

  Test  yes       0.75      0.97      0.85       232

avg / total       0.75      0.97      0.85       232

Test  F4: 0.950

['yes', 'no']
[[224   8]
 [ 74 148]]

### Best Pipeline Parameters:
classifier__C: 1e-05
classifier__loss: 'hinge'
classifier__penalty: 'l2'
vectorizer__max_df: 0.7
vectorizer__min_df: 0.05
vectorizer__ngram_range: (1, 2)

### GridSearch Pipeline:
classifier:
LinearSVC(C=1e-05, class_weight='balanced', dual=True, fit_intercept=True,
     intercept_scaling=1, loss='hinge', max_iter=200, multi_class='ovr',
     penalty='l2', random_state=926, tol=0.0001, verbose=0)

scaler:
StandardScaler(copy=True, with_mean=False, with_std=True)

vectorizer:
TfidfVectorizer(analyzer=u'word', binary=False, decode_error='replace',
        dtype=<type 'numpy.int64'>, encoding=u'utf-8', input=u'content',
        lowercase=True, max_df=0.7, max_features=None, min_df=0.05,
        ngram_range=(1, 2), norm=u'l2', preprocessor=None, smooth_idf=True,
        stop_words='english', strip_accents='unicode', sublinear_tf=False,
        token_pattern=u'(?i)\\b([a-z_]\\w+)\\b', tokenizer=None,
        use_idf=True, vocabulary=None)

### Parameter Options Tried:
classifier__C:[0.0001, 1e-05]
classifier__loss:['hinge']
classifier__penalty:['l2']
vectorizer__max_df:[0.5, 0.6, 0.7]
vectorizer__min_df:[0.05]
vectorizer__ngram_range:[(1, 2)]

### Top positive features (20)
+0.0040	develop
+0.0033	embryo
+0.0033	mutant
+0.0032	wild
+0.0032	wild type
+0.0029	postnat
+0.0028	stage
+0.0028	tissu
+0.0028	type
+0.0027	organism_part_ef
+0.0025	developmental_stage_ef
+0.0024	pool
+0.0024	age_ef
+0.0024	dissect
+0.0023	knockout
+0.0022	mous embryo
+0.0022	embryon day
+0.0021	development
+0.0021	litterm
+0.0021	genotyp

### Top negative features (20)
-0.0022	primari
-0.0022	tumor
-0.0023	effect
-0.0024	cell line
-0.0027	transgen
-0.0028	respons
-0.0029	sort
-0.0031	hour
-0.0034	stem cell
-0.0035	stem
-0.0035	cultur
-0.0036	time_ef
-0.0036	mef
-0.0036	fibroblast
-0.0038	treatment
-0.0040	treatment_ef
-0.0040	compound_ef
-0.0045	induc
-0.0045	treat
-0.0057	cell

### Vectorizer:   Number of Features: 299
First 10 features: [u'activ', u'addit', u'adult', u'affect', u'affymetrix', u'affymetrix microarray', u'age', u'age_ef', u'aim', u'alter']

Middle 10 features: [u'lack', u'larg', u'lead', u'level', u'like', u'line', u'litterm', u'liver', u'loss', u'major']

Last 10 features: [u'use', u'use affymetrix', u'use microarray', u'vivo', u'vs', u'week', u'wide', u'wild', u'wild type', u'wt']

### False positives: 74
E-GEOD-34625
E-GEOD-528
E-GEOD-50708
E-MTAB-4079
E-GEOD-23086

### False negatives: 8
E-GEOD-10644
E-GEOD-68155
E-GEOD-57824
E-GEOD-32511
E-GEOD-76686

### Train Test Split Report, test % = 0.20
All Samples:   2268	Training Samples:   1814	Test Samples:    454
Yes count:     1111	Yes count:           879	Yes count:       232
No  count:     1157	No  count:           935	No  count:       222
Percent Yes:    48%	Percent Yes:         48%	Percent Yes:     51%
### End Time 2017/11/28-14-26-35

