Fitting 5 folds for each of 12 candidates, totalling 60 fits
### Start Time Mon Sep 25 15:28:11 2017
Data dir: /Users/jak/work/gxd_htLearning/Data/Data_expFactors,	Beta: 4
Random Seeds:	randForClassifier=471	randForSplit=199	
### Metrics: Training Set
             precision    recall  f1-score   support

  Train yes       0.92      0.92      0.92       412

avg / total       0.92      0.92      0.92       412

Train F4: 0.918

['yes', 'no']
[[378  34]
 [ 31 849]]

### Metrics: Test Set
             precision    recall  f1-score   support

  Test  yes       0.79      0.69      0.73       105

avg / total       0.79      0.69      0.73       105

Test  F4: 0.691

['yes', 'no']
[[ 72  33]
 [ 19 199]]

### Best Pipeline Parameters:
classifier__alpha: 0.1
vectorizer__max_df: 0.98
vectorizer__min_df: 2
vectorizer__ngram_range: (1, 1)

### GridSearch Pipeline:
classifier:
BernoulliNB(alpha=0.1, binarize=0.0, class_prior=None, fit_prior=True)

vectorizer:
CountVectorizer(analyzer=u'word', binary=True, decode_error='replace',
        dtype=<type 'numpy.int64'>, encoding=u'utf-8', input=u'content',
        lowercase=True, max_df=0.98, max_features=None, min_df=2,
        ngram_range=(1, 1), preprocessor=None, stop_words='english',
        strip_accents='unicode', token_pattern=u'(?i)\\b([a-z_]\\w+)\\b',
        tokenizer=None, vocabulary=None)

### Parameter Options Tried:
classifier__alpha:[0.01, 0.1, 1, 10]
vectorizer__max_df:[0.98]
vectorizer__min_df:[2]
vectorizer__ngram_range:[(1, 1), (1, 2), (1, 3)]

### Top positive features (20)
-0.2011	express
-0.2312	gene
-0.2878	mous
-0.3241	profil
-0.3687	transcript
-0.4566	mice
-0.5446	use
-0.7127	rna
-0.8448	genotype_ef
-0.8793	type
-0.9150	microarray
-0.9271	develop
-1.0102	wild
-1.0169	analysi
-1.0236	sampl
-1.0304	tissu
-1.0792	studi
-1.0935	identifi
-1.1008	experi
-1.1229	cell

### Top negative features (20)
-8.3241	weigh
-8.3241	whipworm
-8.3241	wire
-8.3241	wish
-8.3241	withdraw
-8.3241	women
-8.3241	wors
-8.3241	wt3
-8.3241	wta
-8.3241	xav
-8.3241	xav939
-8.3241	xbp1
-8.3241	xenograft
-8.3241	xt
-8.3241	yeast
-8.3241	yfp
-8.3241	zn
-8.3241	zona
-8.3241	zooepidemicus
-8.3241	zygot

### Vectorizer:   Number of Features: 4453
First 10 features: [u'a2', u'a9', u'aa', u'aa4', u'aad', u'abdomin', u'aberr', u'abil', u'abl', u'ablat']

Middle 10 features: [u'lectin', u'led', u'left', u'leica', u'len', u'length', u'lens', u'lentivir', u'lentivirus', u'leptin']

Last 10 features: [u'zfp36', u'zinc', u'zipper', u'zn', u'zona', u'zone', u'zooepidemicus', u'zt20', u'zt6', u'zygot']

### False positives: 19
E-TIGR-110
E-GEOD-6614
E-ERAD-402
E-GEOD-1143
E-CBIL-24

### False negatives: 33
E-ERAD-272
E-GEOD-61367
E-GEOD-70681
E-GEOD-55180
E-GEOD-30764

### Train Test Split Report, test % = 0.20
All Samples:   1615	Training Samples:   1292	Test Samples:    323
Yes count:      517	Yes count:           412	Yes count:       105
No  count:     1098	No  count:           880	No  count:       218
Percent Yes:    32%	Percent Yes:         31%	Percent Yes:     32%
### End Time Mon Sep 25 15:28:25 2017

Fitting 5 folds for each of 12 candidates, totalling 60 fits
### Start Time Mon Sep 25 15:29:30 2017
Data dir: /Users/jak/work/gxd_htLearning/Data/Data_expFactors,	Beta: 8
Random Seeds:	randForClassifier=893	randForSplit=887	
### Metrics: Training Set
             precision    recall  f1-score   support

  Train yes       0.92      0.93      0.93       417

avg / total       0.92      0.93      0.93       417

Train F8: 0.928

['yes', 'no']
[[387  30]
 [ 32 843]]

### Metrics: Test Set
             precision    recall  f1-score   support

  Test  yes       0.82      0.74      0.78       100

avg / total       0.82      0.74      0.78       100

Test  F8: 0.741

['yes', 'no']
[[ 74  26]
 [ 16 207]]

### Best Pipeline Parameters:
classifier__alpha: 0.1
vectorizer__max_df: 0.98
vectorizer__min_df: 2
vectorizer__ngram_range: (1, 1)

### GridSearch Pipeline:
classifier:
BernoulliNB(alpha=0.1, binarize=0.0, class_prior=None, fit_prior=True)

vectorizer:
CountVectorizer(analyzer=u'word', binary=True, decode_error='replace',
        dtype=<type 'numpy.int64'>, encoding=u'utf-8', input=u'content',
        lowercase=True, max_df=0.98, max_features=None, min_df=2,
        ngram_range=(1, 1), preprocessor=None, stop_words='english',
        strip_accents='unicode', token_pattern=u'(?i)\\b([a-z_]\\w+)\\b',
        tokenizer=None, vocabulary=None)

### Parameter Options Tried:
classifier__alpha:[0.01, 0.1, 1, 10]
vectorizer__max_df:[0.98]
vectorizer__min_df:[2]
vectorizer__ngram_range:[(1, 1), (1, 2), (1, 3)]

### Top positive features (20)
-0.2191	express
-0.2618	mous
-0.2681	gene
-0.3429	profil
-0.3668	transcript
-0.4610	mice
-0.5401	use
-0.7755	rna
-0.7966	genotype_ef
-0.8625	type
-0.9270	microarray
-0.9515	develop
-0.9578	analysi
-0.9831	wild
-1.0912	sampl
-1.0912	tissu
-1.0984	identifi
-1.1350	data
-1.1350	experi
-1.1576	studi

### Top negative features (20)
-8.3362	virul
-8.3362	viscera
-8.3362	web
-8.3362	weigh
-8.3362	wish
-8.3362	withdraw
-8.3362	wnt3a
-8.3362	women
-8.3362	wors
-8.3362	wt3
-8.3362	wta
-8.3362	xenograft
-8.3362	xt
-8.3362	yamanaka
-8.3362	yfp
-8.3362	zebrafish
-8.3362	zn
-8.3362	zona
-8.3362	zooepidemicus
-8.3362	zygot

### Vectorizer:   Number of Features: 4534
First 10 features: [u'a2', u'aa', u'aa4', u'aad', u'abdomin', u'aberr', u'abil', u'abl', u'abl1', u'ablat']

Middle 10 features: [u'latent', u'later', u'lavag', u'layer', u'lc', u'lck', u'lcm', u'lcmv', u'ld', u'ldlr']

Last 10 features: [u'zero', u'zinc', u'zipper', u'zn', u'zona', u'zone', u'zooepidemicus', u'zt20', u'zt6', u'zygot']

### False positives: 16
E-GEOD-591
E-GEOD-11400
E-MTAB-2561
E-MTAB-3836
E-GEOD-16192

### False negatives: 26
E-SMDB-3396
E-GEOD-10740
E-GEOD-44366
E-MTAB-867
E-GEOD-1624

### Train Test Split Report, test % = 0.20
All Samples:   1615	Training Samples:   1292	Test Samples:    323
Yes count:      517	Yes count:           417	Yes count:       100
No  count:     1098	No  count:           875	No  count:       223
Percent Yes:    32%	Percent Yes:         32%	Percent Yes:     30%
### End Time Mon Sep 25 15:29:44 2017

Fitting 5 folds for each of 12 candidates, totalling 60 fits
### Start Time Mon Sep 25 15:29:58 2017
Data dir: /Users/jak/work/gxd_htLearning/Data/Data_expFactors,	Beta: 2
Random Seeds:	randForClassifier=733	randForSplit=959	
### Metrics: Training Set
             precision    recall  f1-score   support

  Train yes       0.93      0.90      0.91       413

avg / total       0.93      0.90      0.91       413

Train F2: 0.905

['yes', 'no']
[[371  42]
 [ 27 852]]

### Metrics: Test Set
             precision    recall  f1-score   support

  Test  yes       0.80      0.71      0.76       104

avg / total       0.80      0.71      0.76       104

Test  F2: 0.728

['yes', 'no']
[[ 74  30]
 [ 18 201]]

### Best Pipeline Parameters:
classifier__alpha: 0.1
vectorizer__max_df: 0.98
vectorizer__min_df: 2
vectorizer__ngram_range: (1, 1)

### GridSearch Pipeline:
classifier:
BernoulliNB(alpha=0.1, binarize=0.0, class_prior=None, fit_prior=True)

vectorizer:
CountVectorizer(analyzer=u'word', binary=True, decode_error='replace',
        dtype=<type 'numpy.int64'>, encoding=u'utf-8', input=u'content',
        lowercase=True, max_df=0.98, max_features=None, min_df=2,
        ngram_range=(1, 1), preprocessor=None, stop_words='english',
        strip_accents='unicode', token_pattern=u'(?i)\\b([a-z_]\\w+)\\b',
        tokenizer=None, vocabulary=None)

### Parameter Options Tried:
classifier__alpha:[0.01, 0.1, 1, 10]
vectorizer__max_df:[0.98]
vectorizer__min_df:[2]
vectorizer__ngram_range:[(1, 1), (1, 2), (1, 3)]

### Top positive features (20)
-0.2125	express
-0.2429	gene
-0.2491	mous
-0.3434	profil
-0.3746	transcript
-0.4862	mice
-0.5512	use
-0.6859	rna
-0.8085	genotype_ef
-0.8529	type
-0.9235	develop
-0.9357	microarray
-0.9799	analysi
-0.9994	wild
-1.0193	sampl
-1.0960	data
-1.0960	tissu
-1.1032	experi
-1.1253	identifi
-1.1556	regul

### Top negative features (20)
-8.3265	viabl
-8.3265	viral
-8.3265	virul
-8.3265	volum
-8.3265	weigh
-8.3265	whipworm
-8.3265	wish
-8.3265	withdraw
-8.3265	wnt3a
-8.3265	women
-8.3265	wors
-8.3265	xbp1
-8.3265	xenograft
-8.3265	xt
-8.3265	yamanaka
-8.3265	yfp
-8.3265	zn
-8.3265	zona
-8.3265	zooepidemicus
-8.3265	zygot

### Vectorizer:   Number of Features: 4514
First 10 features: [u'a1', u'a10', u'a2', u'a9', u'aa', u'aa4', u'abdomin', u'aberr', u'abil', u'abl']

Middle 10 features: [u'let', u'lethal', u'leucin', u'leukaemia', u'leukem', u'leukemia', u'leukemogenesi', u'leukocyt', u'level', u'leverag']

Last 10 features: [u'zero', u'zinc', u'zipper', u'zn', u'zona', u'zone', u'zooepidemicus', u'zt20', u'zt6', u'zygot']

### False positives: 18
E-GEOD-52809
E-GEOD-56638
E-GEOD-47395
E-GEOD-41871
E-GEOD-35616

### False negatives: 30
E-GEOD-1852
E-GEOD-1624
E-GEOD-65617
E-MTAB-24
E-MTAB-1722

### Train Test Split Report, test % = 0.20
All Samples:   1615	Training Samples:   1292	Test Samples:    323
Yes count:      517	Yes count:           413	Yes count:       104
No  count:     1098	No  count:           879	No  count:       219
Percent Yes:    32%	Percent Yes:         31%	Percent Yes:     32%
### End Time Mon Sep 25 15:30:12 2017

