### Start Time Mon Sep 25 14:47:35 2017
Data dir: /Users/jak/work/gxd_htLearning/Data/Data_expFactors,	Beta: 4
Random Seeds:	randForClassifier=730	randForSplit=859	

### Metrics: Train
             precision    recall  f1-score   support

  Train yes       0.95      1.00      0.98       415

avg / total       0.95      1.00      0.98       415

Train F4: 0.997

['yes', 'no']
[[415   0]
 [ 21 856]]


### Metrics: Test
             precision    recall  f1-score   support

   Test yes       0.61      0.66      0.63       102

avg / total       0.61      0.66      0.63       102

Test F4: 0.654

['yes', 'no']
[[ 67  35]
 [ 43 178]]


CountVectorizer(analyzer=u'word', binary=False, decode_error='replace',
        dtype=<type 'numpy.int64'>, encoding=u'utf-8', input=u'content',
        lowercase=True, max_df=1.0, max_features=None, min_df=1,
        ngram_range=(1, 1), preprocessor=None, stop_words='english',
        strip_accents='unicode', token_pattern=u'(?i)\\b([a-z_]\\w+)\\b',
        tokenizer=None, vocabulary=None)
MaxAbsScaler(copy=True)
GaussianNB(priors=None)

### Vectorizer:   Number of Features: 9668
First 10 features: [u'a1', u'a10', u'a12', u'a164', u'a2', u'a227t', u'a260', u'a280', u'a2b5', u'a9']

Middle 10 features: [u'lcms', u'lcmv', u'lcr', u'lcs', u'ld', u'ld50', u'ldb1', u'ldb1in', u'ldlr', u'ldp']

Last 10 features: [u'zsgreen', u'zt', u'zt0', u'zt10', u'zt12', u'zt2', u'zt20', u'zt6', u'zurich', u'zygot']


### Train Test Split Report, test % = 0.20
All Samples:   1615	Training Samples:   1292	Test Samples:    323
Yes count:      517	Yes count:           415	Yes count:       102
No  count:     1098	No  count:           877	No  count:       221
Percent Yes:    32%	Percent Yes:         32%	Percent Yes:     31%

### End Time Mon Sep 25 14:47:36 2017

### Start Time Mon Sep 25 14:50:15 2017
Data dir: /Users/jak/work/gxd_htLearning/Data/Data_expFactors,	Beta: 4
Random Seeds:	randForClassifier=464	randForSplit=356	

### Metrics: Train
             precision    recall  f1-score   support

  Train yes       0.90      1.00      0.95       416

avg / total       0.90      1.00      0.95       416

Train F4: 0.994

['yes', 'no']
[[416   0]
 [ 46 830]]


### Metrics: Test
             precision    recall  f1-score   support

   Test yes       0.68      0.52      0.59       101

avg / total       0.68      0.52      0.59       101

Test F4: 0.532

['yes', 'no']
[[ 53  48]
 [ 25 197]]


CountVectorizer(analyzer=u'word', binary=False, decode_error='replace',
        dtype=<type 'numpy.int64'>, encoding=u'utf-8', input=u'content',
        lowercase=True, max_df=0.98, max_features=None, min_df=2,
        ngram_range=(1, 1), preprocessor=None, stop_words='english',
        strip_accents='unicode', token_pattern=u'(?i)\\b([a-z_]\\w+)\\b',
        tokenizer=None, vocabulary=None)
MaxAbsScaler(copy=True)
GaussianNB(priors=None)

### Vectorizer:   Number of Features: 4448
First 10 features: [u'a1', u'a10', u'a2', u'a9', u'aa', u'aa4', u'abdomin', u'aberr', u'abil', u'abl']

Middle 10 features: [u'ldlr', u'ldp', u'lead', u'lean', u'learn', u'leav', u'lectin', u'led', u'left', u'leica']

Last 10 features: [u'zero', u'zfp36', u'zinc', u'zipper', u'zn', u'zona', u'zone', u'zooepidemicus', u'zurich', u'zygot']


### Train Test Split Report, test % = 0.20
All Samples:   1615	Training Samples:   1292	Test Samples:    323
Yes count:      517	Yes count:           416	Yes count:       101
No  count:     1098	No  count:           876	No  count:       222
Percent Yes:    32%	Percent Yes:         32%	Percent Yes:     31%

### End Time Mon Sep 25 14:50:15 2017

### Start Time Mon Sep 25 14:50:41 2017
Data dir: /Users/jak/work/gxd_htLearning/Data/Data_expFactors,	Beta: 4
Random Seeds:	randForClassifier=27	randForSplit=829	

### Metrics: Train
             precision    recall  f1-score   support

  Train yes       0.99      1.00      0.99       424

avg / total       0.99      1.00      0.99       424

Train F4: 0.999

['yes', 'no']
[[424   0]
 [  5 863]]


### Metrics: Test
             precision    recall  f1-score   support

   Test yes       0.67      0.53      0.59        93

avg / total       0.67      0.53      0.59        93

Test F4: 0.534

['yes', 'no']
[[ 49  44]
 [ 24 206]]


CountVectorizer(analyzer=u'word', binary=False, decode_error='replace',
        dtype=<type 'numpy.int64'>, encoding=u'utf-8', input=u'content',
        lowercase=True, max_df=0.98, max_features=None, min_df=2,
        ngram_range=(1, 2), preprocessor=None, stop_words='english',
        strip_accents='unicode', token_pattern=u'(?i)\\b([a-z_]\\w+)\\b',
        tokenizer=None, vocabulary=None)
MaxAbsScaler(copy=True)
GaussianNB(priors=None)

### Vectorizer:   Number of Features: 17155
First 10 features: [u'a1', u'a2', u'aa', u'aa4', u'aad', u'abdomin', u'abdomin obes', u'aberr', u'aberr gene', u'abil']

Middle 10 features: [u'knockdown sirna', u'knockin', u'knockout', u'knockout allel', u'knockout anim', u'knockout background', u'knockout caus', u'knockout cko', u'knockout control', u'knockout dko']

Last 10 features: [u'zone neural', u'zooepidemicus', u'zooepidemicus coloni', u'zooepidemicus strong', u'zt20', u'zt6', u'zt6 zt20', u'zurich', u'zygot', u'zygot genom']


### Train Test Split Report, test % = 0.20
All Samples:   1615	Training Samples:   1292	Test Samples:    323
Yes count:      517	Yes count:           424	Yes count:        93
No  count:     1098	No  count:           868	No  count:       230
Percent Yes:    32%	Percent Yes:         32%	Percent Yes:     28%

### End Time Mon Sep 25 14:50:44 2017

### Start Time Mon Sep 25 14:51:22 2017
Data dir: /Users/jak/work/gxd_htLearning/Data/Data_expFactors,	Beta: 4
Random Seeds:	randForClassifier=160	randForSplit=186	

### Metrics: Train
             precision    recall  f1-score   support

  Train yes       0.99      1.00      1.00       413

avg / total       0.99      1.00      1.00       413

Train F4: 0.999

['yes', 'no']
[[413   0]
 [  4 875]]


### Metrics: Test
             precision    recall  f1-score   support

   Test yes       0.68      0.53      0.59       104

avg / total       0.68      0.53      0.59       104

Test F4: 0.536

['yes', 'no']
[[ 55  49]
 [ 26 193]]


CountVectorizer(analyzer=u'word', binary=False, decode_error='replace',
        dtype=<type 'numpy.int64'>, encoding=u'utf-8', input=u'content',
        lowercase=True, max_df=0.98, max_features=None, min_df=2,
        ngram_range=(1, 3), preprocessor=None, stop_words='english',
        strip_accents='unicode', token_pattern=u'(?i)\\b([a-z_]\\w+)\\b',
        tokenizer=None, vocabulary=None)
MaxAbsScaler(copy=True)
GaussianNB(priors=None)

### Vectorizer:   Number of Features: 25353
First 10 features: [u'a2', u'aa', u'aa4', u'abdomin', u'abdomin obes', u'abdomin obes overlap', u'abdomin obes perturb', u'aberr', u'aberr gene', u'aberr transcript']

Middle 10 features: [u'later prostat', u'later stage', u'lats2', u'lats2 abil', u'lats2 abil phosphoryl', u'lats2 chromatin', u'lats2 chromatin bind', u'lats2 defici', u'lats2 defici mous', u'lats2 depend']

Last 10 features: [u'zooepidemicus coloni', u'zooepidemicus coloni form', u'zooepidemicus strong', u'zooepidemicus strong suggest', u'zt20', u'zt6', u'zt6 zt20', u'zygot', u'zygot genom', u'zygot genom activ']


### Train Test Split Report, test % = 0.20
All Samples:   1615	Training Samples:   1292	Test Samples:    323
Yes count:      517	Yes count:           413	Yes count:       104
No  count:     1098	No  count:           879	No  count:       219
Percent Yes:    32%	Percent Yes:         31%	Percent Yes:     32%

### End Time Mon Sep 25 14:51:26 2017

### Start Time Mon Sep 25 14:53:10 2017
Data dir: /Users/jak/work/gxd_htLearning/Data/Data_expFactors,	Beta: 4
Random Seeds:	randForClassifier=895	randForSplit=914	

### Metrics: Train
             precision    recall  f1-score   support

  Train yes       0.99      1.00      1.00       419

avg / total       0.99      1.00      1.00       419

Train F4: 0.999

['yes', 'no']
[[419   0]
 [  4 869]]


### Metrics: Test
             precision    recall  f1-score   support

   Test yes       0.77      0.55      0.64        98

avg / total       0.77      0.55      0.64        98

Test F4: 0.560

['yes', 'no']
[[ 54  44]
 [ 16 209]]


CountVectorizer(analyzer=u'word', binary=False, decode_error='replace',
        dtype=<type 'numpy.int64'>, encoding=u'utf-8', input=u'content',
        lowercase=True, max_df=0.98, max_features=None, min_df=2,
        ngram_range=(1, 3), preprocessor=None, stop_words='english',
        strip_accents='unicode', token_pattern=u'(?i)\\b([a-z_]\\w+)\\b',
        tokenizer=None, vocabulary=None)
None
GaussianNB(priors=None)

### Vectorizer:   Number of Features: 24873
First 10 features: [u'a2', u'a9', u'aa', u'aa4', u'abdomin', u'aberr', u'aberr transcript', u'abil', u'abil activ', u'abil phosphoryl']

Middle 10 features: [u'lane illumina platform', u'langerhan', u'langhorn', u'langhorn nimr', u'langhorn nimr data', u'languag', u'larg', u'larg attribut', u'larg calvari', u'larg calvari defect']

Last 10 features: [u'zone', u'zone svz', u'zooepidemicus', u'zooepidemicus coloni', u'zooepidemicus coloni form', u'zooepidemicus strong', u'zooepidemicus strong suggest', u'zurich', u'zurich anim', u'zurich anim acclimat']


### Train Test Split Report, test % = 0.20
All Samples:   1615	Training Samples:   1292	Test Samples:    323
Yes count:      517	Yes count:           419	Yes count:        98
No  count:     1098	No  count:           873	No  count:       225
Percent Yes:    32%	Percent Yes:         32%	Percent Yes:     30%

### End Time Mon Sep 25 14:53:14 2017

